<?xml version="1.0" encoding="UTF-8"?>
<coverage generated="1658543831660" clover="3.2.0">
  <project timestamp="1658543831660" name="All files">
    <metrics statements="1815" coveredstatements="1658" conditionals="408" coveredconditionals="313" methods="443" coveredmethods="349" elements="2666" coveredelements="2320" complexity="0" loc="1815" ncloc="1815" packages="34" files="82" classes="82"/>
    <package name="Isekai_Orpheus_Bot">
      <metrics statements="0" coveredstatements="0" conditionals="0" coveredconditionals="0" methods="0" coveredmethods="0"/>
      <file name="cypress.config.ts" path="C:/Users/User/Desktop/Isekai_Orpheus_Bot/Isekai_Orpheus_Bot/cypress.config.ts">
        <metrics statements="0" coveredstatements="0" conditionals="0" coveredconditionals="0" methods="0" coveredmethods="0"/>
      </file>
    </package>
    <package name="Isekai_Orpheus_Bot.coverage-e2e.lcov-report">
      <metrics statements="0" coveredstatements="0" conditionals="0" coveredconditionals="0" methods="0" coveredmethods="0"/>
      <file name="block-navigation.js" path="C:/Users/User/Desktop/Isekai_Orpheus_Bot/Isekai_Orpheus_Bot/coverage-e2e/lcov-report/block-navigation.js">
        <metrics statements="0" coveredstatements="0" conditionals="0" coveredconditionals="0" methods="0" coveredmethods="0"/>
      </file>
      <file name="prettify.js" path="C:/Users/User/Desktop/Isekai_Orpheus_Bot/Isekai_Orpheus_Bot/coverage-e2e/lcov-report/prettify.js">
        <metrics statements="0" coveredstatements="0" conditionals="0" coveredconditionals="0" methods="0" coveredmethods="0"/>
      </file>
      <file name="sorter.js" path="C:/Users/User/Desktop/Isekai_Orpheus_Bot/Isekai_Orpheus_Bot/coverage-e2e/lcov-report/sorter.js">
        <metrics statements="0" coveredstatements="0" conditionals="0" coveredconditionals="0" methods="0" coveredmethods="0"/>
      </file>
    </package>
    <package name="Isekai_Orpheus_Bot.src">
      <metrics statements="4" coveredstatements="2" conditionals="2" coveredconditionals="1" methods="1" coveredmethods="0"/>
      <file name="custom-service-worker.js" path="C:/Users/User/Desktop/Isekai_Orpheus_Bot/Isekai_Orpheus_Bot/src/custom-service-worker.js">
        <metrics statements="0" coveredstatements="0" conditionals="0" coveredconditionals="0" methods="0" coveredmethods="0"/>
      </file>
      <file name="main.ts" path="C:\Users\User\Desktop\Isekai_Orpheus_Bot\Isekai_Orpheus_Bot\src\main.ts">
        <metrics statements="4" coveredstatements="2" conditionals="2" coveredconditionals="1" methods="1" coveredmethods="0"/>
        <line num="24" count="206" type="cond" truecount="1" falsecount="1"/>
        <line num="25" count="0" type="stmt"/>
        <line num="28" count="206" type="stmt"/>
        <line num="29" count="0" type="stmt"/>
      </file>
    </package>
    <package name="Isekai_Orpheus_Bot.src.app">
      <metrics statements="8" coveredstatements="8" conditionals="6" coveredconditionals="6" methods="7" coveredmethods="7"/>
      <file name="app.component.html" path="C:\Users\User\Desktop\Isekai_Orpheus_Bot\Isekai_Orpheus_Bot\src\app\app.component.html">
        <metrics statements="2" coveredstatements="2" conditionals="0" coveredconditionals="0" methods="0" coveredmethods="0"/>
        <line num="1" count="206" type="stmt"/>
        <line num="3" count="65090" type="stmt"/>
      </file>
      <file name="app.component.ts" path="C:\Users\User\Desktop\Isekai_Orpheus_Bot\Isekai_Orpheus_Bot\src\app\app.component.ts">
        <metrics statements="1" coveredstatements="1" conditionals="2" coveredconditionals="2" methods="1" coveredmethods="1"/>
        <line num="8" count="824" type="cond" truecount="2" falsecount="0"/>
      </file>
      <file name="app.module.ts" path="C:\Users\User\Desktop\Isekai_Orpheus_Bot\Isekai_Orpheus_Bot\src\app\app.module.ts">
        <metrics statements="1" coveredstatements="1" conditionals="2" coveredconditionals="2" methods="1" coveredmethods="1"/>
        <line num="62" count="824" type="cond" truecount="2" falsecount="0"/>
      </file>
      <file name="app.routing.ts" path="C:\Users\User\Desktop\Isekai_Orpheus_Bot\Isekai_Orpheus_Bot\src\app\app.routing.ts">
        <metrics statements="4" coveredstatements="4" conditionals="2" coveredconditionals="2" methods="5" coveredmethods="5"/>
        <line num="10" count="206" type="stmt"/>
        <line num="21" count="206" type="stmt"/>
        <line num="30" count="206" type="stmt"/>
        <line num="51" count="824" type="cond" truecount="2" falsecount="0"/>
      </file>
    </package>
    <package name="Isekai_Orpheus_Bot.src.app.Constants">
      <metrics statements="2" coveredstatements="2" conditionals="0" coveredconditionals="0" methods="1" coveredmethods="1"/>
      <file name="Constant.ts" path="C:\Users\User\Desktop\Isekai_Orpheus_Bot\Isekai_Orpheus_Bot\src\app\Constants\Constant.ts">
        <metrics statements="2" coveredstatements="2" conditionals="0" coveredconditionals="0" methods="1" coveredmethods="1"/>
        <line num="3" count="618" type="stmt"/>
        <line num="4" count="206" type="stmt"/>
      </file>
    </package>
    <package name="Isekai_Orpheus_Bot.src.app.components">
      <metrics statements="1" coveredstatements="1" conditionals="2" coveredconditionals="2" methods="1" coveredmethods="1"/>
      <file name="components.module.ts" path="C:\Users\User\Desktop\Isekai_Orpheus_Bot\Isekai_Orpheus_Bot\src\app\components\components.module.ts">
        <metrics statements="1" coveredstatements="1" conditionals="2" coveredconditionals="2" methods="1" coveredmethods="1"/>
        <line num="26" count="824" type="cond" truecount="2" falsecount="0"/>
      </file>
    </package>
    <package name="Isekai_Orpheus_Bot.src.app.components.footer">
      <metrics statements="5" coveredstatements="5" conditionals="2" coveredconditionals="2" methods="3" coveredmethods="3"/>
      <file name="footer.component.html" path="C:\Users\User\Desktop\Isekai_Orpheus_Bot\Isekai_Orpheus_Bot\src\app\components\footer\footer.component.html">
        <metrics statements="2" coveredstatements="2" conditionals="0" coveredconditionals="0" methods="0" coveredmethods="0"/>
        <line num="1" count="170" type="stmt"/>
        <line num="5" count="33422" type="stmt"/>
      </file>
      <file name="footer.component.ts" path="C:\Users\User\Desktop\Isekai_Orpheus_Bot\Isekai_Orpheus_Bot\src\app\components\footer\footer.component.ts">
        <metrics statements="3" coveredstatements="3" conditionals="2" coveredconditionals="2" methods="3" coveredmethods="3"/>
        <line num="8" count="1030" type="cond" truecount="2" falsecount="0"/>
        <line num="9" count="170" type="stmt"/>
        <line num="11" count="170" type="stmt"/>
      </file>
    </package>
    <package name="Isekai_Orpheus_Bot.src.app.components.navbar">
      <metrics statements="41" coveredstatements="35" conditionals="9" coveredconditionals="7" methods="9" coveredmethods="6"/>
      <file name="navbar.component.html" path="C:\Users\User\Desktop\Isekai_Orpheus_Bot\Isekai_Orpheus_Bot\src\app\components\navbar\navbar.component.html">
        <metrics statements="17" coveredstatements="17" conditionals="0" coveredconditionals="0" methods="1" coveredmethods="0"/>
        <line num="1" count="170" type="stmt"/>
        <line num="4" count="33422" type="stmt"/>
        <line num="6" count="170" type="stmt"/>
        <line num="7" count="170" type="stmt"/>
        <line num="10" count="170" type="stmt"/>
        <line num="12" count="170" type="stmt"/>
        <line num="17" count="170" type="stmt"/>
        <line num="18" count="170" type="stmt"/>
        <line num="19" count="170" type="stmt"/>
        <line num="20" count="33422" type="stmt"/>
        <line num="24" count="170" type="stmt"/>
        <line num="25" count="33252" type="stmt"/>
        <line num="26" count="170" type="stmt"/>
        <line num="27" count="170" type="stmt"/>
        <line num="29" count="170" type="stmt"/>
        <line num="30" count="170" type="stmt"/>
        <line num="31" count="170" type="stmt"/>
      </file>
      <file name="navbar.component.ts" path="C:\Users\User\Desktop\Isekai_Orpheus_Bot\Isekai_Orpheus_Bot\src\app\components\navbar\navbar.component.ts">
        <metrics statements="24" coveredstatements="18" conditionals="9" coveredconditionals="7" methods="8" coveredmethods="6"/>
        <line num="15" count="1030" type="cond" truecount="2" falsecount="0"/>
        <line num="22" count="170" type="stmt"/>
        <line num="23" count="170" type="stmt"/>
        <line num="24" count="170" type="stmt"/>
        <line num="26" count="170" type="stmt"/>
        <line num="30" count="170" type="cond" truecount="2" falsecount="1"/>
        <line num="32" count="297" type="stmt"/>
        <line num="33" count="99" type="stmt"/>
        <line num="35" count="142" type="stmt"/>
        <line num="36" count="71" type="stmt"/>
        <line num="38" count="0" type="stmt"/>
        <line num="41" count="170" type="stmt"/>
        <line num="44" count="49878" type="stmt"/>
        <line num="45" count="16626" type="stmt"/>
        <line num="46" count="16626" type="cond" truecount="1" falsecount="1"/>
        <line num="47" count="16626" type="stmt"/>
        <line num="49" count="30493" type="stmt"/>
        <line num="50" count="30493" type="cond" truecount="2" falsecount="0"/>
        <line num="51" count="16608" type="stmt"/>
        <line num="57" count="0" type="stmt"/>
        <line num="58" count="0" type="stmt"/>
        <line num="59" count="0" type="stmt"/>
        <line num="60" count="0" type="stmt"/>
        <line num="64" count="0" type="stmt"/>
      </file>
    </package>
    <package name="Isekai_Orpheus_Bot.src.app.components.sidebar">
      <metrics statements="47" coveredstatements="42" conditionals="5" coveredconditionals="4" methods="10" coveredmethods="5"/>
      <file name="sidebar.component.html" path="C:\Users\User\Desktop\Isekai_Orpheus_Bot\Isekai_Orpheus_Bot\src\app\components\sidebar\sidebar.component.html">
        <metrics statements="31" coveredstatements="31" conditionals="0" coveredconditionals="0" methods="3" coveredmethods="0"/>
        <line num="1" count="170" type="stmt"/>
        <line num="4" count="170" type="stmt"/>
        <line num="6" count="170" type="stmt"/>
        <line num="7" count="170" type="stmt"/>
        <line num="9" count="33252" type="stmt"/>
        <line num="10" count="170" type="stmt"/>
        <line num="11" count="170" type="stmt"/>
        <line num="13" count="170" type="stmt"/>
        <line num="17" count="33422" type="stmt"/>
        <line num="20" count="170" type="stmt"/>
        <line num="21" count="33252" type="stmt"/>
        <line num="22" count="170" type="stmt"/>
        <line num="23" count="170" type="stmt"/>
        <line num="25" count="170" type="stmt"/>
        <line num="26" count="170" type="stmt"/>
        <line num="27" count="170" type="stmt"/>
        <line num="33" count="33252" type="stmt"/>
        <line num="38" count="33252" type="stmt"/>
        <line num="39" count="170" type="stmt"/>
        <line num="40" count="170" type="stmt"/>
        <line num="42" count="170" type="stmt"/>
        <line num="43" count="170" type="stmt"/>
        <line num="44" count="170" type="stmt"/>
        <line num="46" count="170" type="stmt"/>
        <line num="51" count="170" type="stmt"/>
        <line num="52" count="42812" type="stmt"/>
        <line num="53" count="85624" type="stmt"/>
        <line num="54" count="85624" type="stmt"/>
        <line num="55" count="86063" type="stmt"/>
        <line num="56" count="439" type="stmt"/>
        <line num="58" count="170" type="stmt"/>
      </file>
      <file name="sidebar.component.ts" path="C:\Users\User\Desktop\Isekai_Orpheus_Bot\Isekai_Orpheus_Bot\src\app\components\sidebar\sidebar.component.ts">
        <metrics statements="16" coveredstatements="11" conditionals="5" coveredconditionals="4" methods="7" coveredmethods="5"/>
        <line num="11" count="206" type="stmt"/>
        <line num="26" count="206" type="stmt"/>
        <line num="52" count="1030" type="cond" truecount="2" falsecount="0"/>
        <line num="54" count="170" type="stmt"/>
        <line num="56" count="170" type="stmt"/>
        <line num="59" count="170" type="cond" truecount="2" falsecount="1"/>
        <line num="61" count="297" type="stmt"/>
        <line num="62" count="99" type="stmt"/>
        <line num="64" count="142" type="stmt"/>
        <line num="65" count="71" type="stmt"/>
        <line num="67" count="0" type="stmt"/>
        <line num="69" count="170" type="stmt"/>
        <line num="73" count="0" type="stmt"/>
        <line num="74" count="0" type="stmt"/>
        <line num="75" count="0" type="stmt"/>
        <line num="79" count="0" type="stmt"/>
      </file>
    </package>
    <package name="Isekai_Orpheus_Bot.src.app.entities">
      <metrics statements="0" coveredstatements="0" conditionals="0" coveredconditionals="0" methods="0" coveredmethods="0"/>
      <file name="tramite.ts" path="C:/Users/User/Desktop/Isekai_Orpheus_Bot/Isekai_Orpheus_Bot/src/app/entities/tramite.ts">
        <metrics statements="0" coveredstatements="0" conditionals="0" coveredconditionals="0" methods="0" coveredmethods="0"/>
      </file>
      <file name="user.ts" path="C:/Users/User/Desktop/Isekai_Orpheus_Bot/Isekai_Orpheus_Bot/src/app/entities/user.ts">
        <metrics statements="0" coveredstatements="0" conditionals="0" coveredconditionals="0" methods="0" coveredmethods="0"/>
      </file>
    </package>
    <package name="Isekai_Orpheus_Bot.src.app.guards">
      <metrics statements="42" coveredstatements="32" conditionals="33" coveredconditionals="23" methods="15" coveredmethods="14"/>
      <file name="CheckLogin.guard.ts" path="C:\Users\User\Desktop\Isekai_Orpheus_Bot\Isekai_Orpheus_Bot\src\app\guards\CheckLogin.guard.ts">
        <metrics statements="12" coveredstatements="9" conditionals="10" coveredconditionals="6" methods="5" coveredmethods="4"/>
        <line num="7" count="206" type="stmt"/>
        <line num="11" count="1030" type="cond" truecount="2" falsecount="0"/>
        <line num="12" count="192" type="stmt"/>
        <line num="15" count="206" type="stmt"/>
        <line num="16" count="206" type="cond" truecount="2" falsecount="0"/>
        <line num="17" count="10" type="cond" truecount="1" falsecount="1"/>
        <line num="18" count="0" type="stmt"/>
        <line num="19" count="0" type="stmt"/>
        <line num="21" count="0" type="cond" truecount="0" falsecount="2"/>
        <line num="24" count="10" type="stmt"/>
        <line num="27" count="206" type="stmt"/>
        <line num="29" count="196" type="cond" truecount="1" falsecount="1"/>
      </file>
      <file name="FirstLogin.guard.ts" path="C:\Users\User\Desktop\Isekai_Orpheus_Bot\Isekai_Orpheus_Bot\src\app\guards\FirstLogin.guard.ts">
        <metrics statements="8" coveredstatements="7" conditionals="6" coveredconditionals="5" methods="3" coveredmethods="3"/>
        <line num="8" count="1030" type="cond" truecount="2" falsecount="0"/>
        <line num="9" count="163" type="stmt"/>
        <line num="12" count="312" type="stmt"/>
        <line num="13" count="312" type="cond" truecount="1" falsecount="1"/>
        <line num="14" count="0" type="stmt"/>
        <line num="16" count="312" type="cond" truecount="2" falsecount="0"/>
        <line num="17" count="4" type="stmt"/>
        <line num="19" count="308" type="stmt"/>
      </file>
      <file name="IsLogged.guard.ts" path="C:\Users\User\Desktop\Isekai_Orpheus_Bot\Isekai_Orpheus_Bot\src\app\guards\IsLogged.guard.ts">
        <metrics statements="5" coveredstatements="5" conditionals="4" coveredconditionals="3" methods="4" coveredmethods="4"/>
        <line num="10" count="1030" type="cond" truecount="2" falsecount="0"/>
        <line num="13" count="177" type="stmt"/>
        <line num="16" count="339" type="stmt"/>
        <line num="18" count="339" type="stmt"/>
        <line num="20" count="339" type="cond" truecount="1" falsecount="1"/>
      </file>
      <file name="checkRole.guard.ts" path="C:\Users\User\Desktop\Isekai_Orpheus_Bot\Isekai_Orpheus_Bot\src\app\guards\checkRole.guard.ts">
        <metrics statements="17" coveredstatements="11" conditionals="13" coveredconditionals="9" methods="3" coveredmethods="3"/>
        <line num="5" count="206" type="stmt"/>
        <line num="9" count="1030" type="cond" truecount="2" falsecount="0"/>
        <line num="10" count="162" type="stmt"/>
        <line num="13" count="308" type="stmt"/>
        <line num="14" count="308" type="stmt"/>
        <line num="15" count="308" type="cond" truecount="1" falsecount="1"/>
        <line num="16" count="0" type="stmt"/>
        <line num="18" count="308" type="cond" truecount="2" falsecount="1"/>
        <line num="20" count="184" type="cond" truecount="1" falsecount="1"/>
        <line num="21" count="0" type="stmt"/>
        <line num="22" count="0" type="stmt"/>
        <line num="24" count="184" type="stmt"/>
        <line num="27" count="124" type="cond" truecount="1" falsecount="1"/>
        <line num="31" count="0" type="stmt"/>
        <line num="32" count="0" type="stmt"/>
        <line num="34" count="124" type="stmt"/>
        <line num="37" count="0" type="stmt"/>
      </file>
    </package>
    <package name="Isekai_Orpheus_Bot.src.app.layouts.admin-layout">
      <metrics statements="11" coveredstatements="11" conditionals="4" coveredconditionals="4" methods="4" coveredmethods="4"/>
      <file name="admin-layout.component.html" path="C:\Users\User\Desktop\Isekai_Orpheus_Bot\Isekai_Orpheus_Bot\src\app\layouts\admin-layout\admin-layout.component.html">
        <metrics statements="6" coveredstatements="6" conditionals="0" coveredconditionals="0" methods="0" coveredmethods="0"/>
        <line num="2" count="170" type="stmt"/>
        <line num="3" count="170" type="stmt"/>
        <line num="5" count="170" type="stmt"/>
        <line num="8" count="170" type="stmt"/>
        <line num="9" count="170" type="stmt"/>
        <line num="10" count="170" type="stmt"/>
      </file>
      <file name="admin-layout.component.ts" path="C:\Users\User\Desktop\Isekai_Orpheus_Bot\Isekai_Orpheus_Bot\src\app\layouts\admin-layout\admin-layout.component.ts">
        <metrics statements="2" coveredstatements="2" conditionals="2" coveredconditionals="2" methods="3" coveredmethods="3"/>
        <line num="8" count="1030" type="cond" truecount="2" falsecount="0"/>
        <line num="10" count="170" type="stmt"/>
      </file>
      <file name="admin-layout.module.ts" path="C:\Users\User\Desktop\Isekai_Orpheus_Bot\Isekai_Orpheus_Bot\src\app\layouts\admin-layout\admin-layout.module.ts">
        <metrics statements="2" coveredstatements="2" conditionals="2" coveredconditionals="2" methods="1" coveredmethods="1"/>
        <line num="35" count="206" type="stmt"/>
        <line num="75" count="824" type="cond" truecount="2" falsecount="0"/>
      </file>
      <file name="admin-layout.routing.ts" path="C:\Users\User\Desktop\Isekai_Orpheus_Bot\Isekai_Orpheus_Bot\src\app\layouts\admin-layout\admin-layout.routing.ts">
        <metrics statements="1" coveredstatements="1" conditionals="0" coveredconditionals="0" methods="0" coveredmethods="0"/>
        <line num="11" count="206" type="stmt"/>
      </file>
    </package>
    <package name="Isekai_Orpheus_Bot.src.app.layouts.auth-layout">
      <metrics statements="24" coveredstatements="24" conditionals="4" coveredconditionals="4" methods="6" coveredmethods="6"/>
      <file name="auth-layout.component.html" path="C:\Users\User\Desktop\Isekai_Orpheus_Bot\Isekai_Orpheus_Bot\src\app\layouts\auth-layout\auth-layout.component.html">
        <metrics statements="7" coveredstatements="7" conditionals="0" coveredconditionals="0" methods="0" coveredmethods="0"/>
        <line num="1" count="222" type="stmt"/>
        <line num="5" count="222" type="stmt"/>
        <line num="6" count="222" type="stmt"/>
        <line num="32" count="222" type="stmt"/>
        <line num="33" count="222" type="stmt"/>
        <line num="34" count="222" type="stmt"/>
        <line num="39" count="29588" type="stmt"/>
      </file>
      <file name="auth-layout.component.ts" path="C:\Users\User\Desktop\Isekai_Orpheus_Bot\Isekai_Orpheus_Bot\src\app\layouts\auth-layout\auth-layout.component.ts">
        <metrics statements="15" coveredstatements="15" conditionals="2" coveredconditionals="2" methods="5" coveredmethods="5"/>
        <line num="9" count="1030" type="cond" truecount="2" falsecount="0"/>
        <line num="10" count="222" type="stmt"/>
        <line num="11" count="222" type="stmt"/>
        <line num="13" count="222" type="stmt"/>
        <line num="15" count="222" type="stmt"/>
        <line num="16" count="222" type="stmt"/>
        <line num="17" count="222" type="stmt"/>
        <line num="18" count="222" type="stmt"/>
        <line num="19" count="222" type="stmt"/>
        <line num="20" count="222" type="stmt"/>
        <line num="21" count="6732" type="stmt"/>
        <line num="26" count="170" type="stmt"/>
        <line num="27" count="170" type="stmt"/>
        <line num="28" count="170" type="stmt"/>
        <line num="29" count="170" type="stmt"/>
      </file>
      <file name="auth-layout.module.ts" path="C:\Users\User\Desktop\Isekai_Orpheus_Bot\Isekai_Orpheus_Bot\src\app\layouts\auth-layout\auth-layout.module.ts">
        <metrics statements="1" coveredstatements="1" conditionals="2" coveredconditionals="2" methods="1" coveredmethods="1"/>
        <line num="40" count="824" type="cond" truecount="2" falsecount="0"/>
      </file>
      <file name="auth-layout.routing.ts" path="C:\Users\User\Desktop\Isekai_Orpheus_Bot\Isekai_Orpheus_Bot\src\app\layouts\auth-layout\auth-layout.routing.ts">
        <metrics statements="1" coveredstatements="1" conditionals="0" coveredconditionals="0" methods="0" coveredmethods="0"/>
        <line num="8" count="206" type="stmt"/>
      </file>
    </package>
    <package name="Isekai_Orpheus_Bot.src.app.pages.change-password">
      <metrics statements="94" coveredstatements="94" conditionals="43" coveredconditionals="37" methods="14" coveredmethods="14"/>
      <file name="change-password.component.html" path="C:\Users\User\Desktop\Isekai_Orpheus_Bot\Isekai_Orpheus_Bot\src\app\pages\change-password\change-password.component.html">
        <metrics statements="54" coveredstatements="54" conditionals="30" coveredconditionals="24" methods="5" coveredmethods="5"/>
        <line num="1" count="31" type="stmt"/>
        <line num="7" count="31" type="stmt"/>
        <line num="13" count="31" type="stmt"/>
        <line num="14" count="62" type="stmt"/>
        <line num="15" count="31" type="stmt"/>
        <line num="16" count="31" type="stmt"/>
        <line num="20" count="62" type="stmt"/>
        <line num="25" count="3598" type="stmt"/>
        <line num="27" count="31" type="stmt"/>
        <line num="30" count="31" type="stmt"/>
        <line num="32" count="31" type="stmt"/>
        <line num="33" count="3598" type="cond" truecount="2" falsecount="0"/>
        <line num="34" count="35" type="stmt"/>
        <line num="35" count="3598" type="cond" truecount="2" falsecount="0"/>
        <line num="38" count="33" type="stmt"/>
        <line num="39" count="3598" type="cond" truecount="2" falsecount="0"/>
        <line num="40" count="132" type="cond" truecount="1" falsecount="1"/>
        <line num="41" count="2" type="stmt"/>
        <line num="42" count="132" type="cond" truecount="1" falsecount="1"/>
        <line num="43" count="2" type="stmt"/>
        <line num="44" count="2" type="stmt"/>
        <line num="45" count="31" type="stmt"/>
        <line num="47" count="31" type="stmt"/>
        <line num="50" count="31" type="stmt"/>
        <line num="52" count="31" type="stmt"/>
        <line num="53" count="3598" type="cond" truecount="2" falsecount="0"/>
        <line num="54" count="35" type="stmt"/>
        <line num="55" count="3598" type="cond" truecount="2" falsecount="0"/>
        <line num="58" count="3598" type="cond" truecount="2" falsecount="0"/>
        <line num="59" count="300" type="cond" truecount="1" falsecount="1"/>
        <line num="60" count="6" type="stmt"/>
        <line num="61" count="300" type="cond" truecount="1" falsecount="1"/>
        <line num="62" count="6" type="stmt"/>
        <line num="63" count="6" type="stmt"/>
        <line num="64" count="31" type="stmt"/>
        <line num="66" count="31" type="stmt"/>
        <line num="69" count="31" type="stmt"/>
        <line num="71" count="31" type="stmt"/>
        <line num="72" count="3598" type="cond" truecount="2" falsecount="0"/>
        <line num="73" count="35" type="stmt"/>
        <line num="74" count="3598" type="cond" truecount="2" falsecount="0"/>
        <line num="77" count="3598" type="cond" truecount="2" falsecount="0"/>
        <line num="78" count="252" type="cond" truecount="1" falsecount="1"/>
        <line num="79" count="2" type="stmt"/>
        <line num="80" count="252" type="cond" truecount="1" falsecount="1"/>
        <line num="81" count="2" type="stmt"/>
        <line num="82" count="2" type="stmt"/>
        <line num="83" count="31" type="stmt"/>
        <line num="85" count="3598" type="stmt"/>
        <line num="86" count="2" type="stmt"/>
        <line num="87" count="31" type="stmt"/>
        <line num="88" count="37" type="stmt"/>
        <line num="89" count="3598" type="stmt"/>
        <line num="90" count="31" type="stmt"/>
      </file>
      <file name="change-password.component.ts" path="C:\Users\User\Desktop\Isekai_Orpheus_Bot\Isekai_Orpheus_Bot\src\app\pages\change-password\change-password.component.ts">
        <metrics statements="40" coveredstatements="40" conditionals="13" coveredconditionals="13" methods="9" coveredmethods="9"/>
        <line num="13" count="206" type="stmt"/>
        <line num="19" count="1030" type="cond" truecount="2" falsecount="0"/>
        <line num="22" count="31" type="stmt"/>
        <line num="24" count="31" type="stmt"/>
        <line num="25" count="31" type="stmt"/>
        <line num="27" count="31" type="stmt"/>
        <line num="28" count="31" type="stmt"/>
        <line num="29" count="31" type="stmt"/>
        <line num="30" count="31" type="stmt"/>
        <line num="35" count="31" type="stmt"/>
        <line num="41" count="31" type="stmt"/>
        <line num="58" count="12" type="cond" truecount="3" falsecount="0"/>
        <line num="60" count="4" type="stmt"/>
        <line num="61" count="4" type="stmt"/>
        <line num="62" count="4" type="stmt"/>
        <line num="64" count="4" type="stmt"/>
        <line num="65" count="4" type="stmt"/>
        <line num="66" count="4" type="stmt"/>
        <line num="68" count="4" type="stmt"/>
        <line num="69" count="4" type="stmt"/>
        <line num="70" count="4" type="stmt"/>
        <line num="74" count="19" type="stmt"/>
        <line num="75" count="19" type="stmt"/>
        <line num="76" count="19" type="cond" truecount="2" falsecount="0"/>
        <line num="80" count="2" type="stmt"/>
        <line num="81" count="2" type="stmt"/>
        <line num="84" count="17" type="stmt"/>
        <line num="86" count="12" type="cond" truecount="2" falsecount="0"/>
        <line num="87" count="6" type="cond" truecount="2" falsecount="0"/>
        <line num="88" count="2" type="stmt"/>
        <line num="89" count="2" type="stmt"/>
        <line num="90" count="2" type="stmt"/>
        <line num="98" count="4" type="stmt"/>
        <line num="99" count="4" type="stmt"/>
        <line num="108" count="6" type="stmt"/>
        <line num="114" count="5" type="stmt"/>
        <line num="126" count="6" type="cond" truecount="2" falsecount="0"/>
        <line num="127" count="2" type="stmt"/>
        <line num="128" count="2" type="stmt"/>
        <line num="130" count="4" type="stmt"/>
      </file>
    </package>
    <package name="Isekai_Orpheus_Bot.src.app.pages.dashboard">
      <metrics statements="72" coveredstatements="53" conditionals="7" coveredconditionals="2" methods="22" coveredmethods="6"/>
      <file name="dashboard.component.html" path="C:\Users\User\Desktop\Isekai_Orpheus_Bot\Isekai_Orpheus_Bot\src\app\pages\dashboard\dashboard.component.html">
        <metrics statements="33" coveredstatements="33" conditionals="0" coveredconditionals="0" methods="3" coveredmethods="0"/>
        <line num="1" count="170" type="stmt"/>
        <line num="3" count="170" type="stmt"/>
        <line num="5" count="170" type="stmt"/>
        <line num="8" count="9374" type="stmt"/>
        <line num="18" count="170" type="stmt"/>
        <line num="19" count="170" type="stmt"/>
        <line num="21" count="340" type="stmt"/>
        <line num="22" count="9374" type="stmt"/>
        <line num="24" count="170" type="stmt"/>
        <line num="28" count="170" type="stmt"/>
        <line num="32" count="170" type="stmt"/>
        <line num="33" count="170" type="stmt"/>
        <line num="35" count="340" type="stmt"/>
        <line num="36" count="9374" type="stmt"/>
        <line num="39" count="170" type="stmt"/>
        <line num="43" count="170" type="stmt"/>
        <line num="44" count="170" type="stmt"/>
        <line num="45" count="170" type="stmt"/>
        <line num="46" count="9374" type="stmt"/>
        <line num="47" count="170" type="stmt"/>
        <line num="51" count="170" type="stmt"/>
        <line num="52" count="9374" type="stmt"/>
        <line num="56" count="170" type="stmt"/>
        <line num="61" count="170" type="stmt"/>
        <line num="65" count="9374" type="stmt"/>
        <line num="68" count="170" type="stmt"/>
        <line num="69" count="170" type="stmt"/>
        <line num="72" count="170" type="stmt"/>
        <line num="74" count="9374" type="stmt"/>
        <line num="77" count="170" type="stmt"/>
        <line num="82" count="170" type="stmt"/>
        <line num="85" count="9374" type="stmt"/>
        <line num="87" count="170" type="stmt"/>
      </file>
      <file name="dashboard.component.ts" path="C:\Users\User\Desktop\Isekai_Orpheus_Bot\Isekai_Orpheus_Bot\src\app\pages\dashboard\dashboard.component.ts">
        <metrics statements="39" coveredstatements="20" conditionals="7" coveredconditionals="2" methods="19" coveredmethods="6"/>
        <line num="16" count="1030" type="cond" truecount="2" falsecount="0"/>
        <line num="18" count="170" type="stmt"/>
        <line num="19" count="170" type="stmt"/>
        <line num="20" count="170" type="stmt"/>
        <line num="21" count="170" type="stmt"/>
        <line num="23" count="170" type="stmt"/>
        <line num="27" count="170" type="stmt"/>
        <line num="28" count="170" type="stmt"/>
        <line num="29" count="170" type="stmt"/>
        <line num="30" count="170" type="stmt"/>
        <line num="35" count="170" type="stmt"/>
        <line num="38" count="170" type="stmt"/>
        <line num="40" count="170" type="stmt"/>
        <line num="45" count="170" type="stmt"/>
        <line num="52" count="170" type="stmt"/>
        <line num="59" count="170" type="stmt"/>
        <line num="63" count="170" type="stmt"/>
        <line num="82" count="170" type="stmt"/>
        <line num="84" count="170" type="stmt"/>
        <line num="85" count="166" type="stmt"/>
        <line num="90" count="0" type="stmt"/>
        <line num="92" count="0" type="cond" truecount="0" falsecount="2"/>
        <line num="98" count="0" type="stmt"/>
        <line num="100" count="0" type="stmt"/>
        <line num="107" count="0" type="stmt"/>
        <line num="114" count="0" type="stmt"/>
        <line num="121" count="0" type="stmt"/>
        <line num="128" count="0" type="stmt"/>
        <line num="136" count="0" type="stmt"/>
        <line num="137" count="0" type="stmt"/>
        <line num="142" count="0" type="stmt"/>
        <line num="144" count="0" type="stmt"/>
        <line num="145" count="0" type="stmt"/>
        <line num="146" count="0" type="stmt"/>
        <line num="147" count="0" type="stmt"/>
        <line num="148" count="0" type="stmt"/>
        <line num="149" count="0" type="stmt"/>
        <line num="155" count="0" type="stmt"/>
        <line num="161" count="0" type="stmt"/>
      </file>
    </package>
    <package name="Isekai_Orpheus_Bot.src.app.pages.dashboard.graficos.bar">
      <metrics statements="41" coveredstatements="23" conditionals="7" coveredconditionals="4" methods="19" coveredmethods="5"/>
      <file name="bar.component.html" path="C:\Users\User\Desktop\Isekai_Orpheus_Bot\Isekai_Orpheus_Bot\src\app\pages\dashboard\graficos\bar\bar.component.html">
        <metrics statements="10" coveredstatements="10" conditionals="0" coveredconditionals="0" methods="2" coveredmethods="0"/>
        <line num="1" count="170" type="stmt"/>
        <line num="5" count="170" type="stmt"/>
        <line num="6" count="170" type="stmt"/>
        <line num="8" count="9544" type="stmt"/>
        <line num="9" count="9374" type="stmt"/>
        <line num="10" count="9374" type="stmt"/>
        <line num="11" count="170" type="stmt"/>
        <line num="14" count="170" type="stmt"/>
        <line num="15" count="9374" type="stmt"/>
        <line num="18" count="170" type="stmt"/>
      </file>
      <file name="bar.component.ts" path="C:\Users\User\Desktop\Isekai_Orpheus_Bot\Isekai_Orpheus_Bot\src\app\pages\dashboard\graficos\bar\bar.component.ts">
        <metrics statements="31" coveredstatements="13" conditionals="7" coveredconditionals="4" methods="17" coveredmethods="5"/>
        <line num="13" count="1030" type="cond" truecount="2" falsecount="0"/>
        <line num="19" count="170" type="stmt"/>
        <line num="20" count="170" type="stmt"/>
        <line num="21" count="170" type="stmt"/>
        <line num="22" count="170" type="stmt"/>
        <line num="23" count="170" type="stmt"/>
        <line num="25" count="170" type="stmt"/>
        <line num="32" count="170" type="stmt"/>
        <line num="39" count="170" type="stmt"/>
        <line num="54" count="170" type="stmt"/>
        <line num="60" count="336" type="stmt"/>
        <line num="61" count="336" type="cond" truecount="2" falsecount="3"/>
        <line num="62" count="0" type="stmt"/>
        <line num="63" count="0" type="stmt"/>
        <line num="64" count="0" type="stmt"/>
        <line num="65" count="0" type="stmt"/>
        <line num="66" count="0" type="stmt"/>
        <line num="67" count="0" type="stmt"/>
        <line num="69" count="0" type="stmt"/>
        <line num="72" count="0" type="stmt"/>
        <line num="73" count="0" type="stmt"/>
        <line num="74" count="0" type="stmt"/>
        <line num="75" count="0" type="stmt"/>
        <line num="76" count="0" type="stmt"/>
        <line num="77" count="0" type="stmt"/>
        <line num="84" count="336" type="stmt"/>
        <line num="89" count="0" type="stmt"/>
        <line num="90" count="0" type="stmt"/>
        <line num="91" count="0" type="stmt"/>
        <line num="92" count="0" type="stmt"/>
        <line num="93" count="0" type="stmt"/>
      </file>
    </package>
    <package name="Isekai_Orpheus_Bot.src.app.pages.dashboard.graficos.donut">
      <metrics statements="46" coveredstatements="30" conditionals="8" coveredconditionals="4" methods="12" coveredmethods="5"/>
      <file name="donut.component.html" path="C:\Users\User\Desktop\Isekai_Orpheus_Bot\Isekai_Orpheus_Bot\src\app\pages\dashboard\graficos\donut\donut.component.html">
        <metrics statements="18" coveredstatements="18" conditionals="0" coveredconditionals="0" methods="4" coveredmethods="0"/>
        <line num="1" count="170" type="stmt"/>
        <line num="9" count="170" type="stmt"/>
        <line num="10" count="170" type="stmt"/>
        <line num="12" count="9544" type="stmt"/>
        <line num="13" count="9374" type="stmt"/>
        <line num="14" count="9374" type="stmt"/>
        <line num="15" count="170" type="stmt"/>
        <line num="18" count="170" type="stmt"/>
        <line num="22" count="170" type="stmt"/>
        <line num="23" count="170" type="stmt"/>
        <line num="25" count="9544" type="stmt"/>
        <line num="26" count="9374" type="stmt"/>
        <line num="27" count="9374" type="stmt"/>
        <line num="28" count="170" type="stmt"/>
        <line num="33" count="170" type="stmt"/>
        <line num="34" count="170" type="stmt"/>
        <line num="35" count="9374" type="stmt"/>
        <line num="40" count="170" type="stmt"/>
      </file>
      <file name="donut.component.ts" path="C:\Users\User\Desktop\Isekai_Orpheus_Bot\Isekai_Orpheus_Bot\src\app\pages\dashboard\graficos\donut\donut.component.ts">
        <metrics statements="28" coveredstatements="12" conditionals="8" coveredconditionals="4" methods="8" coveredmethods="5"/>
        <line num="11" count="1030" type="cond" truecount="2" falsecount="0"/>
        <line num="17" count="170" type="stmt"/>
        <line num="23" count="170" type="stmt"/>
        <line num="24" count="170" type="stmt"/>
        <line num="25" count="170" type="stmt"/>
        <line num="26" count="170" type="stmt"/>
        <line num="45" count="170" type="stmt"/>
        <line num="46" count="170" type="stmt"/>
        <line num="48" count="170" type="stmt"/>
        <line num="55" count="336" type="stmt"/>
        <line num="60" count="0" type="stmt"/>
        <line num="61" count="0" type="stmt"/>
        <line num="62" count="0" type="stmt"/>
        <line num="66" count="336" type="stmt"/>
        <line num="67" count="336" type="cond" truecount="2" falsecount="4"/>
        <line num="68" count="0" type="stmt"/>
        <line num="69" count="0" type="stmt"/>
        <line num="74" count="0" type="stmt"/>
        <line num="80" count="0" type="stmt"/>
        <line num="81" count="0" type="stmt"/>
        <line num="82" count="0" type="stmt"/>
        <line num="83" count="0" type="stmt"/>
        <line num="84" count="0" type="stmt"/>
        <line num="87" count="0" type="stmt"/>
        <line num="88" count="0" type="stmt"/>
        <line num="89" count="0" type="stmt"/>
        <line num="90" count="0" type="stmt"/>
        <line num="91" count="0" type="stmt"/>
      </file>
    </package>
    <package name="Isekai_Orpheus_Bot.src.app.pages.dashboard.graficos.pie">
      <metrics statements="29" coveredstatements="21" conditionals="7" coveredconditionals="4" methods="9" coveredmethods="5"/>
      <file name="pie.component.html" path="C:\Users\User\Desktop\Isekai_Orpheus_Bot\Isekai_Orpheus_Bot\src\app\pages\dashboard\graficos\pie\pie.component.html">
        <metrics statements="8" coveredstatements="8" conditionals="0" coveredconditionals="0" methods="2" coveredmethods="0"/>
        <line num="1" count="170" type="stmt"/>
        <line num="5" count="170" type="stmt"/>
        <line num="6" count="170" type="stmt"/>
        <line num="8" count="9544" type="stmt"/>
        <line num="9" count="9374" type="stmt"/>
        <line num="10" count="9374" type="stmt"/>
        <line num="11" count="170" type="stmt"/>
        <line num="15" count="9374" type="stmt"/>
      </file>
      <file name="pie.component.ts" path="C:\Users\User\Desktop\Isekai_Orpheus_Bot\Isekai_Orpheus_Bot\src\app\pages\dashboard\graficos\pie\pie.component.ts">
        <metrics statements="21" coveredstatements="13" conditionals="7" coveredconditionals="4" methods="7" coveredmethods="5"/>
        <line num="12" count="1030" type="cond" truecount="2" falsecount="0"/>
        <line num="19" count="170" type="stmt"/>
        <line num="21" count="170" type="stmt"/>
        <line num="26" count="170" type="stmt"/>
        <line num="30" count="170" type="stmt"/>
        <line num="36" count="170" type="stmt"/>
        <line num="37" count="170" type="stmt"/>
        <line num="38" count="170" type="stmt"/>
        <line num="39" count="170" type="stmt"/>
        <line num="40" count="170" type="stmt"/>
        <line num="52" count="336" type="stmt"/>
        <line num="56" count="336" type="stmt"/>
        <line num="57" count="336" type="cond" truecount="2" falsecount="3"/>
        <line num="58" count="0" type="stmt"/>
        <line num="59" count="0" type="stmt"/>
        <line num="64" count="0" type="stmt"/>
        <line num="65" count="0" type="stmt"/>
        <line num="66" count="0" type="stmt"/>
        <line num="67" count="0" type="stmt"/>
        <line num="68" count="0" type="stmt"/>
        <line num="75" count="0" type="stmt"/>
      </file>
    </package>
    <package name="Isekai_Orpheus_Bot.src.app.pages.documentos">
      <metrics statements="106" coveredstatements="106" conditionals="6" coveredconditionals="6" methods="30" coveredmethods="24"/>
      <file name="documentos.component.html" path="C:\Users\User\Desktop\Isekai_Orpheus_Bot\Isekai_Orpheus_Bot\src\app\pages\documentos\documentos.component.html">
        <metrics statements="64" coveredstatements="64" conditionals="0" coveredconditionals="0" methods="13" coveredmethods="7"/>
        <line num="1" count="37" type="stmt"/>
        <line num="3" count="37" type="stmt"/>
        <line num="5" count="37" type="stmt"/>
        <line num="8" count="37" type="stmt"/>
        <line num="13" count="37" type="stmt"/>
        <line num="15" count="3820" type="stmt"/>
        <line num="16" count="37" type="stmt"/>
        <line num="17" count="37" type="stmt"/>
        <line num="18" count="37" type="stmt"/>
        <line num="20" count="113" type="stmt"/>
        <line num="24" count="37" type="stmt"/>
        <line num="26" count="37" type="stmt"/>
        <line num="30" count="37" type="stmt"/>
        <line num="31" count="37" type="stmt"/>
        <line num="34" count="37" type="stmt"/>
        <line num="38" count="47" type="stmt"/>
        <line num="39" count="37" type="stmt"/>
        <line num="40" count="37" type="stmt"/>
        <line num="44" count="37" type="stmt"/>
        <line num="46" count="39" type="stmt"/>
        <line num="47" count="37" type="stmt"/>
        <line num="50" count="37" type="stmt"/>
        <line num="51" count="38" type="stmt"/>
        <line num="52" count="37" type="stmt"/>
        <line num="59" count="3820" type="stmt"/>
        <line num="63" count="35" type="stmt"/>
        <line num="64" count="35" type="stmt"/>
        <line num="65" count="35" type="stmt"/>
        <line num="66" count="35" type="stmt"/>
        <line num="67" count="35" type="stmt"/>
        <line num="70" count="2668" type="stmt"/>
        <line num="77" count="5208" type="stmt"/>
        <line num="78" count="284" type="stmt"/>
        <line num="79" count="284" type="stmt"/>
        <line num="80" count="5208" type="stmt"/>
        <line num="81" count="284" type="stmt"/>
        <line num="82" count="284" type="stmt"/>
        <line num="83" count="5208" type="stmt"/>
        <line num="84" count="284" type="stmt"/>
        <line num="85" count="284" type="stmt"/>
        <line num="86" count="324" type="stmt"/>
        <line num="88" count="316" type="stmt"/>
        <line num="89" count="284" type="stmt"/>
        <line num="90" count="284" type="stmt"/>
        <line num="93" count="35" type="stmt"/>
        <line num="95" count="37" type="stmt"/>
        <line num="96" count="37" type="stmt"/>
        <line num="98" count="37" type="stmt"/>
        <line num="108" count="3820" type="stmt"/>
        <line num="110" count="37" type="stmt"/>
        <line num="113" count="37" type="stmt"/>
        <line num="114" count="37" type="stmt"/>
        <line num="115" count="37" type="stmt"/>
        <line num="116" count="37" type="stmt"/>
        <line num="119" count="3820" type="stmt"/>
        <line num="120" count="37" type="stmt"/>
        <line num="126" count="3820" type="stmt"/>
        <line num="128" count="37" type="stmt"/>
        <line num="131" count="37" type="stmt"/>
        <line num="132" count="37" type="stmt"/>
        <line num="133" count="37" type="stmt"/>
        <line num="134" count="37" type="stmt"/>
        <line num="137" count="3820" type="stmt"/>
        <line num="138" count="37" type="stmt"/>
      </file>
      <file name="documentos.component.ts" path="C:\Users\User\Desktop\Isekai_Orpheus_Bot\Isekai_Orpheus_Bot\src\app\pages\documentos\documentos.component.ts">
        <metrics statements="42" coveredstatements="42" conditionals="6" coveredconditionals="6" methods="17" coveredmethods="17"/>
        <line num="16" count="1030" type="cond" truecount="2" falsecount="0"/>
        <line num="19" count="37" type="stmt"/>
        <line num="20" count="37" type="stmt"/>
        <line num="21" count="37" type="stmt"/>
        <line num="24" count="37" type="stmt"/>
        <line num="30" count="37" type="stmt"/>
        <line num="31" count="37" type="stmt"/>
        <line num="32" count="37" type="stmt"/>
        <line num="33" count="37" type="stmt"/>
        <line num="34" count="37" type="stmt"/>
        <line num="39" count="37" type="stmt"/>
        <line num="40" count="37" type="stmt"/>
        <line num="45" count="37" type="stmt"/>
        <line num="53" count="102" type="stmt"/>
        <line num="57" count="2" type="stmt"/>
        <line num="60" count="1" type="stmt"/>
        <line num="61" count="1" type="stmt"/>
        <line num="66" count="10" type="stmt"/>
        <line num="67" count="10" type="stmt"/>
        <line num="72" count="10" type="stmt"/>
        <line num="73" count="10" type="stmt"/>
        <line num="74" count="10" type="stmt"/>
        <line num="77" count="39" type="stmt"/>
        <line num="79" count="39" type="stmt"/>
        <line num="81" count="36" type="stmt"/>
        <line num="82" count="36" type="stmt"/>
        <line num="83" count="36" type="stmt"/>
        <line num="86" count="2" type="stmt"/>
        <line num="94" count="8" type="stmt"/>
        <line num="95" count="8" type="stmt"/>
        <line num="106" count="8" type="cond" truecount="2" falsecount="0"/>
        <line num="107" count="6" type="stmt"/>
        <line num="109" count="6" type="stmt"/>
        <line num="115" count="6" type="stmt"/>
        <line num="117" count="6" type="stmt"/>
        <line num="121" count="6" type="stmt"/>
        <line num="123" count="4" type="cond" truecount="2" falsecount="0"/>
        <line num="124" count="2" type="stmt"/>
        <line num="125" count="2" type="stmt"/>
        <line num="126" count="2" type="stmt"/>
        <line num="134" count="2" type="stmt"/>
        <line num="140" count="2" type="stmt"/>
      </file>
    </package>
    <package name="Isekai_Orpheus_Bot.src.app.pages.documentos.edit-document">
      <metrics statements="47" coveredstatements="47" conditionals="14" coveredconditionals="11" methods="10" coveredmethods="10"/>
      <file name="edit-document.component.html" path="C:\Users\User\Desktop\Isekai_Orpheus_Bot\Isekai_Orpheus_Bot\src\app\pages\documentos\edit-document\edit-document.component.html">
        <metrics statements="28" coveredstatements="28" conditionals="10" coveredconditionals="7" methods="1" coveredmethods="1"/>
        <line num="1" count="162" type="stmt"/>
        <line num="2" count="10" type="stmt"/>
        <line num="6" count="10" type="stmt"/>
        <line num="7" count="10" type="stmt"/>
        <line num="8" count="10" type="stmt"/>
        <line num="10" count="10" type="stmt"/>
        <line num="12" count="10" type="stmt"/>
        <line num="13" count="10" type="stmt"/>
        <line num="14" count="324" type="cond" truecount="2" falsecount="0"/>
        <line num="15" count="4" type="stmt"/>
        <line num="16" count="60" type="cond" truecount="1" falsecount="1"/>
        <line num="17" count="2" type="stmt"/>
        <line num="18" count="4" type="stmt"/>
        <line num="19" count="60" type="cond" truecount="1" falsecount="1"/>
        <line num="20" count="2" type="stmt"/>
        <line num="21" count="2" type="stmt"/>
        <line num="22" count="10" type="stmt"/>
        <line num="24" count="10" type="stmt"/>
        <line num="26" count="10" type="stmt"/>
        <line num="27" count="10" type="stmt"/>
        <line num="28" count="324" type="cond" truecount="2" falsecount="0"/>
        <line num="29" count="4" type="stmt"/>
        <line num="30" count="40" type="cond" truecount="1" falsecount="1"/>
        <line num="31" count="2" type="stmt"/>
        <line num="32" count="2" type="stmt"/>
        <line num="33" count="10" type="stmt"/>
        <line num="37" count="10" type="stmt"/>
        <line num="38" count="324" type="stmt"/>
      </file>
      <file name="edit-document.component.ts" path="C:\Users\User\Desktop\Isekai_Orpheus_Bot\Isekai_Orpheus_Bot\src\app\pages\documentos\edit-document\edit-document.component.ts">
        <metrics statements="19" coveredstatements="19" conditionals="4" coveredconditionals="4" methods="9" coveredmethods="9"/>
        <line num="19" count="1030" type="cond" truecount="2" falsecount="0"/>
        <line num="23" count="10" type="stmt"/>
        <line num="24" count="10" type="stmt"/>
        <line num="25" count="10" type="stmt"/>
        <line num="26" count="10" type="stmt"/>
        <line num="30" count="10" type="stmt"/>
        <line num="31" count="10" type="stmt"/>
        <line num="36" count="10" type="stmt"/>
        <line num="37" count="10" type="stmt"/>
        <line num="42" count="20" type="stmt"/>
        <line num="43" count="20" type="stmt"/>
        <line num="44" count="20" type="stmt"/>
        <line num="47" count="8" type="stmt"/>
        <line num="48" count="8" type="stmt"/>
        <line num="50" count="6" type="cond" truecount="2" falsecount="0"/>
        <line num="51" count="4" type="stmt"/>
        <line num="59" count="2" type="stmt"/>
        <line num="69" count="2" type="stmt"/>
        <line num="77" count="20" type="stmt"/>
      </file>
    </package>
    <package name="Isekai_Orpheus_Bot.src.app.pages.documentos.new-document">
      <metrics statements="38" coveredstatements="38" conditionals="14" coveredconditionals="11" methods="8" coveredmethods="8"/>
      <file name="new-document.component.html" path="C:\Users\User\Desktop\Isekai_Orpheus_Bot\Isekai_Orpheus_Bot\src\app\pages\documentos\new-document\new-document.component.html">
        <metrics statements="24" coveredstatements="24" conditionals="10" coveredconditionals="7" methods="1" coveredmethods="1"/>
        <line num="1" count="618" type="stmt"/>
        <line num="2" count="10" type="stmt"/>
        <line num="6" count="10" type="stmt"/>
        <line num="7" count="10" type="stmt"/>
        <line num="9" count="1236" type="cond" truecount="2" falsecount="0"/>
        <line num="10" count="4" type="stmt"/>
        <line num="11" count="52" type="cond" truecount="1" falsecount="1"/>
        <line num="12" count="2" type="stmt"/>
        <line num="13" count="4" type="stmt"/>
        <line num="14" count="52" type="cond" truecount="1" falsecount="1"/>
        <line num="15" count="2" type="stmt"/>
        <line num="16" count="2" type="stmt"/>
        <line num="17" count="10" type="stmt"/>
        <line num="19" count="10" type="stmt"/>
        <line num="21" count="10" type="stmt"/>
        <line num="22" count="10" type="stmt"/>
        <line num="23" count="1236" type="cond" truecount="2" falsecount="0"/>
        <line num="24" count="4" type="stmt"/>
        <line num="25" count="40" type="cond" truecount="1" falsecount="1"/>
        <line num="26" count="2" type="stmt"/>
        <line num="27" count="2" type="stmt"/>
        <line num="28" count="10" type="stmt"/>
        <line num="36" count="10" type="stmt"/>
        <line num="37" count="1236" type="stmt"/>
      </file>
      <file name="new-document.component.ts" path="C:\Users\User\Desktop\Isekai_Orpheus_Bot\Isekai_Orpheus_Bot\src\app\pages\documentos\new-document\new-document.component.ts">
        <metrics statements="14" coveredstatements="14" conditionals="4" coveredconditionals="4" methods="7" coveredmethods="7"/>
        <line num="18" count="1030" type="cond" truecount="2" falsecount="0"/>
        <line num="21" count="10" type="stmt"/>
        <line num="22" count="10" type="stmt"/>
        <line num="23" count="10" type="stmt"/>
        <line num="24" count="10" type="stmt"/>
        <line num="29" count="10" type="stmt"/>
        <line num="34" count="10" type="stmt"/>
        <line num="51" count="8" type="stmt"/>
        <line num="53" count="8" type="stmt"/>
        <line num="55" count="6" type="cond" truecount="2" falsecount="0"/>
        <line num="56" count="4" type="stmt"/>
        <line num="57" count="4" type="stmt"/>
        <line num="65" count="2" type="stmt"/>
        <line num="71" count="2" type="stmt"/>
      </file>
    </package>
    <package name="Isekai_Orpheus_Bot.src.app.pages.login">
      <metrics statements="56" coveredstatements="56" conditionals="24" coveredconditionals="20" methods="12" coveredmethods="12"/>
      <file name="login.component.html" path="C:\Users\User\Desktop\Isekai_Orpheus_Bot\Isekai_Orpheus_Bot\src\app\pages\login\login.component.html">
        <metrics statements="30" coveredstatements="30" conditionals="16" coveredconditionals="12" methods="2" coveredmethods="2"/>
        <line num="1" count="196" type="stmt"/>
        <line num="6" count="196" type="stmt"/>
        <line num="13" count="196" type="stmt"/>
        <line num="21" count="196" type="stmt"/>
        <line num="23" count="24614" type="stmt"/>
        <line num="24" count="196" type="stmt"/>
        <line num="27" count="196" type="stmt"/>
        <line num="29" count="196" type="stmt"/>
        <line num="31" count="196" type="stmt"/>
        <line num="32" count="24614" type="cond" truecount="2" falsecount="0"/>
        <line num="33" count="476" type="cond" truecount="1" falsecount="1"/>
        <line num="34" count="4" type="stmt"/>
        <line num="35" count="476" type="cond" truecount="1" falsecount="1"/>
        <line num="36" count="2" type="stmt"/>
        <line num="37" count="2" type="stmt"/>
        <line num="38" count="196" type="stmt"/>
        <line num="39" count="196" type="stmt"/>
        <line num="42" count="196" type="stmt"/>
        <line num="44" count="24614" type="cond" truecount="2" falsecount="0"/>
        <line num="45" count="200" type="stmt"/>
        <line num="46" count="24614" type="cond" truecount="2" falsecount="0"/>
        <line num="51" count="24614" type="cond" truecount="2" falsecount="0"/>
        <line num="52" count="432" type="cond" truecount="1" falsecount="1"/>
        <line num="53" count="2" type="stmt"/>
        <line num="54" count="432" type="cond" truecount="1" falsecount="1"/>
        <line num="55" count="2" type="stmt"/>
        <line num="56" count="2" type="stmt"/>
        <line num="57" count="196" type="stmt"/>
        <line num="58" count="196" type="stmt"/>
        <line num="59" count="24614" type="stmt"/>
      </file>
      <file name="login.component.ts" path="C:\Users\User\Desktop\Isekai_Orpheus_Bot\Isekai_Orpheus_Bot\src\app\pages\login\login.component.ts">
        <metrics statements="26" coveredstatements="26" conditionals="8" coveredconditionals="8" methods="10" coveredmethods="10"/>
        <line num="19" count="1030" type="cond" truecount="2" falsecount="0"/>
        <line num="22" count="196" type="stmt"/>
        <line num="23" count="196" type="stmt"/>
        <line num="25" count="196" type="stmt"/>
        <line num="26" count="196" type="stmt"/>
        <line num="27" count="196" type="stmt"/>
        <line num="28" count="196" type="stmt"/>
        <line num="33" count="196" type="stmt"/>
        <line num="34" count="196" type="stmt"/>
        <line num="39" count="4" type="stmt"/>
        <line num="40" count="4" type="stmt"/>
        <line num="46" count="196" type="stmt"/>
        <line num="61" count="185" type="stmt"/>
        <line num="62" count="185" type="stmt"/>
        <line num="63" count="185" type="stmt"/>
        <line num="66" count="183" type="cond" truecount="2" falsecount="0"/>
        <line num="67" count="179" type="cond" truecount="2" falsecount="0"/>
        <line num="69" count="17" type="stmt"/>
        <line num="71" count="162" type="stmt"/>
        <line num="74" count="4" type="stmt"/>
        <line num="82" count="2" type="stmt"/>
        <line num="90" count="17" type="stmt"/>
        <line num="91" count="17" type="stmt"/>
        <line num="101" count="17" type="cond" truecount="2" falsecount="0"/>
        <line num="103" count="15" type="stmt"/>
        <line num="106" count="2" type="stmt"/>
      </file>
    </package>
    <package name="Isekai_Orpheus_Bot.src.app.pages.tracking">
      <metrics statements="201" coveredstatements="165" conditionals="31" coveredconditionals="19" methods="34" coveredmethods="23"/>
      <file name="tracking.component.html" path="C:\Users\User\Desktop\Isekai_Orpheus_Bot\Isekai_Orpheus_Bot\src\app\pages\tracking\tracking.component.html">
        <metrics statements="116" coveredstatements="103" conditionals="12" coveredconditionals="8" methods="6" coveredmethods="4"/>
        <line num="1" count="14" type="stmt"/>
        <line num="3" count="14" type="stmt"/>
        <line num="5" count="14" type="stmt"/>
        <line num="7" count="14" type="stmt"/>
        <line num="9" count="14" type="stmt"/>
        <line num="11" count="1162" type="stmt"/>
        <line num="12" count="14" type="stmt"/>
        <line num="15" count="19" type="stmt"/>
        <line num="16" count="5" type="stmt"/>
        <line num="17" count="5" type="stmt"/>
        <line num="18" count="8" type="stmt"/>
        <line num="19" count="5" type="stmt"/>
        <line num="20" count="14" type="stmt"/>
        <line num="22" count="5" type="stmt"/>
        <line num="25" count="14" type="stmt"/>
        <line num="28" count="14" type="stmt"/>
        <line num="32" count="14" type="stmt"/>
        <line num="34" count="1162" type="stmt"/>
        <line num="37" count="14" type="stmt"/>
        <line num="39" count="14" type="stmt"/>
        <line num="41" count="14" type="stmt"/>
        <line num="42" count="14" type="stmt"/>
        <line num="44" count="14" type="stmt"/>
        <line num="46" count="14" type="stmt"/>
        <line num="47" count="1162" type="stmt"/>
        <line num="48" count="14" type="stmt"/>
        <line num="51" count="14" type="stmt"/>
        <line num="53" count="1162" type="cond" truecount="2" falsecount="0"/>
        <line num="54" count="2" type="stmt"/>
        <line num="55" count="86" type="cond" truecount="1" falsecount="1"/>
        <line num="56" count="1" type="stmt"/>
        <line num="57" count="2" type="stmt"/>
        <line num="58" count="86" type="cond" truecount="1" falsecount="1"/>
        <line num="59" count="1" type="stmt"/>
        <line num="60" count="1" type="stmt"/>
        <line num="61" count="14" type="stmt"/>
        <line num="63" count="14" type="stmt"/>
        <line num="64" count="1162" type="cond" truecount="2" falsecount="0"/>
        <line num="65" count="84" type="cond" truecount="1" falsecount="1"/>
        <line num="66" count="1" type="stmt"/>
        <line num="67" count="84" type="cond" truecount="1" falsecount="1"/>
        <line num="68" count="1" type="stmt"/>
        <line num="69" count="1" type="stmt"/>
        <line num="70" count="14" type="stmt"/>
        <line num="72" count="14" type="stmt"/>
        <line num="74" count="14" type="stmt"/>
        <line num="76" count="14" type="stmt"/>
        <line num="77" count="1162" type="stmt"/>
        <line num="78" count="3" type="stmt"/>
        <line num="80" count="3" type="stmt"/>
        <line num="83" count="64" type="stmt"/>
        <line num="84" count="3" type="stmt"/>
        <line num="85" count="3" type="stmt"/>
        <line num="86" count="3" type="stmt"/>
        <line num="87" count="64" type="stmt"/>
        <line num="88" count="3" type="stmt"/>
        <line num="89" count="64" type="stmt"/>
        <line num="90" count="32" type="stmt"/>
        <line num="91" count="3" type="stmt"/>
        <line num="92" count="3" type="stmt"/>
        <line num="93" count="3" type="stmt"/>
        <line num="94" count="64" type="stmt"/>
        <line num="95" count="3" type="stmt"/>
        <line num="96" count="3" type="stmt"/>
        <line num="99" count="3" type="stmt"/>
        <line num="100" count="3" type="stmt"/>
        <line num="102" count="1162" type="stmt"/>
        <line num="110" count="3" type="stmt"/>
        <line num="111" count="3" type="stmt"/>
        <line num="112" count="3" type="stmt"/>
        <line num="115" count="3" type="stmt"/>
        <line num="116" count="111" type="stmt"/>
        <line num="118" count="1836" type="stmt"/>
        <line num="119" count="1836" type="stmt"/>
        <line num="120" count="1836" type="stmt"/>
        <line num="122" count="3" type="stmt"/>
        <line num="127" count="3" type="stmt"/>
        <line num="133" count="3" type="stmt"/>
        <line num="134" count="3" type="stmt"/>
        <line num="137" count="64" type="stmt"/>
        <line num="138" count="0" type="stmt"/>
        <line num="140" count="0" type="stmt"/>
        <line num="141" count="0" type="stmt"/>
        <line num="142" count="0" type="stmt"/>
        <line num="143" count="0" type="stmt"/>
        <line num="145" count="0" type="stmt"/>
        <line num="146" count="3" type="stmt"/>
        <line num="150" count="3" type="stmt"/>
        <line num="156" count="3" type="stmt"/>
        <line num="157" count="3" type="stmt"/>
        <line num="160" count="64" type="stmt"/>
        <line num="161" count="0" type="stmt"/>
        <line num="163" count="0" type="stmt"/>
        <line num="164" count="0" type="stmt"/>
        <line num="165" count="0" type="stmt"/>
        <line num="166" count="0" type="stmt"/>
        <line num="167" count="0" type="stmt"/>
        <line num="170" count="0" type="stmt"/>
        <line num="171" count="3" type="stmt"/>
        <line num="176" count="14" type="stmt"/>
        <line num="182" count="14" type="stmt"/>
        <line num="187" count="14" type="stmt"/>
        <line num="188" count="14" type="stmt"/>
        <line num="189" count="14" type="stmt"/>
        <line num="192" count="14" type="stmt"/>
        <line num="197" count="14" type="stmt"/>
        <line num="198" count="14" type="stmt"/>
        <line num="199" count="14" type="stmt"/>
        <line num="200" count="14" type="stmt"/>
        <line num="202" count="14" type="stmt"/>
        <line num="203" count="1162" type="stmt"/>
        <line num="204" count="143" type="stmt"/>
        <line num="205" count="143" type="stmt"/>
        <line num="206" count="15" type="stmt"/>
        <line num="207" count="3" type="stmt"/>
        <line num="209" count="14" type="stmt"/>
      </file>
      <file name="tracking.component.ts" path="C:\Users\User\Desktop\Isekai_Orpheus_Bot\Isekai_Orpheus_Bot\src\app\pages\tracking\tracking.component.ts">
        <metrics statements="85" coveredstatements="62" conditionals="19" coveredconditionals="11" methods="28" coveredmethods="19"/>
        <line num="22" count="1030" type="cond" truecount="2" falsecount="0"/>
        <line num="24" count="14" type="stmt"/>
        <line num="26" count="14" type="stmt"/>
        <line num="27" count="14" type="stmt"/>
        <line num="28" count="14" type="stmt"/>
        <line num="29" count="14" type="stmt"/>
        <line num="30" count="14" type="stmt"/>
        <line num="31" count="14" type="stmt"/>
        <line num="33" count="14" type="stmt"/>
        <line num="34" count="14" type="stmt"/>
        <line num="35" count="14" type="stmt"/>
        <line num="36" count="14" type="stmt"/>
        <line num="37" count="14" type="stmt"/>
        <line num="42" count="14" type="stmt"/>
        <line num="43" count="14" type="stmt"/>
        <line num="48" count="14" type="stmt"/>
        <line num="63" count="0" type="stmt"/>
        <line num="69" count="14" type="stmt"/>
        <line num="71" count="14" type="stmt"/>
        <line num="72" count="14" type="cond" truecount="1" falsecount="1"/>
        <line num="77" count="0" type="stmt"/>
        <line num="78" count="0" type="stmt"/>
        <line num="79" count="0" type="stmt"/>
        <line num="86" count="1" type="cond" truecount="1" falsecount="1"/>
        <line num="87" count="1" type="cond" truecount="1" falsecount="1"/>
        <line num="88" count="1" type="stmt"/>
        <line num="89" count="1" type="stmt"/>
        <line num="91" count="0" type="stmt"/>
        <line num="100" count="0" type="stmt"/>
        <line num="111" count="1" type="stmt"/>
        <line num="112" count="1" type="stmt"/>
        <line num="114" count="1" type="stmt"/>
        <line num="120" count="0" type="stmt"/>
        <line num="121" count="0" type="stmt"/>
        <line num="125" count="1" type="stmt"/>
        <line num="137" count="1" type="stmt"/>
        <line num="138" count="1" type="cond" truecount="1" falsecount="1"/>
        <line num="139" count="1" type="stmt"/>
        <line num="143" count="1" type="stmt"/>
        <line num="144" count="1" type="stmt"/>
        <line num="145" count="1" type="stmt"/>
        <line num="146" count="2" type="stmt"/>
        <line num="147" count="2" type="stmt"/>
        <line num="148" count="2" type="stmt"/>
        <line num="150" count="1" type="stmt"/>
        <line num="151" count="1" type="stmt"/>
        <line num="152" count="1" type="stmt"/>
        <line num="158" count="0" type="stmt"/>
        <line num="159" count="0" type="stmt"/>
        <line num="160" count="0" type="cond" truecount="0" falsecount="2"/>
        <line num="161" count="0" type="stmt"/>
        <line num="162" count="0" type="stmt"/>
        <line num="167" count="0" type="cond" truecount="0" falsecount="2"/>
        <line num="168" count="0" type="stmt"/>
        <line num="176" count="0" type="stmt"/>
        <line num="187" count="0" type="stmt"/>
        <line num="202" count="3" type="stmt"/>
        <line num="203" count="3" type="stmt"/>
        <line num="208" count="3" type="stmt"/>
        <line num="209" count="3" type="stmt"/>
        <line num="210" count="3" type="stmt"/>
        <line num="215" count="14" type="stmt"/>
        <line num="216" count="14" type="stmt"/>
        <line num="217" count="14" type="stmt"/>
        <line num="221" count="10" type="stmt"/>
        <line num="222" count="10" type="stmt"/>
        <line num="223" count="10" type="stmt"/>
        <line num="227" count="8" type="cond" truecount="2" falsecount="0"/>
        <line num="228" count="4" type="stmt"/>
        <line num="229" count="4" type="stmt"/>
        <line num="230" count="4" type="stmt"/>
        <line num="231" count="4" type="stmt"/>
        <line num="233" count="4" type="stmt"/>
        <line num="234" count="4" type="stmt"/>
        <line num="244" count="2" type="stmt"/>
        <line num="256" count="4" type="stmt"/>
        <line num="257" count="4" type="stmt"/>
        <line num="261" count="0" type="stmt"/>
        <line num="262" count="0" type="stmt"/>
        <line num="265" count="0" type="stmt"/>
        <line num="273" count="4" type="stmt"/>
        <line num="274" count="4" type="stmt"/>
        <line num="278" count="0" type="stmt"/>
        <line num="279" count="0" type="stmt"/>
        <line num="282" count="0" type="stmt"/>
      </file>
    </package>
    <package name="Isekai_Orpheus_Bot.src.app.pages.tramites">
      <metrics statements="107" coveredstatements="106" conditionals="2" coveredconditionals="2" methods="18" coveredmethods="15"/>
      <file name="tramites.component.html" path="C:\Users\User\Desktop\Isekai_Orpheus_Bot\Isekai_Orpheus_Bot\src\app\pages\tramites\tramites.component.html">
        <metrics statements="83" coveredstatements="83" conditionals="0" coveredconditionals="0" methods="7" coveredmethods="5"/>
        <line num="1" count="53" type="stmt"/>
        <line num="3" count="53" type="stmt"/>
        <line num="5" count="53" type="stmt"/>
        <line num="8" count="53" type="stmt"/>
        <line num="13" count="53" type="stmt"/>
        <line num="15" count="10082" type="stmt"/>
        <line num="16" count="53" type="stmt"/>
        <line num="19" count="53" type="stmt"/>
        <line num="20" count="53" type="stmt"/>
        <line num="22" count="53" type="stmt"/>
        <line num="24" count="53" type="stmt"/>
        <line num="26" count="53" type="stmt"/>
        <line num="28" count="53" type="stmt"/>
        <line num="30" count="53" type="stmt"/>
        <line num="31" count="53" type="stmt"/>
        <line num="35" count="53" type="stmt"/>
        <line num="39" count="53" type="stmt"/>
        <line num="40" count="10082" type="stmt"/>
        <line num="41" count="10082" type="stmt"/>
        <line num="42" count="10082" type="stmt"/>
        <line num="43" count="10082" type="stmt"/>
        <line num="47" count="53" type="stmt"/>
        <line num="49" count="53" type="stmt"/>
        <line num="50" count="53" type="stmt"/>
        <line num="52" count="53" type="stmt"/>
        <line num="54" count="53" type="stmt"/>
        <line num="55" count="53" type="stmt"/>
        <line num="60" count="53" type="stmt"/>
        <line num="63" count="53" type="stmt"/>
        <line num="65" count="53" type="stmt"/>
        <line num="66" count="53" type="stmt"/>
        <line num="68" count="55" type="stmt"/>
        <line num="69" count="53" type="stmt"/>
        <line num="72" count="53" type="stmt"/>
        <line num="73" count="54" type="stmt"/>
        <line num="74" count="53" type="stmt"/>
        <line num="82" count="53" type="stmt"/>
        <line num="86" count="53" type="stmt"/>
        <line num="87" count="53" type="stmt"/>
        <line num="88" count="53" type="stmt"/>
        <line num="89" count="53" type="stmt"/>
        <line num="90" count="53" type="stmt"/>
        <line num="91" count="53" type="stmt"/>
        <line num="92" count="53" type="stmt"/>
        <line num="93" count="53" type="stmt"/>
        <line num="94" count="53" type="stmt"/>
        <line num="96" count="10082" type="stmt"/>
        <line num="97" count="8774" type="stmt"/>
        <line num="108" count="29275" type="stmt"/>
        <line num="109" count="197" type="stmt"/>
        <line num="110" count="197" type="stmt"/>
        <line num="111" count="29275" type="stmt"/>
        <line num="112" count="197" type="stmt"/>
        <line num="113" count="197" type="stmt"/>
        <line num="114" count="29275" type="stmt"/>
        <line num="115" count="197" type="stmt"/>
        <line num="116" count="197" type="stmt"/>
        <line num="117" count="29275" type="stmt"/>
        <line num="118" count="197" type="stmt"/>
        <line num="119" count="197" type="stmt"/>
        <line num="120" count="29275" type="stmt"/>
        <line num="121" count="197" type="stmt"/>
        <line num="122" count="197" type="stmt"/>
        <line num="123" count="29275" type="stmt"/>
        <line num="124" count="197" type="stmt"/>
        <line num="125" count="197" type="stmt"/>
        <line num="126" count="29275" type="stmt"/>
        <line num="127" count="197" type="stmt"/>
        <line num="128" count="373" type="stmt"/>
        <line num="130" count="51" type="stmt"/>
        <line num="131" count="53" type="stmt"/>
        <line num="133" count="53" type="stmt"/>
        <line num="134" count="104" type="stmt"/>
        <line num="135" count="10082" type="stmt"/>
        <line num="136" count="51" type="stmt"/>
        <line num="137" count="53" type="stmt"/>
        <line num="143" count="10082" type="stmt"/>
        <line num="145" count="53" type="stmt"/>
        <line num="148" count="53" type="stmt"/>
        <line num="149" count="59" type="stmt"/>
        <line num="150" count="53" type="stmt"/>
        <line num="153" count="10082" type="stmt"/>
        <line num="154" count="53" type="stmt"/>
      </file>
      <file name="tramites.component.ts" path="C:\Users\User\Desktop\Isekai_Orpheus_Bot\Isekai_Orpheus_Bot\src\app\pages\tramites\tramites.component.ts">
        <metrics statements="24" coveredstatements="23" conditionals="2" coveredconditionals="2" methods="11" coveredmethods="10"/>
        <line num="14" count="1030" type="cond" truecount="2" falsecount="0"/>
        <line num="18" count="53" type="stmt"/>
        <line num="19" count="53" type="stmt"/>
        <line num="20" count="53" type="stmt"/>
        <line num="22" count="53" type="stmt"/>
        <line num="24" count="53" type="stmt"/>
        <line num="25" count="53" type="stmt"/>
        <line num="27" count="53" type="stmt"/>
        <line num="28" count="53" type="stmt"/>
        <line num="33" count="53" type="stmt"/>
        <line num="34" count="53" type="stmt"/>
        <line num="39" count="53" type="stmt"/>
        <line num="51" count="55" type="stmt"/>
        <line num="52" count="55" type="stmt"/>
        <line num="55" count="53" type="stmt"/>
        <line num="56" count="53" type="stmt"/>
        <line num="60" count="2" type="stmt"/>
        <line num="69" count="44" type="stmt"/>
        <line num="70" count="44" type="stmt"/>
        <line num="71" count="44" type="stmt"/>
        <line num="75" count="0" type="stmt"/>
        <line num="78" count="2" type="stmt"/>
        <line num="82" count="1" type="stmt"/>
        <line num="83" count="1" type="stmt"/>
      </file>
    </package>
    <package name="Isekai_Orpheus_Bot.src.app.pages.tramites.components.create-tramite">
      <metrics statements="81" coveredstatements="78" conditionals="20" coveredconditionals="15" methods="17" coveredmethods="17"/>
      <file name="create-tramite.component.html" path="C:\Users\User\Desktop\Isekai_Orpheus_Bot\Isekai_Orpheus_Bot\src\app\pages\tramites\components\create-tramite\create-tramite.component.html">
        <metrics statements="37" coveredstatements="34" conditionals="12" coveredconditionals="8" methods="3" coveredmethods="3"/>
        <line num="1" count="44" type="stmt"/>
        <line num="2" count="7912" type="stmt"/>
        <line num="3" count="44" type="stmt"/>
        <line num="6" count="44" type="stmt"/>
        <line num="7" count="44" type="stmt"/>
        <line num="8" count="44" type="stmt"/>
        <line num="9" count="44" type="stmt"/>
        <line num="11" count="7912" type="cond" truecount="2" falsecount="0"/>
        <line num="12" count="8" type="cond" truecount="1" falsecount="1"/>
        <line num="13" count="2" type="stmt"/>
        <line num="14" count="2" type="stmt"/>
        <line num="15" count="44" type="stmt"/>
        <line num="17" count="44" type="stmt"/>
        <line num="19" count="44" type="stmt"/>
        <line num="21" count="7912" type="cond" truecount="2" falsecount="0"/>
        <line num="22" count="28" type="cond" truecount="1" falsecount="1"/>
        <line num="23" count="2" type="stmt"/>
        <line num="24" count="2" type="stmt"/>
        <line num="25" count="44" type="stmt"/>
        <line num="27" count="44" type="stmt"/>
        <line num="29" count="7912" type="stmt"/>
        <line num="31" count="44" type="stmt"/>
        <line num="32" count="44" type="stmt"/>
        <line num="37" count="44" type="stmt"/>
        <line num="39" count="7912" type="stmt"/>
        <line num="40" count="44" type="stmt"/>
        <line num="42" count="7912" type="stmt"/>
        <line num="43" count="44" type="stmt"/>
        <line num="45" count="44" type="stmt"/>
        <line num="46" count="44" type="stmt"/>
        <line num="47" count="52" type="stmt"/>
        <line num="48" count="7956" type="stmt"/>
        <line num="51" count="7912" type="cond" truecount="2" falsecount="0"/>
        <line num="52" count="0" type="cond" truecount="0" falsecount="2"/>
        <line num="53" count="0" type="stmt"/>
        <line num="54" count="0" type="stmt"/>
        <line num="55" count="44" type="stmt"/>
      </file>
      <file name="create-tramite.component.ts" path="C:\Users\User\Desktop\Isekai_Orpheus_Bot\Isekai_Orpheus_Bot\src\app\pages\tramites\components\create-tramite\create-tramite.component.ts">
        <metrics statements="44" coveredstatements="44" conditionals="8" coveredconditionals="7" methods="14" coveredmethods="14"/>
        <line num="25" count="1030" type="cond" truecount="2" falsecount="0"/>
        <line num="31" count="44" type="stmt"/>
        <line num="40" count="44" type="stmt"/>
        <line num="42" count="44" type="stmt"/>
        <line num="43" count="44" type="stmt"/>
        <line num="44" count="44" type="stmt"/>
        <line num="48" count="44" type="stmt"/>
        <line num="52" count="44" type="stmt"/>
        <line num="60" count="44" type="stmt"/>
        <line num="66" count="8" type="stmt"/>
        <line num="67" count="8" type="stmt"/>
        <line num="68" count="8" type="stmt"/>
        <line num="70" count="6" type="cond" truecount="2" falsecount="0"/>
        <line num="71" count="4" type="stmt"/>
        <line num="79" count="4" type="stmt"/>
        <line num="80" count="4" type="stmt"/>
        <line num="83" count="4" type="stmt"/>
        <line num="85" count="2" type="stmt"/>
        <line num="86" count="2" type="stmt"/>
        <line num="92" count="2" type="stmt"/>
        <line num="93" count="2" type="stmt"/>
        <line num="94" count="2" type="stmt"/>
        <line num="102" count="8" type="stmt"/>
        <line num="104" count="8" type="cond" truecount="1" falsecount="1"/>
        <line num="105" count="8" type="stmt"/>
        <line num="106" count="8" type="stmt"/>
        <line num="107" count="8" type="stmt"/>
        <line num="114" count="8" type="stmt"/>
        <line num="115" count="8" type="stmt"/>
        <line num="116" count="8" type="stmt"/>
        <line num="117" count="8" type="stmt"/>
        <line num="118" count="8" type="stmt"/>
        <line num="122" count="8" type="stmt"/>
        <line num="126" count="8" type="stmt"/>
        <line num="127" count="8" type="stmt"/>
        <line num="131" count="8" type="stmt"/>
        <line num="133" count="6" type="cond" truecount="2" falsecount="0"/>
        <line num="134" count="4" type="stmt"/>
        <line num="135" count="4" type="stmt"/>
        <line num="136" count="4" type="stmt"/>
        <line num="144" count="4" type="stmt"/>
        <line num="146" count="2" type="stmt"/>
        <line num="152" count="2" type="stmt"/>
        <line num="153" count="2" type="stmt"/>
      </file>
    </package>
    <package name="Isekai_Orpheus_Bot.src.app.pages.tramites.components.detalle-tramite">
      <metrics statements="171" coveredstatements="161" conditionals="11" coveredconditionals="10" methods="34" coveredmethods="29"/>
      <file name="detalle-tramite.component.html" path="C:\Users\User\Desktop\Isekai_Orpheus_Bot\Isekai_Orpheus_Bot\src\app\pages\tramites\components\detalle-tramite\detalle-tramite.component.html">
        <metrics statements="85" coveredstatements="85" conditionals="0" coveredconditionals="0" methods="6" coveredmethods="5"/>
        <line num="1" count="44" type="stmt"/>
        <line num="2" count="7912" type="stmt"/>
        <line num="6" count="44" type="stmt"/>
        <line num="7" count="44" type="stmt"/>
        <line num="8" count="44" type="stmt"/>
        <line num="10" count="44" type="stmt"/>
        <line num="12" count="44" type="stmt"/>
        <line num="13" count="44" type="stmt"/>
        <line num="14" count="44" type="stmt"/>
        <line num="16" count="44" type="stmt"/>
[...]
        <line num="51" count="8" type="stmt"/>
        <line num="52" count="8" type="stmt"/>
        <line num="53" count="8" type="stmt"/>
        <line num="55" count="6" type="cond" truecount="2" falsecount="0"/>
        <line num="56" count="4" type="stmt"/>
        <line num="63" count="4" type="stmt"/>
        <line num="64" count="4" type="stmt"/>
        <line num="66" count="2" type="stmt"/>
        <line num="76" count="2" type="stmt"/>
        <line num="77" count="2" type="stmt"/>
        <line num="86" count="10" type="stmt"/>
      </file>
    </package>
    <package name="Isekai_Orpheus_Bot.src.app.pages.users.edit-user">
      <metrics statements="105" coveredstatements="102" conditionals="28" coveredconditionals="19" methods="11" coveredmethods="11"/>
      <file name="edit-user.component.html" path="C:\Users\User\Desktop\Isekai_Orpheus_Bot\Isekai_Orpheus_Bot\src\app\pages\users\edit-user\edit-user.component.html">
        <metrics statements="75" coveredstatements="72" conditionals="24" coveredconditionals="15" methods="1" coveredmethods="1"/>
        <line num="1" count="204" type="stmt"/>
        <line num="2" count="8" type="stmt"/>
        <line num="6" count="8" type="stmt"/>
        <line num="7" count="8" type="stmt"/>
        <line num="8" count="8" type="stmt"/>
        <line num="10" count="8" type="stmt"/>
        <line num="12" count="8" type="stmt"/>
        <line num="13" count="8" type="stmt"/>
        <line num="14" count="8" type="stmt"/>
        <line num="16" count="8" type="stmt"/>
        <line num="18" count="8" type="stmt"/>
        <line num="19" count="8" type="stmt"/>
        <line num="20" count="8" type="stmt"/>
        <line num="22" count="8" type="stmt"/>
        <line num="24" count="8" type="stmt"/>
        <line num="25" count="8" type="stmt"/>
        <line num="26" count="8" type="stmt"/>
        <line num="30" count="8" type="stmt"/>
        <line num="33" count="8" type="stmt"/>
        <line num="34" count="8" type="stmt"/>
        <line num="35" count="408" type="cond" truecount="2" falsecount="0"/>
        <line num="36" count="84" type="cond" truecount="1" falsecount="1"/>
        <line num="37" count="2" type="stmt"/>
        <line num="38" count="84" type="cond" truecount="1" falsecount="1"/>
        <line num="39" count="0" type="stmt"/>
        <line num="40" count="84" type="cond" truecount="1" falsecount="1"/>
        <line num="41" count="2" type="stmt"/>
        <line num="42" count="2" type="stmt"/>
        <line num="43" count="8" type="stmt"/>
        <line num="45" count="8" type="stmt"/>
        <line num="47" count="8" type="stmt"/>
        <line num="48" count="8" type="stmt"/>
        <line num="49" count="10" type="stmt"/>
        <line num="50" count="408" type="cond" truecount="2" falsecount="0"/>
        <line num="51" count="4" type="stmt"/>
        <line num="52" count="132" type="cond" truecount="1" falsecount="1"/>
        <line num="53" count="2" type="stmt"/>
        <line num="54" count="2" type="stmt"/>
        <line num="55" count="132" type="cond" truecount="1" falsecount="1"/>
        <line num="56" count="0" type="stmt"/>
        <line num="57" count="4" type="stmt"/>
        <line num="58" count="132" type="cond" truecount="1" falsecount="1"/>
        <line num="59" count="2" type="stmt"/>
        <line num="60" count="2" type="stmt"/>
        <line num="61" count="8" type="stmt"/>
        <line num="63" count="8" type="stmt"/>
        <line num="65" count="8" type="stmt"/>
        <line num="66" count="8" type="stmt"/>
        <line num="67" count="10" type="stmt"/>
        <line num="68" count="408" type="cond" truecount="2" falsecount="0"/>
        <line num="69" count="4" type="stmt"/>
        <line num="70" count="108" type="cond" truecount="1" falsecount="1"/>
        <line num="71" count="2" type="stmt"/>
        <line num="72" count="2" type="stmt"/>
        <line num="73" count="108" type="cond" truecount="1" falsecount="1"/>
        <line num="74" count="0" type="stmt"/>
        <line num="75" count="4" type="stmt"/>
        <line num="76" count="108" type="cond" truecount="1" falsecount="1"/>
        <line num="77" count="2" type="stmt"/>
        <line num="78" count="2" type="stmt"/>
        <line num="79" count="8" type="stmt"/>
        <line num="83" count="8" type="stmt"/>
        <line num="86" count="8" type="stmt"/>
        <line num="87" count="8" type="stmt"/>
        <line num="88" count="408" type="stmt"/>
        <line num="89" count="408" type="stmt"/>
        <line num="90" count="408" type="stmt"/>
        <line num="91" count="408" type="stmt"/>
        <line num="95" count="8" type="stmt"/>
        <line num="97" count="8" type="stmt"/>
        <line num="98" count="8" type="stmt"/>
        <line num="99" count="408" type="stmt"/>
        <line num="100" count="408" type="stmt"/>
        <line num="107" count="8" type="stmt"/>
        <line num="108" count="408" type="stmt"/>
      </file>
      <file name="edit-user.component.ts" path="C:\Users\User\Desktop\Isekai_Orpheus_Bot\Isekai_Orpheus_Bot\src\app\pages\users\edit-user\edit-user.component.ts">
        <metrics statements="30" coveredstatements="30" conditionals="4" coveredconditionals="4" methods="10" coveredmethods="10"/>
        <line num="18" count="1030" type="cond" truecount="2" falsecount="0"/>
        <line num="25" count="8" type="stmt"/>
        <line num="26" count="8" type="stmt"/>
        <line num="27" count="8" type="stmt"/>
        <line num="28" count="8" type="stmt"/>
        <line num="32" count="8" type="stmt"/>
        <line num="33" count="8" type="stmt"/>
        <line num="38" count="8" type="stmt"/>
        <line num="39" count="8" type="stmt"/>
        <line num="44" count="16" type="stmt"/>
        <line num="45" count="16" type="stmt"/>
        <line num="46" count="16" type="stmt"/>
        <line num="47" count="16" type="stmt"/>
        <line num="50" count="16" type="stmt"/>
        <line num="53" count="16" type="stmt"/>
        <line num="54" count="16" type="stmt"/>
        <line num="55" count="16" type="stmt"/>
        <line num="56" count="16" type="stmt"/>
        <line num="62" count="6" type="stmt"/>
        <line num="65" count="6" type="stmt"/>
        <line num="68" count="6" type="stmt"/>
        <line num="71" count="6" type="stmt"/>
        <line num="77" count="6" type="stmt"/>
        <line num="78" count="6" type="stmt"/>
        <line num="79" count="6" type="stmt"/>
        <line num="81" count="4" type="cond" truecount="2" falsecount="0"/>
        <line num="82" count="2" type="stmt"/>
        <line num="90" count="2" type="stmt"/>
        <line num="100" count="2" type="stmt"/>
        <line num="109" count="16" type="stmt"/>
      </file>
    </package>
    <package name="Isekai_Orpheus_Bot.src.app.pipes">
      <metrics statements="26" coveredstatements="26" conditionals="35" coveredconditionals="33" methods="6" coveredmethods="6"/>
      <file name="filter.pipe.ts" path="C:\Users\User\Desktop\Isekai_Orpheus_Bot\Isekai_Orpheus_Bot\src\app\pipes\filter.pipe.ts">
        <metrics statements="9" coveredstatements="9" conditionals="14" coveredconditionals="13" methods="2" coveredmethods="2"/>
        <line num="7" count="1081" type="cond" truecount="2" falsecount="0"/>
        <line num="8" count="465" type="stmt"/>
        <line num="9" count="155" type="stmt"/>
        <line num="10" count="530" type="stmt"/>
        <line num="11" count="530" type="cond" truecount="2" falsecount="0"/>
        <line num="22" count="370" type="cond" truecount="3" falsecount="1"/>
        <line num="23" count="370" type="stmt"/>
        <line num="27" count="155" type="stmt"/>
        <line num="28" count="155" type="stmt"/>
      </file>
      <file name="filterDocument.pipe.ts" path="C:\Users\User\Desktop\Isekai_Orpheus_Bot\Isekai_Orpheus_Bot\src\app\pipes\filterDocument.pipe.ts">
        <metrics statements="8" coveredstatements="8" conditionals="6" coveredconditionals="6" methods="2" coveredmethods="2"/>
        <line num="7" count="1065" type="cond" truecount="2" falsecount="0"/>
        <line num="8" count="336" type="stmt"/>
        <line num="9" count="112" type="stmt"/>
        <line num="10" count="1316" type="stmt"/>
        <line num="11" count="1316" type="cond" truecount="2" falsecount="0"/>
        <line num="18" count="620" type="stmt"/>
        <line num="21" count="112" type="stmt"/>
        <line num="22" count="112" type="stmt"/>
      </file>
      <file name="filterUsers.pipe.ts" path="C:\Users\User\Desktop\Isekai_Orpheus_Bot\Isekai_Orpheus_Bot\src\app\pipes\filterUsers.pipe.ts">
        <metrics statements="9" coveredstatements="9" conditionals="15" coveredconditionals="14" methods="2" coveredmethods="2"/>
        <line num="7" count="1076" type="cond" truecount="2" falsecount="0"/>
        <line num="8" count="2487" type="stmt"/>
        <line num="9" count="829" type="stmt"/>
        <line num="10" count="55869" type="stmt"/>
        <line num="11" count="55869" type="cond" truecount="2" falsecount="0"/>
        <line num="27" count="8815" type="cond" truecount="3" falsecount="1"/>
        <line num="28" count="8815" type="stmt"/>
        <line num="32" count="829" type="stmt"/>
        <line num="33" count="829" type="stmt"/>
      </file>
    </package>
    <package name="Isekai_Orpheus_Bot.src.app.services">
      <metrics statements="117" coveredstatements="100" conditionals="32" coveredconditionals="22" methods="69" coveredmethods="54"/>
      <file name="auth.service.ts" path="C:\Users\User\Desktop\Isekai_Orpheus_Bot\Isekai_Orpheus_Bot\src\app\services\auth.service.ts">
        <metrics statements="36" coveredstatements="32" conditionals="10" coveredconditionals="6" methods="15" coveredmethods="15"/>
        <line num="14" count="206" type="stmt"/>
        <line num="19" count="1030" type="cond" truecount="2" falsecount="0"/>
        <line num="21" count="206" type="stmt"/>
        <line num="22" count="206" type="stmt"/>
        <line num="24" count="206" type="stmt"/>
        <line num="25" count="206" type="stmt"/>
        <line num="29" count="545" type="stmt"/>
        <line num="33" count="162" type="stmt"/>
        <line num="36" count="185" type="stmt"/>
        <line num="37" count="185" type="stmt"/>
        <line num="41" count="183" type="stmt"/>
        <line num="42" count="183" type="stmt"/>
        <line num="43" count="183" type="stmt"/>
        <line num="48" count="17" type="stmt"/>
        <line num="49" count="17" type="stmt"/>
        <line num="56" count="12" type="stmt"/>
        <line num="58" count="5" type="stmt"/>
        <line num="63" count="9" type="stmt"/>
        <line num="64" count="9" type="stmt"/>
        <line num="65" count="9" type="stmt"/>
        <line num="66" count="9" type="stmt"/>
        <line num="70" count="972" type="stmt"/>
        <line num="75" count="206" type="cond" truecount="2" falsecount="0"/>
        <line num="77" count="206" type="cond" truecount="1" falsecount="1"/>
        <line num="78" count="0" type="stmt"/>
        <line num="79" count="0" type="cond" truecount="0" falsecount="2"/>
        <line num="80" count="0" type="stmt"/>
        <line num="82" count="0" type="stmt"/>
        <line num="88" count="183" type="stmt"/>
        <line num="89" count="183" type="stmt"/>
        <line num="94" count="5" type="stmt"/>
        <line num="95" count="5" type="cond" truecount="1" falsecount="1"/>
        <line num="96" count="5" type="stmt"/>
        <line num="98" count="5" type="stmt"/>
        <line num="99" count="5" type="stmt"/>
        <line num="100" count="5" type="stmt"/>
      </file>
      <file name="interceptor.service.ts" path="C:\Users\User\Desktop\Isekai_Orpheus_Bot\Isekai_Orpheus_Bot\src\app\services\interceptor.service.ts">
        <metrics statements="13" coveredstatements="13" conditionals="10" coveredconditionals="9" methods="5" coveredmethods="5"/>
        <line num="14" count="1030" type="cond" truecount="2" falsecount="0"/>
        <line num="16" count="194" type="stmt"/>
        <line num="17" count="194" type="stmt"/>
        <line num="22" count="924" type="stmt"/>
        <line num="24" count="924" type="stmt"/>
        <line num="25" count="924" type="cond" truecount="2" falsecount="0"/>
        <line num="31" count="162" type="stmt"/>
        <line num="32" count="162" type="cond" truecount="1" falsecount="1"/>
        <line num="33" count="162" type="stmt"/>
        <line num="38" count="162" type="stmt"/>
        <line num="40" count="158" type="stmt"/>
        <line num="43" count="762" type="stmt"/>
        <line num="45" count="742" type="stmt"/>
      </file>
      <file name="report.service.ts" path="C:\Users\User\Desktop\Isekai_Orpheus_Bot\Isekai_Orpheus_Bot\src\app\services\report.service.ts">
        <metrics statements="21" coveredstatements="21" conditionals="2" coveredconditionals="2" methods="7" coveredmethods="7"/>
        <line num="8" count="206" type="stmt"/>
        <line num="9" count="206" type="stmt"/>
        <line num="13" count="1030" type="cond" truecount="2" falsecount="0"/>
        <line num="14" count="138" type="stmt"/>
        <line num="18" count="6" type="stmt"/>
        <line num="19" count="6" type="stmt"/>
        <line num="20" count="6" type="stmt"/>
        <line num="24" count="6" type="stmt"/>
        <line num="28" count="6" type="stmt"/>
        <line num="32" count="6" type="stmt"/>
        <line num="33" count="6" type="stmt"/>
        <line num="41" count="4" type="stmt"/>
        <line num="42" count="4" type="stmt"/>
        <line num="44" count="175" type="stmt"/>
        <line num="45" count="4" type="stmt"/>
        <line num="48" count="4" type="stmt"/>
        <line num="49" count="4" type="stmt"/>
        <line num="50" count="4" type="stmt"/>
        <line num="51" count="4" type="stmt"/>
        <line num="52" count="4" type="stmt"/>
        <line num="62" count="4" type="stmt"/>
      </file>
      <file name="servicios.service.ts" path="C:\Users\User\Desktop\Isekai_Orpheus_Bot\Isekai_Orpheus_Bot\src\app\services\servicios.service.ts">
        <metrics statements="43" coveredstatements="30" conditionals="8" coveredconditionals="3" methods="38" coveredmethods="23"/>
        <line num="22" count="1030" type="cond" truecount="2" falsecount="0"/>
        <line num="31" count="176" type="stmt"/>
        <line num="35" count="39" type="stmt"/>
        <line num="41" count="6" type="stmt"/>
        <line num="49" count="8" type="stmt"/>
        <line num="55" count="8" type="stmt"/>
        <line num="62" count="8" type="stmt"/>
        <line num="68" count="6" type="stmt"/>
        <line num="74" count="6" type="stmt"/>
        <line num="75" count="6" type="stmt"/>
        <line num="85" count="8" type="stmt"/>
        <line num="91" count="56" type="stmt"/>
        <line num="97" count="170" type="stmt"/>
        <line num="103" count="0" type="stmt"/>
        <line num="107" count="0" type="stmt"/>
        <line num="108" count="0" type="stmt"/>
        <line num="109" count="0" type="cond" truecount="0" falsecount="2"/>
        <line num="115" count="0" type="stmt"/>
        <line num="119" count="0" type="stmt"/>
        <line num="123" count="0" type="stmt"/>
        <line num="124" count="0" type="stmt"/>
        <line num="125" count="0" type="cond" truecount="0" falsecount="2"/>
        <line num="131" count="0" type="stmt"/>
        <line num="135" count="0" type="stmt"/>
        <line num="142" count="55" type="stmt"/>
        <line num="148" count="10" type="stmt"/>
        <line num="154" count="106" type="stmt"/>
        <line num="162" count="92" type="stmt"/>
        <line num="170" count="108" type="stmt"/>
        <line num="178" count="8" type="stmt"/>
        <line num="184" count="4" type="stmt"/>
        <line num="192" count="8" type="stmt"/>
        <line num="200" count="8" type="stmt"/>
        <line num="206" count="8" type="stmt"/>
        <line num="207" count="8" type="stmt"/>
        <line num="208" count="8" type="stmt"/>
        <line num="216" count="28" type="stmt"/>
        <line num="217" count="28" type="cond" truecount="1" falsecount="1"/>
        <line num="218" count="28" type="stmt"/>
        <line num="220" count="28" type="stmt"/>
        <line num="221" count="28" type="stmt"/>
        <line num="222" count="0" type="stmt"/>
        <line num="228" count="0" type="stmt"/>
      </file>
      <file name="spinner.service.ts" path="C:\Users\User\Desktop\Isekai_Orpheus_Bot\Isekai_Orpheus_Bot\src\app\services\spinner.service.ts">
        <metrics statements="4" coveredstatements="4" conditionals="2" coveredconditionals="2" methods="4" coveredmethods="4"/>
        <line num="7" count="1030" type="cond" truecount="2" falsecount="0"/>
        <line num="9" count="194" type="stmt"/>
        <line num="12" count="924" type="stmt"/>
        <line num="16" count="900" type="stmt"/>
      </file>
    </package>
    <package name="Isekai_Orpheus_Bot.src.assets.vendor.@fortawesome.fontawesome-free.js">
      <metrics statements="0" coveredstatements="0" conditionals="0" coveredconditionals="0" methods="0" coveredmethods="0"/>
      <file name="all.min.js" path="C:/Users/User/Desktop/Isekai_Orpheus_Bot/Isekai_Orpheus_Bot/src/assets/vendor/@fortawesome/fontawesome-free/js/all.min.js">
        <metrics statements="0" coveredstatements="0" conditionals="0" coveredconditionals="0" methods="0" coveredmethods="0"/>
      </file>
      <file name="brands.min.js" path="C:/Users/User/Desktop/Isekai_Orpheus_Bot/Isekai_Orpheus_Bot/src/assets/vendor/@fortawesome/fontawesome-free/js/brands.min.js">
        <metrics statements="0" coveredstatements="0" conditionals="0" coveredconditionals="0" methods="0" coveredmethods="0"/>
      </file>
      <file name="fontawesome.min.js" path="C:/Users/User/Desktop/Isekai_Orpheus_Bot/Isekai_Orpheus_Bot/src/assets/vendor/@fortawesome/fontawesome-free/js/fontawesome.min.js">
        <metrics statements="0" coveredstatements="0" conditionals="0" coveredconditionals="0" methods="0" coveredmethods="0"/>
      </file>
      <file name="regular.min.js" path="C:/Users/User/Desktop/Isekai_Orpheus_Bot/Isekai_Orpheus_Bot/src/assets/vendor/@fortawesome/fontawesome-free/js/regular.min.js">
        <metrics statements="0" coveredstatements="0" conditionals="0" coveredconditionals="0" methods="0" coveredmethods="0"/>
      </file>
      <file name="solid.min.js" path="C:/Users/User/Desktop/Isekai_Orpheus_Bot/Isekai_Orpheus_Bot/src/assets/vendor/@fortawesome/fontawesome-free/js/solid.min.js">
        <metrics statements="0" coveredstatements="0" conditionals="0" coveredconditionals="0" methods="0" coveredmethods="0"/>
      </file>
      <file name="v4-shims.min.js" path="C:/Users/User/Desktop/Isekai_Orpheus_Bot/Isekai_Orpheus_Bot/src/assets/vendor/@fortawesome/fontawesome-free/js/v4-shims.min.js">
        <metrics statements="0" coveredstatements="0" conditionals="0" coveredconditionals="0" methods="0" coveredmethods="0"/>
      </file>
    </package>
    <package name="Isekai_Orpheus_Bot.src.environments">
      <metrics statements="1" coveredstatements="1" conditionals="0" coveredconditionals="0" methods="0" coveredmethods="0"/>
      <file name="environment.prod.ts" path="C:/Users/User/Desktop/Isekai_Orpheus_Bot/Isekai_Orpheus_Bot/src/environments/environment.prod.ts">
        <metrics statements="0" coveredstatements="0" conditionals="0" coveredconditionals="0" methods="0" coveredmethods="0"/>
      </file>
      <file name="environment.ts" path="C:\Users\User\Desktop\Isekai_Orpheus_Bot\Isekai_Orpheus_Bot\src\environments\environment.ts">
        <metrics statements="1" coveredstatements="1" conditionals="0" coveredconditionals="0" methods="0" coveredmethods="0"/>
        <line num="5" count="206" type="stmt"/>
      </file>
    </package>
  </project>
</coverage>
