{"total": {"lines":{"total":1819,"covered":1075,"skipped":0,"pct":59.09},"statements":{"total":2481,"covered":1474,"skipped":0,"pct":59.41},"functions":{"total":443,"covered":233,"skipped":0,"pct":52.59},"branches":{"total":414,"covered":204,"skipped":0,"pct":49.27},"branchesTrue":{"total":0,"covered":0,"skipped":0,"pct":100}}
,"C:/Users/User/Desktop/Isekai_Orpheus_Bot/Isekai_Orpheus_Bot/coverage-e2e/lcov-report/block-navigation.js": {"lines":{"total":0,"covered":0,"skipped":0,"pct":0},"functions":{"total":0,"covered":0,"skipped":0,"pct":0},"statements":{"total":0,"covered":0,"skipped":0,"pct":0},"branches":{"total":0,"covered":0,"skipped":0,"pct":0}}
,"C:/Users/User/Desktop/Isekai_Orpheus_Bot/Isekai_Orpheus_Bot/coverage-e2e/lcov-report/prettify.js": {"lines":{"total":0,"covered":0,"skipped":0,"pct":0},"functions":{"total":0,"covered":0,"skipped":0,"pct":0},"statements":{"total":0,"covered":0,"skipped":0,"pct":0},"branches":{"total":0,"covered":0,"skipped":0,"pct":0}}
,"C:/Users/User/Desktop/Isekai_Orpheus_Bot/Isekai_Orpheus_Bot/coverage-e2e/lcov-report/sorter.js": {"lines":{"total":0,"covered":0,"skipped":0,"pct":0},"functions":{"total":0,"covered":0,"skipped":0,"pct":0},"statements":{"total":0,"covered":0,"skipped":0,"pct":0},"branches":{"total":0,"covered":0,"skipped":0,"pct":0}}
,"C:/Users/User/Desktop/Isekai_Orpheus_Bot/Isekai_Orpheus_Bot/src/custom-service-worker.js": {"lines":{"total":0,"covered":0,"skipped":0,"pct":0},"functions":{"total":0,"covered":0,"skipped":0,"pct":0},"statements":{"total":0,"covered":0,"skipped":0,"pct":0},"branches":{"total":0,"covered":0,"skipped":0,"pct":0}}
,"C:\\Users\\User\\Desktop\\Isekai_Orpheus_Bot\\Isekai_Orpheus_Bot\\src\\main.ts": {"lines":{"total":4,"covered":2,"skipped":0,"pct":50},"functions":{"total":1,"covered":0,"skipped":0,"pct":0},"statements":{"total":4,"covered":2,"skipped":0,"pct":50},"branches":{"total":2,"covered":1,"skipped":0,"pct":50}}
,"C:\\Users\\User\\Desktop\\Isekai_Orpheus_Bot\\Isekai_Orpheus_Bot\\src\\app\\app.component.html": {"lines":{"total":2,"covered":2,"skipped":0,"pct":100},"functions":{"total":0,"covered":0,"skipped":0,"pct":100},"statements":{"total":5,"covered":5,"skipped":0,"pct":100},"branches":{"total":0,"covered":0,"skipped":0,"pct":100}}
,"C:\\Users\\User\\Desktop\\Isekai_Orpheus_Bot\\Isekai_Orpheus_Bot\\src\\app\\app.component.ts": {"lines":{"total":1,"covered":1,"skipped":0,"pct":100},"functions":{"total":1,"covered":1,"skipped":0,"pct":100},"statements":{"total":2,"covered":2,"skipped":0,"pct":100},"branches":{"total":2,"covered":2,"skipped":0,"pct":100}}
,"C:\\Users\\User\\Desktop\\Isekai_Orpheus_Bot\\Isekai_Orpheus_Bot\\src\\app\\app.module.ts": {"lines":{"total":1,"covered":1,"skipped":0,"pct":100},"functions":{"total":1,"covered":1,"skipped":0,"pct":100},"statements":{"total":2,"covered":2,"skipped":0,"pct":100},"branches":{"total":2,"covered":2,"skipped":0,"pct":100}}
,"C:\\Users\\User\\Desktop\\Isekai_Orpheus_Bot\\Isekai_Orpheus_Bot\\src\\app\\app.routing.ts": {"lines":{"total":4,"covered":4,"skipped":0,"pct":100},"functions":{"total":5,"covered":5,"skipped":0,"pct":100},"statements":{"total":7,"covered":7,"skipped":0,"pct":100},"branches":{"total":2,"covered":2,"skipped":0,"pct":100}}
,"C:\\Users\\User\\Desktop\\Isekai_Orpheus_Bot\\Isekai_Orpheus_Bot\\src\\app\\Constants\\Constant.ts": {"lines":{"total":2,"covered":2,"skipped":0,"pct":100},"functions":{"total":1,"covered":1,"skipped":0,"pct":100},"statements":{"total":2,"covered":2,"skipped":0,"pct":100},"branches":{"total":0,"covered":0,"skipped":0,"pct":100}}
,"C:\\Users\\User\\Desktop\\Isekai_Orpheus_Bot\\Isekai_Orpheus_Bot\\src\\app\\components\\components.module.ts": {"lines":{"total":1,"covered":1,"skipped":0,"pct":100},"functions":{"total":1,"covered":1,"skipped":0,"pct":100},"statements":{"total":2,"covered":2,"skipped":0,"pct":100},"branches":{"total":2,"covered":2,"skipped":0,"pct":100}}
,"C:\\Users\\User\\Desktop\\Isekai_Orpheus_Bot\\Isekai_Orpheus_Bot\\src\\app\\components\\footer\\footer.component.html": {"lines":{"total":2,"covered":2,"skipped":0,"pct":100},"functions":{"total":0,"covered":0,"skipped":0,"pct":100},"statements":{"total":5,"covered":5,"skipped":0,"pct":100},"branches":{"total":0,"covered":0,"skipped":0,"pct":100}}
,"C:\\Users\\User\\Desktop\\Isekai_Orpheus_Bot\\Isekai_Orpheus_Bot\\src\\app\\components\\footer\\footer.component.ts": {"lines":{"total":3,"covered":3,"skipped":0,"pct":100},"functions":{"total":3,"covered":3,"skipped":0,"pct":100},"statements":{"total":4,"covered":4,"skipped":0,"pct":100},"branches":{"total":2,"covered":2,"skipped":0,"pct":100}}
,"C:\\Users\\User\\Desktop\\Isekai_Orpheus_Bot\\Isekai_Orpheus_Bot\\src\\app\\components\\navbar\\navbar.component.html": {"lines":{"total":17,"covered":17,"skipped":0,"pct":100},"functions":{"total":1,"covered":0,"skipped":0,"pct":0},"statements":{"total":24,"covered":24,"skipped":0,"pct":100},"branches":{"total":0,"covered":0,"skipped":0,"pct":100}}
,"C:\\Users\\User\\Desktop\\Isekai_Orpheus_Bot\\Isekai_Orpheus_Bot\\src\\app\\components\\navbar\\navbar.component.ts": {"lines":{"total":24,"covered":16,"skipped":0,"pct":66.66},"functions":{"total":8,"covered":5,"skipped":0,"pct":62.5},"statements":{"total":29,"covered":20,"skipped":0,"pct":68.96},"branches":{"total":9,"covered":6,"skipped":0,"pct":66.66}}
,"C:\\Users\\User\\Desktop\\Isekai_Orpheus_Bot\\Isekai_Orpheus_Bot\\src\\app\\components\\sidebar\\sidebar.component.html": {"lines":{"total":31,"covered":31,"skipped":0,"pct":100},"functions":{"total":3,"covered":0,"skipped":0,"pct":0},"statements":{"total":42,"covered":42,"skipped":0,"pct":100},"branches":{"total":0,"covered":0,"skipped":0,"pct":100}}
,"C:\\Users\\User\\Desktop\\Isekai_Orpheus_Bot\\Isekai_Orpheus_Bot\\src\\app\\components\\sidebar\\sidebar.component.ts": {"lines":{"total":16,"covered":9,"skipped":0,"pct":56.25},"functions":{"total":7,"covered":4,"skipped":0,"pct":57.14},"statements":{"total":21,"covered":13,"skipped":0,"pct":61.9},"branches":{"total":5,"covered":3,"skipped":0,"pct":60}}
,"C:/Users/User/Desktop/Isekai_Orpheus_Bot/Isekai_Orpheus_Bot/src/app/entities/tramite.ts": {"lines":{"total":0,"covered":0,"skipped":0,"pct":0},"functions":{"total":0,"covered":0,"skipped":0,"pct":0},"statements":{"total":0,"covered":0,"skipped":0,"pct":0},"branches":{"total":0,"covered":0,"skipped":0,"pct":0}}
,"C:/Users/User/Desktop/Isekai_Orpheus_Bot/Isekai_Orpheus_Bot/src/app/entities/user.ts": {"lines":{"total":0,"covered":0,"skipped":0,"pct":0},"functions":{"total":0,"covered":0,"skipped":0,"pct":0},"statements":{"total":0,"covered":0,"skipped":0,"pct":0},"branches":{"total":0,"covered":0,"skipped":0,"pct":0}}
,"C:\\Users\\User\\Desktop\\Isekai_Orpheus_Bot\\Isekai_Orpheus_Bot\\src\\app\\guards\\CheckLogin.guard.ts": {"lines":{"total":12,"covered":7,"skipped":0,"pct":58.33},"functions":{"total":5,"covered":4,"skipped":0,"pct":80},"statements":{"total":15,"covered":10,"skipped":0,"pct":66.66},"branches":{"total":10,"covered":4,"skipped":0,"pct":40}}
,"C:\\Users\\User\\Desktop\\Isekai_Orpheus_Bot\\Isekai_Orpheus_Bot\\src\\app\\guards\\FirstLogin.guard.ts": {"lines":{"total":8,"covered":6,"skipped":0,"pct":75},"functions":{"total":3,"covered":3,"skipped":0,"pct":100},"statements":{"total":11,"covered":9,"skipped":0,"pct":81.81},"branches":{"total":6,"covered":4,"skipped":0,"pct":66.66}}
,"C:\\Users\\User\\Desktop\\Isekai_Orpheus_Bot\\Isekai_Orpheus_Bot\\src\\app\\guards\\IsLogged.guard.ts": {"lines":{"total":5,"covered":5,"skipped":0,"pct":100},"functions":{"total":4,"covered":4,"skipped":0,"pct":100},"statements":{"total":8,"covered":8,"skipped":0,"pct":100},"branches":{"total":4,"covered":3,"skipped":0,"pct":75}}
,"C:\\Users\\User\\Desktop\\Isekai_Orpheus_Bot\\Isekai_Orpheus_Bot\\src\\app\\guards\\checkRole.guard.ts": {"lines":{"total":17,"covered":9,"skipped":0,"pct":52.94},"functions":{"total":3,"covered":3,"skipped":0,"pct":100},"statements":{"total":20,"covered":12,"skipped":0,"pct":60},"branches":{"total":13,"covered":7,"skipped":0,"pct":53.84}}
,"C:\\Users\\User\\Desktop\\Isekai_Orpheus_Bot\\Isekai_Orpheus_Bot\\src\\app\\layouts\\admin-layout\\admin-layout.component.html": {"lines":{"total":6,"covered":6,"skipped":0,"pct":100},"functions":{"total":0,"covered":0,"skipped":0,"pct":100},"statements":{"total":6,"covered":6,"skipped":0,"pct":100},"branches":{"total":0,"covered":0,"skipped":0,"pct":100}}
,"C:\\Users\\User\\Desktop\\Isekai_Orpheus_Bot\\Isekai_Orpheus_Bot\\src\\app\\layouts\\admin-layout\\admin-layout.component.ts": {"lines":{"total":2,"covered":2,"skipped":0,"pct":100},"functions":{"total":3,"covered":3,"skipped":0,"pct":100},"statements":{"total":3,"covered":3,"skipped":0,"pct":100},"branches":{"total":2,"covered":2,"skipped":0,"pct":100}}
,"C:\\Users\\User\\Desktop\\Isekai_Orpheus_Bot\\Isekai_Orpheus_Bot\\src\\app\\layouts\\admin-layout\\admin-layout.module.ts": {"lines":{"total":2,"covered":2,"skipped":0,"pct":100},"functions":{"total":1,"covered":1,"skipped":0,"pct":100},"statements":{"total":3,"covered":3,"skipped":0,"pct":100},"branches":{"total":2,"covered":2,"skipped":0,"pct":100}}
,"C:\\Users\\User\\Desktop\\Isekai_Orpheus_Bot\\Isekai_Orpheus_Bot\\src\\app\\layouts\\admin-layout\\admin-layout.routing.ts": {"lines":{"total":1,"covered":1,"skipped":0,"pct":100},"functions":{"total":0,"covered":0,"skipped":0,"pct":100},"statements":{"total":1,"covered":1,"skipped":0,"pct":100},"branches":{"total":0,"covered":0,"skipped":0,"pct":100}}
,"C:\\Users\\User\\Desktop\\Isekai_Orpheus_Bot\\Isekai_Orpheus_Bot\\src\\app\\layouts\\auth-layout\\auth-layout.component.html": {"lines":{"total":7,"covered":7,"skipped":0,"pct":100},"functions":{"total":0,"covered":0,"skipped":0,"pct":100},"statements":{"total":10,"covered":10,"skipped":0,"pct":100},"branches":{"total":0,"covered":0,"skipped":0,"pct":100}}
,"C:\\Users\\User\\Desktop\\Isekai_Orpheus_Bot\\Isekai_Orpheus_Bot\\src\\app\\layouts\\auth-layout\\auth-layout.component.ts": {"lines":{"total":15,"covered":15,"skipped":0,"pct":100},"functions":{"total":5,"covered":5,"skipped":0,"pct":100},"statements":{"total":17,"covered":17,"skipped":0,"pct":100},"branches":{"total":2,"covered":2,"skipped":0,"pct":100}}
,"C:\\Users\\User\\Desktop\\Isekai_Orpheus_Bot\\Isekai_Orpheus_Bot\\src\\app\\layouts\\auth-layout\\auth-layout.module.ts": {"lines":{"total":1,"covered":1,"skipped":0,"pct":100},"functions":{"total":1,"covered":1,"skipped":0,"pct":100},"statements":{"total":2,"covered":2,"skipped":0,"pct":100},"branches":{"total":2,"covered":2,"skipped":0,"pct":100}}
,"C:\\Users\\User\\Desktop\\Isekai_Orpheus_Bot\\Isekai_Orpheus_Bot\\src\\app\\layouts\\auth-layout\\auth-layout.routing.ts": {"lines":{"total":1,"covered":1,"skipped":0,"pct":100},"functions":{"total":0,"covered":0,"skipped":0,"pct":100},"statements":{"total":1,"covered":1,"skipped":0,"pct":100},"branches":{"total":0,"covered":0,"skipped":0,"pct":100}}
,"C:\\Users\\User\\Desktop\\Isekai_Orpheus_Bot\\Isekai_Orpheus_Bot\\src\\app\\pages\\change-password\\change-password.component.html": {"lines":{"total":54,"covered":54,"skipped":0,"pct":100},"functions":{"total":5,"covered":5,"skipped":0,"pct":100},"statements":{"total":91,"covered":91,"skipped":0,"pct":100},"branches":{"total":30,"covered":24,"skipped":0,"pct":80}}
,"C:\\Users\\User\\Desktop\\Isekai_Orpheus_Bot\\Isekai_Orpheus_Bot\\src\\app\\pages\\change-password\\change-password.component.ts": {"lines":{"total":40,"covered":40,"skipped":0,"pct":100},"functions":{"total":9,"covered":9,"skipped":0,"pct":100},"statements":{"total":42,"covered":42,"skipped":0,"pct":100},"branches":{"total":13,"covered":13,"skipped":0,"pct":100}}
,"C:\\Users\\User\\Desktop\\Isekai_Orpheus_Bot\\Isekai_Orpheus_Bot\\src\\app\\pages\\dashboard\\dashboard.component.html": {"lines":{"total":33,"covered":33,"skipped":0,"pct":100},"functions":{"total":3,"covered":0,"skipped":0,"pct":0},"statements":{"total":44,"covered":41,"skipped":0,"pct":93.18},"branches":{"total":4,"covered":2,"skipped":0,"pct":50}}
,"C:\\Users\\User\\Desktop\\Isekai_Orpheus_Bot\\Isekai_Orpheus_Bot\\src\\app\\pages\\dashboard\\dashboard.component.ts": {"lines":{"total":42,"covered":23,"skipped":0,"pct":54.76},"functions":{"total":19,"covered":6,"skipped":0,"pct":31.57},"statements":{"total":48,"covered":25,"skipped":0,"pct":52.08},"branches":{"total":7,"covered":2,"skipped":0,"pct":28.57}}
,"C:\\Users\\User\\Desktop\\Isekai_Orpheus_Bot\\Isekai_Orpheus_Bot\\src\\app\\pages\\dashboard\\graficos\\bar\\bar.component.html": {"lines":{"total":10,"covered":10,"skipped":0,"pct":100},"functions":{"total":2,"covered":0,"skipped":0,"pct":0},"statements":{"total":20,"covered":16,"skipped":0,"pct":80},"branches":{"total":0,"covered":0,"skipped":0,"pct":100}}
,"C:\\Users\\User\\Desktop\\Isekai_Orpheus_Bot\\Isekai_Orpheus_Bot\\src\\app\\pages\\dashboard\\graficos\\bar\\bar.component.ts": {"lines":{"total":31,"covered":13,"skipped":0,"pct":41.93},"functions":{"total":17,"covered":5,"skipped":0,"pct":29.41},"statements":{"total":38,"covered":15,"skipped":0,"pct":39.47},"branches":{"total":7,"covered":4,"skipped":0,"pct":57.14}}
,"C:\\Users\\User\\Desktop\\Isekai_Orpheus_Bot\\Isekai_Orpheus_Bot\\src\\app\\pages\\dashboard\\graficos\\donut\\donut.component.html": {"lines":{"total":18,"covered":18,"skipped":0,"pct":100},"functions":{"total":4,"covered":0,"skipped":0,"pct":0},"statements":{"total":36,"covered":28,"skipped":0,"pct":77.77},"branches":{"total":0,"covered":0,"skipped":0,"pct":100}}
,"C:\\Users\\User\\Desktop\\Isekai_Orpheus_Bot\\Isekai_Orpheus_Bot\\src\\app\\pages\\dashboard\\graficos\\donut\\donut.component.ts": {"lines":{"total":28,"covered":12,"skipped":0,"pct":42.85},"functions":{"total":8,"covered":5,"skipped":0,"pct":62.5},"statements":{"total":30,"covered":14,"skipped":0,"pct":46.66},"branches":{"total":8,"covered":4,"skipped":0,"pct":50}}
,"C:\\Users\\User\\Desktop\\Isekai_Orpheus_Bot\\Isekai_Orpheus_Bot\\src\\app\\pages\\dashboard\\graficos\\pie\\pie.component.html": {"lines":{"total":8,"covered":8,"skipped":0,"pct":100},"functions":{"total":2,"covered":0,"skipped":0,"pct":0},"statements":{"total":18,"covered":14,"skipped":0,"pct":77.77},"branches":{"total":0,"covered":0,"skipped":0,"pct":100}}
,"C:\\Users\\User\\Desktop\\Isekai_Orpheus_Bot\\Isekai_Orpheus_Bot\\src\\app\\pages\\dashboard\\graficos\\pie\\pie.component.ts": {"lines":{"total":21,"covered":13,"skipped":0,"pct":61.9},"functions":{"total":7,"covered":5,"skipped":0,"pct":71.42},"statements":{"total":23,"covered":15,"skipped":0,"pct":65.21},"branches":{"total":7,"covered":4,"skipped":0,"pct":57.14}}
,"C:\\Users\\User\\Desktop\\Isekai_Orpheus_Bot\\Isekai_Orpheus_Bot\\src\\app\\pages\\documentos\\documentos.component.html": {"lines":{"total":64,"covered":0,"skipped":0,"pct":0},"functions":{"total":13,"covered":0,"skipped":0,"pct":0},"statements":{"total":102,"covered":0,"skipped":0,"pct":0},"branches":{"total":0,"covered":0,"skipped":0,"pct":100}}
,"C:\\Users\\User\\Desktop\\Isekai_Orpheus_Bot\\Isekai_Orpheus_Bot\\src\\app\\pages\\documentos\\documentos.component.ts": {"lines":{"total":42,"covered":1,"skipped":0,"pct":2.38},"functions":{"total":17,"covered":1,"skipped":0,"pct":5.88},"statements":{"total":44,"covered":1,"skipped":0,"pct":2.27},"branches":{"total":6,"covered":0,"skipped":0,"pct":0}}
,"C:\\Users\\User\\Desktop\\Isekai_Orpheus_Bot\\Isekai_Orpheus_Bot\\src\\app\\pages\\documentos\\edit-document\\edit-document.component.html": {"lines":{"total":28,"covered":0,"skipped":0,"pct":0},"functions":{"total":1,"covered":0,"skipped":0,"pct":0},"statements":{"total":40,"covered":0,"skipped":0,"pct":0},"branches":{"total":10,"covered":0,"skipped":0,"pct":0}}
,"C:\\Users\\User\\Desktop\\Isekai_Orpheus_Bot\\Isekai_Orpheus_Bot\\src\\app\\pages\\documentos\\edit-document\\edit-document.component.ts": {"lines":{"total":19,"covered":1,"skipped":0,"pct":5.26},"functions":{"total":9,"covered":1,"skipped":0,"pct":11.11},"statements":{"total":21,"covered":1,"skipped":0,"pct":4.76},"branches":{"total":4,"covered":0,"skipped":0,"pct":0}}
,"C:\\Users\\User\\Desktop\\Isekai_Orpheus_Bot\\Isekai_Orpheus_Bot\\src\\app\\pages\\documentos\\new-document\\new-document.component.html": {"lines":{"total":24,"covered":0,"skipped":0,"pct":0},"functions":{"total":1,"covered":0,"skipped":0,"pct":0},"statements":{"total":35,"covered":0,"skipped":0,"pct":0},"branches":{"total":10,"covered":0,"skipped":0,"pct":0}}
,"C:\\Users\\User\\Desktop\\Isekai_Orpheus_Bot\\Isekai_Orpheus_Bot\\src\\app\\pages\\documentos\\new-document\\new-document.component.ts": {"lines":{"total":13,"covered":1,"skipped":0,"pct":7.69},"functions":{"total":7,"covered":1,"skipped":0,"pct":14.28},"statements":{"total":15,"covered":1,"skipped":0,"pct":6.66},"branches":{"total":4,"covered":0,"skipped":0,"pct":0}}
,"C:\\Users\\User\\Desktop\\Isekai_Orpheus_Bot\\Isekai_Orpheus_Bot\\src\\app\\pages\\login\\login.component.html": {"lines":{"total":30,"covered":30,"skipped":0,"pct":100},"functions":{"total":2,"covered":2,"skipped":0,"pct":100},"statements":{"total":53,"covered":53,"skipped":0,"pct":100},"branches":{"total":16,"covered":12,"skipped":0,"pct":75}}
,"C:\\Users\\User\\Desktop\\Isekai_Orpheus_Bot\\Isekai_Orpheus_Bot\\src\\app\\pages\\login\\login.component.ts": {"lines":{"total":26,"covered":26,"skipped":0,"pct":100},"functions":{"total":10,"covered":10,"skipped":0,"pct":100},"statements":{"total":28,"covered":28,"skipped":0,"pct":100},"branches":{"total":8,"covered":8,"skipped":0,"pct":100}}
,"C:\\Users\\User\\Desktop\\Isekai_Orpheus_Bot\\Isekai_Orpheus_Bot\\src\\app\\pages\\tracking\\tracking.component.html": {"lines":{"total":115,"covered":101,"skipped":0,"pct":87.82},"functions":{"total":6,"covered":4,"skipped":0,"pct":66.66},"statements":{"total":180,"covered":162,"skipped":0,"pct":90},"branches":{"total":12,"covered":8,"skipped":0,"pct":66.66}}
,"C:\\Users\\User\\Desktop\\Isekai_Orpheus_Bot\\Isekai_Orpheus_Bot\\src\\app\\pages\\tracking\\tracking.component.ts": {"lines":{"total":85,"covered":64,"skipped":0,"pct":75.29},"functions":{"total":28,"covered":20,"skipped":0,"pct":71.42},"statements":{"total":90,"covered":66,"skipped":0,"pct":73.33},"branches":{"total":19,"covered":11,"skipped":0,"pct":57.89}}
,"C:\\Users\\User\\Desktop\\Isekai_Orpheus_Bot\\Isekai_Orpheus_Bot\\src\\app\\pages\\tramites\\tramites.component.html": {"lines":{"total":83,"covered":83,"skipped":0,"pct":100},"functions":{"total":7,"covered":3,"skipped":0,"pct":42.85},"statements":{"total":130,"covered":130,"skipped":0,"pct":100},"branches":{"total":0,"covered":0,"skipped":0,"pct":100}}
,"C:\\Users\\User\\Desktop\\Isekai_Orpheus_Bot\\Isekai_Orpheus_Bot\\src\\app\\pages\\tramites\\tramites.component.ts": {"lines":{"total":24,"covered":20,"skipped":0,"pct":83.33},"functions":{"total":11,"covered":8,"skipped":0,"pct":72.72},"statements":{"total":26,"covered":22,"skipped":0,"pct":84.61},"branches":{"total":2,"covered":2,"skipped":0,"pct":100}}
,"C:\\Users\\User\\Desktop\\Isekai_Orpheus_Bot\\Isekai_Orpheus_Bot\\src\\app\\pages\\tramites\\components\\create-tramite\\create-tramite.component.html": {"lines":{"total":37,"covered":34,"skipped":0,"pct":91.89},"functions":{"total":3,"covered":3,"skipped":0,"pct":100},"statements":{"total":64,"covered":59,"skipped":0,"pct":92.18},"branches":{"total":12,"covered":8,"skipped":0,"pct":66.66}}
,"C:\\Users\\User\\Desktop\\Isekai_Orpheus_Bot\\Isekai_Orpheus_Bot\\src\\app\\pages\\tramites\\components\\create-tramite\\create-tramite.component.ts": {"lines":{"total":44,"covered":44,"skipped":0,"pct":100},"functions":{"total":14,"covered":14,"skipped":0,"pct":100},"statements":{"total":46,"covered":46,"skipped":0,"pct":100},"branches":{"total":8,"covered":7,"skipped":0,"pct":87.5}}
,"C:\\Users\\User\\Desktop\\Isekai_Orpheus_Bot\\Isekai_Orpheus_Bot\\src\\app\\pages\\tramites\\components\\detalle-tramite\\detalle-tramite.component.html": {"lines":{"total":85,"covered":85,"skipped":0,"pct":100},"functions":{"total":6,"covered":5,"skipped":0,"pct":83.33},"statements":{"total":148,"covered":148,"skipped":0,"pct":100},"branches":{"total":0,"covered":0,"skipped":0,"pct":100}}
,"C:\\Users\\User\\Desktop\\Isekai_Orpheus_Bot\\Isekai_Orpheus_Bot\\src\\app\\pages\\tramites\\components\\detalle-tramite\\detalle-tramite.component.ts": {"lines":{"total":86,"covered":76,"skipped":0,"pct":88.37},"functions":{"total":28,"covered":24,"skipped":0,"pct":85.71},"statements":{"total":88,"covered":78,"skipped":0,"pct":88.63},"branches":{"total":11,"covered":10,"skipped":0,"pct":90.9}}
,"C:\\Users\\User\\Desktop\\Isekai_Orpheus_Bot\\Isekai_Orpheus_Bot\\src\\app\\pages\\tramites\\components\\edit-tramite\\edit-tramite.component.html": {"lines":{"total":21,"covered":21,"skipped":0,"pct":100},"functions":{"total":1,"covered":1,"skipped":0,"pct":100},"statements":{"total":37,"covered":37,"skipped":0,"pct":100},"branches":{"total":0,"covered":0,"skipped":0,"pct":100}}
,"C:\\Users\\User\\Desktop\\Isekai_Orpheus_Bot\\Isekai_Orpheus_Bot\\src\\app\\pages\\tramites\\components\\edit-tramite\\edit-tramite.component.ts": {"lines":{"total":22,"covered":22,"skipped":0,"pct":100},"functions":{"total":9,"covered":9,"skipped":0,"pct":100},"statements":{"total":24,"covered":24,"skipped":0,"pct":100},"branches":{"total":4,"covered":4,"skipped":0,"pct":100}}
,"C:\\Users\\User\\Desktop\\Isekai_Orpheus_Bot\\Isekai_Orpheus_Bot\\src\\app\\pages\\users\\users.component.html": {"lines":{"total":103,"covered":0,"skipped":0,"pct":0},"functions":{"total":18,"covered":0,"skipped":0,"pct":0},"statements":{"total":173,"covered":0,"skipped":0,"pct":0},"branches":{"total":0,"covered":0,"skipped":0,"pct":100}}
,"C:\\Users\\User\\Desktop\\Isekai_Orpheus_Bot\\Isekai_Orpheus_Bot\\src\\app\\pages\\users\\users.component.ts": {"lines":{"total":53,"covered":1,"skipped":0,"pct":1.88},"functions":{"total":24,"covered":1,"skipped":0,"pct":4.16},"statements":{"total":57,"covered":1,"skipped":0,"pct":1.75},"branches":{"total":14,"covered":0,"skipped":0,"pct":0}}
,"C:\\Users\\User\\Desktop\\Isekai_Orpheus_Bot\\Isekai_Orpheus_Bot\\src\\app\\pages\\users\\crear-user\\crear-user.component.html": {"lines":{"total":74,"covered":0,"skipped":0,"pct":0},"functions":{"total":1,"covered":0,"skipped":0,"pct":0},"statements":{"total":103,"covered":0,"skipped":0,"pct":0},"branches":{"total":32,"covered":0,"skipped":0,"pct":0}}
,"C:\\Users\\User\\Desktop\\Isekai_Orpheus_Bot\\Isekai_Orpheus_Bot\\src\\app\\pages\\users\\crear-user\\crear-user.component.ts": {"lines":{"total":22,"covered":1,"skipped":0,"pct":4.54},"functions":{"total":8,"covered":1,"skipped":0,"pct":12.5},"statements":{"total":24,"covered":1,"skipped":0,"pct":4.16},"branches":{"total":4,"covered":0,"skipped":0,"pct":0}}
,"C:\\Users\\User\\Desktop\\Isekai_Orpheus_Bot\\Isekai_Orpheus_Bot\\src\\app\\pages\\users\\edit-user\\edit-user.component.html": {"lines":{"total":75,"covered":0,"skipped":0,"pct":0},"functions":{"total":1,"covered":0,"skipped":0,"pct":0},"statements":{"total":117,"covered":0,"skipped":0,"pct":0},"branches":{"total":24,"covered":0,"skipped":0,"pct":0}}
,"C:\\Users\\User\\Desktop\\Isekai_Orpheus_Bot\\Isekai_Orpheus_Bot\\src\\app\\pages\\users\\edit-user\\edit-user.component.ts": {"lines":{"total":30,"covered":1,"skipped":0,"pct":3.33},"functions":{"total":10,"covered":1,"skipped":0,"pct":10},"statements":{"total":32,"covered":1,"skipped":0,"pct":3.12},"branches":{"total":4,"covered":0,"skipped":0,"pct":0}}
,"C:\\Users\\User\\Desktop\\Isekai_Orpheus_Bot\\Isekai_Orpheus_Bot\\src\\app\\pipes\\filter.pipe.ts": {"lines":{"total":9,"covered":9,"skipped":0,"pct":100},"functions":{"total":2,"covered":2,"skipped":0,"pct":100},"statements":{"total":11,"covered":11,"skipped":0,"pct":100},"branches":{"total":14,"covered":13,"skipped":0,"pct":92.85}}
,"C:\\Users\\User\\Desktop\\Isekai_Orpheus_Bot\\Isekai_Orpheus_Bot\\src\\app\\pipes\\filterDocument.pipe.ts": {"lines":{"total":8,"covered":1,"skipped":0,"pct":12.5},"functions":{"total":2,"covered":1,"skipped":0,"pct":50},"statements":{"total":10,"covered":1,"skipped":0,"pct":10},"branches":{"total":6,"covered":0,"skipped":0,"pct":0}}
,"C:\\Users\\User\\Desktop\\Isekai_Orpheus_Bot\\Isekai_Orpheus_Bot\\src\\app\\pipes\\filterUsers.pipe.ts": {"lines":{"total":9,"covered":1,"skipped":0,"pct":11.11},"functions":{"total":2,"covered":1,"skipped":0,"pct":50},"statements":{"total":11,"covered":1,"skipped":0,"pct":9.09},"branches":{"total":15,"covered":0,"skipped":0,"pct":0}}
,"C:\\Users\\User\\Desktop\\Isekai_Orpheus_Bot\\Isekai_Orpheus_Bot\\src\\app\\services\\auth.service.ts": {"lines":{"total":36,"covered":32,"skipped":0,"pct":88.88},"functions":{"total":15,"covered":15,"skipped":0,"pct":100},"statements":{"total":42,"covered":38,"skipped":0,"pct":90.47},"branches":{"total":10,"covered":6,"skipped":0,"pct":60}}
,"C:\\Users\\User\\Desktop\\Isekai_Orpheus_Bot\\Isekai_Orpheus_Bot\\src\\app\\services\\interceptor.service.ts": {"lines":{"total":14,"covered":14,"skipped":0,"pct":100},"functions":{"total":5,"covered":5,"skipped":0,"pct":100},"statements":{"total":16,"covered":16,"skipped":0,"pct":100},"branches":{"total":10,"covered":9,"skipped":0,"pct":90}}
,"C:\\Users\\User\\Desktop\\Isekai_Orpheus_Bot\\Isekai_Orpheus_Bot\\src\\app\\services\\report.service.ts": {"lines":{"total":21,"covered":4,"skipped":0,"pct":19.04},"functions":{"total":7,"covered":2,"skipped":0,"pct":28.57},"statements":{"total":23,"covered":5,"skipped":0,"pct":21.73},"branches":{"total":2,"covered":2,"skipped":0,"pct":100}}
,"C:\\Users\\User\\Desktop\\Isekai_Orpheus_Bot\\Isekai_Orpheus_Bot\\src\\app\\services\\servicios.service.ts": {"lines":{"total":42,"covered":20,"skipped":0,"pct":47.61},"functions":{"total":38,"covered":14,"skipped":0,"pct":36.84},"statements":{"total":48,"covered":23,"skipped":0,"pct":47.91},"branches":{"total":8,"covered":3,"skipped":0,"pct":37.5}}
,"C:\\Users\\User\\Desktop\\Isekai_Orpheus_Bot\\Isekai_Orpheus_Bot\\src\\app\\services\\spinner.service.ts": {"lines":{"total":4,"covered":4,"skipped":0,"pct":100},"functions":{"total":4,"covered":4,"skipped":0,"pct":100},"statements":{"total":6,"covered":6,"skipped":0,"pct":100},"branches":{"total":2,"covered":2,"skipped":0,"pct":100}}
,"C:/Users/User/Desktop/Isekai_Orpheus_Bot/Isekai_Orpheus_Bot/src/assets/vendor/@fortawesome/fontawesome-free/js/all.min.js": {"lines":{"total":0,"covered":0,"skipped":0,"pct":0},"functions":{"total":0,"covered":0,"skipped":0,"pct":0},"statements":{"total":0,"covered":0,"skipped":0,"pct":0},"branches":{"total":0,"covered":0,"skipped":0,"pct":0}}
,"C:/Users/User/Desktop/Isekai_Orpheus_Bot/Isekai_Orpheus_Bot/src/assets/vendor/@fortawesome/fontawesome-free/js/brands.min.js": {"lines":{"total":0,"covered":0,"skipped":0,"pct":0},"functions":{"total":0,"covered":0,"skipped":0,"pct":0},"statements":{"total":0,"covered":0,"skipped":0,"pct":0},"branches":{"total":0,"covered":0,"skipped":0,"pct":0}}
,"C:/Users/User/Desktop/Isekai_Orpheus_Bot/Isekai_Orpheus_Bot/src/assets/vendor/@fortawesome/fontawesome-free/js/fontawesome.min.js": {"lines":{"total":0,"covered":0,"skipped":0,"pct":0},"functions":{"total":0,"covered":0,"skipped":0,"pct":0},"statements":{"total":0,"covered":0,"skipped":0,"pct":0},"branches":{"total":0,"covered":0,"skipped":0,"pct":0}}
,"C:/Users/User/Desktop/Isekai_Orpheus_Bot/Isekai_Orpheus_Bot/src/assets/vendor/@fortawesome/fontawesome-free/js/regular.min.js": {"lines":{"total":0,"covered":0,"skipped":0,"pct":0},"functions":{"total":0,"covered":0,"skipped":0,"pct":0},"statements":{"total":0,"covered":0,"skipped":0,"pct":0},"branches":{"total":0,"covered":0,"skipped":0,"pct":0}}
,"C:/Users/User/Desktop/Isekai_Orpheus_Bot/Isekai_Orpheus_Bot/src/assets/vendor/@fortawesome/fontawesome-free/js/solid.min.js": {"lines":{"total":0,"covered":0,"skipped":0,"pct":0},"functions":{"total":0,"covered":0,"skipped":0,"pct":0},"statements":{"total":0,"covered":0,"skipped":0,"pct":0},"branches":{"total":0,"covered":0,"skipped":0,"pct":0}}
,"C:/Users/User/Desktop/Isekai_Orpheus_Bot/Isekai_Orpheus_Bot/src/assets/vendor/@fortawesome/fontawesome-free/js/v4-shims.min.js": {"lines":{"total":0,"covered":0,"skipped":0,"pct":0},"functions":{"total":0,"covered":0,"skipped":0,"pct":0},"statements":{"total":0,"covered":0,"skipped":0,"pct":0},"branches":{"total":0,"covered":0,"skipped":0,"pct":0}}
,"C:/Users/User/Desktop/Isekai_Orpheus_Bot/Isekai_Orpheus_Bot/src/environments/environment.prod.ts": {"lines":{"total":0,"covered":0,"skipped":0,"pct":0},"functions":{"total":0,"covered":0,"skipped":0,"pct":0},"statements":{"total":0,"covered":0,"skipped":0,"pct":0},"branches":{"total":0,"covered":0,"skipped":0,"pct":0}}
,"C:\\Users\\User\\Desktop\\Isekai_Orpheus_Bot\\Isekai_Orpheus_Bot\\src\\environments\\environment.ts": {"lines":{"total":1,"covered":1,"skipped":0,"pct":100},"functions":{"total":0,"covered":0,"skipped":0,"pct":100},"statements":{"total":1,"covered":1,"skipped":0,"pct":100},"branches":{"total":0,"covered":0,"skipped":0,"pct":100}}
}
