{"C:/Users/User/Desktop/Isekai_Orpheus_Bot/Isekai_Orpheus_Bot/cypress.config.ts": {"path":"C:/Users/User/Desktop/Isekai_Orpheus_Bot/Isekai_Orpheus_Bot/cypress.config.ts","statementMap":{},"fnMap":{},"branchMap":{},"s":{},"f":{},"b":{}}
,"C:/Users/User/Desktop/Isekai_Orpheus_Bot/Isekai_Orpheus_Bot/coverage-e2e/lcov-report/block-navigation.js": {"path":"C:/Users/User/Desktop/Isekai_Orpheus_Bot/Isekai_Orpheus_Bot/coverage-e2e/lcov-report/block-navigation.js","statementMap":{},"fnMap":{},"branchMap":{},"s":{},"f":{},"b":{}}
,"C:/Users/User/Desktop/Isekai_Orpheus_Bot/Isekai_Orpheus_Bot/coverage-e2e/lcov-report/prettify.js": {"path":"C:/Users/User/Desktop/Isekai_Orpheus_Bot/Isekai_Orpheus_Bot/coverage-e2e/lcov-report/prettify.js","statementMap":{},"fnMap":{},"branchMap":{},"s":{},"f":{},"b":{}}
,"C:/Users/User/Desktop/Isekai_Orpheus_Bot/Isekai_Orpheus_Bot/coverage-e2e/lcov-report/sorter.js": {"path":"C:/Users/User/Desktop/Isekai_Orpheus_Bot/Isekai_Orpheus_Bot/coverage-e2e/lcov-report/sorter.js","statementMap":{},"fnMap":{},"branchMap":{},"s":{},"f":{},"b":{}}
,"C:/Users/User/Desktop/Isekai_Orpheus_Bot/Isekai_Orpheus_Bot/src/custom-service-worker.js": {"path":"C:/Users/User/Desktop/Isekai_Orpheus_Bot/Isekai_Orpheus_Bot/src/custom-service-worker.js","statementMap":{},"fnMap":{},"branchMap":{},"s":{},"f":{},"b":{}}
,"C:\\Users\\User\\Desktop\\Isekai_Orpheus_Bot\\Isekai_Orpheus_Bot\\src\\main.ts": {"path":"C:\\Users\\User\\Desktop\\Isekai_Orpheus_Bot\\Isekai_Orpheus_Bot\\src\\main.ts","statementMap":{"0":{"start":{"line":24,"column":0},"end":{"line":26,"column":null}},"1":{"start":{"line":25,"column":2},"end":{"line":25,"column":null}},"2":{"start":{"line":28,"column":0},"end":{"line":28,"column":25}},"3":{"start":{"line":29,"column":12},"end":{"line":29,"column":16}}},"fnMap":{"0":{"name":"(anonymous_0)","decl":{"start":{"line":29,"column":9},"end":{"line":29,"column":12}},"loc":{"start":{"line":29,"column":12},"end":{"line":29,"column":16}}}},"branchMap":{"0":{"loc":{"start":{"line":24,"column":0},"end":{"line":26,"column":null}},"type":"if","locations":[{"start":{"line":24,"column":0},"end":{"line":26,"column":null}},{"start":{"line":24,"column":0},"end":{"line":26,"column":null}}]}},"s":{"0":206,"1":0,"2":206,"3":0},"f":{"0":0},"b":{"0":[0,206]}}
,"C:\\Users\\User\\Desktop\\Isekai_Orpheus_Bot\\Isekai_Orpheus_Bot\\src\\app\\app.component.html": {"path":"C:\\Users\\User\\Desktop\\Isekai_Orpheus_Bot\\Isekai_Orpheus_Bot\\src\\app\\app.component.html","statementMap":{"0":{"start":{"line":1,"column":0},"end":{"line":1,"column":null}},"1":{"start":{"line":3,"column":0},"end":{"line":3,"column":91}},"2":{"start":{"line":3,"column":139},"end":{"line":3,"column":150}},"3":{"start":{"line":3,"column":150},"end":{"line":3,"column":null}},"4":{"start":{"line":3,"column":91},"end":{"line":3,"column":113}}},"fnMap":{},"branchMap":{},"s":{"0":206,"1":206,"2":206,"3":206,"4":65090},"f":{},"b":{}}
,"C:\\Users\\User\\Desktop\\Isekai_Orpheus_Bot\\Isekai_Orpheus_Bot\\src\\app\\app.component.ts": {"path":"C:\\Users\\User\\Desktop\\Isekai_Orpheus_Bot\\Isekai_Orpheus_Bot\\src\\app\\app.component.ts","statementMap":{"0":{"start":{"line":8,"column":0},"end":{"line":8,"column":13}},"1":{"start":{"line":8,"column":13},"end":{"line":8,"column":25}}},"fnMap":{"0":{"name":"(anonymous_0)","decl":{"start":{"line":8,"column":0},"end":{"line":8,"column":13}},"loc":{"start":{"line":8,"column":0},"end":{"line":8,"column":13}}}},"branchMap":{"0":{"loc":{"start":{"line":8,"column":13},"end":{"line":8,"column":25}},"type":"binary-expr","locations":[{"start":{"line":8,"column":13},"end":{"line":8,"column":25}},{"start":{"line":8,"column":13},"end":{"line":8,"column":25}}]}},"s":{"0":824,"1":206},"f":{"0":412},"b":{"0":[206,206]}}
,"C:\\Users\\User\\Desktop\\Isekai_Orpheus_Bot\\Isekai_Orpheus_Bot\\src\\app\\app.module.ts": {"path":"C:\\Users\\User\\Desktop\\Isekai_Orpheus_Bot\\Isekai_Orpheus_Bot\\src\\app\\app.module.ts","statementMap":{"0":{"start":{"line":62,"column":0},"end":{"line":62,"column":13}},"1":{"start":{"line":62,"column":13},"end":{"line":62,"column":22}}},"fnMap":{"0":{"name":"(anonymous_0)","decl":{"start":{"line":62,"column":0},"end":{"line":62,"column":13}},"loc":{"start":{"line":62,"column":0},"end":{"line":62,"column":13}}}},"branchMap":{"0":{"loc":{"start":{"line":62,"column":13},"end":{"line":62,"column":22}},"type":"binary-expr","locations":[{"start":{"line":62,"column":13},"end":{"line":62,"column":22}},{"start":{"line":62,"column":13},"end":{"line":62,"column":22}}]}},"s":{"0":824,"1":206},"f":{"0":412},"b":{"0":[206,206]}}
,"C:\\Users\\User\\Desktop\\Isekai_Orpheus_Bot\\Isekai_Orpheus_Bot\\src\\app\\app.routing.ts": {"path":"C:\\Users\\User\\Desktop\\Isekai_Orpheus_Bot\\Isekai_Orpheus_Bot\\src\\app\\app.routing.ts","statementMap":{"0":{"start":{"line":10,"column":22},"end":{"line":10,"column":null}},"1":{"start":{"line":21,"column":22},"end":{"line":21,"column":28}},"2":{"start":{"line":21,"column":93},"end":{"line":21,"column":97}},"3":{"start":{"line":30,"column":22},"end":{"line":30,"column":28}},"4":{"start":{"line":30,"column":91},"end":{"line":30,"column":95}},"5":{"start":{"line":51,"column":0},"end":{"line":51,"column":13}},"6":{"start":{"line":51,"column":13},"end":{"line":51,"column":29}}},"fnMap":{"0":{"name":"loadChildren","decl":{"start":{"line":21,"column":22},"end":{"line":21,"column":28}},"loc":{"start":{"line":21,"column":22},"end":{"line":21,"column":28}}},"1":{"name":"(anonymous_1)","decl":{"start":{"line":21,"column":92},"end":{"line":21,"column":93}},"loc":{"start":{"line":21,"column":93},"end":{"line":21,"column":97}}},"2":{"name":"loadChildren","decl":{"start":{"line":30,"column":22},"end":{"line":30,"column":28}},"loc":{"start":{"line":30,"column":22},"end":{"line":30,"column":28}}},"3":{"name":"(anonymous_3)","decl":{"start":{"line":30,"column":90},"end":{"line":30,"column":91}},"loc":{"start":{"line":30,"column":91},"end":{"line":30,"column":95}}},"4":{"name":"(anonymous_4)","decl":{"start":{"line":51,"column":0},"end":{"line":51,"column":13}},"loc":{"start":{"line":51,"column":0},"end":{"line":51,"column":13}}}},"branchMap":{"0":{"loc":{"start":{"line":51,"column":13},"end":{"line":51,"column":29}},"type":"binary-expr","locations":[{"start":{"line":51,"column":13},"end":{"line":51,"column":29}},{"start":{"line":51,"column":13},"end":{"line":51,"column":29}}]}},"s":{"0":206,"1":206,"2":206,"3":206,"4":206,"5":824,"6":206},"f":{"0":206,"1":206,"2":206,"3":206,"4":412},"b":{"0":[206,206]}}
,"C:\\Users\\User\\Desktop\\Isekai_Orpheus_Bot\\Isekai_Orpheus_Bot\\src\\app\\Constants\\Constant.ts": {"path":"C:\\Users\\User\\Desktop\\Isekai_Orpheus_Bot\\Isekai_Orpheus_Bot\\src\\app\\Constants\\Constant.ts","statementMap":{"0":{"start":{"line":3,"column":0},"end":{"line":3,"column":13}},"1":{"start":{"line":4,"column":27},"end":{"line":4,"column":40}}},"fnMap":{"0":{"name":"(anonymous_0)","decl":{"start":{"line":3,"column":0},"end":{"line":3,"column":13}},"loc":{"start":{"line":3,"column":0},"end":{"line":3,"column":13}}}},"branchMap":{},"s":{"0":618,"1":206},"f":{"0":206},"b":{}}
,"C:\\Users\\User\\Desktop\\Isekai_Orpheus_Bot\\Isekai_Orpheus_Bot\\src\\app\\components\\components.module.ts": {"path":"C:\\Users\\User\\Desktop\\Isekai_Orpheus_Bot\\Isekai_Orpheus_Bot\\src\\app\\components\\components.module.ts","statementMap":{"0":{"start":{"line":26,"column":0},"end":{"line":26,"column":13}},"1":{"start":{"line":26,"column":13},"end":{"line":26,"column":29}}},"fnMap":{"0":{"name":"(anonymous_0)","decl":{"start":{"line":26,"column":0},"end":{"line":26,"column":13}},"loc":{"start":{"line":26,"column":0},"end":{"line":26,"column":13}}}},"branchMap":{"0":{"loc":{"start":{"line":26,"column":13},"end":{"line":26,"column":29}},"type":"binary-expr","locations":[{"start":{"line":26,"column":13},"end":{"line":26,"column":29}},{"start":{"line":26,"column":13},"end":{"line":26,"column":29}}]}},"s":{"0":824,"1":206},"f":{"0":412},"b":{"0":[206,206]}}
,"C:\\Users\\User\\Desktop\\Isekai_Orpheus_Bot\\Isekai_Orpheus_Bot\\src\\app\\components\\footer\\footer.component.html": {"path":"C:\\Users\\User\\Desktop\\Isekai_Orpheus_Bot\\Isekai_Orpheus_Bot\\src\\app\\components\\footer\\footer.component.html","statementMap":{"0":{"start":{"line":1,"column":0},"end":{"line":1,"column":23}},"1":{"start":{"line":5,"column":8},"end":{"line":5,"column":41}},"2":{"start":{"line":5,"column":41},"end":{"line":5,"column":127}},"3":{"start":{"line":5,"column":127},"end":{"line":5,"column":130}},"4":{"start":{"line":5,"column":130},"end":{"line":5,"column":null}}},"fnMap":{},"branchMap":{},"s":{"0":170,"1":33422,"2":170,"3":170,"4":170},"f":{},"b":{}}
,"C:\\Users\\User\\Desktop\\Isekai_Orpheus_Bot\\Isekai_Orpheus_Bot\\src\\app\\components\\footer\\footer.component.ts": {"path":"C:\\Users\\User\\Desktop\\Isekai_Orpheus_Bot\\Isekai_Orpheus_Bot\\src\\app\\components\\footer\\footer.component.ts","statementMap":{"0":{"start":{"line":8,"column":0},"end":{"line":8,"column":13}},"1":{"start":{"line":11,"column":2},"end":{"line":11,"column":null}},"2":{"start":{"line":9,"column":2},"end":{"line":9,"column":15}},"3":{"start":{"line":8,"column":13},"end":{"line":8,"column":28}}},"fnMap":{"0":{"name":"(anonymous_0)","decl":{"start":{"line":8,"column":0},"end":{"line":8,"column":13}},"loc":{"start":{"line":8,"column":0},"end":{"line":8,"column":13}}},"1":{"name":"FooterComponent","decl":{"start":{"line":11,"column":2},"end":{"line":11,"column":null}},"loc":{"start":{"line":11,"column":2},"end":{"line":13,"column":null}}},"2":{"name":"ngOnInit","decl":{"start":{"line":15,"column":2},"end":{"line":15,"column":10}},"loc":{"start":{"line":15,"column":10},"end":{"line":17,"column":null}}}},"branchMap":{"0":{"loc":{"start":{"line":8,"column":13},"end":{"line":8,"column":28}},"type":"binary-expr","locations":[{"start":{"line":8,"column":13},"end":{"line":8,"column":28}},{"start":{"line":8,"column":13},"end":{"line":8,"column":28}}]}},"s":{"0":1030,"1":170,"2":170,"3":170},"f":{"0":412,"1":170,"2":170},"b":{"0":[170,170]}}
,"C:\\Users\\User\\Desktop\\Isekai_Orpheus_Bot\\Isekai_Orpheus_Bot\\src\\app\\components\\navbar\\navbar.component.html": {"path":"C:\\Users\\User\\Desktop\\Isekai_Orpheus_Bot\\Isekai_Orpheus_Bot\\src\\app\\components\\navbar\\navbar.component.html","statementMap":{"0":{"start":{"line":1,"column":0},"end":{"line":1,"column":77}},"1":{"start":{"line":4,"column":100},"end":{"line":4,"column":114}},"2":{"start":{"line":4,"column":114},"end":{"line":4,"column":null}},"3":{"start":{"line":6,"column":4},"end":{"line":6,"column":null}},"4":{"start":{"line":7,"column":6},"end":{"line":7,"column":null}},"5":{"start":{"line":10,"column":4},"end":{"line":10,"column":null}},"6":{"start":{"line":12,"column":4},"end":{"line":12,"column":63}},"7":{"start":{"line":17,"column":14},"end":{"line":17,"column":null}},"8":{"start":{"line":18,"column":12},"end":{"line":18,"column":null}},"9":{"start":{"line":19,"column":12},"end":{"line":19,"column":59}},"10":{"start":{"line":20,"column":79},"end":{"line":20,"column":97}},"11":{"start":{"line":20,"column":97},"end":{"line":20,"column":null}},"12":{"start":{"line":24,"column":8},"end":{"line":24,"column":77}},"13":{"start":{"line":26,"column":12},"end":{"line":26,"column":null}},"14":{"start":{"line":27,"column":12},"end":{"line":27,"column":18}},"15":{"start":{"line":27,"column":18},"end":{"line":27,"column":36}},"16":{"start":{"line":27,"column":36},"end":{"line":27,"column":null}},"17":{"start":{"line":29,"column":10},"end":{"line":29,"column":37}},"18":{"start":{"line":29,"column":37},"end":{"line":29,"column":46}},"19":{"start":{"line":30,"column":12},"end":{"line":30,"column":null}},"20":{"start":{"line":31,"column":12},"end":{"line":31,"column":18}},"21":{"start":{"line":31,"column":18},"end":{"line":31,"column":24}},"22":{"start":{"line":31,"column":24},"end":{"line":31,"column":null}},"23":{"start":{"line":25,"column":37},"end":{"line":25,"column":null}}},"fnMap":{"0":{"name":"NavbarComponent_Template_div_click_20_listener","decl":{"start":{"line":29,"column":37},"end":{"line":29,"column":46}},"loc":{"start":{"line":29,"column":37},"end":{"line":29,"column":null}}}},"branchMap":{},"s":{"0":170,"1":33422,"2":170,"3":170,"4":170,"5":170,"6":170,"7":170,"8":170,"9":170,"10":33422,"11":170,"12":170,"13":170,"14":170,"15":170,"16":170,"17":170,"18":170,"19":170,"20":170,"21":170,"22":170,"23":33252},"f":{"0":0},"b":{}}
,"C:\\Users\\User\\Desktop\\Isekai_Orpheus_Bot\\Isekai_Orpheus_Bot\\src\\app\\components\\navbar\\navbar.component.ts": {"path":"C:\\Users\\User\\Desktop\\Isekai_Orpheus_Bot\\Isekai_Orpheus_Bot\\src\\app\\components\\navbar\\navbar.component.ts","statementMap":{"0":{"start":{"line":15,"column":0},"end":{"line":15,"column":13}},"1":{"start":{"line":24,"column":29},"end":{"line":24,"column":null}},"2":{"start":{"line":22,"column":12},"end":{"line":22,"column":null}},"3":{"start":{"line":23,"column":12},"end":{"line":23,"column":null}},"4":{"start":{"line":24,"column":12},"end":{"line":24,"column":29}},"5":{"start":{"line":26,"column":4},"end":{"line":26,"column":9}},"6":{"start":{"line":30,"column":4},"end":{"line":30,"column":12}},"7":{"start":{"line":32,"column":8},"end":{"line":32,"column":13}},"8":{"start":{"line":32,"column":54},"end":{"line":32,"column":55}},"9":{"start":{"line":33,"column":8},"end":{"line":33,"column":null}},"10":{"start":{"line":35,"column":8},"end":{"line":35,"column":13}},"11":{"start":{"line":35,"column":51},"end":{"line":35,"column":52}},"12":{"start":{"line":36,"column":8},"end":{"line":36,"column":null}},"13":{"start":{"line":38,"column":8},"end":{"line":38,"column":null}},"14":{"start":{"line":41,"column":4},"end":{"line":41,"column":9}},"15":{"start":{"line":45,"column":17},"end":{"line":45,"column":22}},"16":{"start":{"line":46,"column":4},"end":{"line":48,"column":null}},"17":{"start":{"line":47,"column":6},"end":{"line":47,"column":12}},"18":{"start":{"line":44,"column":10},"end":{"line":44,"column":null}},"19":{"start":{"line":49,"column":4},"end":{"line":53,"column":null}},"20":{"start":{"line":49,"column":39},"end":{"line":49,"column":null}},"21":{"start":{"line":50,"column":6},"end":{"line":52,"column":null}},"22":{"start":{"line":51,"column":8},"end":{"line":51,"column":15}},"23":{"start":{"line":57,"column":4},"end":{"line":57,"column":11}},"24":{"start":{"line":58,"column":4},"end":{"line":58,"column":9}},"25":{"start":{"line":59,"column":4},"end":{"line":59,"column":9}},"26":{"start":{"line":60,"column":4},"end":{"line":60,"column":16}},"27":{"start":{"line":64,"column":4},"end":{"line":64,"column":9}},"28":{"start":{"line":15,"column":13},"end":{"line":15,"column":null}}},"fnMap":{"0":{"name":"(anonymous_1)","decl":{"start":{"line":15,"column":0},"end":{"line":15,"column":13}},"loc":{"start":{"line":15,"column":0},"end":{"line":15,"column":13}}},"1":{"name":"NavbarComponent","decl":{"start":{"line":20,"column":2},"end":{"line":20,"column":null}},"loc":{"start":{"line":24,"column":29},"end":{"line":27,"column":null}}},"2":{"name":"ngOnInit","decl":{"start":{"line":29,"column":2},"end":{"line":29,"column":10}},"loc":{"start":{"line":29,"column":10},"end":{"line":42,"column":null}}},"3":{"name":"(anonymous_5)","decl":{"start":{"line":32,"column":54},"end":{"line":32,"column":55}},"loc":{"start":{"line":32,"column":54},"end":{"line":32,"column":55}}},"4":{"name":"(anonymous_6)","decl":{"start":{"line":35,"column":51},"end":{"line":35,"column":52}},"loc":{"start":{"line":35,"column":51},"end":{"line":35,"column":52}}},"5":{"name":"getTitle","decl":{"start":{"line":44,"column":2},"end":{"line":44,"column":10}},"loc":{"start":{"line":44,"column":10},"end":{"line":54,"column":null}}},"6":{"name":"onLogout","decl":{"start":{"line":56,"column":2},"end":{"line":56,"column":10}},"loc":{"start":{"line":56,"column":10},"end":{"line":61,"column":null}}},"7":{"name":"changePassword","decl":{"start":{"line":63,"column":2},"end":{"line":63,"column":16}},"loc":{"start":{"line":63,"column":16},"end":{"line":65,"column":null}}}},"branchMap":{"0":{"loc":{"start":{"line":30,"column":4},"end":{"line":30,"column":12}},"type":"switch","locations":[{"start":{"line":31,"column":6},"end":{"line":33,"column":null}},{"start":{"line":34,"column":6},"end":{"line":36,"column":null}},{"start":{"line":37,"column":6},"end":{"line":38,"column":null}}]},"1":{"loc":{"start":{"line":46,"column":4},"end":{"line":48,"column":null}},"type":"if","locations":[{"start":{"line":46,"column":4},"end":{"line":48,"column":null}},{"start":{"line":46,"column":4},"end":{"line":48,"column":null}}]},"2":{"loc":{"start":{"line":50,"column":6},"end":{"line":52,"column":null}},"type":"if","locations":[{"start":{"line":50,"column":6},"end":{"line":52,"column":null}},{"start":{"line":50,"column":6},"end":{"line":52,"column":null}}]},"3":{"loc":{"start":{"line":15,"column":13},"end":{"line":15,"column":28}},"type":"binary-expr","locations":[{"start":{"line":15,"column":13},"end":{"line":15,"column":28}},{"start":{"line":15,"column":13},"end":{"line":15,"column":28}}]}},"s":{"0":1030,"1":170,"2":170,"3":170,"4":170,"5":170,"6":170,"7":99,"8":297,"9":99,"10":71,"11":142,"12":71,"13":0,"14":170,"15":16626,"16":16626,"17":16626,"18":49878,"19":16626,"20":30493,"21":30493,"22":16608,"23":0,"24":0,"25":0,"26":0,"27":0,"28":170},"f":{"0":412,"1":170,"2":170,"3":297,"4":142,"5":16626,"6":0,"7":0},"b":{"0":[99,71,0],"1":[16626,0],"2":[16608,13885],"3":[170,170]}}
,"C:\\Users\\User\\Desktop\\Isekai_Orpheus_Bot\\Isekai_Orpheus_Bot\\src\\app\\components\\sidebar\\sidebar.component.html": {"path":"C:\\Users\\User\\Desktop\\Isekai_Orpheus_Bot\\Isekai_Orpheus_Bot\\src\\app\\components\\sidebar\\sidebar.component.html","statementMap":{"0":{"start":{"line":52,"column":10},"end":{"line":52,"column":35}},"1":{"start":{"line":54,"column":18},"end":{"line":54,"column":21}},"2":{"start":{"line":55,"column":18},"end":{"line":55,"column":null}},"3":{"start":{"line":56,"column":14},"end":{"line":56,"column":null}},"4":{"start":{"line":52,"column":49},"end":{"line":52,"column":85}},"5":{"start":{"line":53,"column":43},"end":{"line":53,"column":null}},"6":{"start":{"line":54,"column":21},"end":{"line":54,"column":null}},"7":{"start":{"line":1,"column":0},"end":{"line":1,"column":93}},"8":{"start":{"line":4,"column":49},"end":{"line":4,"column":null}},"9":{"start":{"line":6,"column":6},"end":{"line":6,"column":null}},"10":{"start":{"line":7,"column":4},"end":{"line":7,"column":null}},"11":{"start":{"line":9,"column":4},"end":{"line":9,"column":59}},"12":{"start":{"line":10,"column":6},"end":{"line":10,"column":null}},"13":{"start":{"line":11,"column":4},"end":{"line":11,"column":null}},"14":{"start":{"line":13,"column":4},"end":{"line":13,"column":49}},"15":{"start":{"line":17,"column":57},"end":{"line":17,"column":75}},"16":{"start":{"line":17,"column":75},"end":{"line":17,"column":null}},"17":{"start":{"line":20,"column":8},"end":{"line":20,"column":77}},"18":{"start":{"line":22,"column":12},"end":{"line":22,"column":null}},"19":{"start":{"line":23,"column":12},"end":{"line":23,"column":18}},"20":{"start":{"line":23,"column":18},"end":{"line":23,"column":36}},"21":{"start":{"line":23,"column":36},"end":{"line":23,"column":null}},"22":{"start":{"line":25,"column":10},"end":{"line":25,"column":39}},"23":{"start":{"line":25,"column":39},"end":{"line":25,"column":48}},"24":{"start":{"line":26,"column":12},"end":{"line":26,"column":null}},"25":{"start":{"line":27,"column":12},"end":{"line":27,"column":18}},"26":{"start":{"line":27,"column":18},"end":{"line":27,"column":24}},"27":{"start":{"line":27,"column":24},"end":{"line":27,"column":null}},"28":{"start":{"line":33,"column":4},"end":{"line":33,"column":43}},"29":{"start":{"line":39,"column":14},"end":{"line":39,"column":null}},"30":{"start":{"line":40,"column":12},"end":{"line":40,"column":null}},"31":{"start":{"line":42,"column":10},"end":{"line":42,"column":44}},"32":{"start":{"line":43,"column":57},"end":{"line":43,"column":null}},"33":{"start":{"line":44,"column":14},"end":{"line":44,"column":27}},"34":{"start":{"line":46,"column":12},"end":{"line":46,"column":null}},"35":{"start":{"line":51,"column":6},"end":{"line":51,"column":null}},"36":{"start":{"line":58,"column":6},"end":{"line":58,"column":null}},"37":{"start":{"line":9,"column":59},"end":{"line":9,"column":null}},"38":{"start":{"line":21,"column":39},"end":{"line":21,"column":null}},"39":{"start":{"line":33,"column":43},"end":{"line":33,"column":98}},"40":{"start":{"line":38,"column":42},"end":{"line":38,"column":null}},"41":{"start":{"line":52,"column":35},"end":{"line":52,"column":49}}},"fnMap":{"0":{"name":"SidebarComponent_Template_button_click_2_listener","decl":{"start":{"line":4,"column":49},"end":{"line":4,"column":null}},"loc":{"start":{"line":4,"column":49},"end":{"line":4,"column":null}}},"1":{"name":"SidebarComponent_Template_div_click_17_listener","decl":{"start":{"line":25,"column":39},"end":{"line":25,"column":48}},"loc":{"start":{"line":25,"column":39},"end":{"line":25,"column":null}}},"2":{"name":"SidebarComponent_Template_button_click_28_listener","decl":{"start":{"line":43,"column":57},"end":{"line":43,"column":null}},"loc":{"start":{"line":43,"column":57},"end":{"line":43,"column":null}}}},"branchMap":{},"s":{"0":609,"1":439,"2":86063,"3":439,"4":42812,"5":85624,"6":85624,"7":170,"8":170,"9":170,"10":170,"11":170,"12":170,"13":170,"14":170,"15":33422,"16":170,"17":170,"18":170,"19":170,"20":170,"21":170,"22":170,"23":170,"24":170,"25":170,"26":170,"27":170,"28":170,"29":170,"30":170,"31":170,"32":170,"33":170,"34":170,"35":170,"36":170,"37":33252,"38":33252,"39":33252,"40":33252,"41":33252},"f":{"0":0,"1":0,"2":0},"b":{}}
,"C:\\Users\\User\\Desktop\\Isekai_Orpheus_Bot\\Isekai_Orpheus_Bot\\src\\app\\components\\sidebar\\sidebar.component.ts": {"path":"C:\\Users\\User\\Desktop\\Isekai_Orpheus_Bot\\Isekai_Orpheus_Bot\\src\\app\\components\\sidebar\\sidebar.component.ts","statementMap":{"0":{"start":{"line":11,"column":46},"end":{"line":11,"column":null}},"1":{"start":{"line":26,"column":49},"end":{"line":26,"column":null}},"2":{"start":{"line":52,"column":0},"end":{"line":52,"column":13}},"3":{"start":{"line":56,"column":63},"end":{"line":56,"column":67}},"4":{"start":{"line":56,"column":22},"end":{"line":56,"column":46}},"5":{"start":{"line":56,"column":46},"end":{"line":56,"column":63}},"6":{"start":{"line":54,"column":9},"end":{"line":54,"column":23}},"7":{"start":{"line":59,"column":4},"end":{"line":59,"column":12}},"8":{"start":{"line":61,"column":8},"end":{"line":61,"column":13}},"9":{"start":{"line":61,"column":53},"end":{"line":61,"column":54}},"10":{"start":{"line":62,"column":8},"end":{"line":62,"column":null}},"11":{"start":{"line":64,"column":8},"end":{"line":64,"column":13}},"12":{"start":{"line":64,"column":50},"end":{"line":64,"column":51}},"13":{"start":{"line":65,"column":8},"end":{"line":65,"column":null}},"14":{"start":{"line":67,"column":8},"end":{"line":67,"column":null}},"15":{"start":{"line":69,"column":4},"end":{"line":69,"column":9}},"16":{"start":{"line":73,"column":4},"end":{"line":73,"column":9}},"17":{"start":{"line":74,"column":4},"end":{"line":74,"column":9}},"18":{"start":{"line":75,"column":4},"end":{"line":75,"column":16}},"19":{"start":{"line":79,"column":4},"end":{"line":79,"column":9}},"20":{"start":{"line":52,"column":13},"end":{"line":52,"column":null}}},"fnMap":{"0":{"name":"(anonymous_4)","decl":{"start":{"line":52,"column":0},"end":{"line":52,"column":13}},"loc":{"start":{"line":52,"column":0},"end":{"line":52,"column":13}}},"1":{"name":"SidebarComponent","decl":{"start":{"line":56,"column":2},"end":{"line":56,"column":22}},"loc":{"start":{"line":56,"column":63},"end":{"line":56,"column":null}}},"2":{"name":"ngOnInit","decl":{"start":{"line":58,"column":2},"end":{"line":58,"column":10}},"loc":{"start":{"line":58,"column":10},"end":{"line":70,"column":null}}},"3":{"name":"(anonymous_8)","decl":{"start":{"line":61,"column":53},"end":{"line":61,"column":54}},"loc":{"start":{"line":61,"column":53},"end":{"line":61,"column":54}}},"4":{"name":"(anonymous_9)","decl":{"start":{"line":64,"column":50},"end":{"line":64,"column":51}},"loc":{"start":{"line":64,"column":50},"end":{"line":64,"column":51}}},"5":{"name":"onLogout","decl":{"start":{"line":72,"column":2},"end":{"line":72,"column":10}},"loc":{"start":{"line":72,"column":10},"end":{"line":76,"column":null}}},"6":{"name":"changePassword","decl":{"start":{"line":78,"column":2},"end":{"line":78,"column":16}},"loc":{"start":{"line":78,"column":16},"end":{"line":80,"column":null}}}},"branchMap":{"0":{"loc":{"start":{"line":59,"column":4},"end":{"line":59,"column":12}},"type":"switch","locations":[{"start":{"line":60,"column":6},"end":{"line":62,"column":null}},{"start":{"line":63,"column":6},"end":{"line":65,"column":null}},{"start":{"line":66,"column":6},"end":{"line":67,"column":null}}]},"1":{"loc":{"start":{"line":52,"column":13},"end":{"line":52,"column":29}},"type":"binary-expr","locations":[{"start":{"line":52,"column":13},"end":{"line":52,"column":29}},{"start":{"line":52,"column":13},"end":{"line":52,"column":29}}]}},"s":{"0":206,"1":206,"2":1030,"3":170,"4":170,"5":170,"6":170,"7":170,"8":99,"9":297,"10":99,"11":71,"12":142,"13":71,"14":0,"15":170,"16":0,"17":0,"18":0,"19":0,"20":170},"f":{"0":412,"1":170,"2":170,"3":297,"4":142,"5":0,"6":0},"b":{"0":[99,71,0],"1":[170,170]}}
,"C:/Users/User/Desktop/Isekai_Orpheus_Bot/Isekai_Orpheus_Bot/src/app/entities/tramite.ts": {"path":"C:/Users/User/Desktop/Isekai_Orpheus_Bot/Isekai_Orpheus_Bot/src/app/entities/tramite.ts","statementMap":{},"fnMap":{},"branchMap":{},"s":{},"f":{},"b":{}}
,"C:/Users/User/Desktop/Isekai_Orpheus_Bot/Isekai_Orpheus_Bot/src/app/entities/user.ts": {"path":"C:/Users/User/Desktop/Isekai_Orpheus_Bot/Isekai_Orpheus_Bot/src/app/entities/user.ts","statementMap":{},"fnMap":{},"branchMap":{},"s":{},"f":{},"b":{}}
,"C:\\Users\\User\\Desktop\\Isekai_Orpheus_Bot\\Isekai_Orpheus_Bot\\src\\app\\guards\\CheckLogin.guard.ts": {"path":"C:\\Users\\User\\Desktop\\Isekai_Orpheus_Bot\\Isekai_Orpheus_Bot\\src\\app\\guards\\CheckLogin.guard.ts","statementMap":{"0":{"start":{"line":7,"column":15},"end":{"line":7,"column":19}},"1":{"start":{"line":11,"column":0},"end":{"line":11,"column":13}},"2":{"start":{"line":12,"column":70},"end":{"line":12,"column":74}},"3":{"start":{"line":12,"column":22},"end":{"line":12,"column":46}},"4":{"start":{"line":12,"column":46},"end":{"line":12,"column":70}},"5":{"start":{"line":15,"column":4},"end":{"line":15,"column":11}},"6":{"start":{"line":16,"column":4},"end":{"line":25,"column":null}},"7":{"start":{"line":17,"column":6},"end":{"line":23,"column":null}},"8":{"start":{"line":18,"column":8},"end":{"line":18,"column":20}},"9":{"start":{"line":19,"column":8},"end":{"line":19,"column":15}},"10":{"start":{"line":21,"column":14},"end":{"line":21,"column":15}},"11":{"start":{"line":24,"column":6},"end":{"line":24,"column":11}},"12":{"start":{"line":27,"column":4},"end":{"line":27,"column":11}},"13":{"start":{"line":29,"column":10},"end":{"line":29,"column":11}},"14":{"start":{"line":11,"column":13},"end":{"line":11,"column":null}}},"fnMap":{"0":{"name":"(anonymous_0)","decl":{"start":{"line":11,"column":0},"end":{"line":11,"column":13}},"loc":{"start":{"line":11,"column":0},"end":{"line":11,"column":13}}},"1":{"name":"CheckLogin","decl":{"start":{"line":12,"column":2},"end":{"line":12,"column":22}},"loc":{"start":{"line":12,"column":70},"end":{"line":12,"column":null}}},"2":{"name":"canActivate","decl":{"start":{"line":14,"column":2},"end":{"line":14,"column":13}},"loc":{"start":{"line":14,"column":13},"end":{"line":31,"column":null}}},"3":{"name":"(anonymous_4)","decl":{"start":{"line":21,"column":14},"end":{"line":21,"column":15}},"loc":{"start":{"line":21,"column":14},"end":{"line":21,"column":15}}},"4":{"name":"(anonymous_5)","decl":{"start":{"line":29,"column":10},"end":{"line":29,"column":11}},"loc":{"start":{"line":29,"column":10},"end":{"line":29,"column":11}}}},"branchMap":{"0":{"loc":{"start":{"line":16,"column":4},"end":{"line":25,"column":null}},"type":"if","locations":[{"start":{"line":16,"column":4},"end":{"line":25,"column":null}},{"start":{"line":16,"column":4},"end":{"line":25,"column":null}}]},"1":{"loc":{"start":{"line":17,"column":6},"end":{"line":23,"column":null}},"type":"if","locations":[{"start":{"line":17,"column":6},"end":{"line":23,"column":null}},{"start":{"line":17,"column":6},"end":{"line":23,"column":null}}]},"2":{"loc":{"start":{"line":21,"column":39},"end":{"line":21,"column":null}},"type":"cond-expr","locations":[{"start":{"line":21,"column":47},"end":{"line":21,"column":55}},{"start":{"line":21,"column":55},"end":{"line":21,"column":null}}]},"3":{"loc":{"start":{"line":29,"column":35},"end":{"line":29,"column":null}},"type":"cond-expr","locations":[{"start":{"line":29,"column":43},"end":{"line":29,"column":50}},{"start":{"line":29,"column":50},"end":{"line":29,"column":null}}]},"4":{"loc":{"start":{"line":11,"column":13},"end":{"line":11,"column":23}},"type":"binary-expr","locations":[{"start":{"line":11,"column":13},"end":{"line":11,"column":23}},{"start":{"line":11,"column":13},"end":{"line":11,"column":23}}]}},"s":{"0":206,"1":1030,"2":192,"3":192,"4":192,"5":206,"6":206,"7":10,"8":0,"9":0,"10":0,"11":10,"12":206,"13":196,"14":192},"f":{"0":412,"1":192,"2":206,"3":0,"4":196},"b":{"0":[10,196],"1":[0,10],"2":[0,0],"3":[196,0],"4":[192,192]}}
,"C:\\Users\\User\\Desktop\\Isekai_Orpheus_Bot\\Isekai_Orpheus_Bot\\src\\app\\guards\\FirstLogin.guard.ts": {"path":"C:\\Users\\User\\Desktop\\Isekai_Orpheus_Bot\\Isekai_Orpheus_Bot\\src\\app\\guards\\FirstLogin.guard.ts","statementMap":{"0":{"start":{"line":8,"column":0},"end":{"line":8,"column":13}},"1":{"start":{"line":9,"column":64},"end":{"line":9,"column":68}},"2":{"start":{"line":9,"column":22},"end":{"line":9,"column":47}},"3":{"start":{"line":9,"column":47},"end":{"line":9,"column":64}},"4":{"start":{"line":12,"column":4},"end":{"line":12,"column":11}},"5":{"start":{"line":13,"column":4},"end":{"line":15,"column":null}},"6":{"start":{"line":14,"column":6},"end":{"line":14,"column":13}},"7":{"start":{"line":16,"column":4},"end":{"line":20,"column":null}},"8":{"start":{"line":17,"column":6},"end":{"line":17,"column":11}},"9":{"start":{"line":19,"column":6},"end":{"line":19,"column":13}},"10":{"start":{"line":8,"column":13},"end":{"line":8,"column":null}}},"fnMap":{"0":{"name":"(anonymous_0)","decl":{"start":{"line":8,"column":0},"end":{"line":8,"column":13}},"loc":{"start":{"line":8,"column":0},"end":{"line":8,"column":13}}},"1":{"name":"FirstLogin","decl":{"start":{"line":9,"column":2},"end":{"line":9,"column":22}},"loc":{"start":{"line":9,"column":64},"end":{"line":9,"column":null}}},"2":{"name":"canActivate","decl":{"start":{"line":11,"column":2},"end":{"line":11,"column":13}},"loc":{"start":{"line":11,"column":13},"end":{"line":21,"column":null}}}},"branchMap":{"0":{"loc":{"start":{"line":13,"column":4},"end":{"line":15,"column":null}},"type":"if","locations":[{"start":{"line":13,"column":4},"end":{"line":15,"column":null}},{"start":{"line":13,"column":4},"end":{"line":15,"column":null}}]},"1":{"loc":{"start":{"line":16,"column":4},"end":{"line":20,"column":null}},"type":"if","locations":[{"start":{"line":16,"column":4},"end":{"line":20,"column":null}},{"start":{"line":16,"column":4},"end":{"line":20,"column":null}}]},"2":{"loc":{"start":{"line":8,"column":13},"end":{"line":8,"column":23}},"type":"binary-expr","locations":[{"start":{"line":8,"column":13},"end":{"line":8,"column":23}},{"start":{"line":8,"column":13},"end":{"line":8,"column":23}}]}},"s":{"0":1030,"1":163,"2":163,"3":163,"4":312,"5":312,"6":0,"7":312,"8":4,"9":308,"10":163},"f":{"0":412,"1":163,"2":312},"b":{"0":[0,312],"1":[4,308],"2":[163,163]}}
,"C:\\Users\\User\\Desktop\\Isekai_Orpheus_Bot\\Isekai_Orpheus_Bot\\src\\app\\guards\\IsLogged.guard.ts": {"path":"C:\\Users\\User\\Desktop\\Isekai_Orpheus_Bot\\Isekai_Orpheus_Bot\\src\\app\\guards\\IsLogged.guard.ts","statementMap":{"0":{"start":{"line":10,"column":0},"end":{"line":10,"column":13}},"1":{"start":{"line":13,"column":70},"end":{"line":13,"column":73}},"2":{"start":{"line":13,"column":22},"end":{"line":13,"column":46}},"3":{"start":{"line":13,"column":46},"end":{"line":13,"column":70}},"4":{"start":{"line":16,"column":4},"end":{"line":16,"column":11}},"5":{"start":{"line":18,"column":4},"end":{"line":18,"column":11}},"6":{"start":{"line":20,"column":10},"end":{"line":20,"column":11}},"7":{"start":{"line":10,"column":13},"end":{"line":10,"column":null}}},"fnMap":{"0":{"name":"(anonymous_0)","decl":{"start":{"line":10,"column":0},"end":{"line":10,"column":13}},"loc":{"start":{"line":10,"column":0},"end":{"line":10,"column":13}}},"1":{"name":"IsLogged","decl":{"start":{"line":13,"column":2},"end":{"line":13,"column":22}},"loc":{"start":{"line":13,"column":70},"end":{"line":13,"column":null}}},"2":{"name":"canActivate","decl":{"start":{"line":15,"column":2},"end":{"line":15,"column":13}},"loc":{"start":{"line":15,"column":13},"end":{"line":22,"column":null}}},"3":{"name":"(anonymous_4)","decl":{"start":{"line":20,"column":10},"end":{"line":20,"column":11}},"loc":{"start":{"line":20,"column":10},"end":{"line":20,"column":11}}}},"branchMap":{"0":{"loc":{"start":{"line":20,"column":35},"end":{"line":20,"column":null}},"type":"cond-expr","locations":[{"start":{"line":20,"column":42},"end":{"line":20,"column":49}},{"start":{"line":20,"column":49},"end":{"line":20,"column":null}}]},"1":{"loc":{"start":{"line":10,"column":13},"end":{"line":10,"column":21}},"type":"binary-expr","locations":[{"start":{"line":10,"column":13},"end":{"line":10,"column":21}},{"start":{"line":10,"column":13},"end":{"line":10,"column":21}}]}},"s":{"0":1030,"1":177,"2":177,"3":177,"4":339,"5":339,"6":339,"7":177},"f":{"0":412,"1":177,"2":339,"3":339},"b":{"0":[339,0],"1":[177,177]}}
,"C:\\Users\\User\\Desktop\\Isekai_Orpheus_Bot\\Isekai_Orpheus_Bot\\src\\app\\guards\\checkRole.guard.ts": {"path":"C:\\Users\\User\\Desktop\\Isekai_Orpheus_Bot\\Isekai_Orpheus_Bot\\src\\app\\guards\\checkRole.guard.ts","statementMap":{"0":{"start":{"line":5,"column":15},"end":{"line":5,"column":19}},"1":{"start":{"line":9,"column":0},"end":{"line":9,"column":13}},"2":{"start":{"line":10,"column":70},"end":{"line":10,"column":74}},"3":{"start":{"line":10,"column":22},"end":{"line":10,"column":46}},"4":{"start":{"line":10,"column":46},"end":{"line":10,"column":70}},"5":{"start":{"line":13,"column":4},"end":{"line":13,"column":11}},"6":{"start":{"line":14,"column":4},"end":{"line":14,"column":11}},"7":{"start":{"line":15,"column":4},"end":{"line":17,"column":null}},"8":{"start":{"line":16,"column":6},"end":{"line":16,"column":13}},"9":{"start":{"line":18,"column":4},"end":{"line":18,"column":12}},"10":{"start":{"line":20,"column":8},"end":{"line":25,"column":null}},"11":{"start":{"line":21,"column":10},"end":{"line":21,"column":15}},"12":{"start":{"line":22,"column":10},"end":{"line":22,"column":17}},"13":{"start":{"line":24,"column":10},"end":{"line":24,"column":17}},"14":{"start":{"line":27,"column":8},"end":{"line":35,"column":null}},"15":{"start":{"line":31,"column":10},"end":{"line":31,"column":15}},"16":{"start":{"line":32,"column":10},"end":{"line":32,"column":17}},"17":{"start":{"line":34,"column":10},"end":{"line":34,"column":17}},"18":{"start":{"line":37,"column":8},"end":{"line":37,"column":15}},"19":{"start":{"line":9,"column":13},"end":{"line":9,"column":null}}},"fnMap":{"0":{"name":"(anonymous_0)","decl":{"start":{"line":9,"column":0},"end":{"line":9,"column":13}},"loc":{"start":{"line":9,"column":0},"end":{"line":9,"column":13}}},"1":{"name":"CheckRole","decl":{"start":{"line":10,"column":2},"end":{"line":10,"column":22}},"loc":{"start":{"line":10,"column":70},"end":{"line":10,"column":null}}},"2":{"name":"canActivate","decl":{"start":{"line":12,"column":2},"end":{"line":12,"column":13}},"loc":{"start":{"line":12,"column":13},"end":{"line":39,"column":null}}}},"branchMap":{"0":{"loc":{"start":{"line":15,"column":4},"end":{"line":17,"column":null}},"type":"if","locations":[{"start":{"line":15,"column":4},"end":{"line":17,"column":null}},{"start":{"line":15,"column":4},"end":{"line":17,"column":null}}]},"1":{"loc":{"start":{"line":18,"column":4},"end":{"line":18,"column":12}},"type":"switch","locations":[{"start":{"line":19,"column":6},"end":{"line":25,"column":null}},{"start":{"line":26,"column":6},"end":{"line":35,"column":null}},{"start":{"line":36,"column":6},"end":{"line":37,"column":15}}]},"2":{"loc":{"start":{"line":20,"column":8},"end":{"line":25,"column":null}},"type":"if","locations":[{"start":{"line":20,"column":8},"end":{"line":25,"column":null}},{"start":{"line":20,"column":8},"end":{"line":25,"column":null}}]},"3":{"loc":{"start":{"line":27,"column":8},"end":{"line":35,"column":null}},"type":"if","locations":[{"start":{"line":27,"column":8},"end":{"line":35,"column":null}},{"start":{"line":27,"column":8},"end":{"line":35,"column":null}}]},"4":{"loc":{"start":{"line":28,"column":10},"end":{"line":29,"column":16}},"type":"binary-expr","locations":[{"start":{"line":28,"column":10},"end":{"line":28,"column":16}},{"start":{"line":29,"column":10},"end":{"line":29,"column":16}}]},"5":{"loc":{"start":{"line":9,"column":13},"end":{"line":9,"column":22}},"type":"binary-expr","locations":[{"start":{"line":9,"column":13},"end":{"line":9,"column":22}},{"start":{"line":9,"column":13},"end":{"line":9,"column":22}}]}},"s":{"0":206,"1":1030,"2":162,"3":162,"4":162,"5":308,"6":308,"7":308,"8":0,"9":308,"10":184,"11":0,"12":0,"13":184,"14":124,"15":0,"16":0,"17":124,"18":0,"19":162},"f":{"0":412,"1":162,"2":308},"b":{"0":[0,308],"1":[184,124,0],"2":[0,184],"3":[0,124],"4":[124,124],"5":[162,162]}}
,"C:\\Users\\User\\Desktop\\Isekai_Orpheus_Bot\\Isekai_Orpheus_Bot\\src\\app\\layouts\\admin-layout\\admin-layout.component.html": {"path":"C:\\Users\\User\\Desktop\\Isekai_Orpheus_Bot\\Isekai_Orpheus_Bot\\src\\app\\layouts\\admin-layout\\admin-layout.component.html","statementMap":{"0":{"start":{"line":2,"column":0},"end":{"line":2,"column":null}},"1":{"start":{"line":3,"column":0},"end":{"line":3,"column":null}},"2":{"start":{"line":5,"column":2},"end":{"line":5,"column":27}},"3":{"start":{"line":8,"column":2},"end":{"line":8,"column":null}},"4":{"start":{"line":9,"column":4},"end":{"line":9,"column":null}},"5":{"start":{"line":10,"column":2},"end":{"line":10,"column":null}}},"fnMap":{},"branchMap":{},"s":{"0":170,"1":170,"2":170,"3":170,"4":170,"5":170},"f":{},"b":{}}
,"C:\\Users\\User\\Desktop\\Isekai_Orpheus_Bot\\Isekai_Orpheus_Bot\\src\\app\\layouts\\admin-layout\\admin-layout.component.ts": {"path":"C:\\Users\\User\\Desktop\\Isekai_Orpheus_Bot\\Isekai_Orpheus_Bot\\src\\app\\layouts\\admin-layout\\admin-layout.component.ts","statementMap":{"0":{"start":{"line":8,"column":0},"end":{"line":8,"column":13}},"1":{"start":{"line":10,"column":2},"end":{"line":10,"column":null}},"2":{"start":{"line":8,"column":13},"end":{"line":8,"column":33}}},"fnMap":{"0":{"name":"(anonymous_0)","decl":{"start":{"line":8,"column":0},"end":{"line":8,"column":13}},"loc":{"start":{"line":8,"column":0},"end":{"line":8,"column":13}}},"1":{"name":"AdminLayoutComponent","decl":{"start":{"line":10,"column":2},"end":{"line":10,"column":null}},"loc":{"start":{"line":10,"column":2},"end":{"line":12,"column":null}}},"2":{"name":"ngOnInit","decl":{"start":{"line":14,"column":2},"end":{"line":14,"column":10}},"loc":{"start":{"line":14,"column":10},"end":{"line":16,"column":null}}}},"branchMap":{"0":{"loc":{"start":{"line":8,"column":13},"end":{"line":8,"column":33}},"type":"binary-expr","locations":[{"start":{"line":8,"column":13},"end":{"line":8,"column":33}},{"start":{"line":8,"column":13},"end":{"line":8,"column":33}}]}},"s":{"0":1030,"1":170,"2":170},"f":{"0":412,"1":170,"2":170},"b":{"0":[170,170]}}
,"C:\\Users\\User\\Desktop\\Isekai_Orpheus_Bot\\Isekai_Orpheus_Bot\\src\\app\\layouts\\admin-layout\\admin-layout.module.ts": {"path":"C:\\Users\\User\\Desktop\\Isekai_Orpheus_Bot\\Isekai_Orpheus_Bot\\src\\app\\layouts\\admin-layout\\admin-layout.module.ts","statementMap":{"0":{"start":{"line":35,"column":0},"end":{"line":35,"column":12}},"1":{"start":{"line":75,"column":0},"end":{"line":75,"column":13}},"2":{"start":{"line":75,"column":13},"end":{"line":75,"column":30}}},"fnMap":{"0":{"name":"(anonymous_0)","decl":{"start":{"line":75,"column":0},"end":{"line":75,"column":13}},"loc":{"start":{"line":75,"column":0},"end":{"line":75,"column":13}}}},"branchMap":{"0":{"loc":{"start":{"line":75,"column":13},"end":{"line":75,"column":30}},"type":"binary-expr","locations":[{"start":{"line":75,"column":13},"end":{"line":75,"column":30}},{"start":{"line":75,"column":13},"end":{"line":75,"column":30}}]}},"s":{"0":206,"1":824,"2":206},"f":{"0":412},"b":{"0":[206,206]}}
,"C:\\Users\\User\\Desktop\\Isekai_Orpheus_Bot\\Isekai_Orpheus_Bot\\src\\app\\layouts\\admin-layout\\admin-layout.routing.ts": {"path":"C:\\Users\\User\\Desktop\\Isekai_Orpheus_Bot\\Isekai_Orpheus_Bot\\src\\app\\layouts\\admin-layout\\admin-layout.routing.ts","statementMap":{"0":{"start":{"line":11,"column":41},"end":{"line":11,"column":null}}},"fnMap":{},"branchMap":{},"s":{"0":206},"f":{},"b":{}}
,"C:\\Users\\User\\Desktop\\Isekai_Orpheus_Bot\\Isekai_Orpheus_Bot\\src\\app\\layouts\\auth-layout\\auth-layout.component.html": {"path":"C:\\Users\\User\\Desktop\\Isekai_Orpheus_Bot\\Isekai_Orpheus_Bot\\src\\app\\layouts\\auth-layout\\auth-layout.component.html","statementMap":{"0":{"start":{"line":1,"column":0},"end":{"line":1,"column":26}},"1":{"start":{"line":5,"column":8},"end":{"line":5,"column":null}},"2":{"start":{"line":6,"column":6},"end":{"line":6,"column":null}},"3":{"start":{"line":32,"column":2},"end":{"line":32,"column":null}},"4":{"start":{"line":33,"column":0},"end":{"line":33,"column":null}},"5":{"start":{"line":34,"column":0},"end":{"line":34,"column":21}},"6":{"start":{"line":39,"column":10},"end":{"line":39,"column":43}},"7":{"start":{"line":39,"column":43},"end":{"line":39,"column":128}},"8":{"start":{"line":39,"column":128},"end":{"line":39,"column":131}},"9":{"start":{"line":39,"column":131},"end":{"line":39,"column":null}}},"fnMap":{},"branchMap":{},"s":{"0":222,"1":222,"2":222,"3":222,"4":222,"5":222,"6":29588,"7":222,"8":222,"9":222},"f":{},"b":{}}
,"C:\\Users\\User\\Desktop\\Isekai_Orpheus_Bot\\Isekai_Orpheus_Bot\\src\\app\\layouts\\auth-layout\\auth-layout.component.ts": {"path":"C:\\Users\\User\\Desktop\\Isekai_Orpheus_Bot\\Isekai_Orpheus_Bot\\src\\app\\layouts\\auth-layout\\auth-layout.component.ts","statementMap":{"0":{"start":{"line":9,"column":0},"end":{"line":9,"column":13}},"1":{"start":{"line":13,"column":36},"end":{"line":13,"column":41}},"2":{"start":{"line":13,"column":22},"end":{"line":13,"column":36}},"3":{"start":{"line":10,"column":2},"end":{"line":10,"column":15}},"4":{"start":{"line":11,"column":9},"end":{"line":11,"column":23}},"5":{"start":{"line":15,"column":10},"end":{"line":15,"column":null}},"6":{"start":{"line":16,"column":15},"end":{"line":16,"column":23}},"7":{"start":{"line":17,"column":4},"end":{"line":17,"column":8}},"8":{"start":{"line":18,"column":15},"end":{"line":18,"column":23}},"9":{"start":{"line":19,"column":4},"end":{"line":19,"column":8}},"10":{"start":{"line":20,"column":4},"end":{"line":20,"column":9}},"11":{"start":{"line":21,"column":6},"end":{"line":21,"column":10}},"12":{"start":{"line":26,"column":15},"end":{"line":26,"column":23}},"13":{"start":{"line":27,"column":4},"end":{"line":27,"column":8}},"14":{"start":{"line":28,"column":15},"end":{"line":28,"column":23}},"15":{"start":{"line":29,"column":4},"end":{"line":29,"column":8}},"16":{"start":{"line":9,"column":13},"end":{"line":9,"column":null}}},"fnMap":{"0":{"name":"(anonymous_0)","decl":{"start":{"line":9,"column":0},"end":{"line":9,"column":13}},"loc":{"start":{"line":9,"column":0},"end":{"line":9,"column":13}}},"1":{"name":"AuthLayoutComponent","decl":{"start":{"line":13,"column":2},"end":{"line":13,"column":22}},"loc":{"start":{"line":13,"column":36},"end":{"line":13,"column":null}}},"2":{"name":"ngOnInit","decl":{"start":{"line":15,"column":2},"end":{"line":15,"column":10}},"loc":{"start":{"line":15,"column":10},"end":{"line":24,"column":null}}},"3":{"name":"(anonymous_4)","decl":{"start":{"line":20,"column":33},"end":{"line":20,"column":34}},"loc":{"start":{"line":20,"column":44},"end":{"line":22,"column":null}}},"4":{"name":"ngOnDestroy","decl":{"start":{"line":25,"column":2},"end":{"line":25,"column":13}},"loc":{"start":{"line":25,"column":13},"end":{"line":30,"column":null}}}},"branchMap":{"0":{"loc":{"start":{"line":9,"column":13},"end":{"line":9,"column":32}},"type":"binary-expr","locations":[{"start":{"line":9,"column":13},"end":{"line":9,"column":32}},{"start":{"line":9,"column":13},"end":{"line":9,"column":32}}]}},"s":{"0":1030,"1":222,"2":222,"3":222,"4":222,"5":222,"6":222,"7":222,"8":222,"9":222,"10":222,"11":6732,"12":170,"13":170,"14":170,"15":170,"16":222},"f":{"0":412,"1":222,"2":222,"3":6732,"4":170},"b":{"0":[222,222]}}
,"C:\\Users\\User\\Desktop\\Isekai_Orpheus_Bot\\Isekai_Orpheus_Bot\\src\\app\\layouts\\auth-layout\\auth-layout.module.ts": {"path":"C:\\Users\\User\\Desktop\\Isekai_Orpheus_Bot\\Isekai_Orpheus_Bot\\src\\app\\layouts\\auth-layout\\auth-layout.module.ts","statementMap":{"0":{"start":{"line":40,"column":0},"end":{"line":40,"column":13}},"1":{"start":{"line":40,"column":13},"end":{"line":40,"column":29}}},"fnMap":{"0":{"name":"(anonymous_0)","decl":{"start":{"line":40,"column":0},"end":{"line":40,"column":13}},"loc":{"start":{"line":40,"column":0},"end":{"line":40,"column":13}}}},"branchMap":{"0":{"loc":{"start":{"line":40,"column":13},"end":{"line":40,"column":29}},"type":"binary-expr","locations":[{"start":{"line":40,"column":13},"end":{"line":40,"column":29}},{"start":{"line":40,"column":13},"end":{"line":40,"column":29}}]}},"s":{"0":824,"1":206},"f":{"0":412},"b":{"0":[206,206]}}
,"C:\\Users\\User\\Desktop\\Isekai_Orpheus_Bot\\Isekai_Orpheus_Bot\\src\\app\\layouts\\auth-layout\\auth-layout.routing.ts": {"path":"C:\\Users\\User\\Desktop\\Isekai_Orpheus_Bot\\Isekai_Orpheus_Bot\\src\\app\\layouts\\auth-layout\\auth-layout.routing.ts","statementMap":{"0":{"start":{"line":8,"column":40},"end":{"line":8,"column":null}}},"fnMap":{},"branchMap":{},"s":{"0":206},"f":{},"b":{}}
,"C:\\Users\\User\\Desktop\\Isekai_Orpheus_Bot\\Isekai_Orpheus_Bot\\src\\app\\pages\\change-password\\change-password.component.html": {"path":"C:\\Users\\User\\Desktop\\Isekai_Orpheus_Bot\\Isekai_Orpheus_Bot\\src\\app\\pages\\change-password\\change-password.component.html","statementMap":{"0":{"start":{"line":40,"column":16},"end":{"line":40,"column":66}},"1":{"start":{"line":41,"column":18},"end":{"line":41,"column":52}},"2":{"start":{"line":41,"column":52},"end":{"line":41,"column":null}},"3":{"start":{"line":42,"column":16},"end":{"line":42,"column":65}},"4":{"start":{"line":43,"column":18},"end":{"line":43,"column":56}},"5":{"start":{"line":43,"column":56},"end":{"line":43,"column":null}},"6":{"start":{"line":38,"column":14},"end":{"line":38,"column":null}},"7":{"start":{"line":44,"column":14},"end":{"line":44,"column":null}},"8":{"start":{"line":40,"column":66},"end":{"line":40,"column":null}},"9":{"start":{"line":42,"column":65},"end":{"line":42,"column":null}},"10":{"start":{"line":59,"column":16},"end":{"line":59,"column":61}},"11":{"start":{"line":60,"column":18},"end":{"line":60,"column":53}},"12":{"start":{"line":60,"column":53},"end":{"line":60,"column":null}},"13":{"start":{"line":61,"column":16},"end":{"line":61,"column":61}},"14":{"start":{"line":62,"column":18},"end":{"line":62,"column":56}},"15":{"start":{"line":62,"column":56},"end":{"line":62,"column":null}},"16":{"start":{"line":58,"column":14},"end":{"line":58,"column":20}},"17":{"start":{"line":63,"column":14},"end":{"line":63,"column":null}},"18":{"start":{"line":59,"column":61},"end":{"line":59,"column":null}},"19":{"start":{"line":61,"column":61},"end":{"line":61,"column":null}},"20":{"start":{"line":78,"column":14},"end":{"line":78,"column":63}},"21":{"start":{"line":79,"column":16},"end":{"line":79,"column":50}},"22":{"start":{"line":79,"column":50},"end":{"line":79,"column":null}},"23":{"start":{"line":80,"column":14},"end":{"line":80,"column":63}},"24":{"start":{"line":81,"column":16},"end":{"line":81,"column":63}},"25":{"start":{"line":81,"column":63},"end":{"line":81,"column":null}},"26":{"start":{"line":77,"column":14},"end":{"line":77,"column":20}},"27":{"start":{"line":82,"column":13},"end":{"line":82,"column":null}},"28":{"start":{"line":78,"column":63},"end":{"line":78,"column":null}},"29":{"start":{"line":80,"column":63},"end":{"line":80,"column":null}},"30":{"start":{"line":85,"column":12},"end":{"line":85,"column":18}},"31":{"start":{"line":86,"column":16},"end":{"line":86,"column":74}},"32":{"start":{"line":86,"column":74},"end":{"line":86,"column":null}},"33":{"start":{"line":1,"column":0},"end":{"line":1,"column":44}},"34":{"start":{"line":7,"column":35},"end":{"line":7,"column":55}},"35":{"start":{"line":7,"column":55},"end":{"line":7,"column":null}},"36":{"start":{"line":13,"column":2},"end":{"line":13,"column":null}},"37":{"start":{"line":14,"column":4},"end":{"line":14,"column":null}},"38":{"start":{"line":15,"column":6},"end":{"line":15,"column":null}},"39":{"start":{"line":16,"column":4},"end":{"line":16,"column":null}},"40":{"start":{"line":20,"column":0},"end":{"line":20,"column":34}},"41":{"start":{"line":25,"column":61},"end":{"line":25,"column":73}},"42":{"start":{"line":27,"column":12},"end":{"line":27,"column":36}},"43":{"start":{"line":30,"column":49},"end":{"line":30,"column":87}},"44":{"start":{"line":30,"column":87},"end":{"line":30,"column":null}},"45":{"start":{"line":32,"column":16},"end":{"line":32,"column":null}},"46":{"start":{"line":34,"column":16},"end":{"line":34,"column":79}},"47":{"start":{"line":34,"column":79},"end":{"line":34,"column":88}},"48":{"start":{"line":35,"column":18},"end":{"line":35,"column":49}},"49":{"start":{"line":35,"column":49},"end":{"line":35,"column":76}},"50":{"start":{"line":35,"column":144},"end":{"line":35,"column":null}},"51":{"start":{"line":45,"column":12},"end":{"line":45,"column":null}},"52":{"start":{"line":47,"column":12},"end":{"line":47,"column":36}},"53":{"start":{"line":50,"column":49},"end":{"line":50,"column":87}},"54":{"start":{"line":50,"column":87},"end":{"line":50,"column":null}},"55":{"start":{"line":52,"column":16},"end":{"line":52,"column":null}},"56":{"start":{"line":54,"column":18},"end":{"line":54,"column":81}},"57":{"start":{"line":54,"column":81},"end":{"line":54,"column":90}},"58":{"start":{"line":55,"column":20},"end":{"line":55,"column":51}},"59":{"start":{"line":55,"column":51},"end":{"line":55,"column":80}},"60":{"start":{"line":55,"column":148},"end":{"line":55,"column":null}},"61":{"start":{"line":64,"column":12},"end":{"line":64,"column":null}},"62":{"start":{"line":66,"column":12},"end":{"line":66,"column":36}},"63":{"start":{"line":69,"column":49},"end":{"line":69,"column":87}},"64":{"start":{"line":69,"column":87},"end":{"line":69,"column":null}},"65":{"start":{"line":71,"column":16},"end":{"line":71,"column":null}},"66":{"start":{"line":73,"column":18},"end":{"line":73,"column":85}},"67":{"start":{"line":73,"column":85},"end":{"line":73,"column":94}},"68":{"start":{"line":74,"column":20},"end":{"line":74,"column":51}},"69":{"start":{"line":74,"column":51},"end":{"line":74,"column":85}},"70":{"start":{"line":74,"column":153},"end":{"line":74,"column":null}},"71":{"start":{"line":83,"column":12},"end":{"line":83,"column":null}},"72":{"start":{"line":87,"column":12},"end":{"line":87,"column":37}},"73":{"start":{"line":88,"column":78},"end":{"line":88,"column":87}},"74":{"start":{"line":88,"column":111},"end":{"line":88,"column":116}},"75":{"start":{"line":88,"column":116},"end":{"line":88,"column":null}},"76":{"start":{"line":89,"column":14},"end":{"line":89,"column":65}},"77":{"start":{"line":89,"column":105},"end":{"line":89,"column":null}},"78":{"start":{"line":90,"column":26},"end":{"line":90,"column":null}},"79":{"start":{"line":25,"column":28},"end":{"line":25,"column":61}},"80":{"start":{"line":33,"column":16},"end":{"line":33,"column":null}},"81":{"start":{"line":35,"column":76},"end":{"line":35,"column":144}},"82":{"start":{"line":39,"column":17},"end":{"line":39,"column":null}},"83":{"start":{"line":53,"column":16},"end":{"line":53,"column":null}},"84":{"start":{"line":55,"column":80},"end":{"line":55,"column":148}},"85":{"start":{"line":58,"column":20},"end":{"line":58,"column":null}},"86":{"start":{"line":72,"column":16},"end":{"line":72,"column":null}},"87":{"start":{"line":74,"column":85},"end":{"line":74,"column":153}},"88":{"start":{"line":77,"column":20},"end":{"line":77,"column":null}},"89":{"start":{"line":85,"column":18},"end":{"line":85,"column":34}},"90":{"start":{"line":89,"column":65},"end":{"line":89,"column":105}}},"fnMap":{"0":{"name":"ChangePasswordComponent_Template_form_ngSubmit_16_listener","decl":{"start":{"line":25,"column":61},"end":{"line":25,"column":73}},"loc":{"start":{"line":25,"column":61},"end":{"line":25,"column":null}}},"1":{"name":"ChangePasswordComponent_Template_div_click_23_listener","decl":{"start":{"line":34,"column":79},"end":{"line":34,"column":88}},"loc":{"start":{"line":34,"column":79},"end":{"line":34,"column":null}}},"2":{"name":"ChangePasswordComponent_Template_div_click_33_listener","decl":{"start":{"line":54,"column":81},"end":{"line":54,"column":90}},"loc":{"start":{"line":54,"column":81},"end":{"line":54,"column":null}}},"3":{"name":"ChangePasswordComponent_Template_div_click_43_listener","decl":{"start":{"line":73,"column":85},"end":{"line":73,"column":94}},"loc":{"start":{"line":73,"column":85},"end":{"line":73,"column":null}}},"4":{"name":"ChangePasswordComponent_Template_button_click_49_listener","decl":{"start":{"line":88,"column":78},"end":{"line":88,"column":87}},"loc":{"start":{"line":88,"column":78},"end":{"line":88,"column":111}}}},"branchMap":{"0":{"loc":{"start":{"line":40,"column":66},"end":{"line":40,"column":null}},"type":"cond-expr","locations":[{"start":{"line":40,"column":66},"end":{"line":40,"column":null}},{"start":{"line":40,"column":66},"end":{"line":40,"column":null}}]},"1":{"loc":{"start":{"line":42,"column":65},"end":{"line":42,"column":null}},"type":"cond-expr","locations":[{"start":{"line":42,"column":65},"end":{"line":42,"column":null}},{"start":{"line":42,"column":65},"end":{"line":42,"column":null}}]},"2":{"loc":{"start":{"line":59,"column":61},"end":{"line":59,"column":null}},"type":"cond-expr","locations":[{"start":{"line":59,"column":61},"end":{"line":59,"column":null}},{"start":{"line":59,"column":61},"end":{"line":59,"column":null}}]},"3":{"loc":{"start":{"line":61,"column":61},"end":{"line":61,"column":null}},"type":"cond-expr","locations":[{"start":{"line":61,"column":61},"end":{"line":61,"column":null}},{"start":{"line":61,"column":61},"end":{"line":61,"column":null}}]},"4":{"loc":{"start":{"line":78,"column":63},"end":{"line":78,"column":null}},"type":"cond-expr","locations":[{"start":{"line":78,"column":63},"end":{"line":78,"column":null}},{"start":{"line":78,"column":63},"end":{"line":78,"column":null}}]},"5":{"loc":{"start":{"line":80,"column":63},"end":{"line":80,"column":null}},"type":"cond-expr","locations":[{"start":{"line":80,"column":63},"end":{"line":80,"column":null}},{"start":{"line":80,"column":63},"end":{"line":80,"column":null}}]},"6":{"loc":{"start":{"line":33,"column":16},"end":{"line":33,"column":null}},"type":"cond-expr","locations":[{"start":{"line":33,"column":16},"end":{"line":33,"column":null}},{"start":{"line":33,"column":16},"end":{"line":33,"column":null}}]},"7":{"loc":{"start":{"line":35,"column":76},"end":{"line":35,"column":144}},"type":"cond-expr","locations":[{"start":{"line":35,"column":76},"end":{"line":35,"column":144}},{"start":{"line":35,"column":76},"end":{"line":35,"column":144}}]},"8":{"loc":{"start":{"line":39,"column":17},"end":{"line":39,"column":null}},"type":"binary-expr","locations":[{"start":{"line":39,"column":17},"end":{"line":39,"column":null}},{"start":{"line":39,"column":17},"end":{"line":39,"column":null}}]},"9":{"loc":{"start":{"line":53,"column":16},"end":{"line":53,"column":null}},"type":"cond-expr","locations":[{"start":{"line":53,"column":16},"end":{"line":53,"column":null}},{"start":{"line":53,"column":16},"end":{"line":53,"column":null}}]},"10":{"loc":{"start":{"line":55,"column":80},"end":{"line":55,"column":148}},"type":"cond-expr","locations":[{"start":{"line":55,"column":80},"end":{"line":55,"column":148}},{"start":{"line":55,"column":80},"end":{"line":55,"column":148}}]},"11":{"loc":{"start":{"line":58,"column":20},"end":{"line":58,"column":null}},"type":"binary-expr","locations":[{"start":{"line":58,"column":20},"end":{"line":58,"column":null}},{"start":{"line":58,"column":20},"end":{"line":58,"column":null}}]},"12":{"loc":{"start":{"line":72,"column":16},"end":{"line":72,"column":null}},"type":"cond-expr","locations":[{"start":{"line":72,"column":16},"end":{"line":72,"column":null}},{"start":{"line":72,"column":16},"end":{"line":72,"column":null}}]},"13":{"loc":{"start":{"line":74,"column":85},"end":{"line":74,"column":153}},"type":"cond-expr","locations":[{"start":{"line":74,"column":85},"end":{"line":74,"column":153}},{"start":{"line":74,"column":85},"end":{"line":74,"column":153}}]},"14":{"loc":{"start":{"line":77,"column":20},"end":{"line":77,"column":null}},"type":"binary-expr","locations":[{"start":{"line":77,"column":20},"end":{"line":77,"column":null}},{"start":{"line":77,"column":20},"end":{"line":77,"column":null}}]}},"s":{"0":4,"1":2,"2":2,"3":4,"4":2,"5":2,"6":33,"7":2,"8":132,"9":132,"10":12,"11":6,"12":6,"13":12,"14":6,"15":6,"16":37,"17":6,"18":300,"19":300,"20":4,"21":2,"22":2,"23":4,"24":2,"25":2,"26":33,"27":2,"28":252,"29":252,"30":33,"31":2,"32":2,"33":31,"34":31,"35":31,"36":31,"37":62,"38":31,"39":31,"40":62,"41":50,"42":31,"43":31,"44":31,"45":31,"46":31,"47":35,"48":31,"49":31,"50":31,"51":31,"52":31,"53":31,"54":31,"55":31,"56":31,"57":35,"58":31,"59":31,"60":31,"61":31,"62":31,"63":31,"64":31,"65":31,"66":31,"67":35,"68":31,"69":31,"70":31,"71":31,"72":31,"73":37,"74":31,"75":31,"76":31,"77":31,"78":31,"79":3598,"80":3598,"81":3598,"82":3598,"83":3598,"84":3598,"85":3598,"86":3598,"87":3598,"88":3598,"89":3598,"90":3598},"f":{"0":19,"1":4,"2":4,"3":4,"4":6},"b":{"0":[0,66],"1":[0,66],"2":[0,150],"3":[0,150],"4":[0,126],"5":[0,126],"6":[14,1785],"7":[14,1785],"8":[1799,401],"9":[14,1785],"10":[14,1785],"11":[1799,975],"12":[10,1789],"13":[10,1789],"14":[1799,1400]}}
,"C:\\Users\\User\\Desktop\\Isekai_Orpheus_Bot\\Isekai_Orpheus_Bot\\src\\app\\pages\\change-password\\change-password.component.ts": {"path":"C:\\Users\\User\\Desktop\\Isekai_Orpheus_Bot\\Isekai_Orpheus_Bot\\src\\app\\pages\\change-password\\change-password.component.ts","statementMap":{"0":{"start":{"line":13,"column":15},"end":{"line":13,"column":19}},"1":{"start":{"line":19,"column":0},"end":{"line":19,"column":13}},"2":{"start":{"line":30,"column":40},"end":{"line":30,"column":null}},"3":{"start":{"line":27,"column":12},"end":{"line":27,"column":null}},"4":{"start":{"line":28,"column":12},"end":{"line":28,"column":null}},"5":{"start":{"line":29,"column":12},"end":{"line":29,"column":null}},"6":{"start":{"line":30,"column":12},"end":{"line":30,"column":40}},"7":{"start":{"line":22,"column":2},"end":{"line":22,"column":22}},"8":{"start":{"line":24,"column":2},"end":{"line":24,"column":27}},"9":{"start":{"line":25,"column":2},"end":{"line":25,"column":24}},"10":{"start":{"line":35,"column":4},"end":{"line":35,"column":9}},"11":{"start":{"line":41,"column":4},"end":{"line":41,"column":9}},"12":{"start":{"line":58,"column":4},"end":{"line":58,"column":12}},"13":{"start":{"line":60,"column":8},"end":{"line":60,"column":13}},"14":{"start":{"line":61,"column":8},"end":{"line":61,"column":13}},"15":{"start":{"line":62,"column":8},"end":{"line":62,"column":null}},"16":{"start":{"line":64,"column":8},"end":{"line":64,"column":13}},"17":{"start":{"line":65,"column":8},"end":{"line":65,"column":13}},"18":{"start":{"line":66,"column":8},"end":{"line":66,"column":null}},"19":{"start":{"line":68,"column":8},"end":{"line":68,"column":13}},"20":{"start":{"line":69,"column":8},"end":{"line":69,"column":13}},"21":{"start":{"line":70,"column":8},"end":{"line":70,"column":null}},"22":{"start":{"line":74,"column":18},"end":{"line":74,"column":null}},"23":{"start":{"line":75,"column":4},"end":{"line":75,"column":9}},"24":{"start":{"line":76,"column":4},"end":{"line":82,"column":null}},"25":{"start":{"line":80,"column":6},"end":{"line":80,"column":11}},"26":{"start":{"line":81,"column":6},"end":{"line":81,"column":null}},"27":{"start":{"line":84,"column":4},"end":{"line":84,"column":9}},"28":{"start":{"line":86,"column":8},"end":{"line":111,"column":null}},"29":{"start":{"line":87,"column":10},"end":{"line":106,"column":null}},"30":{"start":{"line":88,"column":12},"end":{"line":88,"column":16}},"31":{"start":{"line":89,"column":12},"end":{"line":89,"column":16}},"32":{"start":{"line":90,"column":12},"end":{"line":90,"column":16}},"33":{"start":{"line":98,"column":12},"end":{"line":98,"column":16}},"34":{"start":{"line":99,"column":12},"end":{"line":99,"column":16}},"35":{"start":{"line":108,"column":10},"end":{"line":108,"column":14}},"36":{"start":{"line":114,"column":8},"end":{"line":114,"column":12}},"37":{"start":{"line":126,"column":4},"end":{"line":131,"column":null}},"38":{"start":{"line":127,"column":6},"end":{"line":127,"column":11}},"39":{"start":{"line":128,"column":6},"end":{"line":128,"column":11}},"40":{"start":{"line":130,"column":6},"end":{"line":130,"column":11}},"41":{"start":{"line":19,"column":13},"end":{"line":19,"column":null}}},"fnMap":{"0":{"name":"(anonymous_10)","decl":{"start":{"line":19,"column":0},"end":{"line":19,"column":13}},"loc":{"start":{"line":19,"column":0},"end":{"line":19,"column":13}}},"1":{"name":"ChangePasswordComponent","decl":{"start":{"line":26,"column":2},"end":{"line":26,"column":null}},"loc":{"start":{"line":30,"column":40},"end":{"line":31,"column":null}}},"2":{"name":"ngOnInit","decl":{"start":{"line":34,"column":2},"end":{"line":34,"column":10}},"loc":{"start":{"line":34,"column":10},"end":{"line":36,"column":null}}},"3":{"name":"crearFormChangePassword","decl":{"start":{"line":39,"column":2},"end":{"line":39,"column":25}},"loc":{"start":{"line":39,"column":25},"end":{"line":55,"column":null}}},"4":{"name":"showPassword","decl":{"start":{"line":57,"column":2},"end":{"line":57,"column":15}},"loc":{"start":{"line":57,"column":16},"end":{"line":72,"column":null}}},"5":{"name":"onChangePassword","decl":{"start":{"line":74,"column":2},"end":{"line":74,"column":18}},"loc":{"start":{"line":74,"column":18},"end":{"line":123,"column":null}}},"6":{"name":"next","decl":{"start":{"line":85,"column":12},"end":{"line":85,"column":13}},"loc":{"start":{"line":85,"column":20},"end":{"line":112,"column":null}}},"7":{"name":"error","decl":{"start":{"line":113,"column":13},"end":{"line":113,"column":14}},"loc":{"start":{"line":113,"column":21},"end":{"line":121,"column":null}}},"8":{"name":"retrocederFirstLogin","decl":{"start":{"line":125,"column":2},"end":{"line":125,"column":22}},"loc":{"start":{"line":125,"column":22},"end":{"line":132,"column":null}}}},"branchMap":{"0":{"loc":{"start":{"line":58,"column":4},"end":{"line":58,"column":12}},"type":"switch","locations":[{"start":{"line":59,"column":6},"end":{"line":62,"column":null}},{"start":{"line":63,"column":6},"end":{"line":66,"column":null}},{"start":{"line":67,"column":6},"end":{"line":70,"column":null}}]},"1":{"loc":{"start":{"line":76,"column":4},"end":{"line":82,"column":null}},"type":"if","locations":[{"start":{"line":76,"column":4},"end":{"line":82,"column":null}},{"start":{"line":76,"column":4},"end":{"line":82,"column":null}}]},"2":{"loc":{"start":{"line":86,"column":8},"end":{"line":111,"column":null}},"type":"if","locations":[{"start":{"line":86,"column":8},"end":{"line":111,"column":null}},{"start":{"line":86,"column":8},"end":{"line":111,"column":null}}]},"3":{"loc":{"start":{"line":87,"column":10},"end":{"line":106,"column":null}},"type":"if","locations":[{"start":{"line":87,"column":10},"end":{"line":106,"column":null}},{"start":{"line":87,"column":10},"end":{"line":106,"column":null}}]},"4":{"loc":{"start":{"line":126,"column":4},"end":{"line":131,"column":null}},"type":"if","locations":[{"start":{"line":126,"column":4},"end":{"line":131,"column":null}},{"start":{"line":126,"column":4},"end":{"line":131,"column":null}}]},"5":{"loc":{"start":{"line":19,"column":13},"end":{"line":19,"column":36}},"type":"binary-expr","locations":[{"start":{"line":19,"column":13},"end":{"line":19,"column":36}},{"start":{"line":19,"column":13},"end":{"line":19,"column":36}}]}},"s":{"0":206,"1":1030,"2":31,"3":31,"4":31,"5":31,"6":31,"7":31,"8":31,"9":31,"10":31,"11":31,"12":12,"13":4,"14":4,"15":4,"16":4,"17":4,"18":4,"19":4,"20":4,"21":4,"22":19,"23":19,"24":19,"25":2,"26":2,"27":17,"28":12,"29":6,"30":2,"31":2,"32":2,"33":4,"34":4,"35":6,"36":5,"37":6,"38":2,"39":2,"40":4,"41":31},"f":{"0":412,"1":31,"2":31,"3":31,"4":12,"5":19,"6":12,"7":5,"8":6},"b":{"0":[4,4,4],"1":[2,17],"2":[6,6],"3":[2,4],"4":[2,4],"5":[31,31]}}
,"C:\\Users\\User\\Desktop\\Isekai_Orpheus_Bot\\Isekai_Orpheus_Bot\\src\\app\\pages\\dashboard\\dashboard.component.html": {"path":"C:\\Users\\User\\Desktop\\Isekai_Orpheus_Bot\\Isekai_Orpheus_Bot\\src\\app\\pages\\dashboard\\dashboard.component.html","statementMap":{"0":{"start":{"line":46,"column":16},"end":{"line":46,"column":44}},"1":{"start":{"line":46,"column":80},"end":{"line":46,"column":92}},"2":{"start":{"line":46,"column":92},"end":{"line":46,"column":null}},"3":{"start":{"line":46,"column":62},"end":{"line":46,"column":80}},"4":{"start":{"line":1,"column":0},"end":{"line":1,"column":49}},"5":{"start":{"line":3,"column":4},"end":{"line":3,"column":null}},"6":{"start":{"line":5,"column":2},"end":{"line":5,"column":null}},"7":{"start":{"line":8,"column":0},"end":{"line":8,"column":35}},"8":{"start":{"line":18,"column":20},"end":{"line":18,"column":null}},"9":{"start":{"line":19,"column":18},"end":{"line":19,"column":null}},"10":{"start":{"line":21,"column":16},"end":{"line":21,"column":null}},"11":{"start":{"line":24,"column":45},"end":{"line":24,"column":57}},"12":{"start":{"line":28,"column":12},"end":{"line":28,"column":34}},"13":{"start":{"line":32,"column":20},"end":{"line":32,"column":null}},"14":{"start":{"line":33,"column":18},"end":{"line":33,"column":null}},"15":{"start":{"line":35,"column":16},"end":{"line":35,"column":null}},"16":{"start":{"line":39,"column":13},"end":{"line":39,"column":25}},"17":{"start":{"line":43,"column":12},"end":{"line":43,"column":34}},"18":{"start":{"line":44,"column":69},"end":{"line":44,"column":79}},"19":{"start":{"line":45,"column":16},"end":{"line":45,"column":42}},"20":{"start":{"line":45,"column":42},"end":{"line":45,"column":58}},"21":{"start":{"line":45,"column":58},"end":{"line":45,"column":null}},"22":{"start":{"line":47,"column":14},"end":{"line":47,"column":null}},"23":{"start":{"line":51,"column":8},"end":{"line":51,"column":null}},"24":{"start":{"line":52,"column":10},"end":{"line":52,"column":28}},"25":{"start":{"line":56,"column":8},"end":{"line":56,"column":null}},"26":{"start":{"line":61,"column":2},"end":{"line":61,"column":24}},"27":{"start":{"line":65,"column":8},"end":{"line":65,"column":17}},"28":{"start":{"line":68,"column":8},"end":{"line":68,"column":null}},"29":{"start":{"line":69,"column":6},"end":{"line":69,"column":null}},"30":{"start":{"line":72,"column":4},"end":{"line":72,"column":26}},"31":{"start":{"line":74,"column":8},"end":{"line":74,"column":19}},"32":{"start":{"line":77,"column":6},"end":{"line":77,"column":null}},"33":{"start":{"line":82,"column":2},"end":{"line":82,"column":24}},"34":{"start":{"line":85,"column":8},"end":{"line":85,"column":17}},"35":{"start":{"line":87,"column":6},"end":{"line":87,"column":null}},"36":{"start":{"line":8,"column":35},"end":{"line":8,"column":63}},"37":{"start":{"line":22,"column":32},"end":{"line":22,"column":null}},"38":{"start":{"line":36,"column":38},"end":{"line":36,"column":null}},"39":{"start":{"line":46,"column":44},"end":{"line":46,"column":62}},"40":{"start":{"line":52,"column":28},"end":{"line":52,"column":54}},"41":{"start":{"line":65,"column":17},"end":{"line":65,"column":90}},"42":{"start":{"line":74,"column":19},"end":{"line":74,"column":92}},"43":{"start":{"line":85,"column":17},"end":{"line":85,"column":87}}},"fnMap":{"0":{"name":"DashboardComponent_Template_input_onHidden_14_listener","decl":{"start":{"line":24,"column":45},"end":{"line":24,"column":57}},"loc":{"start":{"line":24,"column":45},"end":{"line":24,"column":null}}},"1":{"name":"DashboardComponent_Template_input_onHidden_20_listener","decl":{"start":{"line":39,"column":13},"end":{"line":39,"column":25}},"loc":{"start":{"line":39,"column":13},"end":{"line":39,"column":null}}},"2":{"name":"DashboardComponent_Template_select_change_22_listener","decl":{"start":{"line":44,"column":69},"end":{"line":44,"column":79}},"loc":{"start":{"line":44,"column":69},"end":{"line":44,"column":null}}}},"branchMap":{},"s":{"0":170,"1":0,"2":0,"3":0,"4":170,"5":170,"6":170,"7":170,"8":170,"9":170,"10":340,"11":170,"12":170,"13":170,"14":170,"15":340,"16":170,"17":170,"18":170,"19":170,"20":170,"21":170,"22":170,"23":170,"24":170,"25":170,"26":170,"27":170,"28":170,"29":170,"30":170,"31":170,"32":170,"33":170,"34":170,"35":170,"36":9374,"37":9374,"38":9374,"39":9374,"40":9374,"41":9374,"42":9374,"43":9374},"f":{"0":0,"1":0,"2":0},"b":{}}
,"C:\\Users\\User\\Desktop\\Isekai_Orpheus_Bot\\Isekai_Orpheus_Bot\\src\\app\\pages\\dashboard\\dashboard.component.ts": {"path":"C:\\Users\\User\\Desktop\\Isekai_Orpheus_Bot\\Isekai_Orpheus_Bot\\src\\app\\pages\\dashboard\\dashboard.component.ts","statementMap":{"0":{"start":{"line":16,"column":0},"end":{"line":16,"column":13}},"1":{"start":{"line":30,"column":27},"end":{"line":30,"column":null}},"2":{"start":{"line":27,"column":12},"end":{"line":27,"column":null}},"3":{"start":{"line":28,"column":12},"end":{"line":28,"column":null}},"4":{"start":{"line":29,"column":12},"end":{"line":29,"column":null}},"5":{"start":{"line":30,"column":12},"end":{"line":30,"column":27}},"6":{"start":{"line":18,"column":9},"end":{"line":18,"column":27}},"7":{"start":{"line":19,"column":9},"end":{"line":19,"column":25}},"8":{"start":{"line":20,"column":9},"end":{"line":20,"column":28}},"9":{"start":{"line":21,"column":9},"end":{"line":21,"column":36}},"10":{"start":{"line":23,"column":2},"end":{"line":23,"column":28}},"11":{"start":{"line":52,"column":9},"end":{"line":52,"column":42}},"12":{"start":{"line":59,"column":9},"end":{"line":59,"column":42}},"13":{"start":{"line":63,"column":9},"end":{"line":63,"column":36}},"14":{"start":{"line":35,"column":4},"end":{"line":35,"column":9}},"15":{"start":{"line":38,"column":4},"end":{"line":38,"column":9}},"16":{"start":{"line":40,"column":4},"end":{"line":40,"column":9}},"17":{"start":{"line":45,"column":4},"end":{"line":45,"column":9}},"18":{"start":{"line":82,"column":13},"end":{"line":82,"column":null}},"19":{"start":{"line":84,"column":4},"end":{"line":84,"column":9}},"20":{"start":{"line":85,"column":6},"end":{"line":85,"column":10}},"21":{"start":{"line":90,"column":10},"end":{"line":90,"column":null}},"22":{"start":{"line":92,"column":4},"end":{"line":151,"column":null}},"23":{"start":{"line":98,"column":6},"end":{"line":98,"column":11}},"24":{"start":{"line":100,"column":6},"end":{"line":100,"column":14}},"25":{"start":{"line":107,"column":20},"end":{"line":107,"column":21}},"26":{"start":{"line":107,"column":39},"end":{"line":107,"column":40}},"27":{"start":{"line":114,"column":20},"end":{"line":114,"column":21}},"28":{"start":{"line":114,"column":39},"end":{"line":114,"column":40}},"29":{"start":{"line":121,"column":20},"end":{"line":121,"column":21}},"30":{"start":{"line":121,"column":39},"end":{"line":121,"column":40}},"31":{"start":{"line":128,"column":20},"end":{"line":128,"column":21}},"32":{"start":{"line":128,"column":39},"end":{"line":128,"column":40}},"33":{"start":{"line":136,"column":16},"end":{"line":136,"column":17}},"34":{"start":{"line":137,"column":23},"end":{"line":137,"column":24}},"35":{"start":{"line":142,"column":59},"end":{"line":142,"column":null}},"36":{"start":{"line":144,"column":8},"end":{"line":144,"column":15}},"37":{"start":{"line":145,"column":8},"end":{"line":145,"column":12}},"38":{"start":{"line":146,"column":8},"end":{"line":146,"column":12}},"39":{"start":{"line":147,"column":8},"end":{"line":147,"column":12}},"40":{"start":{"line":148,"column":8},"end":{"line":148,"column":12}},"41":{"start":{"line":149,"column":8},"end":{"line":149,"column":12}},"42":{"start":{"line":155,"column":4},"end":{"line":155,"column":9}},"43":{"start":{"line":161,"column":4},"end":{"line":161,"column":9}},"44":{"start":{"line":16,"column":13},"end":{"line":16,"column":null}}},"fnMap":{"0":{"name":"(anonymous_2)","decl":{"start":{"line":16,"column":0},"end":{"line":16,"column":13}},"loc":{"start":{"line":16,"column":0},"end":{"line":16,"column":13}}},"1":{"name":"DashboardComponent","decl":{"start":{"line":26,"column":2},"end":{"line":26,"column":null}},"loc":{"start":{"line":30,"column":27},"end":{"line":31,"column":null}}},"2":{"name":"ngOnInit","decl":{"start":{"line":33,"column":2},"end":{"line":33,"column":10}},"loc":{"start":{"line":33,"column":10},"end":{"line":41,"column":null}}},"3":{"name":"crearFormularioDashboard","decl":{"start":{"line":43,"column":2},"end":{"line":43,"column":26}},"loc":{"start":{"line":43,"column":26},"end":{"line":50,"column":null}}},"4":{"name":"getTramites","decl":{"start":{"line":82,"column":2},"end":{"line":82,"column":13}},"loc":{"start":{"line":82,"column":13},"end":{"line":87,"column":null}}},"5":{"name":"(anonymous_8)","decl":{"start":{"line":84,"column":44},"end":{"line":84,"column":45}},"loc":{"start":{"line":84,"column":53},"end":{"line":86,"column":null}}},"6":{"name":"loadData","decl":{"start":{"line":90,"column":2},"end":{"line":90,"column":10}},"loc":{"start":{"line":90,"column":10},"end":{"line":152,"column":null}}},"7":{"name":"(anonymous_10)","decl":{"start":{"line":107,"column":20},"end":{"line":107,"column":21}},"loc":{"start":{"line":107,"column":20},"end":{"line":107,"column":21}}},"8":{"name":"(anonymous_11)","decl":{"start":{"line":107,"column":39},"end":{"line":107,"column":40}},"loc":{"start":{"line":107,"column":39},"end":{"line":107,"column":40}}},"9":{"name":"(anonymous_12)","decl":{"start":{"line":114,"column":20},"end":{"line":114,"column":21}},"loc":{"start":{"line":114,"column":20},"end":{"line":114,"column":21}}},"10":{"name":"(anonymous_13)","decl":{"start":{"line":114,"column":39},"end":{"line":114,"column":40}},"loc":{"start":{"line":114,"column":39},"end":{"line":114,"column":40}}},"11":{"name":"(anonymous_14)","decl":{"start":{"line":121,"column":20},"end":{"line":121,"column":21}},"loc":{"start":{"line":121,"column":20},"end":{"line":121,"column":21}}},"12":{"name":"(anonymous_15)","decl":{"start":{"line":121,"column":39},"end":{"line":121,"column":40}},"loc":{"start":{"line":121,"column":39},"end":{"line":121,"column":40}}},"13":{"name":"(anonymous_16)","decl":{"start":{"line":128,"column":20},"end":{"line":128,"column":21}},"loc":{"start":{"line":128,"column":20},"end":{"line":128,"column":21}}},"14":{"name":"(anonymous_17)","decl":{"start":{"line":128,"column":39},"end":{"line":128,"column":40}},"loc":{"start":{"line":128,"column":39},"end":{"line":128,"column":40}}},"15":{"name":"(anonymous_18)","decl":{"start":{"line":136,"column":16},"end":{"line":136,"column":17}},"loc":{"start":{"line":136,"column":16},"end":{"line":136,"column":17}}},"16":{"name":"(anonymous_19)","decl":{"start":{"line":137,"column":23},"end":{"line":137,"column":24}},"loc":{"start":{"line":137,"column":23},"end":{"line":137,"column":24}}},"17":{"name":"(anonymous_20)","decl":{"start":{"line":142,"column":19},"end":{"line":142,"column":21}},"loc":{"start":{"line":142,"column":59},"end":{"line":150,"column":null}}},"18":{"name":"formattedDates","decl":{"start":{"line":154,"column":2},"end":{"line":154,"column":16}},"loc":{"start":{"line":154,"column":16},"end":{"line":167,"column":null}}}},"branchMap":{"0":{"loc":{"start":{"line":92,"column":4},"end":{"line":151,"column":null}},"type":"if","locations":[{"start":{"line":92,"column":4},"end":{"line":151,"column":null}},{"start":{"line":92,"column":4},"end":{"line":151,"column":null}}]},"1":{"loc":{"start":{"line":93,"column":6},"end":{"line":95,"column":null}},"type":"binary-expr","locations":[{"start":{"line":93,"column":6},"end":{"line":93,"column":null}},{"start":{"line":94,"column":6},"end":{"line":94,"column":null}},{"start":{"line":95,"column":6},"end":{"line":95,"column":null}}]},"2":{"loc":{"start":{"line":16,"column":13},"end":{"line":16,"column":31}},"type":"binary-expr","locations":[{"start":{"line":16,"column":13},"end":{"line":16,"column":31}},{"start":{"line":16,"column":13},"end":{"line":16,"column":31}}]}},"s":{"0":1030,"1":170,"2":170,"3":170,"4":170,"5":170,"6":170,"7":170,"8":170,"9":170,"10":170,"11":170,"12":170,"13":170,"14":170,"15":170,"16":170,"17":170,"18":170,"19":170,"20":166,"21":0,"22":0,"23":0,"24":0,"25":0,"26":0,"27":0,"28":0,"29":0,"30":0,"31":0,"32":0,"33":0,"34":0,"35":0,"36":0,"37":0,"38":0,"39":0,"40":0,"41":0,"42":0,"43":0,"44":170},"f":{"0":412,"1":170,"2":170,"3":170,"4":170,"5":166,"6":0,"7":0,"8":0,"9":0,"10":0,"11":0,"12":0,"13":0,"14":0,"15":0,"16":0,"17":0,"18":0},"b":{"0":[0,0],"1":[0,0,0],"2":[170,170]}}
,"C:\\Users\\User\\Desktop\\Isekai_Orpheus_Bot\\Isekai_Orpheus_Bot\\src\\app\\pages\\dashboard\\graficos\\bar\\bar.component.html": {"path":"C:\\Users\\User\\Desktop\\Isekai_Orpheus_Bot\\Isekai_Orpheus_Bot\\src\\app\\pages\\dashboard\\graficos\\bar\\bar.component.html","statementMap":{"0":{"start":{"line":10,"column":12},"end":{"line":10,"column":40}},"1":{"start":{"line":10,"column":78},"end":{"line":10,"column":89}},"2":{"start":{"line":10,"column":89},"end":{"line":10,"column":null}},"3":{"start":{"line":10,"column":58},"end":{"line":10,"column":78}},"4":{"start":{"line":1,"column":0},"end":{"line":1,"column":25}},"5":{"start":{"line":5,"column":16},"end":{"line":5,"column":null}},"6":{"start":{"line":6,"column":12},"end":{"line":6,"column":null}},"7":{"start":{"line":8,"column":8},"end":{"line":8,"column":57}},"8":{"start":{"line":8,"column":57},"end":{"line":8,"column":78}},"9":{"start":{"line":8,"column":78},"end":{"line":8,"column":89}},"10":{"start":{"line":9,"column":12},"end":{"line":9,"column":20}},"11":{"start":{"line":9,"column":46},"end":{"line":9,"column":62}},"12":{"start":{"line":9,"column":62},"end":{"line":9,"column":null}},"13":{"start":{"line":11,"column":10},"end":{"line":11,"column":null}},"14":{"start":{"line":14,"column":0},"end":{"line":14,"column":null}},"15":{"start":{"line":15,"column":4},"end":{"line":15,"column":22}},"16":{"start":{"line":18,"column":0},"end":{"line":18,"column":null}},"17":{"start":{"line":9,"column":20},"end":{"line":9,"column":46}},"18":{"start":{"line":10,"column":40},"end":{"line":10,"column":58}},"19":{"start":{"line":15,"column":22},"end":{"line":15,"column":47}}},"fnMap":{"0":{"name":"BarComponent_Template_select_ngModelChange_5_listener","decl":{"start":{"line":8,"column":57},"end":{"line":8,"column":78}},"loc":{"start":{"line":8,"column":57},"end":{"line":8,"column":78}}},"1":{"name":"BarComponent_Template_select_change_5_listener","decl":{"start":{"line":8,"column":78},"end":{"line":8,"column":89}},"loc":{"start":{"line":8,"column":78
[...]
,"C:\\Users\\User\\Desktop\\Isekai_Orpheus_Bot\\Isekai_Orpheus_Bot\\src\\app\\services\\report.service.ts": {"path":"C:\\Users\\User\\Desktop\\Isekai_Orpheus_Bot\\Isekai_Orpheus_Bot\\src\\app\\services\\report.service.ts","statementMap":{"0":{"start":{"line":8,"column":2},"end":{"line":8,"column":null}},"1":{"start":{"line":9,"column":24},"end":{"line":9,"column":null}},"2":{"start":{"line":13,"column":0},"end":{"line":13,"column":13}},"3":{"start":{"line":14,"column":2},"end":{"line":14,"column":null}},"4":{"start":{"line":18,"column":4},"end":{"line":18,"column":11}},"5":{"start":{"line":19,"column":38},"end":{"line":19,"column":42}},"6":{"start":{"line":20,"column":36},"end":{"line":20,"column":null}},"7":{"start":{"line":24,"column":29},"end":{"line":24,"column":33}},"8":{"start":{"line":28,"column":4},"end":{"line":28,"column":9}},"9":{"start":{"line":32,"column":23},"end":{"line":32,"column":27}},"10":{"start":{"line":33,"column":4},"end":{"line":33,"column":13}},"11":{"start":{"line":41,"column":17},"end":{"line":41,"column":21}},"12":{"start":{"line":42,"column":4},"end":{"line":42,"column":10}},"13":{"start":{"line":44,"column":20},"end":{"line":44,"column":28}},"14":{"start":{"line":44,"column":40},"end":{"line":44,"column":41}},"15":{"start":{"line":45,"column":14},"end":{"line":45,"column":18}},"16":{"start":{"line":48,"column":4},"end":{"line":48,"column":7}},"17":{"start":{"line":49,"column":4},"end":{"line":49,"column":7}},"18":{"start":{"line":50,"column":4},"end":{"line":50,"column":7}},"19":{"start":{"line":51,"column":4},"end":{"line":51,"column":7}},"20":{"start":{"line":52,"column":5},"end":{"line":52,"column":16}},"21":{"start":{"line":62,"column":4},"end":{"line":62,"column":7}},"22":{"start":{"line":13,"column":13},"end":{"line":13,"column":27}}},"fnMap":{"0":{"name":"(anonymous_0)","decl":{"start":{"line":13,"column":0},"end":{"line":13,"column":13}},"loc":{"start":{"line":13,"column":0},"end":{"line":13,"column":13}}},"1":{"name":"ReporteService","decl":{"start":{"line":14,"column":2},"end":{"line":14,"column":null}},"loc":{"start":{"line":14,"column":2},"end":{"line":16,"column":null}}},"2":{"name":"exportAsExcelFile","decl":{"start":{"line":17,"column":9},"end":{"line":17,"column":27}},"loc":{"start":{"line":17,"column":48},"end":{"line":29,"column":null}}},"3":{"name":"saveAsExcelFile","decl":{"start":{"line":31,"column":10},"end":{"line":31,"column":26}},"loc":{"start":{"line":31,"column":55},"end":{"line":37,"column":null}}},"4":{"name":"exportAsPDF","decl":{"start":{"line":39,"column":9},"end":{"line":39,"column":21}},"loc":{"start":{"line":39,"column":39},"end":{"line":63,"column":null}}},"5":{"name":"(anonymous_6)","decl":{"start":{"line":44,"column":40},"end":{"line":44,"column":41}},"loc":{"start":{"line":44,"column":40},"end":{"line":44,"column":41}}},"6":{"name":"didDrawCell","decl":{"start":{"line":57,"column":19},"end":{"line":57,"column":20}},"loc":{"start":{"line":57,"column":29},"end":{"line":59,"column":null}}}},"branchMap":{"0":{"loc":{"start":{"line":13,"column":13},"end":{"line":13,"column":27}},"type":"binary-expr","locations":[{"start":{"line":13,"column":13},"end":{"line":13,"column":27}},{"start":{"line":13,"column":13},"end":{"line":13,"column":27}}]}},"s":{"0":206,"1":206,"2":1030,"3":138,"4":6,"5":6,"6":6,"7":6,"8":6,"9":6,"10":6,"11":4,"12":4,"13":4,"14":175,"15":4,"16":4,"17":4,"18":4,"19":4,"20":4,"21":4,"22":138},"f":{"0":412,"1":138,"2":6,"3":6,"4":4,"5":175,"6":1545},"b":{"0":[138,138]}}
,"C:\\Users\\User\\Desktop\\Isekai_Orpheus_Bot\\Isekai_Orpheus_Bot\\src\\app\\services\\servicios.service.ts": {"path":"C:\\Users\\User\\Desktop\\Isekai_Orpheus_Bot\\Isekai_Orpheus_Bot\\src\\app\\services\\servicios.service.ts","statementMap":{"0":{"start":{"line":22,"column":0},"end":{"line":22,"column":13}},"1":{"start":{"line":31,"column":65},"end":{"line":31,"column":69}},"2":{"start":{"line":31,"column":22},"end":{"line":31,"column":48}},"3":{"start":{"line":31,"column":48},"end":{"line":31,"column":65}},"4":{"start":{"line":35,"column":4},"end":{"line":35,"column":11}},"5":{"start":{"line":41,"column":4},"end":{"line":41,"column":11}},"6":{"start":{"line":49,"column":4},"end":{"line":49,"column":11}},"7":{"start":{"line":55,"column":4},"end":{"line":55,"column":11}},"8":{"start":{"line":62,"column":4},"end":{"line":62,"column":11}},"9":{"start":{"line":68,"column":4},"end":{"line":68,"column":11}},"10":{"start":{"line":74,"column":4},"end":{"line":74,"column":11}},"11":{"start":{"line":75,"column":4},"end":{"line":75,"column":11}},"12":{"start":{"line":85,"column":4},"end":{"line":85,"column":11}},"13":{"start":{"line":91,"column":4},"end":{"line":91,"column":11}},"14":{"start":{"line":97,"column":4},"end":{"line":97,"column":11}},"15":{"start":{"line":103,"column":4},"end":{"line":103,"column":11}},"16":{"start":{"line":103,"column":34},"end":{"line":103,"column":35}},"17":{"start":{"line":107,"column":4},"end":{"line":107,"column":11}},"18":{"start":{"line":108,"column":10},"end":{"line":108,"column":11}},"19":{"start":{"line":109,"column":19},"end":{"line":109,"column":20}},"20":{"start":{"line":115,"column":4},"end":{"line":115,"column":11}},"21":{"start":{"line":119,"column":4},"end":{"line":119,"column":11}},"22":{"start":{"line":119,"column":39},"end":{"line":119,"column":40}},"23":{"start":{"line":123,"column":4},"end":{"line":123,"column":11}},"24":{"start":{"line":124,"column":10},"end":{"line":124,"column":11}},"25":{"start":{"line":125,"column":19},"end":{"line":125,"column":20}},"26":{"start":{"line":131,"column":4},"end":{"line":131,"column":11}},"27":{"start":{"line":135,"column":10},"end":{"line":135,"column":17}},"28":{"start":{"line":142,"column":4},"end":{"line":142,"column":11}},"29":{"start":{"line":148,"column":4},"end":{"line":148,"column":11}},"30":{"start":{"line":154,"column":4},"end":{"line":154,"column":11}},"31":{"start":{"line":162,"column":4},"end":{"line":162,"column":11}},"32":{"start":{"line":170,"column":4},"end":{"line":170,"column":11}},"33":{"start":{"line":178,"column":4},"end":{"line":178,"column":11}},"34":{"start":{"line":184,"column":4},"end":{"line":184,"column":11}},"35":{"start":{"line":192,"column":4},"end":{"line":192,"column":11}},"36":{"start":{"line":200,"column":4},"end":{"line":200,"column":11}},"37":{"start":{"line":206,"column":4},"end":{"line":206,"column":11}},"38":{"start":{"line":207,"column":4},"end":{"line":207,"column":11}},"39":{"start":{"line":208,"column":4},"end":{"line":208,"column":11}},"40":{"start":{"line":216,"column":23},"end":{"line":216,"column":null}},"41":{"start":{"line":217,"column":4},"end":{"line":219,"column":null}},"42":{"start":{"line":218,"column":6},"end":{"line":218,"column":18}},"43":{"start":{"line":220,"column":4},"end":{"line":220,"column":10}},"44":{"start":{"line":221,"column":4},"end":{"line":221,"column":9}},"45":{"start":{"line":222,"column":4},"end":{"line":222,"column":11}},"46":{"start":{"line":222,"column":22},"end":{"line":222,"column":28}},"47":{"start":{"line":228,"column":4},"end":{"line":228,"column":11}},"48":{"start":{"line":22,"column":13},"end":{"line":22,"column":null}}},"fnMap":{"0":{"name":"(anonymous_0)","decl":{"start":{"line":22,"column":0},"end":{"line":22,"column":13}},"loc":{"start":{"line":22,"column":0},"end":{"line":22,"column":13}}},"1":{"name":"ServiciosService","decl":{"start":{"line":31,"column":2},"end":{"line":31,"column":22}},"loc":{"start":{"line":31,"column":65},"end":{"line":31,"column":null}}},"2":{"name":"getAllDocuments","decl":{"start":{"line":34,"column":2},"end":{"line":34,"column":17}},"loc":{"start":{"line":34,"column":17},"end":{"line":38,"column":null}}},"3":{"name":"deleteDocument","decl":{"start":{"line":40,"column":2},"end":{"line":40,"column":17}},"loc":{"start":{"line":40,"column":24},"end":{"line":46,"column":null}}},"4":{"name":"createDocument","decl":{"start":{"line":48,"column":2},"end":{"line":48,"column":17}},"loc":{"start":{"line":48,"column":37},"end":{"line":52,"column":null}}},"5":{"name":"updateDocument","decl":{"start":{"line":54,"column":2},"end":{"line":54,"column":17}},"loc":{"start":{"line":54,"column":37},"end":{"line":58,"column":null}}},"6":{"name":"resetPassword","decl":{"start":{"line":61,"column":2},"end":{"line":61,"column":16}},"loc":{"start":{"line":61,"column":24},"end":{"line":65,"column":null}}},"7":{"name":"updateUser","decl":{"start":{"line":67,"column":2},"end":{"line":67,"column":13}},"loc":{"start":{"line":67,"column":29},"end":{"line":71,"column":null}}},"8":{"name":"deleteUser","decl":{"start":{"line":73,"column":2},"end":{"line":73,"column":13}},"loc":{"start":{"line":73,"column":15},"end":{"line":82,"column":null}}},"9":{"name":"createUser","decl":{"start":{"line":84,"column":2},"end":{"line":84,"column":13}},"loc":{"start":{"line":84,"column":29},"end":{"line":88,"column":null}}},"10":{"name":"getAllUsers","decl":{"start":{"line":90,"column":2},"end":{"line":90,"column":13}},"loc":{"start":{"line":90,"column":13},"end":{"line":94,"column":null}}},"11":{"name":"getAll","decl":{"start":{"line":96,"column":2},"end":{"line":96,"column":8}},"loc":{"start":{"line":96,"column":8},"end":{"line":100,"column":null}}},"12":{"name":"fromEstado","decl":{"start":{"line":102,"column":2},"end":{"line":102,"column":13}},"loc":{"start":{"line":102,"column":28},"end":{"line":104,"column":null}}},"13":{"name":"(anonymous_14)","decl":{"start":{"line":103,"column":34},"end":{"line":103,"column":35}},"loc":{"start":{"line":103,"column":34},"end":{"line":103,"column":35}}},"14":{"name":"twoDates","decl":{"start":{"line":106,"column":2},"end":{"line":106,"column":11}},"loc":{"start":{"line":106,"column":56},"end":{"line":112,"column":null}}},"15":{"name":"(anonymous_16)","decl":{"start":{"line":108,"column":10},"end":{"line":108,"column":11}},"loc":{"start":{"line":108,"column":10},"end":{"line":108,"column":11}}},"16":{"name":"(anonymous_17)","decl":{"start":{"line":109,"column":19},"end":{"line":109,"column":20}},"loc":{"start":{"line":109,"column":19},"end":{"line":109,"column":20}}},"17":{"name":"getAllMonth","decl":{"start":{"line":114,"column":2},"end":{"line":114,"column":13}},"loc":{"start":{"line":114,"column":13},"end":{"line":116,"column":null}}},"18":{"name":"fromTramiteEstado","decl":{"start":{"line":118,"column":2},"end":{"line":118,"column":20}},"loc":{"start":{"line":118,"column":35},"end":{"line":120,"column":null}}},"19":{"name":"(anonymous_20)","decl":{"start":{"line":119,"column":39},"end":{"line":119,"column":40}},"loc":{"start":{"line":119,"column":39},"end":{"line":119,"column":40}}},"20":{"name":"twoMonths","decl":{"start":{"line":122,"column":2},"end":{"line":122,"column":12}},"loc":{"start":{"line":122,"column":56},"end":{"line":128,"column":null}}},"21":{"name":"(anonymous_22)","decl":{"start":{"line":124,"column":10},"end":{"line":124,"column":11}},"loc":{"start":{"line":124,"column":10},"end":{"line":124,"column":11}}},"22":{"name":"(anonymous_23)","decl":{"start":{"line":125,"column":19},"end":{"line":125,"column":20}},"loc":{"start":{"line":125,"column":19},"end":{"line":125,"column":20}}},"23":{"name":"buscarPie","decl":{"start":{"line":130,"column":2},"end":{"line":130,"column":12}},"loc":{"start":{"line":130,"column":18},"end":{"line":138,"column":null}}},"24":{"name":"(anonymous_25)","decl":{"start":{"line":134,"column":12},"end":{"line":134,"column":13}},"loc":{"start":{"line":134,"column":20},"end":{"line":136,"column":null}}},"25":{"name":"listaTramites","decl":{"start":{"line":141,"column":2},"end":{"line":141,"column":15}},"loc":{"start":{"line":141,"column":15},"end":{"line":145,"column":null}}},"26":{"name":"buscarTramiteDetalleDniAndId","decl":{"start":{"line":147,"column":2},"end":{"line":147,"column":31}},"loc":{"start":{"line":147,"column":42},"end":{"line":151,"column":null}}},"27":{"name":"buscarDetallesD","decl":{"start":{"line":153,"column":2},"end":{"line":153,"column":18}},"loc":{"start":{"line":153,"column":36},"end":{"line":159,"column":null}}},"28":{"name":"buscarAdjuntos","decl":{"start":{"line":161,"column":2},"end":{"line":161,"column":17}},"loc":{"start":{"line":161,"column":35},"end":{"line":167,"column":null}}},"29":{"name":"buscarCertificado","decl":{"start":{"line":169,"column":2},"end":{"line":169,"column":20}},"loc":{"start":{"line":169,"column":38},"end":{"line":175,"column":null}}},"30":{"name":"createTramite","decl":{"start":{"line":177,"column":2},"end":{"line":177,"column":16}},"loc":{"start":{"line":177,"column":32},"end":{"line":181,"column":null}}},"31":{"name":"deleteTramite","decl":{"start":{"line":183,"column":2},"end":{"line":183,"column":16}},"loc":{"start":{"line":183,"column":32},"end":{"line":189,"column":null}}},"32":{"name":"deleteCertificado","decl":{"start":{"line":191,"column":2},"end":{"line":191,"column":20}},"loc":{"start":{"line":191,"column":44},"end":{"line":197,"column":null}}},"33":{"name":"updateStatusTramite","decl":{"start":{"line":199,"column":2},"end":{"line":199,"column":22}},"loc":{"start":{"line":199,"column":38},"end":{"line":203,"column":null}}},"34":{"name":"uploadFile","decl":{"start":{"line":205,"column":2},"end":{"line":205,"column":13}},"loc":{"start":{"line":205,"column":20},"end":{"line":212,"column":null}}},"35":{"name":"handlerError","decl":{"start":{"line":215,"column":2},"end":{"line":215,"column":15}},"loc":{"start":{"line":215,"column":20},"end":{"line":223,"column":null}}},"36":{"name":"(anonymous_37)","decl":{"start":{"line":222,"column":22},"end":{"line":222,"column":28}},"loc":{"start":{"line":222,"column":22},"end":{"line":222,"column":28}}},"37":{"name":"saveUserNotification","decl":{"start":{"line":227,"column":2},"end":{"line":227,"column":23}},"loc":{"start":{"line":227,"column":27},"end":{"line":231,"column":null}}}},"branchMap":{"0":{"loc":{"start":{"line":109,"column":28},"end":{"line":109,"column":null}},"type":"binary-expr","locations":[{"start":{"line":109,"column":28},"end":{"line":109,"column":53}},{"start":{"line":109,"column":53},"end":{"line":109,"column":null}}]},"1":{"loc":{"start":{"line":125,"column":28},"end":{"line":125,"column":null}},"type":"binary-expr","locations":[{"start":{"line":125,"column":28},"end":{"line":125,"column":53}},{"start":{"line":125,"column":53},"end":{"line":125,"column":null}}]},"2":{"loc":{"start":{"line":217,"column":4},"end":{"line":219,"column":null}},"type":"if","locations":[{"start":{"line":217,"column":4},"end":{"line":219,"column":null}},{"start":{"line":217,"column":4},"end":{"line":219,"column":null}}]},"3":{"loc":{"start":{"line":22,"column":13},"end":{"line":22,"column":29}},"type":"binary-expr","locations":[{"start":{"line":22,"column":13},"end":{"line":22,"column":29}},{"start":{"line":22,"column":13},"end":{"line":22,"column":29}}]}},"s":{"0":1030,"1":176,"2":176,"3":176,"4":39,"5":6,"6":8,"7":8,"8":8,"9":6,"10":6,"11":6,"12":8,"13":56,"14":170,"15":0,"16":0,"17":0,"18":0,"19":0,"20":0,"21":0,"22":0,"23":0,"24":0,"25":0,"26":0,"27":0,"28":55,"29":10,"30":106,"31":92,"32":108,"33":8,"34":4,"35":8,"36":8,"37":8,"38":8,"39":8,"40":28,"41":28,"42":28,"43":28,"44":28,"45":0,"46":0,"47":0,"48":176},"f":{"0":412,"1":176,"2":39,"3":6,"4":8,"5":8,"6":8,"7":6,"8":6,"9":8,"10":56,"11":170,"12":0,"13":0,"14":0,"15":0,"16":0,"17":0,"18":0,"19":0,"20":0,"21":0,"22":0,"23":0,"24":0,"25":55,"26":10,"27":106,"28":92,"29":108,"30":8,"31":4,"32":8,"33":8,"34":8,"35":28,"36":0,"37":0},"b":{"0":[0,0],"1":[0,0],"2":[28,0],"3":[176,176]}}
,"C:\\Users\\User\\Desktop\\Isekai_Orpheus_Bot\\Isekai_Orpheus_Bot\\src\\app\\services\\spinner.service.ts": {"path":"C:\\Users\\User\\Desktop\\Isekai_Orpheus_Bot\\Isekai_Orpheus_Bot\\src\\app\\services\\spinner.service.ts","statementMap":{"0":{"start":{"line":7,"column":0},"end":{"line":7,"column":13}},"1":{"start":{"line":9,"column":55},"end":{"line":9,"column":60}},"2":{"start":{"line":9,"column":22},"end":{"line":9,"column":55}},"3":{"start":{"line":12,"column":4},"end":{"line":12,"column":9}},"4":{"start":{"line":16,"column":3},"end":{"line":16,"column":8}},"5":{"start":{"line":7,"column":13},"end":{"line":7,"column":null}}},"fnMap":{"0":{"name":"(anonymous_0)","decl":{"start":{"line":7,"column":0},"end":{"line":7,"column":13}},"loc":{"start":{"line":7,"column":0},"end":{"line":7,"column":13}}},"1":{"name":"SpinnerService","decl":{"start":{"line":9,"column":2},"end":{"line":9,"column":22}},"loc":{"start":{"line":9,"column":55},"end":{"line":9,"column":null}}},"2":{"name":"llamarSpinner","decl":{"start":{"line":11,"column":9},"end":{"line":11,"column":22}},"loc":{"start":{"line":11,"column":22},"end":{"line":13,"column":null}}},"3":{"name":"detenerSpinner","decl":{"start":{"line":15,"column":9},"end":{"line":15,"column":23}},"loc":{"start":{"line":15,"column":23},"end":{"line":17,"column":null}}}},"branchMap":{"0":{"loc":{"start":{"line":7,"column":13},"end":{"line":7,"column":27}},"type":"binary-expr","locations":[{"start":{"line":7,"column":13},"end":{"line":7,"column":27}},{"start":{"line":7,"column":13},"end":{"line":7,"column":27}}]}},"s":{"0":1030,"1":194,"2":194,"3":924,"4":900,"5":194},"f":{"0":412,"1":194,"2":924,"3":900},"b":{"0":[194,194]}}
,"C:/Users/User/Desktop/Isekai_Orpheus_Bot/Isekai_Orpheus_Bot/src/assets/vendor/@fortawesome/fontawesome-free/js/all.min.js": {"path":"C:/Users/User/Desktop/Isekai_Orpheus_Bot/Isekai_Orpheus_Bot/src/assets/vendor/@fortawesome/fontawesome-free/js/all.min.js","statementMap":{},"fnMap":{},"branchMap":{},"s":{},"f":{},"b":{}}
,"C:/Users/User/Desktop/Isekai_Orpheus_Bot/Isekai_Orpheus_Bot/src/assets/vendor/@fortawesome/fontawesome-free/js/brands.min.js": {"path":"C:/Users/User/Desktop/Isekai_Orpheus_Bot/Isekai_Orpheus_Bot/src/assets/vendor/@fortawesome/fontawesome-free/js/brands.min.js","statementMap":{},"fnMap":{},"branchMap":{},"s":{},"f":{},"b":{}}
,"C:/Users/User/Desktop/Isekai_Orpheus_Bot/Isekai_Orpheus_Bot/src/assets/vendor/@fortawesome/fontawesome-free/js/fontawesome.min.js": {"path":"C:/Users/User/Desktop/Isekai_Orpheus_Bot/Isekai_Orpheus_Bot/src/assets/vendor/@fortawesome/fontawesome-free/js/fontawesome.min.js","statementMap":{},"fnMap":{},"branchMap":{},"s":{},"f":{},"b":{}}
,"C:/Users/User/Desktop/Isekai_Orpheus_Bot/Isekai_Orpheus_Bot/src/assets/vendor/@fortawesome/fontawesome-free/js/regular.min.js": {"path":"C:/Users/User/Desktop/Isekai_Orpheus_Bot/Isekai_Orpheus_Bot/src/assets/vendor/@fortawesome/fontawesome-free/js/regular.min.js","statementMap":{},"fnMap":{},"branchMap":{},"s":{},"f":{},"b":{}}
,"C:/Users/User/Desktop/Isekai_Orpheus_Bot/Isekai_Orpheus_Bot/src/assets/vendor/@fortawesome/fontawesome-free/js/solid.min.js": {"path":"C:/Users/User/Desktop/Isekai_Orpheus_Bot/Isekai_Orpheus_Bot/src/assets/vendor/@fortawesome/fontawesome-free/js/solid.min.js","statementMap":{},"fnMap":{},"branchMap":{},"s":{},"f":{},"b":{}}
,"C:/Users/User/Desktop/Isekai_Orpheus_Bot/Isekai_Orpheus_Bot/src/assets/vendor/@fortawesome/fontawesome-free/js/v4-shims.min.js": {"path":"C:/Users/User/Desktop/Isekai_Orpheus_Bot/Isekai_Orpheus_Bot/src/assets/vendor/@fortawesome/fontawesome-free/js/v4-shims.min.js","statementMap":{},"fnMap":{},"branchMap":{},"s":{},"f":{},"b":{}}
,"C:/Users/User/Desktop/Isekai_Orpheus_Bot/Isekai_Orpheus_Bot/src/environments/environment.prod.ts": {"path":"C:/Users/User/Desktop/Isekai_Orpheus_Bot/Isekai_Orpheus_Bot/src/environments/environment.prod.ts","statementMap":{},"fnMap":{},"branchMap":{},"s":{},"f":{},"b":{}}
,"C:\\Users\\User\\Desktop\\Isekai_Orpheus_Bot\\Isekai_Orpheus_Bot\\src\\environments\\environment.ts": {"path":"C:\\Users\\User\\Desktop\\Isekai_Orpheus_Bot\\Isekai_Orpheus_Bot\\src\\environments\\environment.ts","statementMap":{"0":{"start":{"line":5,"column":27},"end":{"line":5,"column":null}}},"fnMap":{},"branchMap":{},"s":{"0":206},"f":{},"b":{}}
}
