{"C:/Users/User/Desktop/Isekai_Orpheus_Bot/Isekai_Orpheus_Bot/coverage-e2e/lcov-report/block-navigation.js": {"path":"C:/Users/User/Desktop/Isekai_Orpheus_Bot/Isekai_Orpheus_Bot/coverage-e2e/lcov-report/block-navigation.js","statementMap":{},"fnMap":{},"branchMap":{},"s":{},"f":{},"b":{}}
,"C:/Users/User/Desktop/Isekai_Orpheus_Bot/Isekai_Orpheus_Bot/coverage-e2e/lcov-report/prettify.js": {"path":"C:/Users/User/Desktop/Isekai_Orpheus_Bot/Isekai_Orpheus_Bot/coverage-e2e/lcov-report/prettify.js","statementMap":{},"fnMap":{},"branchMap":{},"s":{},"f":{},"b":{}}
,"C:/Users/User/Desktop/Isekai_Orpheus_Bot/Isekai_Orpheus_Bot/coverage-e2e/lcov-report/sorter.js": {"path":"C:/Users/User/Desktop/Isekai_Orpheus_Bot/Isekai_Orpheus_Bot/coverage-e2e/lcov-report/sorter.js","statementMap":{},"fnMap":{},"branchMap":{},"s":{},"f":{},"b":{}}
,"C:/Users/User/Desktop/Isekai_Orpheus_Bot/Isekai_Orpheus_Bot/src/custom-service-worker.js": {"path":"C:/Users/User/Desktop/Isekai_Orpheus_Bot/Isekai_Orpheus_Bot/src/custom-service-worker.js","statementMap":{},"fnMap":{},"branchMap":{},"s":{},"f":{},"b":{}}
,"C:\\Users\\User\\Desktop\\Isekai_Orpheus_Bot\\Isekai_Orpheus_Bot\\src\\main.ts": {"path":"C:\\Users\\User\\Desktop\\Isekai_Orpheus_Bot\\Isekai_Orpheus_Bot\\src\\main.ts","statementMap":{"0":{"start":{"line":24,"column":0},"end":{"line":26,"column":null}},"1":{"start":{"line":25,"column":2},"end":{"line":25,"column":null}},"2":{"start":{"line":28,"column":0},"end":{"line":28,"column":25}},"3":{"start":{"line":29,"column":12},"end":{"line":29,"column":16}}},"fnMap":{"0":{"name":"(anonymous_0)","decl":{"start":{"line":29,"column":9},"end":{"line":29,"column":12}},"loc":{"start":{"line":29,"column":12},"end":{"line":29,"column":16}}}},"branchMap":{"0":{"loc":{"start":{"line":24,"column":0},"end":{"line":26,"column":null}},"type":"if","locations":[{"start":{"line":24,"column":0},"end":{"line":26,"column":null}},{"start":{"line":24,"column":0},"end":{"line":26,"column":null}}]}},"s":{"0":94,"1":0,"2":94,"3":0},"f":{"0":0},"b":{"0":[0,94]}}
,"C:\\Users\\User\\Desktop\\Isekai_Orpheus_Bot\\Isekai_Orpheus_Bot\\src\\app\\app.component.html": {"path":"C:\\Users\\User\\Desktop\\Isekai_Orpheus_Bot\\Isekai_Orpheus_Bot\\src\\app\\app.component.html","statementMap":{"0":{"start":{"line":1,"column":0},"end":{"line":1,"column":null}},"1":{"start":{"line":3,"column":0},"end":{"line":3,"column":91}},"2":{"start":{"line":3,"column":139},"end":{"line":3,"column":150}},"3":{"start":{"line":3,"column":150},"end":{"line":3,"column":null}},"4":{"start":{"line":3,"column":91},"end":{"line":3,"column":113}}},"fnMap":{},"branchMap":{},"s":{"0":94,"1":94,"2":94,"3":94,"4":26090},"f":{},"b":{}}
,"C:\\Users\\User\\Desktop\\Isekai_Orpheus_Bot\\Isekai_Orpheus_Bot\\src\\app\\app.component.ts": {"path":"C:\\Users\\User\\Desktop\\Isekai_Orpheus_Bot\\Isekai_Orpheus_Bot\\src\\app\\app.component.ts","statementMap":{"0":{"start":{"line":8,"column":0},"end":{"line":8,"column":13}},"1":{"start":{"line":8,"column":13},"end":{"line":8,"column":25}}},"fnMap":{"0":{"name":"(anonymous_0)","decl":{"start":{"line":8,"column":0},"end":{"line":8,"column":13}},"loc":{"start":{"line":8,"column":0},"end":{"line":8,"column":13}}}},"branchMap":{"0":{"loc":{"start":{"line":8,"column":13},"end":{"line":8,"column":25}},"type":"binary-expr","locations":[{"start":{"line":8,"column":13},"end":{"line":8,"column":25}},{"start":{"line":8,"column":13},"end":{"line":8,"column":25}}]}},"s":{"0":376,"1":94},"f":{"0":188},"b":{"0":[94,94]}}
,"C:\\Users\\User\\Desktop\\Isekai_Orpheus_Bot\\Isekai_Orpheus_Bot\\src\\app\\app.module.ts": {"path":"C:\\Users\\User\\Desktop\\Isekai_Orpheus_Bot\\Isekai_Orpheus_Bot\\src\\app\\app.module.ts","statementMap":{"0":{"start":{"line":62,"column":0},"end":{"line":62,"column":13}},"1":{"start":{"line":62,"column":13},"end":{"line":62,"column":22}}},"fnMap":{"0":{"name":"(anonymous_0)","decl":{"start":{"line":62,"column":0},"end":{"line":62,"column":13}},"loc":{"start":{"line":62,"column":0},"end":{"line":62,"column":13}}}},"branchMap":{"0":{"loc":{"start":{"line":62,"column":13},"end":{"line":62,"column":22}},"type":"binary-expr","locations":[{"start":{"line":62,"column":13},"end":{"line":62,"column":22}},{"start":{"line":62,"column":13},"end":{"line":62,"column":22}}]}},"s":{"0":376,"1":94},"f":{"0":188},"b":{"0":[94,94]}}
,"C:\\Users\\User\\Desktop\\Isekai_Orpheus_Bot\\Isekai_Orpheus_Bot\\src\\app\\app.routing.ts": {"path":"C:\\Users\\User\\Desktop\\Isekai_Orpheus_Bot\\Isekai_Orpheus_Bot\\src\\app\\app.routing.ts","statementMap":{"0":{"start":{"line":10,"column":22},"end":{"line":10,"column":null}},"1":{"start":{"line":21,"column":22},"end":{"line":21,"column":28}},"2":{"start":{"line":21,"column":93},"end":{"line":21,"column":97}},"3":{"start":{"line":30,"column":22},"end":{"line":30,"column":28}},"4":{"start":{"line":30,"column":91},"end":{"line":30,"column":95}},"5":{"start":{"line":51,"column":0},"end":{"line":51,"column":13}},"6":{"start":{"line":51,"column":13},"end":{"line":51,"column":29}}},"fnMap":{"0":{"name":"loadChildren","decl":{"start":{"line":21,"column":22},"end":{"line":21,"column":28}},"loc":{"start":{"line":21,"column":22},"end":{"line":21,"column":28}}},"1":{"name":"(anonymous_1)","decl":{"start":{"line":21,"column":92},"end":{"line":21,"column":93}},"loc":{"start":{"line":21,"column":93},"end":{"line":21,"column":97}}},"2":{"name":"loadChildren","decl":{"start":{"line":30,"column":22},"end":{"line":30,"column":28}},"loc":{"start":{"line":30,"column":22},"end":{"line":30,"column":28}}},"3":{"name":"(anonymous_3)","decl":{"start":{"line":30,"column":90},"end":{"line":30,"column":91}},"loc":{"start":{"line":30,"column":91},"end":{"line":30,"column":95}}},"4":{"name":"(anonymous_4)","decl":{"start":{"line":51,"column":0},"end":{"line":51,"column":13}},"loc":{"start":{"line":51,"column":0},"end":{"line":51,"column":13}}}},"branchMap":{"0":{"loc":{"start":{"line":51,"column":13},"end":{"line":51,"column":29}},"type":"binary-expr","locations":[{"start":{"line":51,"column":13},"end":{"line":51,"column":29}},{"start":{"line":51,"column":13},"end":{"line":51,"column":29}}]}},"s":{"0":94,"1":94,"2":94,"3":94,"4":94,"5":376,"6":94},"f":{"0":94,"1":94,"2":94,"3":94,"4":188},"b":{"0":[94,94]}}
,"C:\\Users\\User\\Desktop\\Isekai_Orpheus_Bot\\Isekai_Orpheus_Bot\\src\\app\\Constants\\Constant.ts": {"path":"C:\\Users\\User\\Desktop\\Isekai_Orpheus_Bot\\Isekai_Orpheus_Bot\\src\\app\\Constants\\Constant.ts","statementMap":{"0":{"start":{"line":3,"column":0},"end":{"line":3,"column":13}},"1":{"start":{"line":4,"column":27},"end":{"line":4,"column":40}}},"fnMap":{"0":{"name":"(anonymous_0)","decl":{"start":{"line":3,"column":0},"end":{"line":3,"column":13}},"loc":{"start":{"line":3,"column":0},"end":{"line":3,"column":13}}}},"branchMap":{},"s":{"0":282,"1":94},"f":{"0":94},"b":{}}
,"C:\\Users\\User\\Desktop\\Isekai_Orpheus_Bot\\Isekai_Orpheus_Bot\\src\\app\\components\\components.module.ts": {"path":"C:\\Users\\User\\Desktop\\Isekai_Orpheus_Bot\\Isekai_Orpheus_Bot\\src\\app\\components\\components.module.ts","statementMap":{"0":{"start":{"line":26,"column":0},"end":{"line":26,"column":13}},"1":{"start":{"line":26,"column":13},"end":{"line":26,"column":29}}},"fnMap":{"0":{"name":"(anonymous_0)","decl":{"start":{"line":26,"column":0},"end":{"line":26,"column":13}},"loc":{"start":{"line":26,"column":0},"end":{"line":26,"column":13}}}},"branchMap":{"0":{"loc":{"start":{"line":26,"column":13},"end":{"line":26,"column":29}},"type":"binary-expr","locations":[{"start":{"line":26,"column":13},"end":{"line":26,"column":29}},{"start":{"line":26,"column":13},"end":{"line":26,"column":29}}]}},"s":{"0":376,"1":94},"f":{"0":188},"b":{"0":[94,94]}}
,"C:\\Users\\User\\Desktop\\Isekai_Orpheus_Bot\\Isekai_Orpheus_Bot\\src\\app\\components\\footer\\footer.component.html": {"path":"C:\\Users\\User\\Desktop\\Isekai_Orpheus_Bot\\Isekai_Orpheus_Bot\\src\\app\\components\\footer\\footer.component.html","statementMap":{"0":{"start":{"line":1,"column":0},"end":{"line":1,"column":23}},"1":{"start":{"line":5,"column":8},"end":{"line":5,"column":41}},"2":{"start":{"line":5,"column":41},"end":{"line":5,"column":127}},"3":{"start":{"line":5,"column":127},"end":{"line":5,"column":130}},"4":{"start":{"line":5,"column":130},"end":{"line":5,"column":null}}},"fnMap":{},"branchMap":{},"s":{"0":57,"1":11227,"2":57,"3":57,"4":57},"f":{},"b":{}}
,"C:\\Users\\User\\Desktop\\Isekai_Orpheus_Bot\\Isekai_Orpheus_Bot\\src\\app\\components\\footer\\footer.component.ts": {"path":"C:\\Users\\User\\Desktop\\Isekai_Orpheus_Bot\\Isekai_Orpheus_Bot\\src\\app\\components\\footer\\footer.component.ts","statementMap":{"0":{"start":{"line":8,"column":0},"end":{"line":8,"column":13}},"1":{"start":{"line":11,"column":2},"end":{"line":11,"column":null}},"2":{"start":{"line":9,"column":2},"end":{"line":9,"column":15}},"3":{"start":{"line":8,"column":13},"end":{"line":8,"column":28}}},"fnMap":{"0":{"name":"(anonymous_0)","decl":{"start":{"line":8,"column":0},"end":{"line":8,"column":13}},"loc":{"start":{"line":8,"column":0},"end":{"line":8,"column":13}}},"1":{"name":"FooterComponent","decl":{"start":{"line":11,"column":2},"end":{"line":11,"column":null}},"loc":{"start":{"line":11,"column":2},"end":{"line":13,"column":null}}},"2":{"name":"ngOnInit","decl":{"start":{"line":15,"column":2},"end":{"line":15,"column":10}},"loc":{"start":{"line":15,"column":10},"end":{"line":17,"column":null}}}},"branchMap":{"0":{"loc":{"start":{"line":8,"column":13},"end":{"line":8,"column":28}},"type":"binary-expr","locations":[{"start":{"line":8,"column":13},"end":{"line":8,"column":28}},{"start":{"line":8,"column":13},"end":{"line":8,"column":28}}]}},"s":{"0":470,"1":57,"2":57,"3":57},"f":{"0":188,"1":57,"2":57},"b":{"0":[57,57]}}
,"C:\\Users\\User\\Desktop\\Isekai_Orpheus_Bot\\Isekai_Orpheus_Bot\\src\\app\\components\\navbar\\navbar.component.html": {"path":"C:\\Users\\User\\Desktop\\Isekai_Orpheus_Bot\\Isekai_Orpheus_Bot\\src\\app\\components\\navbar\\navbar.component.html","statementMap":{"0":{"start":{"line":1,"column":0},"end":{"line":1,"column":77}},"1":{"start":{"line":4,"column":100},"end":{"line":4,"column":114}},"2":{"start":{"line":4,"column":114},"end":{"line":4,"column":null}},"3":{"start":{"line":6,"column":4},"end":{"line":6,"column":null}},"4":{"start":{"line":7,"column":6},"end":{"line":7,"column":null}},"5":{"start":{"line":10,"column":4},"end":{"line":10,"column":null}},"6":{"start":{"line":12,"column":4},"end":{"line":12,"column":63}},"7":{"start":{"line":17,"column":14},"end":{"line":17,"column":null}},"8":{"start":{"line":18,"column":12},"end":{"line":18,"column":null}},"9":{"start":{"line":19,"column":12},"end":{"line":19,"column":59}},"10":{"start":{"line":20,"column":79},"end":{"line":20,"column":97}},"11":{"start":{"line":20,"column":97},"end":{"line":20,"column":null}},"12":{"start":{"line":24,"column":8},"end":{"line":24,"column":77}},"13":{"start":{"line":26,"column":12},"end":{"line":26,"column":null}},"14":{"start":{"line":27,"column":12},"end":{"line":27,"column":18}},"15":{"start":{"line":27,"column":18},"end":{"line":27,"column":36}},"16":{"start":{"line":27,"column":36},"end":{"line":27,"column":null}},"17":{"start":{"line":29,"column":10},"end":{"line":29,"column":37}},"18":{"start":{"line":29,"column":37},"end":{"line":29,"column":46}},"19":{"start":{"line":30,"column":12},"end":{"line":30,"column":null}},"20":{"start":{"line":31,"column":12},"end":{"line":31,"column":18}},"21":{"start":{"line":31,"column":18},"end":{"line":31,"column":24}},"22":{"start":{"line":31,"column":24},"end":{"line":31,"column":null}},"23":{"start":{"line":25,"column":37},"end":{"line":25,"column":null}}},"fnMap":{"0":{"name":"NavbarComponent_Template_div_click_20_listener","decl":{"start":{"line":29,"column":37},"end":{"line":29,"column":46}},"loc":{"start":{"line":29,"column":37},"end":{"line":29,"column":null}}}},"branchMap":{},"s":{"0":57,"1":11227,"2":57,"3":57,"4":57,"5":57,"6":57,"7":57,"8":57,"9":57,"10":11227,"11":57,"12":57,"13":57,"14":57,"15":57,"16":57,"17":57,"18":57,"19":57,"20":57,"21":57,"22":57,"23":11170},"f":{"0":0},"b":{}}
,"C:\\Users\\User\\Desktop\\Isekai_Orpheus_Bot\\Isekai_Orpheus_Bot\\src\\app\\components\\navbar\\navbar.component.ts": {"path":"C:\\Users\\User\\Desktop\\Isekai_Orpheus_Bot\\Isekai_Orpheus_Bot\\src\\app\\components\\navbar\\navbar.component.ts","statementMap":{"0":{"start":{"line":15,"column":0},"end":{"line":15,"column":13}},"1":{"start":{"line":24,"column":29},"end":{"line":24,"column":null}},"2":{"start":{"line":22,"column":12},"end":{"line":22,"column":null}},"3":{"start":{"line":23,"column":12},"end":{"line":23,"column":null}},"4":{"start":{"line":24,"column":12},"end":{"line":24,"column":29}},"5":{"start":{"line":26,"column":4},"end":{"line":26,"column":9}},"6":{"start":{"line":30,"column":4},"end":{"line":30,"column":12}},"7":{"start":{"line":32,"column":8},"end":{"line":32,"column":13}},"8":{"start":{"line":32,"column":54},"end":{"line":32,"column":55}},"9":{"start":{"line":33,"column":8},"end":{"line":33,"column":null}},"10":{"start":{"line":35,"column":8},"end":{"line":35,"column":13}},"11":{"start":{"line":35,"column":51},"end":{"line":35,"column":52}},"12":{"start":{"line":36,"column":8},"end":{"line":36,"column":null}},"13":{"start":{"line":38,"column":8},"end":{"line":38,"column":null}},"14":{"start":{"line":41,"column":4},"end":{"line":41,"column":9}},"15":{"start":{"line":45,"column":17},"end":{"line":45,"column":22}},"16":{"start":{"line":46,"column":4},"end":{"line":48,"column":null}},"17":{"start":{"line":47,"column":6},"end":{"line":47,"column":12}},"18":{"start":{"line":44,"column":10},"end":{"line":44,"column":null}},"19":{"start":{"line":49,"column":4},"end":{"line":53,"column":null}},"20":{"start":{"line":49,"column":39},"end":{"line":49,"column":null}},"21":{"start":{"line":50,"column":6},"end":{"line":52,"column":null}},"22":{"start":{"line":51,"column":8},"end":{"line":51,"column":15}},"23":{"start":{"line":57,"column":4},"end":{"line":57,"column":11}},"24":{"start":{"line":58,"column":4},"end":{"line":58,"column":9}},"25":{"start":{"line":59,"column":4},"end":{"line":59,"column":9}},"26":{"start":{"line":60,"column":4},"end":{"line":60,"column":16}},"27":{"start":{"line":64,"column":4},"end":{"line":64,"column":9}},"28":{"start":{"line":15,"column":13},"end":{"line":15,"column":null}}},"fnMap":{"0":{"name":"(anonymous_1)","decl":{"start":{"line":15,"column":0},"end":{"line":15,"column":13}},"loc":{"start":{"line":15,"column":0},"end":{"line":15,"column":13}}},"1":{"name":"NavbarComponent","decl":{"start":{"line":20,"column":2},"end":{"line":20,"column":null}},"loc":{"start":{"line":24,"column":29},"end":{"line":27,"column":null}}},"2":{"name":"ngOnInit","decl":{"start":{"line":29,"column":2},"end":{"line":29,"column":10}},"loc":{"start":{"line":29,"column":10},"end":{"line":42,"column":null}}},"3":{"name":"(anonymous_5)","decl":{"start":{"line":32,"column":54},"end":{"line":32,"column":55}},"loc":{"start":{"line":32,"column":54},"end":{"line":32,"column":55}}},"4":{"name":"(anonymous_6)","decl":{"start":{"line":35,"column":51},"end":{"line":35,"column":52}},"loc":{"start":{"line":35,"column":51},"end":{"line":35,"column":52}}},"5":{"name":"getTitle","decl":{"start":{"line":44,"column":2},"end":{"line":44,"column":10}},"loc":{"start":{"line":44,"column":10},"end":{"line":54,"column":null}}},"6":{"name":"onLogout","decl":{"start":{"line":56,"column":2},"end":{"line":56,"column":10}},"loc":{"start":{"line":56,"column":10},"end":{"line":61,"column":null}}},"7":{"name":"changePassword","decl":{"start":{"line":63,"column":2},"end":{"line":63,"column":16}},"loc":{"start":{"line":63,"column":16},"end":{"line":65,"column":null}}}},"branchMap":{"0":{"loc":{"start":{"line":30,"column":4},"end":{"line":30,"column":12}},"type":"switch","locations":[{"start":{"line":31,"column":6},"end":{"line":33,"column":null}},{"start":{"line":34,"column":6},"end":{"line":36,"column":null}},{"start":{"line":37,"column":6},"end":{"line":38,"column":null}}]},"1":{"loc":{"start":{"line":46,"column":4},"end":{"line":48,"column":null}},"type":"if","locations":[{"start":{"line":46,"column":4},"end":{"line":48,"column":null}},{"start":{"line":46,"column":4},"end":{"line":48,"column":null}}]},"2":{"loc":{"start":{"line":50,"column":6},"end":{"line":52,"column":null}},"type":"if","locations":[{"start":{"line":50,"column":6},"end":{"line":52,"column":null}},{"start":{"line":50,"column":6},"end":{"line":52,"column":null}}]},"3":{"loc":{"start":{"line":15,"column":13},"end":{"line":15,"column":28}},"type":"binary-expr","locations":[{"start":{"line":15,"column":13},"end":{"line":15,"column":28}},{"start":{"line":15,"column":13},"end":{"line":15,"column":28}}]}},"s":{"0":470,"1":57,"2":57,"3":57,"4":57,"5":57,"6":57,"7":0,"8":0,"9":0,"10":57,"11":114,"12":57,"13":0,"14":57,"15":5585,"16":5585,"17":5585,"18":16755,"19":5585,"20":9565,"21":9565,"22":5585,"23":0,"24":0,"25":0,"26":0,"27":0,"28":57},"f":{"0":188,"1":57,"2":57,"3":0,"4":114,"5":5585,"6":0,"7":0},"b":{"0":[0,57,0],"1":[5585,0],"2":[5585,3980],"3":[57,57]}}
,"C:\\Users\\User\\Desktop\\Isekai_Orpheus_Bot\\Isekai_Orpheus_Bot\\src\\app\\components\\sidebar\\sidebar.component.html": {"path":"C:\\Users\\User\\Desktop\\Isekai_Orpheus_Bot\\Isekai_Orpheus_Bot\\src\\app\\components\\sidebar\\sidebar.component.html","statementMap":{"0":{"start":{"line":52,"column":10},"end":{"line":52,"column":35}},"1":{"start":{"line":54,"column":18},"end":{"line":54,"column":21}},"2":{"start":{"line":55,"column":18},"end":{"line":55,"column":null}},"3":{"start":{"line":56,"column":14},"end":{"line":56,"column":null}},"4":{"start":{"line":52,"column":49},"end":{"line":52,"column":85}},"5":{"start":{"line":53,"column":43},"end":{"line":53,"column":null}},"6":{"start":{"line":54,"column":21},"end":{"line":54,"column":null}},"7":{"start":{"line":1,"column":0},"end":{"line":1,"column":93}},"8":{"start":{"line":4,"column":49},"end":{"line":4,"column":null}},"9":{"start":{"line":6,"column":6},"end":{"line":6,"column":null}},"10":{"start":{"line":7,"column":4},"end":{"line":7,"column":null}},"11":{"start":{"line":9,"column":4},"end":{"line":9,"column":59}},"12":{"start":{"line":10,"column":6},"end":{"line":10,"column":null}},"13":{"start":{"line":11,"column":4},"end":{"line":11,"column":null}},"14":{"start":{"line":13,"column":4},"end":{"line":13,"column":49}},"15":{"start":{"line":17,"column":57},"end":{"line":17,"column":75}},"16":{"start":{"line":17,"column":75},"end":{"line":17,"column":null}},"17":{"start":{"line":20,"column":8},"end":{"line":20,"column":77}},"18":{"start":{"line":22,"column":12},"end":{"line":22,"column":null}},"19":{"start":{"line":23,"column":12},"end":{"line":23,"column":18}},"20":{"start":{"line":23,"column":18},"end":{"line":23,"column":36}},"21":{"start":{"line":23,"column":36},"end":{"line":23,"column":null}},"22":{"start":{"line":25,"column":10},"end":{"line":25,"column":39}},"23":{"start":{"line":25,"column":39},"end":{"line":25,"column":48}},"24":{"start":{"line":26,"column":12},"end":{"line":26,"column":null}},"25":{"start":{"line":27,"column":12},"end":{"line":27,"column":18}},"26":{"start":{"line":27,"column":18},"end":{"line":27,"column":24}},"27":{"start":{"line":27,"column":24},"end":{"line":27,"column":null}},"28":{"start":{"line":33,"column":4},"end":{"line":33,"column":43}},"29":{"start":{"line":39,"column":14},"end":{"line":39,"column":null}},"30":{"start":{"line":40,"column":12},"end":{"line":40,"column":null}},"31":{"start":{"line":42,"column":10},"end":{"line":42,"column":44}},"32":{"start":{"line":43,"column":57},"end":{"line":43,"column":null}},"33":{"start":{"line":44,"column":14},"end":{"line":44,"column":27}},"34":{"start":{"line":46,"column":12},"end":{"line":46,"column":null}},"35":{"start":{"line":51,"column":6},"end":{"line":51,"column":null}},"36":{"start":{"line":58,"column":6},"end":{"line":58,"column":null}},"37":{"start":{"line":9,"column":59},"end":{"line":9,"column":null}},"38":{"start":{"line":21,"column":39},"end":{"line":21,"column":null}},"39":{"start":{"line":33,"column":43},"end":{"line":33,"column":98}},"40":{"start":{"line":38,"column":42},"end":{"line":38,"column":null}},"41":{"start":{"line":52,"column":35},"end":{"line":52,"column":49}}},"fnMap":{"0":{"name":"SidebarComponent_Template_button_click_2_listener","decl":{"start":{"line":4,"column":49},"end":{"line":4,"column":null}},"loc":{"start":{"line":4,"column":49},"end":{"line":4,"column":null}}},"1":{"name":"SidebarComponent_Template_div_click_17_listener","decl":{"start":{"line":25,"column":39},"end":{"line":25,"column":48}},"loc":{"start":{"line":25,"column":39},"end":{"line":25,"column":null}}},"2":{"name":"SidebarComponent_Template_button_click_28_listener","decl":{"start":{"line":43,"column":57},"end":{"line":43,"column":null}},"loc":{"start":{"line":43,"column":57},"end":{"line":43,"column":null}}}},"branchMap":{},"s":{"0":171,"1":114,"2":22454,"3":114,"4":11170,"5":22340,"6":22340,"7":57,"8":57,"9":57,"10":57,"11":57,"12":57,"13":57,"14":57,"15":11227,"16":57,"17":57,"18":57,"19":57,"20":57,"21":57,"22":57,"23":57,"24":57,"25":57,"26":57,"27":57,"28":57,"29":57,"30":57,"31":57,"32":57,"33":57,"34":57,"35":57,"36":57,"37":11170,"38":11170,"39":11170,"40":11170,"41":11170},"f":{"0":0,"1":0,"2":0},"b":{}}
,"C:\\Users\\User\\Desktop\\Isekai_Orpheus_Bot\\Isekai_Orpheus_Bot\\src\\app\\components\\sidebar\\sidebar.component.ts": {"path":"C:\\Users\\User\\Desktop\\Isekai_Orpheus_Bot\\Isekai_Orpheus_Bot\\src\\app\\components\\sidebar\\sidebar.component.ts","statementMap":{"0":{"start":{"line":11,"column":46},"end":{"line":11,"column":null}},"1":{"start":{"line":26,"column":49},"end":{"line":26,"column":null}},"2":{"start":{"line":52,"column":0},"end":{"line":52,"column":13}},"3":{"start":{"line":56,"column":63},"end":{"line":56,"column":67}},"4":{"start":{"line":56,"column":22},"end":{"line":56,"column":46}},"5":{"start":{"line":56,"column":46},"end":{"line":56,"column":63}},"6":{"start":{"line":54,"column":9},"end":{"line":54,"column":23}},"7":{"start":{"line":59,"column":4},"end":{"line":59,"column":12}},"8":{"start":{"line":61,"column":8},"end":{"line":61,"column":13}},"9":{"start":{"line":61,"column":53},"end":{"line":61,"column":54}},"10":{"start":{"line":62,"column":8},"end":{"line":62,"column":null}},"11":{"start":{"line":64,"column":8},"end":{"line":64,"column":13}},"12":{"start":{"line":64,"column":50},"end":{"line":64,"column":51}},"13":{"start":{"line":65,"column":8},"end":{"line":65,"column":null}},"14":{"start":{"line":67,"column":8},"end":{"line":67,"column":null}},"15":{"start":{"line":69,"column":4},"end":{"line":69,"column":9}},"16":{"start":{"line":73,"column":4},"end":{"line":73,"column":9}},"17":{"start":{"line":74,"column":4},"end":{"line":74,"column":9}},"18":{"start":{"line":75,"column":4},"end":{"line":75,"column":16}},"19":{"start":{"line":79,"column":4},"end":{"line":79,"column":9}},"20":{"start":{"line":52,"column":13},"end":{"line":52,"column":null}}},"fnMap":{"0":{"name":"(anonymous_4)","decl":{"start":{"line":52,"column":0},"end":{"line":52,"column":13}},"loc":{"start":{"line":52,"column":0},"end":{"line":52,"column":13}}},"1":{"name":"SidebarComponent","decl":{"start":{"line":56,"column":2},"end":{"line":56,"column":22}},"loc":{"start":{"line":56,"column":63},"end":{"line":56,"column":null}}},"2":{"name":"ngOnInit","decl":{"start":{"line":58,"column":2},"end":{"line":58,"column":10}},"loc":{"start":{"line":58,"column":10},"end":{"line":70,"column":null}}},"3":{"name":"(anonymous_8)","decl":{"start":{"line":61,"column":53},"end":{"line":61,"column":54}},"loc":{"start":{"line":61,"column":53},"end":{"line":61,"column":54}}},"4":{"name":"(anonymous_9)","decl":{"start":{"line":64,"column":50},"end":{"line":64,"column":51}},"loc":{"start":{"line":64,"column":50},"end":{"line":64,"column":51}}},"5":{"name":"onLogout","decl":{"start":{"line":72,"column":2},"end":{"line":72,"column":10}},"loc":{"start":{"line":72,"column":10},"end":{"line":76,"column":null}}},"6":{"name":"changePassword","decl":{"start":{"line":78,"column":2},"end":{"line":78,"column":16}},"loc":{"start":{"line":78,"column":16},"end":{"line":80,"column":null}}}},"branchMap":{"0":{"loc":{"start":{"line":59,"column":4},"end":{"line":59,"column":12}},"type":"switch","locations":[{"start":{"line":60,"column":6},"end":{"line":62,"column":null}},{"start":{"line":63,"column":6},"end":{"line":65,"column":null}},{"start":{"line":66,"column":6},"end":{"line":67,"column":null}}]},"1":{"loc":{"start":{"line":52,"column":13},"end":{"line":52,"column":29}},"type":"binary-expr","locations":[{"start":{"line":52,"column":13},"end":{"line":52,"column":29}},{"start":{"line":52,"column":13},"end":{"line":52,"column":29}}]}},"s":{"0":94,"1":94,"2":470,"3":57,"4":57,"5":57,"6":57,"7":57,"8":0,"9":0,"10":0,"11":57,"12":114,"13":57,"14":0,"15":57,"16":0,"17":0,"18":0,"19":0,"20":57},"f":{"0":188,"1":57,"2":57,"3":0,"4":114,"5":0,"6":0},"b":{"0":[0,57,0],"1":[57,57]}}
,"C:/Users/User/Desktop/Isekai_Orpheus_Bot/Isekai_Orpheus_Bot/src/app/entities/tramite.ts": {"path":"C:/Users/User/Desktop/Isekai_Orpheus_Bot/Isekai_Orpheus_Bot/src/app/entities/tramite.ts","statementMap":{},"fnMap":{},"branchMap":{},"s":{},"f":{},"b":{}}
,"C:/Users/User/Desktop/Isekai_Orpheus_Bot/Isekai_Orpheus_Bot/src/app/entities/user.ts": {"path":"C:/Users/User/Desktop/Isekai_Orpheus_Bot/Isekai_Orpheus_Bot/src/app/entities/user.ts","statementMap":{},"fnMap":{},"branchMap":{},"s":{},"f":{},"b":{}}
,"C:\\Users\\User\\Desktop\\Isekai_Orpheus_Bot\\Isekai_Orpheus_Bot\\src\\app\\guards\\CheckLogin.guard.ts": {"path":"C:\\Users\\User\\Desktop\\Isekai_Orpheus_Bot\\Isekai_Orpheus_Bot\\src\\app\\guards\\CheckLogin.guard.ts","statementMap":{"0":{"start":{"line":7,"column":15},"end":{"line":7,"column":19}},"1":{"start":{"line":11,"column":0},"end":{"line":11,"column":13}},"2":{"start":{"line":12,"column":70},"end":{"line":12,"column":74}},"3":{"start":{"line":12,"column":22},"end":{"line":12,"column":46}},"4":{"start":{"line":12,"column":46},"end":{"line":12,"column":70}},"5":{"start":{"line":15,"column":4},"end":{"line":15,"column":11}},"6":{"start":{"line":16,"column":4},"end":{"line":25,"column":null}},"7":{"start":{"line":17,"column":6},"end":{"line":23,"column":null}},"8":{"start":{"line":18,"column":8},"end":{"line":18,"column":20}},"9":{"start":{"line":19,"column":8},"end":{"line":19,"column":15}},"10":{"start":{"line":21,"column":14},"end":{"line":21,"column":15}},"11":{"start":{"line":24,"column":6},"end":{"line":24,"column":11}},"12":{"start":{"line":27,"column":4},"end":{"line":27,"column":11}},"13":{"start":{"line":29,"column":10},"end":{"line":29,"column":11}},"14":{"start":{"line":11,"column":13},"end":{"line":11,"column":null}}},"fnMap":{"0":{"name":"(anonymous_0)","decl":{"start":{"line":11,"column":0},"end":{"line":11,"column":13}},"loc":{"start":{"line":11,"column":0},"end":{"line":11,"column":13}}},"1":{"name":"CheckLogin","decl":{"start":{"line":12,"column":2},"end":{"line":12,"column":22}},"loc":{"start":{"line":12,"column":70},"end":{"line":12,"column":null}}},"2":{"name":"canActivate","decl":{"start":{"line":14,"column":2},"end":{"line":14,"column":13}},"loc":{"start":{"line":14,"column":13},"end":{"line":31,"column":null}}},"3":{"name":"(anonymous_4)","decl":{"start":{"line":21,"column":14},"end":{"line":21,"column":15}},"loc":{"start":{"line":21,"column":14},"end":{"line":21,"column":15}}},"4":{"name":"(anonymous_5)","decl":{"start":{"line":29,"column":10},"end":{"line":29,"column":11}},"loc":{"start":{"line":29,"column":10},"end":{"line":29,"column":11}}}},"branchMap":{"0":{"loc":{"start":{"line":16,"column":4},"end":{"line":25,"column":null}},"type":"if","locations":[{"start":{"line":16,"column":4},"end":{"line":25,"column":null}},{"start":{"line":16,"column":4},"end":{"line":25,"column":null}}]},"1":{"loc":{"start":{"line":17,"column":6},"end":{"line":23,"column":null}},"type":"if","locations":[{"start":{"line":17,"column":6},"end":{"line":23,"column":null}},{"start":{"line":17,"column":6},"end":{"line":23,"column":null}}]},"2":{"loc":{"start":{"line":21,"column":39},"end":{"line":21,"column":null}},"type":"cond-expr","locations":[{"start":{"line":21,"column":47},"end":{"line":21,"column":55}},{"start":{"line":21,"column":55},"end":{"line":21,"column":null}}]},"3":{"loc":{"start":{"line":29,"column":35},"end":{"line":29,"column":null}},"type":"cond-expr","locations":[{"start":{"line":29,"column":43},"end":{"line":29,"column":50}},{"start":{"line":29,"column":50},"end":{"line":29,"column":null}}]},"4":{"loc":{"start":{"line":11,"column":13},"end":{"line":11,"column":23}},"type":"binary-expr","locations":[{"start":{"line":11,"column":13},"end":{"line":11,"column":23}},{"start":{"line":11,"column":13},"end":{"line":11,"column":23}}]}},"s":{"0":94,"1":470,"2":80,"3":80,"4":80,"5":84,"6":84,"7":0,"8":0,"9":0,"10":0,"11":0,"12":84,"13":84,"14":80},"f":{"0":188,"1":80,"2":84,"3":0,"4":84},"b":{"0":[0,84],"1":[0,0],"2":[0,0],"3":[84,0],"4":[80,80]}}
,"C:\\Users\\User\\Desktop\\Isekai_Orpheus_Bot\\Isekai_Orpheus_Bot\\src\\app\\guards\\FirstLogin.guard.ts": {"path":"C:\\Users\\User\\Desktop\\Isekai_Orpheus_Bot\\Isekai_Orpheus_Bot\\src\\app\\guards\\FirstLogin.guard.ts","statementMap":{"0":{"start":{"line":8,"column":0},"end":{"line":8,"column":13}},"1":{"start":{"line":9,"column":64},"end":{"line":9,"column":68}},"2":{"start":{"line":9,"column":22},"end":{"line":9,"column":47}},"3":{"start":{"line":9,"column":47},"end":{"line":9,"column":64}},"4":{"start":{"line":12,"column":4},"end":{"line":12,"column":11}},"5":{"start":{"line":13,"column":4},"end":{"line":15,"column":null}},"6":{"start":{"line":14,"column":6},"end":{"line":14,"column":13}},"7":{"start":{"line":16,"column":4},"end":{"line":20,"column":null}},"8":{"start":{"line":17,"column":6},"end":{"line":17,"column":11}},"9":{"start":{"line":19,"column":6},"end":{"line":19,"column":13}},"10":{"start":{"line":8,"column":13},"end":{"line":8,"column":null}}},"fnMap":{"0":{"name":"(anonymous_0)","decl":{"start":{"line":8,"column":0},"end":{"line":8,"column":13}},"loc":{"start":{"line":8,"column":0},"end":{"line":8,"column":13}}},"1":{"name":"FirstLogin","decl":{"start":{"line":9,"column":2},"end":{"line":9,"column":22}},"loc":{"start":{"line":9,"column":64},"end":{"line":9,"column":null}}},"2":{"name":"canActivate","decl":{"start":{"line":11,"column":2},"end":{"line":11,"column":13}},"loc":{"start":{"line":11,"column":13},"end":{"line":21,"column":null}}}},"branchMap":{"0":{"loc":{"start":{"line":13,"column":4},"end":{"line":15,"column":null}},"type":"if","locations":[{"start":{"line":13,"column":4},"end":{"line":15,"column":null}},{"start":{"line":13,"column":4},"end":{"line":15,"column":null}}]},"1":{"loc":{"start":{"line":16,"column":4},"end":{"line":20,"column":null}},"type":"if","locations":[{"start":{"line":16,"column":4},"end":{"line":20,"column":null}},{"start":{"line":16,"column":4},"end":{"line":20,"column":null}}]},"2":{"loc":{"start":{"line":8,"column":13},"end":{"line":8,"column":23}},"type":"binary-expr","locations":[{"start":{"line":8,"column":13},"end":{"line":8,"column":23}},{"start":{"line":8,"column":13},"end":{"line":8,"column":23}}]}},"s":{"0":470,"1":53,"2":53,"3":53,"4":98,"5":98,"6":0,"7":98,"8":0,"9":98,"10":53},"f":{"0":188,"1":53,"2":98},"b":{"0":[0,98],"1":[0,98],"2":[53,53]}}
,"C:\\Users\\User\\Desktop\\Isekai_Orpheus_Bot\\Isekai_Orpheus_Bot\\src\\app\\guards\\IsLogged.guard.ts": {"path":"C:\\Users\\User\\Desktop\\Isekai_Orpheus_Bot\\Isekai_Orpheus_Bot\\src\\app\\guards\\IsLogged.guard.ts","statementMap":{"0":{"start":{"line":10,"column":0},"end":{"line":10,"column":13}},"1":{"start":{"line":13,"column":70},"end":{"line":13,"column":73}},"2":{"start":{"line":13,"column":22},"end":{"line":13,"column":46}},"3":{"start":{"line":13,"column":46},"end":{"line":13,"column":70}},"4":{"start":{"line":16,"column":4},"end":{"line":16,"column":11}},"5":{"start":{"line":18,"column":4},"end":{"line":18,"column":11}},"6":{"start":{"line":20,"column":10},"end":{"line":20,"column":11}},"7":{"start":{"line":10,"column":13},"end":{"line":10,"column":null}}},"fnMap":{"0":{"name":"(anonymous_0)","decl":{"start":{"line":10,"column":0},"end":{"line":10,"column":13}},"loc":{"start":{"line":10,"column":0},"end":{"line":10,"column":13}}},"1":{"name":"IsLogged","decl":{"start":{"line":13,"column":2},"end":{"line":13,"column":22}},"loc":{"start":{"line":13,"column":70},"end":{"line":13,"column":null}}},"2":{"name":"canActivate","decl":{"start":{"line":15,"column":2},"end":{"line":15,"column":13}},"loc":{"start":{"line":15,"column":13},"end":{"line":22,"column":null}}},"3":{"name":"(anonymous_4)","decl":{"start":{"line":20,"column":10},"end":{"line":20,"column":11}},"loc":{"start":{"line":20,"column":10},"end":{"line":20,"column":11}}}},"branchMap":{"0":{"loc":{"start":{"line":20,"column":35},"end":{"line":20,"column":null}},"type":"cond-expr","locations":[{"start":{"line":20,"column":42},"end":{"line":20,"column":49}},{"start":{"line":20,"column":49},"end":{"line":20,"column":null}}]},"1":{"loc":{"start":{"line":10,"column":13},"end":{"line":10,"column":21}},"type":"binary-expr","locations":[{"start":{"line":10,"column":13},"end":{"line":10,"column":21}},{"start":{"line":10,"column":13},"end":{"line":10,"column":21}}]}},"s":{"0":470,"1":67,"2":67,"3":67,"4":120,"5":120,"6":120,"7":67},"f":{"0":188,"1":67,"2":120,"3":120},"b":{"0":[120,0],"1":[67,67]}}
,"C:\\Users\\User\\Desktop\\Isekai_Orpheus_Bot\\Isekai_Orpheus_Bot\\src\\app\\guards\\checkRole.guard.ts": {"path":"C:\\Users\\User\\Desktop\\Isekai_Orpheus_Bot\\Isekai_Orpheus_Bot\\src\\app\\guards\\checkRole.guard.ts","statementMap":{"0":{"start":{"line":5,"column":15},"end":{"line":5,"column":19}},"1":{"start":{"line":9,"column":0},"end":{"line":9,"column":13}},"2":{"start":{"line":10,"column":70},"end":{"line":10,"column":74}},"3":{"start":{"line":10,"column":22},"end":{"line":10,"column":46}},"4":{"start":{"line":10,"column":46},"end":{"line":10,"column":70}},"5":{"start":{"line":13,"column":4},"end":{"line":13,"column":11}},"6":{"start":{"line":14,"column":4},"end":{"line":14,"column":11}},"7":{"start":{"line":15,"column":4},"end":{"line":17,"column":null}},"8":{"start":{"line":16,"column":6},"end":{"line":16,"column":13}},"9":{"start":{"line":18,"column":4},"end":{"line":18,"column":12}},"10":{"start":{"line":20,"column":8},"end":{"line":25,"column":null}},"11":{"start":{"line":21,"column":10},"end":{"line":21,"column":15}},"12":{"start":{"line":22,"column":10},"end":{"line":22,"column":17}},"13":{"start":{"line":24,"column":10},"end":{"line":24,"column":17}},"14":{"start":{"line":27,"column":8},"end":{"line":35,"column":null}},"15":{"start":{"line":31,"column":10},"end":{"line":31,"column":15}},"16":{"start":{"line":32,"column":10},"end":{"line":32,"column":17}},"17":{"start":{"line":34,"column":10},"end":{"line":34,"column":17}},"18":{"start":{"line":37,"column":8},"end":{"line":37,"column":15}},"19":{"start":{"line":9,"column":13},"end":{"line":9,"column":null}}},"fnMap":{"0":{"name":"(anonymous_0)","decl":{"start":{"line":9,"column":0},"end":{"line":9,"column":13}},"loc":{"start":{"line":9,"column":0},"end":{"line":9,"column":13}}},"1":{"name":"CheckRole","decl":{"start":{"line":10,"column":2},"end":{"line":10,"column":22}},"loc":{"start":{"line":10,"column":70},"end":{"line":10,"column":null}}},"2":{"name":"canActivate","decl":{"start":{"line":12,"column":2},"end":{"line":12,"column":13}},"loc":{"start":{"line":12,"column":13},"end":{"line":39,"column":null}}}},"branchMap":{"0":{"loc":{"start":{"line":15,"column":4},"end":{"line":17,"column":null}},"type":"if","locations":[{"start":{"line":15,"column":4},"end":{"line":17,"column":null}},{"start":{"line":15,"column":4},"end":{"line":17,"column":null}}]},"1":{"loc":{"start":{"line":18,"column":4},"end":{"line":18,"column":12}},"type":"switch","locations":[{"start":{"line":19,"column":6},"end":{"line":25,"column":null}},{"start":{"line":26,"column":6},"end":{"line":35,"column":null}},{"start":{"line":36,"column":6},"end":{"line":37,"column":15}}]},"2":{"loc":{"start":{"line":20,"column":8},"end":{"line":25,"column":null}},"type":"if","locations":[{"start":{"line":20,"column":8},"end":{"line":25,"column":null}},{"start":{"line":20,"column":8},"end":{"line":25,"column":null}}]},"3":{"loc":{"start":{"line":27,"column":8},"end":{"line":35,"column":null}},"type":"if","locations":[{"start":{"line":27,"column":8},"end":{"line":35,"column":null}},{"start":{"line":27,"column":8},"end":{"line":35,"column":null}}]},"4":{"loc":{"start":{"line":28,"column":10},"end":{"line":29,"column":16}},"type":"binary-expr","locations":[{"start":{"line":28,"column":10},"end":{"line":28,"column":16}},{"start":{"line":29,"column":10},"end":{"line":29,"column":16}}]},"5":{"loc":{"start":{"line":9,"column":13},"end":{"line":9,"column":22}},"type":"binary-expr","locations":[{"start":{"line":9,"column":13},"end":{"line":9,"column":22}},{"start":{"line":9,"column":13},"end":{"line":9,"column":22}}]}},"s":{"0":94,"1":470,"2":53,"3":53,"4":53,"5":98,"6":98,"7":98,"8":0,"9":98,"10":0,"11":0,"12":0,"13":0,"14":98,"15":0,"16":0,"17":98,"18":0,"19":53},"f":{"0":188,"1":53,"2":98},"b":{"0":[0,98],"1":[0,98,0],"2":[0,0],"3":[0,98],"4":[98,98],"5":[53,53]}}
,"C:\\Users\\User\\Desktop\\Isekai_Orpheus_Bot\\Isekai_Orpheus_Bot\\src\\app\\layouts\\admin-layout\\admin-layout.component.html": {"path":"C:\\Users\\User\\Desktop\\Isekai_Orpheus_Bot\\Isekai_Orpheus_Bot\\src\\app\\layouts\\admin-layout\\admin-layout.component.html","statementMap":{"0":{"start":{"line":2,"column":0},"end":{"line":2,"column":null}},"1":{"start":{"line":3,"column":0},"end":{"line":3,"column":null}},"2":{"start":{"line":5,"column":2},"end":{"line":5,"column":27}},"3":{"start":{"line":8,"column":2},"end":{"line":8,"column":null}},"4":{"start":{"line":9,"column":4},"end":{"line":9,"column":null}},"5":{"start":{"line":10,"column":2},"end":{"line":10,"column":null}}},"fnMap":{},"branchMap":{},"s":{"0":57,"1":57,"2":57,"3":57,"4":57,"5":57},"f":{},"b":{}}
,"C:\\Users\\User\\Desktop\\Isekai_Orpheus_Bot\\Isekai_Orpheus_Bot\\src\\app\\layouts\\admin-layout\\admin-layout.component.ts": {"path":"C:\\Users\\User\\Desktop\\Isekai_Orpheus_Bot\\Isekai_Orpheus_Bot\\src\\app\\layouts\\admin-layout\\admin-layout.component.ts","statementMap":{"0":{"start":{"line":8,"column":0},"end":{"line":8,"column":13}},"1":{"start":{"line":10,"column":2},"end":{"line":10,"column":null}},"2":{"start":{"line":8,"column":13},"end":{"line":8,"column":33}}},"fnMap":{"0":{"name":"(anonymous_0)","decl":{"start":{"line":8,"column":0},"end":{"line":8,"column":13}},"loc":{"start":{"line":8,"column":0},"end":{"line":8,"column":13}}},"1":{"name":"AdminLayoutComponent","decl":{"start":{"line":10,"column":2},"end":{"line":10,"column":null}},"loc":{"start":{"line":10,"column":2},"end":{"line":12,"column":null}}},"2":{"name":"ngOnInit","decl":{"start":{"line":14,"column":2},"end":{"line":14,"column":10}},"loc":{"start":{"line":14,"column":10},"end":{"line":16,"column":null}}}},"branchMap":{"0":{"loc":{"start":{"line":8,"column":13},"end":{"line":8,"column":33}},"type":"binary-expr","locations":[{"start":{"line":8,"column":13},"end":{"line":8,"column":33}},{"start":{"line":8,"column":13},"end":{"line":8,"column":33}}]}},"s":{"0":470,"1":57,"2":57},"f":{"0":188,"1":57,"2":57},"b":{"0":[57,57]}}
,"C:\\Users\\User\\Desktop\\Isekai_Orpheus_Bot\\Isekai_Orpheus_Bot\\src\\app\\layouts\\admin-layout\\admin-layout.module.ts": {"path":"C:\\Users\\User\\Desktop\\Isekai_Orpheus_Bot\\Isekai_Orpheus_Bot\\src\\app\\layouts\\admin-layout\\admin-layout.module.ts","statementMap":{"0":{"start":{"line":35,"column":0},"end":{"line":35,"column":12}},"1":{"start":{"line":75,"column":0},"end":{"line":75,"column":13}},"2":{"start":{"line":75,"column":13},"end":{"line":75,"column":30}}},"fnMap":{"0":{"name":"(anonymous_0)","decl":{"start":{"line":75,"column":0},"end":{"line":75,"column":13}},"loc":{"start":{"line":75,"column":0},"end":{"line":75,"column":13}}}},"branchMap":{"0":{"loc":{"start":{"line":75,"column":13},"end":{"line":75,"column":30}},"type":"binary-expr","locations":[{"start":{"line":75,"column":13},"end":{"line":75,"column":30}},{"start":{"line":75,"column":13},"end":{"line":75,"column":30}}]}},"s":{"0":94,"1":376,"2":94},"f":{"0":188},"b":{"0":[94,94]}}
,"C:\\Users\\User\\Desktop\\Isekai_Orpheus_Bot\\Isekai_Orpheus_Bot\\src\\app\\layouts\\admin-layout\\admin-layout.routing.ts": {"path":"C:\\Users\\User\\Desktop\\Isekai_Orpheus_Bot\\Isekai_Orpheus_Bot\\src\\app\\layouts\\admin-layout\\admin-layout.routing.ts","statementMap":{"0":{"start":{"line":11,"column":41},"end":{"line":11,"column":null}}},"fnMap":{},"branchMap":{},"s":{"0":94},"f":{},"b":{}}
,"C:\\Users\\User\\Desktop\\Isekai_Orpheus_Bot\\Isekai_Orpheus_Bot\\src\\app\\layouts\\auth-layout\\auth-layout.component.html": {"path":"C:\\Users\\User\\Desktop\\Isekai_Orpheus_Bot\\Isekai_Orpheus_Bot\\src\\app\\layouts\\auth-layout\\auth-layout.component.html","statementMap":{"0":{"start":{"line":1,"column":0},"end":{"line":1,"column":26}},"1":{"start":{"line":5,"column":8},"end":{"line":5,"column":null}},"2":{"start":{"line":6,"column":6},"end":{"line":6,"column":null}},"3":{"start":{"line":32,"column":2},"end":{"line":32,"column":null}},"4":{"start":{"line":33,"column":0},"end":{"line":33,"column":null}},"5":{"start":{"line":34,"column":0},"end":{"line":34,"column":21}},"6":{"start":{"line":39,"column":10},"end":{"line":39,"column":43}},"7":{"start":{"line":39,"column":43},"end":{"line":39,"column":128}},"8":{"start":{"line":39,"column":128},"end":{"line":39,"column":131}},"9":{"start":{"line":39,"column":131},"end":{"line":39,"column":null}}},"fnMap":{},"branchMap":{},"s":{"0":102,"1":102,"2":102,"3":102,"4":102,"5":102,"6":13894,"7":102,"8":102,"9":102},"f":{},"b":{}}
,"C:\\Users\\User\\Desktop\\Isekai_Orpheus_Bot\\Isekai_Orpheus_Bot\\src\\app\\layouts\\auth-layout\\auth-layout.component.ts": {"path":"C:\\Users\\User\\Desktop\\Isekai_Orpheus_Bot\\Isekai_Orpheus_Bot\\src\\app\\layouts\\auth-layout\\auth-layout.component.ts","statementMap":{"0":{"start":{"line":9,"column":0},"end":{"line":9,"column":13}},"1":{"start":{"line":13,"column":36},"end":{"line":13,"column":41}},"2":{"start":{"line":13,"column":22},"end":{"line":13,"column":36}},"3":{"start":{"line":10,"column":2},"end":{"line":10,"column":15}},"4":{"start":{"line":11,"column":9},"end":{"line":11,"column":23}},"5":{"start":{"line":15,"column":10},"end":{"line":15,"column":null}},"6":{"start":{"line":16,"column":15},"end":{"line":16,"column":23}},"7":{"start":{"line":17,"column":4},"end":{"line":17,"column":8}},"8":{"start":{"line":18,"column":15},"end":{"line":18,"column":23}},"9":{"start":{"line":19,"column":4},"end":{"line":19,"column":8}},"10":{"start":{"line":20,"column":4},"end":{"line":20,"column":9}},"11":{"start":{"line":21,"column":6},"end":{"line":21,"column":10}},"12":{"start":{"line":26,"column":15},"end":{"line":26,"column":23}},"13":{"start":{"line":27,"column":4},"end":{"line":27,"column":8}},"14":{"start":{"line":28,"column":15},"end":{"line":28,"column":23}},"15":{"start":{"line":29,"column":4},"end":{"line":29,"column":8}},"16":{"start":{"line":9,"column":13},"end":{"line":9,"column":null}}},"fnMap":{"0":{"name":"(anonymous_0)","decl":{"start":{"line":9,"column":0},"end":{"line":9,"column":13}},"loc":{"start":{"line":9,"column":0},"end":{"line":9,"column":13}}},"1":{"name":"AuthLayoutComponent","decl":{"start":{"line":13,"column":2},"end":{"line":13,"column":22}},"loc":{"start":{"line":13,"column":36},"end":{"line":13,"column":null}}},"2":{"name":"ngOnInit","decl":{"start":{"line":15,"column":2},"end":{"line":15,"column":10}},"loc":{"start":{"line":15,"column":10},"end":{"line":24,"column":null}}},"3":{"name":"(anonymous_4)","decl":{"start":{"line":20,"column":33},"end":{"line":20,"column":34}},"loc":{"start":{"line":20,"column":44},"end":{"line":22,"column":null}}},"4":{"name":"ngOnDestroy","decl":{"start":{"line":25,"column":2},"end":{"line":25,"column":13}},"loc":{"start":{"line":25,"column":13},"end":{"line":30,"column":null}}}},"branchMap":{"0":{"loc":{"start":{"line":9,"column":13},"end":{"line":9,"column":32}},"type":"binary-expr","locations":[{"start":{"line":9,"column":13},"end":{"line":9,"column":32}},{"start":{"line":9,"column":13},"end":{"line":9,"column":32}}]}},"s":{"0":470,"1":102,"2":102,"3":102,"4":102,"5":102,"6":102,"7":102,"8":102,"9":102,"10":102,"11":2324,"12":57,"13":57,"14":57,"15":57,"16":102},"f":{"0":188,"1":102,"2":102,"3":2324,"4":57},"b":{"0":[102,102]}}
,"C:\\Users\\User\\Desktop\\Isekai_Orpheus_Bot\\Isekai_Orpheus_Bot\\src\\app\\layouts\\auth-layout\\auth-layout.module.ts": {"path":"C:\\Users\\User\\Desktop\\Isekai_Orpheus_Bot\\Isekai_Orpheus_Bot\\src\\app\\layouts\\auth-layout\\auth-layout.module.ts","statementMap":{"0":{"start":{"line":40,"column":0},"end":{"line":40,"column":13}},"1":{"start":{"line":40,"column":13},"end":{"line":40,"column":29}}},"fnMap":{"0":{"name":"(anonymous_0)","decl":{"start":{"line":40,"column":0},"end":{"line":40,"column":13}},"loc":{"start":{"line":40,"column":0},"end":{"line":40,"column":13}}}},"branchMap":{"0":{"loc":{"start":{"line":40,"column":13},"end":{"line":40,"column":29}},"type":"binary-expr","locations":[{"start":{"line":40,"column":13},"end":{"line":40,"column":29}},{"start":{"line":40,"column":13},"end":{"line":40,"column":29}}]}},"s":{"0":376,"1":94},"f":{"0":188},"b":{"0":[94,94]}}
,"C:\\Users\\User\\Desktop\\Isekai_Orpheus_Bot\\Isekai_Orpheus_Bot\\src\\app\\layouts\\auth-layout\\auth-layout.routing.ts": {"path":"C:\\Users\\User\\Desktop\\Isekai_Orpheus_Bot\\Isekai_Orpheus_Bot\\src\\app\\layouts\\auth-layout\\auth-layout.routing.ts","statementMap":{"0":{"start":{"line":8,"column":40},"end":{"line":8,"column":null}}},"fnMap":{},"branchMap":{},"s":{"0":94},"f":{},"b":{}}
,"C:\\Users\\User\\Desktop\\Isekai_Orpheus_Bot\\Isekai_Orpheus_Bot\\src\\app\\pages\\change-password\\change-password.component.html": {"path":"C:\\Users\\User\\Desktop\\Isekai_Orpheus_Bot\\Isekai_Orpheus_Bot\\src\\app\\pages\\change-password\\change-password.component.html","statementMap":{"0":{"start":{"line":40,"column":16},"end":{"line":40,"column":66}},"1":{"start":{"line":41,"column":18},"end":{"line":41,"column":52}},"2":{"start":{"line":41,"column":52},"end":{"line":41,"column":null}},"3":{"start":{"line":42,"column":16},"end":{"line":42,"column":65}},"4":{"start":{"line":43,"column":18},"end":{"line":43,"column":56}},"5":{"start":{"line":43,"column":56},"end":{"line":43,"column":null}},"6":{"start":{"line":38,"column":14},"end":{"line":38,"column":null}},"7":{"start":{"line":44,"column":14},"end":{"line":44,"column":null}},"8":{"start":{"line":40,"column":66},"end":{"line":40,"column":null}},"9":{"start":{"line":42,"column":65},"end":{"line":42,"column":null}},"10":{"start":{"line":59,"column":16},"end":{"line":59,"column":61}},"11":{"start":{"line":60,"column":18},"end":{"line":60,"column":53}},"12":{"start":{"line":60,"column":53},"end":{"line":60,"column":null}},"13":{"start":{"line":61,"column":16},"end":{"line":61,"column":61}},"14":{"start":{"line":62,"column":18},"end":{"line":62,"column":56}},"15":{"start":{"line":62,"column":56},"end":{"line":62,"column":null}},"16":{"start":{"line":58,"column":14},"end":{"line":58,"column":20}},"17":{"start":{"line":63,"column":14},"end":{"line":63,"column":null}},"18":{"start":{"line":59,"column":61},"end":{"line":59,"column":null}},"19":{"start":{"line":61,"column":61},"end":{"line":61,"column":null}},"20":{"start":{"line":78,"column":14},"end":{"line":78,"column":63}},"21":{"start":{"line":79,"column":16},"end":{"line":79,"column":50}},"22":{"start":{"line":79,"column":50},"end":{"line":79,"column":null}},"23":{"start":{"line":80,"column":14},"end":{"line":80,"column":63}},"24":{"start":{"line":81,"column":16},"end":{"line":81,"column":63}},"25":{"start":{"line":81,"column":63},"end":{"line":81,"column":null}},"26":{"start":{"line":77,"column":14},"end":{"line":77,"column":20}},"27":{"start":{"line":82,"column":13},"end":{"line":82,"column":null}},"28":{"start":{"line":78,"column":63},"end":{"line":78,"column":null}},"29":{"start":{"line":80,"column":63},"end":{"line":80,"column":null}},"30":{"start":{"line":85,"column":12},"end":{"line":85,"column":18}},"31":{"start":{"line":86,"column":16},"end":{"line":86,"column":74}},"32":{"start":{"line":86,"column":74},"end":{"line":86,"column":null}},"33":{"start":{"line":1,"column":0},"end":{"line":1,"column":44}},"34":{"start":{"line":7,"column":35},"end":{"line":7,"column":55}},"35":{"start":{"line":7,"column":55},"end":{"line":7,"column":null}},"36":{"start":{"line":13,"column":2},"end":{"line":13,"column":null}},"37":{"start":{"line":14,"column":4},"end":{"line":14,"column":null}},"38":{"start":{"line":15,"column":6},"end":{"line":15,"column":null}},"39":{"start":{"line":16,"column":4},"end":{"line":16,"column":null}},"40":{"start":{"line":20,"column":0},"end":{"line":20,"column":34}},"41":{"start":{"line":25,"column":61},"end":{"line":25,"column":73}},"42":{"start":{"line":27,"column":12},"end":{"line":27,"column":36}},"43":{"start":{"line":30,"column":49},"end":{"line":30,"column":87}},"44":{"start":{"line":30,"column":87},"end":{"line":30,"column":null}},"45":{"start":{"line":32,"column":16},"end":{"line":32,"column":null}},"46":{"start":{"line":34,"column":16},"end":{"line":34,"column":79}},"47":{"start":{"line":34,"column":79},"end":{"line":34,"column":88}},"48":{"start":{"line":35,"column":18},"end":{"line":35,"column":49}},"49":{"start":{"line":35,"column":49},"end":{"line":35,"column":76}},"50":{"start":{"line":35,"column":144},"end":{"line":35,"column":null}},"51":{"start":{"line":45,"column":12},"end":{"line":45,"column":null}},"52":{"start":{"line":47,"column":12},"end":{"line":47,"column":36}},"53":{"start":{"line":50,"column":49},"end":{"line":50,"column":87}},"54":{"start":{"line":50,"column":87},"end":{"line":50,"column":null}},"55":{"start":{"line":52,"column":16},"end":{"line":52,"column":null}},"56":{"start":{"line":54,"column":18},"end":{"line":54,"column":81}},"57":{"start":{"line":54,"column":81},"end":{"line":54,"column":90}},"58":{"start":{"line":55,"column":20},"end":{"line":55,"column":51}},"59":{"start":{"line":55,"column":51},"end":{"line":55,"column":80}},"60":{"start":{"line":55,"column":148},"end":{"line":55,"column":null}},"61":{"start":{"line":64,"column":12},"end":{"line":64,"column":null}},"62":{"start":{"line":66,"column":12},"end":{"line":66,"column":36}},"63":{"start":{"line":69,"column":49},"end":{"line":69,"column":87}},"64":{"start":{"line":69,"column":87},"end":{"line":69,"column":null}},"65":{"start":{"line":71,"column":16},"end":{"line":71,"column":null}},"66":{"start":{"line":73,"column":18},"end":{"line":73,"column":85}},"67":{"start":{"line":73,"column":85},"end":{"line":73,"column":94}},"68":{"start":{"line":74,"column":20},"end":{"line":74,"column":51}},"69":{"start":{"line":74,"column":51},"end":{"line":74,"column":85}},"70":{"start":{"line":74,"column":153},"end":{"line":74,"column":null}},"71":{"start":{"line":83,"column":12},"end":{"line":83,"column":null}},"72":{"start":{"line":87,"column":12},"end":{"line":87,"column":37}},"73":{"start":{"line":88,"column":78},"end":{"line":88,"column":87}},"74":{"start":{"line":88,"column":111},"end":{"line":88,"column":116}},"75":{"start":{"line":88,"column":116},"end":{"line":88,"column":null}},"76":{"start":{"line":89,"column":14},"end":{"line":89,"column":65}},"77":{"start":{"line":89,"column":105},"end":{"line":89,"column":null}},"78":{"start":{"line":90,"column":26},"end":{"line":90,"column":null}},"79":{"start":{"line":25,"column":28},"end":{"line":25,"column":61}},"80":{"start":{"line":33,"column":16},"end":{"line":33,"column":null}},"81":{"start":{"line":35,"column":76},"end":{"line":35,"column":144}},"82":{"start":{"line":39,"column":17},"end":{"line":39,"column":null}},"83":{"start":{"line":53,"column":16},"end":{"line":53,"column":null}},"84":{"start":{"line":55,"column":80},"end":{"line":55,"column":148}},"85":{"start":{"line":58,"column":20},"end":{"line":58,"column":null}},"86":{"start":{"line":72,"column":16},"end":{"line":72,"column":null}},"87":{"start":{"line":74,"column":85},"end":{"line":74,"column":153}},"88":{"start":{"line":77,"column":20},"end":{"line":77,"column":null}},"89":{"start":{"line":85,"column":18},"end":{"line":85,"column":34}},"90":{"start":{"line":89,"column":65},"end":{"line":89,"column":105}}},"fnMap":{"0":{"name":"ChangePasswordComponent_Template_form_ngSubmit_16_listener","decl":{"start":{"line":25,"column":61},"end":{"line":25,"column":73}},"loc":{"start":{"line":25,"column":61},"end":{"line":25,"column":null}}},"1":{"name":"ChangePasswordComponent_Template_div_click_23_listener","decl":{"start":{"line":34,"column":79},"end":{"line":34,"column":88}},"loc":{"start":{"line":34,"column":79},"end":{"line":34,"column":null}}},"2":{"name":"ChangePasswordComponent_Template_div_click_33_listener","decl":{"start":{"line":54,"column":81},"end":{"line":54,"column":90}},"loc":{"start":{"line":54,"column":81},"end":{"line":54,"column":null}}},"3":{"name":"ChangePasswordComponent_Template_div_click_43_listener","decl":{"start":{"line":73,"column":85},"end":{"line":73,"column":94}},"loc":{"start":{"line":73,"column":85},"end":{"line":73,"column":null}}},"4":{"name":"ChangePasswordComponent_Template_button_click_49_listener","decl":{"start":{"line":88,"column":78},"end":{"line":88,"column":87}},"loc":{"start":{"line":88,"column":78},"end":{"line":88,"column":111}}}},"branchMap":{"0":{"loc":{"start":{"line":40,"column":66},"end":{"line":40,"column":null}},"type":"cond-expr","locations":[{"start":{"line":40,"column":66},"end":{"line":40,"column":null}},{"start":{"line":40,"column":66},"end":{"line":40,"column":null}}]},"1":{"loc":{"start":{"line":42,"column":65},"end":{"line":42,"column":null}},"type":"cond-expr","locations":[{"start":{"line":42,"column":65},"end":{"line":42,"column":null}},{"start":{"line":42,"column":65},"end":{"line":42,"column":null}}]},"2":{"loc":{"start":{"line":59,"column":61},"end":{"line":59,"column":null}},"type":"cond-expr","locations":[{"start":{"line":59,"column":61},"end":{"line":59,"column":null}},{"start":{"line":59,"column":61},"end":{"line":59,"column":null}}]},"3":{"loc":{"start":{"line":61,"column":61},"end":{"line":61,"column":null}},"type":"cond-expr","locations":[{"start":{"line":61,"column":61},"end":{"line":61,"column":null}},{"start":{"line":61,"column":61},"end":{"line":61,"column":null}}]},"4":{"loc":{"start":{"line":78,"column":63},"end":{"line":78,"column":null}},"type":"cond-expr","locations":[{"start":{"line":78,"column":63},"end":{"line":78,"column":null}},{"start":{"line":78,"column":63},"end":{"line":78,"column":null}}]},"5":{"loc":{"start":{"line":80,"column":63},"end":{"line":80,"column":null}},"type":"cond-expr","locations":[{"start":{"line":80,"column":63},"end":{"line":80,"column":null}},{"start":{"line":80,"column":63},"end":{"line":80,"column":null}}]},"6":{"loc":{"start":{"line":33,"column":16},"end":{"line":33,"column":null}},"type":"cond-expr","locations":[{"start":{"line":33,"column":16},"end":{"line":33,"column":null}},{"start":{"line":33,"column":16},"end":{"line":33,"column":null}}]},"7":{"loc":{"start":{"line":35,"column":76},"end":{"line":35,"column":144}},"type":"cond-expr","locations":[{"start":{"line":35,"column":76},"end":{"line":35,"column":144}},{"start":{"line":35,"column":76},"end":{"line":35,"column":144}}]},"8":{"loc":{"start":{"line":39,"column":17},"end":{"line":39,"column":null}},"type":"binary-expr","locations":[{"start":{"line":39,"column":17},"end":{"line":39,"column":null}},{"start":{"line":39,"column":17},"end":{"line":39,"column":null}}]},"9":{"loc":{"start":{"line":53,"column":16},"end":{"line":53,"column":null}},"type":"cond-expr","locations":[{"start":{"line":53,"column":16},"end":{"line":53,"column":null}},{"start":{"line":53,"column":16},"end":{"line":53,"column":null}}]},"10":{"loc":{"start":{"line":55,"column":80},"end":{"line":55,"column":148}},"type":"cond-expr","locations":[{"start":{"line":55,"column":80},"end":{"line":55,"column":148}},{"start":{"line":55,"column":80},"end":{"line":55,"column":148}}]},"11":{"loc":{"start":{"line":58,"column":20},"end":{"line":58,"column":null}},"type":"binary-expr","locations":[{"start":{"line":58,"column":20},"end":{"line":58,"column":null}},{"start":{"line":58,"column":20},"end":{"line":58,"column":null}}]},"12":{"loc":{"start":{"line":72,"column":16},"end":{"line":72,"column":null}},"type":"cond-expr","locations":[{"start":{"line":72,"column":16},"end":{"line":72,"column":null}},{"start":{"line":72,"column":16},"end":{"line":72,"column":null}}]},"13":{"loc":{"start":{"line":74,"column":85},"end":{"line":74,"column":153}},"type":"cond-expr","locations":[{"start":{"line":74,"column":85},"end":{"line":74,"column":153}},{"start":{"line":74,"column":85},"end":{"line":74,"column":153}}]},"14":{"loc":{"start":{"line":77,"column":20},"end":{"line":77,"column":null}},"type":"binary-expr","locations":[{"start":{"line":77,"column":20},"end":{"line":77,"column":null}},{"start":{"line":77,"column":20},"end":{"line":77,"column":null}}]}},"s":{"0":4,"1":2,"2":2,"3":4,"4":2,"5":2,"6":24,"7":2,"8":132,"9":132,"10":12,"11":6,"12":6,"13":12,"14":6,"15":6,"16":28,"17":6,"18":292,"19":292,"20":4,"21":2,"22":2,"23":4,"24":2,"25":2,"26":24,"27":2,"28":252,"29":252,"30":24,"31":2,"32":2,"33":22,"34":22,"35":22,"36":22,"37":44,"38":22,"39":22,"40":44,"41":35,"42":22,"43":22,"44":22,"45":22,"46":22,"47":26,"48":22,"49":22,"50":22,"51":22,"52":22,"53":22,"54":22,"55":22,"56":22,"57":26,"58":22,"59":22,"60":22,"61":22,"62":22,"63":22,"64":22,"65":22,"66":22,"67":26,"68":22,"69":22,"70":22,"71":22,"72":22,"73":26,"74":22,"75":22,"76":22,"77":22,"78":22,"79":2432,"80":2432,"81":2432,"82":2432,"83":2432,"84":2432,"85":2432,"86":2432,"87":2432,"88":2432,"89":2432,"90":2432},"f":{"0":13,"1":4,"2":4,"3":4,"4":4},"b":{"0":[0,66],"1":[0,66],"2":[0,146],"3":[0,146],"4":[0,126],"5":[0,126],"6":[14,1202],"7":[14,1202],"8":[1216,295],"9":[14,1202],"10":[14,1202],"11":[1216,647],"12":[10,1206],"13":[10,1206],"14":[1216,934]}}
,"C:\\Users\\User\\Desktop\\Isekai_Orpheus_Bot\\Isekai_Orpheus_Bot\\src\\app\\pages\\change-password\\change-password.component.ts": {"path":"C:\\Users\\User\\Desktop\\Isekai_Orpheus_Bot\\Isekai_Orpheus_Bot\\src\\app\\pages\\change-password\\change-password.component.ts","statementMap":{"0":{"start":{"line":13,"column":15},"end":{"line":13,"column":19}},"1":{"start":{"line":19,"column":0},"end":{"line":19,"column":13}},"2":{"start":{"line":30,"column":40},"end":{"line":30,"column":null}},"3":{"start":{"line":27,"column":12},"end":{"line":27,"column":null}},"4":{"start":{"line":28,"column":12},"end":{"line":28,"column":null}},"5":{"start":{"line":29,"column":12},"end":{"line":29,"column":null}},"6":{"start":{"line":30,"column":12},"end":{"line":30,"column":40}},"7":{"start":{"line":22,"column":2},"end":{"line":22,"column":22}},"8":{"start":{"line":24,"column":2},"end":{"line":24,"column":27}},"9":{"start":{"line":25,"column":2},"end":{"line":25,"column":24}},"10":{"start":{"line":35,"column":4},"end":{"line":35,"column":9}},"11":{"start":{"line":41,"column":4},"end":{"line":41,"column":9}},"12":{"start":{"line":58,"column":4},"end":{"line":58,"column":12}},"13":{"start":{"line":60,"column":8},"end":{"line":60,"column":13}},"14":{"start":{"line":61,"column":8},"end":{"line":61,"column":13}},"15":{"start":{"line":62,"column":8},"end":{"line":62,"column":null}},"16":{"start":{"line":64,"column":8},"end":{"line":64,"column":13}},"17":{"start":{"line":65,"column":8},"end":{"line":65,"column":13}},"18":{"start":{"line":66,"column":8},"end":{"line":66,"column":null}},"19":{"start":{"line":68,"column":8},"end":{"line":68,"column":13}},"20":{"start":{"line":69,"column":8},"end":{"line":69,"column":13}},"21":{"start":{"line":70,"column":8},"end":{"line":70,"column":null}},"22":{"start":{"line":74,"column":18},"end":{"line":74,"column":null}},"23":{"start":{"line":75,"column":4},"end":{"line":75,"column":9}},"24":{"start":{"line":76,"column":4},"end":{"line":82,"column":null}},"25":{"start":{"line":80,"column":6},"end":{"line":80,"column":11}},"26":{"start":{"line":81,"column":6},"end":{"line":81,"column":null}},"27":{"start":{"line":84,"column":4},"end":{"line":84,"column":9}},"28":{"start":{"line":86,"column":8},"end":{"line":111,"column":null}},"29":{"start":{"line":87,"column":10},"end":{"line":106,"column":null}},"30":{"start":{"line":88,"column":12},"end":{"line":88,"column":16}},"31":{"start":{"line":89,"column":12},"end":{"line":89,"column":16}},"32":{"start":{"line":90,"column":12},"end":{"line":90,"column":16}},"33":{"start":{"line":98,"column":12},"end":{"line":98,"column":16}},"34":{"start":{"line":99,"column":12},"end":{"line":99,"column":16}},"35":{"start":{"line":108,"column":10},"end":{"line":108,"column":14}},"36":{"start":{"line":114,"column":8},"end":{"line":114,"column":12}},"37":{"start":{"line":122,"column":4},"end":{"line":127,"column":null}},"38":{"start":{"line":123,"column":6},"end":{"line":123,"column":11}},"39":{"start":{"line":124,"column":6},"end":{"line":124,"column":11}},"40":{"start":{"line":126,"column":6},"end":{"line":126,"column":11}},"41":{"start":{"line":19,"column":13},"end":{"line":19,"column":null}}},"fnMap":{"0":{"name":"(anonymous_10)","decl":{"start":{"line":19,"column":0},"end":{"line":19,"column":13}},"loc":{"start":{"line":19,"column":0},"end":{"line":19,"column":13}}},"1":{"name":"ChangePasswordComponent","decl":{"start":{"line":26,"column":2},"end":{"line":26,"column":null}},"loc":{"start":{"line":30,"column":40},"end":{"line":31,"column":null}}},"2":{"name":"ngOnInit","decl":{"start":{"line":34,"column":2},"end":{"line":34,"column":10}},"loc":{"start":{"line":34,"column":10},"end":{"line":36,"column":null}}},"3":{"name":"crearFormChangePassword","decl":{"start":{"line":39,"column":2},"end":{"line":39,"column":25}},"loc":{"start":{"line":39,"column":25},"end":{"line":55,"column":null}}},"4":{"name":"showPassword","decl":{"start":{"line":57,"column":2},"end":{"line":57,"column":15}},"loc":{"start":{"line":57,"column":16},"end":{"line":72,"column":null}}},"5":{"name":"onChangePassword","decl":{"start":{"line":74,"column":2},"end":{"line":74,"column":18}},"loc":{"start":{"line":74,"column":18},"end":{"line":119,"column":null}}},"6":{"name":"next","decl":{"start":{"line":85,"column":12},"end":{"line":85,"column":13}},"loc":{"start":{"line":85,"column":20},"end":{"line":112,"column":null}}},"7":{"name":"error","decl":{"start":{"line":113,"column":13},"end":{"line":113,"column":14}},"loc":{"start":{"line":113,"column":21},"end":{"line":117,"column":null}}},"8":{"name":"retrocederFirstLogin","decl":{"start":{"line":121,"column":2},"end":{"line":121,"column":22}},"loc":{"start":{"line":121,"column":22},"end":{"line":128,"column":null}}}},"branchMap":{"0":{"loc":{"start":{"line":58,"column":4},"end":{"line":58,"column":12}},"type":"switch","locations":[{"start":{"line":59,"column":6},"end":{"line":62,"column":null}},{"start":{"line":63,"column":6},"end":{"line":66,"column":null}},{"start":{"line":67,"column":6},"end":{"line":70,"column":null}}]},"1":{"loc":{"start":{"line":76,"column":4},"end":{"line":82,"column":null}},"type":"if","locations":[{"start":{"line":76,"column":4},"end":{"line":82,"column":null}},{"start":{"line":76,"column":4},"end":{"line":82,"column":null}}]},"2":{"loc":{"start":{"line":86,"column":8},"end":{"line":111,"column":null}},"type":"if","locations":[{"start":{"line":86,"column":8},"end":{"line":111,"column":null}},{"start":{"line":86,"column":8},"end":{"line":111,"column":null}}]},"3":{"loc":{"start":{"line":87,"column":10},"end":{"line":106,"column":null}},"type":"if","locations":[{"start":{"line":87,"column":10},"end":{"line":106,"column":null}},{"start":{"line":87,"column":10},"end":{"line":106,"column":null}}]},"4":{"loc":{"start":{"line":122,"column":4},"end":{"line":127,"column":null}},"type":"if","locations":[{"start":{"line":122,"column":4},"end":{"line":127,"column":null}},{"start":{"line":122,"column":4},"end":{"line":127,"column":null}}]},"5":{"loc":{"start":{"line":19,"column":13},"end":{"line":19,"column":36}},"type":"binary-expr","locations":[{"start":{"line":19,"column":13},"end":{"line":19,"column":36}},{"start":{"line":19,"column":13},"end":{"line":19,"column":36}}]}},"s":{"0":94,"1":470,"2":22,"3":22,"4":22,"5":22,"6":22,"7":22,"8":22,"9":22,"10":22,"11":22,"12":12,"13":4,"14":4,"15":4,"16":4,"17":4,"18":4,"19":4,"20":4,"21":4,"22":13,"23":13,"24":13,"25":2,"26":2,"27":11,"28":8,"29":4,"30":2,"31":2,"32":2,"33":2,"34":2,"35":4,"36":3,"37":4,"38":2,"39":2,"40":2,"41":22},"f":{"0":188,"1":22,"2":22,"3":22,"4":12,"5":13,"6":8,"7":3,"8":4},"b":{"0":[4,4,4],"1":[2,11],"2":[4,4],"3":[2,2],"4":[2,2],"5":[22,22]}}
,"C:\\Users\\User\\Desktop\\Isekai_Orpheus_Bot\\Isekai_Orpheus_Bot\\src\\app\\pages\\dashboard\\dashboard.component.html": {"path":"C:\\Users\\User\\Desktop\\Isekai_Orpheus_Bot\\Isekai_Orpheus_Bot\\src\\app\\pages\\dashboard\\dashboard.component.html","statementMap":{"0":{"start":{"line":47,"column":16},"end":{"line":47,"column":44}},"1":{"start":{"line":47,"column":80},"end":{"line":47,"column":92}},"2":{"start":{"line":47,"column":92},"end":{"line":47,"column":null}},"3":{"start":{"line":47,"column":62},"end":{"line":47,"column":80}},"4":{"start":{"line":1,"column":0},"end":{"line":1,"column":49}},"5":{"start":{"line":3,"column":4},"end":{"line":3,"column":null}},"6":{"start":{"line":5,"column":2},"end":{"line":5,"column":null}},"7":{"start":{"line":8,"column":0},"end":{"line":8,"column":35}},"8":{"start":{"line":18,"column":20},"end":{"line":18,"column":null}},"9":{"start":{"line":19,"column":18},"end":{"line":19,"column":null}},"10":{"start":{"line":21,"column":16},"end":{"line":21,"column":null}},"11":{"start":{"line":25,"column":45},"end":{"line":25,"column":57}},"12":{"start":{"line":29,"column":12},"end":{"line":29,"column":34}},"13":{"start":{"line":33,"column":20},"end":{"line":33,"column":null}},"14":{"start":{"line":34,"column":18},"end":{"line":34,"column":null}},"15":{"start":{"line":36,"column":16},"end":{"line":36,"column":null}},"16":{"start":{"line":40,"column":38},"end":{"line":40,"column":50}},"17":{"start":{"line":44,"column":12},"end":{"line":44,"column":34}},"18":{"start":{"line":45,"column":69},"end":{"line":45,"column":79}},"19":{"start":{"line":46,"column":16},"end":{"line":46,"column":42}},"20":{"start":{"line":46,"column":42},"end":{"line":46,"column":58}},"21":{"start":{"line":46,"column":58},"end":{"line":46,"column":null}},"22":{"start":{"line":48,"column":14},"end":{"line":48,"column":null}},"23":{"start":{"line":52,"column":8},"end":{"line":52,"column":null}},"24":{"start":{"line":53,"column":10},"end":{"line":53,"column":28}},"25":{"start":{"line":57,"column":8},"end":{"line":57,"column":null}},"26":{"start":{"line":62,"column":2},"end":{"line":62,"column":24}},"27":{"start":{"line":66,"column":8},"end":{"line":66,"column":17}},"28":{"start":{"line":69,"column":8},"end":{"line":69,"column":null}},"29":{"start":{"line":70,"column":6},"end":{"line":70,"column":null}},"30":{"start":{"line":73,"column":4},"end":{"line":73,"column":26}},"31":{"start":{"line":75,"column":8},"end":{"line":75,"column":19}},"32":{"start":{"line":78,"column":6},"end":{"line":78,"column":null}},"33":{"start":{"line":83,"column":2},"end":{"line":83,"column":24}},"34":{"start":{"line":86,"column":8},"end":{"line":86,"column":17}},"35":{"start":{"line":88,"column":6},"end":{"line":88,"column":null}},"36":{"start":{"line":8,"column":35},"end":{"line":8,"column":63}},"37":{"start":{"line":22,"column":31},"end":{"line":22,"column":64}},"38":{"start":{"line":37,"column":38},"end":{"line":37,"column":71}},"39":{"start":{"line":47,"column":44},"end":{"line":47,"column":62}},"40":{"start":{"line":53,"column":28},"end":{"line":53,"column":54}},"41":{"start":{"line":66,"column":17},"end":{"line":66,"column":90}},"42":{"start":{"line":75,"column":19},"end":{"line":75,"column":92}},"43":{"start":{"line":86,"column":17},"end":{"line":86,"column":87}}},"fnMap":{"0":{"name":"DashboardComponent_Template_input_onHidden_14_listener","decl":{"start":{"line":25,"column":45},"end":{"line":25,"column":57}},"loc":{"start":{"line":25,"column":45},"end":{"line":25,"column":null}}},"1":{"name":"DashboardComponent_Template_input_onHidden_20_listener","decl":{"start":{"line":40,"column":38},"end":{"line":40,"column":50}},"loc":{"start":{"line":40,"column":38},"end":{"line":40,"column":null}}},"2":{"name":"DashboardComponent_Template_select_change_22_listener","decl":{"start":{"line":45,"column":69},"end":{"line":45,"column":79}},"loc":{"start":{"line":45,"column":69},"end":{"line":45,"column":null}}}},"branchMap":{"0":{"loc":{"start":{"line":22,"column":64},"end":{"line":22,"column":null}},"type":"cond-expr","locations":[{"start":{"line":22,"column":64},"end":{"line":22,"column":null}},{"start":{"line":22,"column":64},"end":{"line":22,"column":null}}]},"1":{"loc":{"start":{"line":37,"column":71},"end":{"line":37,"column":null}},"type":"cond-expr","locations":[{"start":{"line":37,"column":71},"end":{"line":37,"column":null}},{"start":{"line":37,"column":71},"end":{"line":37,"column":null}}]}},"s":{"0":57,"1":0,"2":0,"3":0,"4":57,"5":57,"6":57,"7":57,"8":57,"9":57,"10":114,"11":57,"12":57,"13":57,"14":57,"15":114,"16":57,"17":57,"18":57,"19":57,"20":57,"21":57,"22":57,"23":57,"24":57,"25":57,"26":57,"27":57,"28":57,"29":57,"30":57,"31":57,"32":57,"33":57,"34":57,"35":57,"36":3210,"37":3210,"38":3210,"39":3210,"40":3210,"41":3210,"42":3210,"43":3210},"f":{"0":0,"1":0,"2":0},"b":{"0":[0,1605],"1":[0,1605]}}
,"C:\\Users\\User\\Desktop\\Isekai_Orpheus_Bot\\Isekai_Orpheus_Bot\\src\\app\\pages\\dashboard\\dashboard.component.ts": {"path":"C:\\Users\\User\\Desktop\\Isekai_Orpheus_Bot\\Isekai_Orpheus_Bot\\src\\app\\pages\\dashboard\\dashboard.component.ts","statementMap":{"0":{"start":{"line":16,"column":0},"end":{"line":16,"column":13}},"1":{"start":{"line":31,"column":27},"end":{"line":31,"column":null}},"2":{"start":{"line":28,"column":12},"end":{"line":28,"column":null}},"3":{"start":{"line":29,"column":12},"end":{"line":29,"column":null}},"4":{"start":{"line":30,"column":12},"end":{"line":30,"column":null}},"5":{"start":{"line":31,"column":12},"end":{"line":31,"column":27}},"6":{"start":{"line":18,"column":9},"end":{"line":18,"column":27}},"7":{"start":{"line":19,"column":9},"end":{"line":19,"column":25}},"8":{"start":{"line":20,"column":9},"end":{"line":20,"column":28}},"9":{"start":{"line":21,"column":9},"end":{"line":21,"column":36}},"10":{"start":{"line":23,"column":2},"end":{"line":23,"column":28}},"11":{"start":{"line":56,"column":9},"end":{"line":56,"column":42}},"12":{"start":{"line":63,"column":9},"end":{"line":63,"column":42}},"13":{"start":{"line":67,"column":9},"end":{"line":67,"column":36}},"14":{"start":{"line":36,"column":4},"end":{"line":36,"column":9}},"15":{"start":{"line":38,"column":4},"end":{"line":38,"column":9}},"16":{"start":{"line":39,"column":4},"end":{"line":39,"column":9}},"17":{"start":{"line":40,"column":4},"end":{"line":40,"column":9}},"18":{"start":{"line":42,"column":4},"end":{"line":42,"column":9}},"19":{"start":{"line":44,"column":4},"end":{"line":44,"column":9}},"20":{"start":{"line":49,"column":4},"end":{"line":49,"column":9}},"21":{"start":{"line":86,"column":13},"end":{"line":86,"column":null}},"22":{"start":{"line":88,"column":4},"end":{"line":88,"column":9}},"23":{"start":{"line":89,"column":6},"end":{"line":89,"column":10}},"24":{"start":{"line":94,"column":10},"end":{"line":94,"column":null}},"25":{"start":{"line":96,"column":4},"end":{"line":155,"column":null}},"26":{"start":{"line":102,"column":6},"end":{"line":102,"column":11}},"27":{"start":{"line":104,"column":6},"end":{"line":104,"column":14}},"28":{"start":{"line":111,"column":20},"end":{"line":111,"column":21}},"29":{"start":{"line":111,"column":39},"end":{"line":111,"column":40}},"30":{"start":{"line":118,"column":20},"end":{"line":118,"column":21}},"31":{"start":{"line":118,"column":39},"end":{"line":118,"column":40}},"32":{"start":{"line":125,"column":20},"end":{"line":125,"column":21}},"33":{"start":{"line":125,"column":39},"end":{"line":125,"column":40}},"34":{"start":{"line":132,"column":20},"end":{"line":132,"column":21}},"35":{"start":{"line":132,"column":39},"end":{"line":132,"column":40}},"36":{"start":{"line":140,"column":16},"end":{"line":140,"column":17}},"37":{"start":{"line":141,"column":23},"end":{"line":141,"column":24}},"38":{"start":{"line":146,"column":59},"end":{"line":146,"column":null}},"39":{"start":{"line":148,"column":8},"end":{"line":148,"column":15}},"40":{"start":{"line":149,"column":8},"end":{"line":149,"column":12}},"41":{"start":{"line":150,"column":8},"end":{"line":150,"column":12}},"42":{"start":{"line":151,"column":8},"end":{"line":151,"column":12}},"43":{"start":{"line":152,"column":8},"end":{"line":152,"column":12}},"44":{"start":{"line":153,"column":8},"end":{"line":153,"column":12}},"45":{"start":{"line":159,"column":4},"end":{"line":159,"column":9}},"46":{"start":{"line":165,"column":4},"end":{"line":165,"column":9}},"47":{"start":{"line":16,"column":13},"end":{"line":16,"column":null}}},"fnMap":{"0":{"name":"(anonymous_3)","decl":{"start":{"line":16,"column":0},"end":{"line":16,"column":13}},"loc":{"start":{"line":16,"column":0},"end":{"line":16,"column":13}}},"1":{"name":"DashboardComponent","decl":{"start":{"line":27,"column":2},"end":{"line":27,"column":null}},"loc":{"start":{"line":31,"column":27},"end":{"line":32,"column":null}}},"2":{"name":"ngOnInit","decl":{"start":{"line":34,"column":2},"end":{"line":34,"column":10}},"loc":{"start":{"line":34,"column":10},"end":{"line":45,"column":null}}},"3":{"name":"crearFormularioDashboard","decl":{"start":{"line":47,"column":2},"end":{"line":47,"column":26}},"loc":{"start":{"line":47,"column":26},"end":{"line":54,"column":null}}},"4":{"name":"getTramites","decl":{"start":{"line":86,"column":2},"end":{"line":86,"column":13}},"loc":{"start":{"line":86,"column":13},"end":{"line":91,"column":null}}},"5":{"name":"(anonymous_9)","decl":{"start":{"line":88,"column":44},"end":{"line":88,"column":45}},"loc":{"start":{"line":88,"column":53},"end":{"line":90,"column":null}}},"6":{"name":"loadData","decl":{"start":{"line":94,"column":2},"end":{"line":94,"column":10}},"loc":{"start":{"line":94,"column":10},"end":{"line":156,"column":null}}},"7":{"name":"(anonymous_11)","decl":{"start":{"line":111,"column":20},"end":{"line":111,"column":21}},"loc":{"start":{"line":111,"column":20},"end":{"line":111,"column":21}}},"8":{"name":"(anonymous_12)","decl":{"start":{"line":111,"column":39},"end":{"line":111,"column":40}},"loc":{"start":{"line":111,"column":39},"end":{"line":111,"column":40}}},"9":{"name":"(anonymous_13)","decl":{"start":{"line":118,"column":20},"end":{"line":118,"column":21}},"loc":{"start":{"line":118,"column":20},"end":{"line":118,"column":21}}},"10":{"name":"(anonymous_14)","decl":{"start":{"line":118,"column":39},"end":{"line":118,"column":40}},"loc":{"start":{"line":118,"column":39},"end":{"line":118,"column":40}}},"11":{"name":"(anonymous_15)","decl":{"start":{"line":125,"column":20},"end":{"line":125,"column":21}},"loc":{"start":{"line":125,"column":20},"end":{"line":125,"column":21}}},"12":{"name":"(anonymous_16)","decl":{"start":{"line":125,"column":39},"end":{"line":125,"column":40}},"loc":{"start":{"line":125,"column":39},"end":{"line":125,"column":40}}},"13":{"name":"(anonymous_17)","decl":{"start":{"line":132,"column":20},"end":{"line":132,"column":21}},"loc":{"start":{"line":132,"column":20},"end":{"line":132,"column":21}}},"14":{"name":"(anonymous_18)","decl":{"start":{"line":132,"column":39},"end":{"line":132,"column":40}},"loc":{"start":{"line":132,"column":39},"end":{"line":132,"column":40}}},"15":{"name":"(anonymous_19)","decl":{"start":{"line":140,"column":16},"end":{"line":140,"column":17}},"loc":{"start":{"line":140,"column":16},"end":{"line":140,"column":17}}},"16":{"name":"(anonymous_20)","decl":{"start":{"line":141,"column":23},"end":{"line":141,"column":24}},"loc":{"start":{"line":141,"column":23},"end":{"line":141,"column":24}}},"17":{"name":"(anonymous_21)","decl":{"start":{"line":146,"column":19},"end":{"line":146,"column":21}},"loc":{"start":{"line":146,"column":59},"end":{"line":154,"column":null}}},"18":{"name":"formattedDates","decl":{"start":{"line":158,"column":2},"end":{"line":158,"column":16}},"loc":{"start":{"line":158,"column":16},"end":{"line":171,"column":null}}}},"branchMap":{"0":{"loc":{"start":{"line":96,"column":4},"end":{"line":155,"column":null}},"type":"if","locations":[{"start":{"line":96,"column":4},"end":{"line":155,"column":null}},{"start":{"line":96,"column":4},"end":{"line":155,"column":null}}]},"1":{"loc":{"start":{"line":97,"column":6},"end":{"line":99,"column":null}},"type":"binary-expr","locations":[{"start":{"line":97,"column":6},"end":{"line":97,"column":null}},{"start":{"line":98,"column":6},"end":{"line":98,"column":null}},{"start":{"line":99,"column":6},"end":{"line":99,"column":null}}]},"2":{"loc":{"start":{"line":16,"column":13},"end":{"line":16,"column":31}},"type":"binary-expr","locations":[{"start":{"line":16,"column":13},"end":{"line":16,"column":31}},{"start":{"line":16,"column":13},"end":{"line":16,"column":31}}]}},"s":{"0":470,"1":57,"2":57,"3":57,"4":57,"5":57,"6":57,"7":57,"8":57,"9":57,"10":57,"11":57,"12":57,"13":57,"14":57,"15":57,"16":57,"17":57,"18":57,"19":57,"20":57,"21":57,"22":57,"23":55,"24":0,"25":0,"26":0,"27":0,"28":0,"29":0,"30":0,"31":0,"32":0,"33":0,"34":0,"35":0,"36":0,"37":0,"38":0,"39":0,"40":0,"41":0,"42":0,"43":0,"44":0,"45":0,"46":0,"47":57},"f":{"0":188,"1":57,"2":57,"3":57,"4":57,"5":55,"6":0,"7":0,"8":0,"9":0,"10":0,"11":0,"12":0,"13":0,"14":0,"15":0,"16":0,"17":0,"18":0},"b":{"0":[0,0],"1":[0,0,0],"2":[57,57]}}
[...]
,"C:\\Users\\User\\Desktop\\Isekai_Orpheus_Bot\\Isekai_Orpheus_Bot\\src\\app\\services\\report.service.ts": {"path":"C:\\Users\\User\\Desktop\\Isekai_Orpheus_Bot\\Isekai_Orpheus_Bot\\src\\app\\services\\report.service.ts","statementMap":{"0":{"start":{"line":8,"column":2},"end":{"line":8,"column":null}},"1":{"start":{"line":9,"column":24},"end":{"line":9,"column":null}},"2":{"start":{"line":13,"column":0},"end":{"line":13,"column":13}},"3":{"start":{"line":14,"column":2},"end":{"line":14,"column":null}},"4":{"start":{"line":18,"column":4},"end":{"line":18,"column":11}},"5":{"start":{"line":19,"column":38},"end":{"line":19,"column":42}},"6":{"start":{"line":20,"column":36},"end":{"line":20,"column":null}},"7":{"start":{"line":24,"column":29},"end":{"line":24,"column":33}},"8":{"start":{"line":28,"column":4},"end":{"line":28,"column":9}},"9":{"start":{"line":32,"column":23},"end":{"line":32,"column":27}},"10":{"start":{"line":33,"column":4},"end":{"line":33,"column":13}},"11":{"start":{"line":41,"column":17},"end":{"line":41,"column":21}},"12":{"start":{"line":42,"column":4},"end":{"line":42,"column":10}},"13":{"start":{"line":44,"column":20},"end":{"line":44,"column":28}},"14":{"start":{"line":44,"column":40},"end":{"line":44,"column":41}},"15":{"start":{"line":45,"column":14},"end":{"line":45,"column":18}},"16":{"start":{"line":48,"column":4},"end":{"line":48,"column":7}},"17":{"start":{"line":49,"column":4},"end":{"line":49,"column":7}},"18":{"start":{"line":50,"column":4},"end":{"line":50,"column":7}},"19":{"start":{"line":51,"column":4},"end":{"line":51,"column":7}},"20":{"start":{"line":52,"column":5},"end":{"line":52,"column":16}},"21":{"start":{"line":62,"column":4},"end":{"line":62,"column":7}},"22":{"start":{"line":13,"column":13},"end":{"line":13,"column":27}}},"fnMap":{"0":{"name":"(anonymous_0)","decl":{"start":{"line":13,"column":0},"end":{"line":13,"column":13}},"loc":{"start":{"line":13,"column":0},"end":{"line":13,"column":13}}},"1":{"name":"ReporteService","decl":{"start":{"line":14,"column":2},"end":{"line":14,"column":null}},"loc":{"start":{"line":14,"column":2},"end":{"line":16,"column":null}}},"2":{"name":"exportAsExcelFile","decl":{"start":{"line":17,"column":9},"end":{"line":17,"column":27}},"loc":{"start":{"line":17,"column":48},"end":{"line":29,"column":null}}},"3":{"name":"saveAsExcelFile","decl":{"start":{"line":31,"column":10},"end":{"line":31,"column":26}},"loc":{"start":{"line":31,"column":55},"end":{"line":37,"column":null}}},"4":{"name":"exportAsPDF","decl":{"start":{"line":39,"column":9},"end":{"line":39,"column":21}},"loc":{"start":{"line":39,"column":39},"end":{"line":63,"column":null}}},"5":{"name":"(anonymous_6)","decl":{"start":{"line":44,"column":40},"end":{"line":44,"column":41}},"loc":{"start":{"line":44,"column":40},"end":{"line":44,"column":41}}},"6":{"name":"didDrawCell","decl":{"start":{"line":57,"column":19},"end":{"line":57,"column":20}},"loc":{"start":{"line":57,"column":29},"end":{"line":59,"column":null}}}},"branchMap":{"0":{"loc":{"start":{"line":13,"column":13},"end":{"line":13,"column":27}},"type":"binary-expr","locations":[{"start":{"line":13,"column":13},"end":{"line":13,"column":27}},{"start":{"line":13,"column":13},"end":{"line":13,"column":27}}]}},"s":{"0":94,"1":94,"2":470,"3":41,"4":0,"5":0,"6":0,"7":0,"8":0,"9":0,"10":0,"11":0,"12":0,"13":0,"14":0,"15":0,"16":0,"17":0,"18":0,"19":0,"20":0,"21":0,"22":41},"f":{"0":188,"1":41,"2":0,"3":0,"4":0,"5":0,"6":0},"b":{"0":[41,41]}}
,"C:\\Users\\User\\Desktop\\Isekai_Orpheus_Bot\\Isekai_Orpheus_Bot\\src\\app\\services\\servicios.service.ts": {"path":"C:\\Users\\User\\Desktop\\Isekai_Orpheus_Bot\\Isekai_Orpheus_Bot\\src\\app\\services\\servicios.service.ts","statementMap":{"0":{"start":{"line":22,"column":0},"end":{"line":22,"column":13}},"1":{"start":{"line":31,"column":65},"end":{"line":31,"column":69}},"2":{"start":{"line":31,"column":22},"end":{"line":31,"column":48}},"3":{"start":{"line":31,"column":48},"end":{"line":31,"column":65}},"4":{"start":{"line":35,"column":4},"end":{"line":35,"column":11}},"5":{"start":{"line":41,"column":4},"end":{"line":41,"column":11}},"6":{"start":{"line":49,"column":4},"end":{"line":49,"column":11}},"7":{"start":{"line":55,"column":4},"end":{"line":55,"column":11}},"8":{"start":{"line":62,"column":4},"end":{"line":62,"column":11}},"9":{"start":{"line":68,"column":4},"end":{"line":68,"column":11}},"10":{"start":{"line":74,"column":4},"end":{"line":74,"column":11}},"11":{"start":{"line":80,"column":4},"end":{"line":80,"column":11}},"12":{"start":{"line":86,"column":4},"end":{"line":86,"column":11}},"13":{"start":{"line":92,"column":4},"end":{"line":92,"column":11}},"14":{"start":{"line":98,"column":4},"end":{"line":98,"column":11}},"15":{"start":{"line":98,"column":34},"end":{"line":98,"column":35}},"16":{"start":{"line":102,"column":4},"end":{"line":102,"column":11}},"17":{"start":{"line":103,"column":10},"end":{"line":103,"column":11}},"18":{"start":{"line":104,"column":19},"end":{"line":104,"column":20}},"19":{"start":{"line":110,"column":4},"end":{"line":110,"column":11}},"20":{"start":{"line":114,"column":4},"end":{"line":114,"column":11}},"21":{"start":{"line":114,"column":39},"end":{"line":114,"column":40}},"22":{"start":{"line":118,"column":4},"end":{"line":118,"column":11}},"23":{"start":{"line":119,"column":10},"end":{"line":119,"column":11}},"24":{"start":{"line":120,"column":19},"end":{"line":120,"column":20}},"25":{"start":{"line":126,"column":4},"end":{"line":126,"column":11}},"26":{"start":{"line":130,"column":10},"end":{"line":130,"column":17}},"27":{"start":{"line":137,"column":4},"end":{"line":137,"column":11}},"28":{"start":{"line":143,"column":4},"end":{"line":143,"column":11}},"29":{"start":{"line":149,"column":4},"end":{"line":149,"column":11}},"30":{"start":{"line":157,"column":4},"end":{"line":157,"column":11}},"31":{"start":{"line":165,"column":4},"end":{"line":165,"column":11}},"32":{"start":{"line":173,"column":4},"end":{"line":173,"column":11}},"33":{"start":{"line":179,"column":4},"end":{"line":179,"column":11}},"34":{"start":{"line":187,"column":4},"end":{"line":187,"column":11}},"35":{"start":{"line":195,"column":4},"end":{"line":195,"column":11}},"36":{"start":{"line":201,"column":4},"end":{"line":201,"column":11}},"37":{"start":{"line":202,"column":4},"end":{"line":202,"column":11}},"38":{"start":{"line":203,"column":4},"end":{"line":203,"column":11}},"39":{"start":{"line":211,"column":23},"end":{"line":211,"column":null}},"40":{"start":{"line":212,"column":4},"end":{"line":214,"column":null}},"41":{"start":{"line":213,"column":6},"end":{"line":213,"column":18}},"42":{"start":{"line":215,"column":4},"end":{"line":215,"column":10}},"43":{"start":{"line":216,"column":4},"end":{"line":216,"column":9}},"44":{"start":{"line":217,"column":4},"end":{"line":217,"column":11}},"45":{"start":{"line":217,"column":22},"end":{"line":217,"column":28}},"46":{"start":{"line":223,"column":4},"end":{"line":223,"column":11}},"47":{"start":{"line":22,"column":13},"end":{"line":22,"column":null}}},"fnMap":{"0":{"name":"(anonymous_0)","decl":{"start":{"line":22,"column":0},"end":{"line":22,"column":13}},"loc":{"start":{"line":22,"column":0},"end":{"line":22,"column":13}}},"1":{"name":"ServiciosService","decl":{"start":{"line":31,"column":2},"end":{"line":31,"column":22}},"loc":{"start":{"line":31,"column":65},"end":{"line":31,"column":null}}},"2":{"name":"getAllDocuments","decl":{"start":{"line":34,"column":2},"end":{"line":34,"column":17}},"loc":{"start":{"line":34,"column":17},"end":{"line":38,"column":null}}},"3":{"name":"deleteDocument","decl":{"start":{"line":40,"column":2},"end":{"line":40,"column":17}},"loc":{"start":{"line":40,"column":24},"end":{"line":46,"column":null}}},"4":{"name":"createDocument","decl":{"start":{"line":48,"column":2},"end":{"line":48,"column":17}},"loc":{"start":{"line":48,"column":37},"end":{"line":52,"column":null}}},"5":{"name":"updateDocument","decl":{"start":{"line":54,"column":2},"end":{"line":54,"column":17}},"loc":{"start":{"line":54,"column":37},"end":{"line":58,"column":null}}},"6":{"name":"resetPassword","decl":{"start":{"line":61,"column":2},"end":{"line":61,"column":16}},"loc":{"start":{"line":61,"column":24},"end":{"line":65,"column":null}}},"7":{"name":"updateUser","decl":{"start":{"line":67,"column":2},"end":{"line":67,"column":13}},"loc":{"start":{"line":67,"column":29},"end":{"line":71,"column":null}}},"8":{"name":"deleteUser","decl":{"start":{"line":73,"column":2},"end":{"line":73,"column":13}},"loc":{"start":{"line":73,"column":15},"end":{"line":77,"column":null}}},"9":{"name":"createUser","decl":{"start":{"line":79,"column":2},"end":{"line":79,"column":13}},"loc":{"start":{"line":79,"column":29},"end":{"line":83,"column":null}}},"10":{"name":"getAllUsers","decl":{"start":{"line":85,"column":2},"end":{"line":85,"column":13}},"loc":{"start":{"line":85,"column":13},"end":{"line":89,"column":null}}},"11":{"name":"getAll","decl":{"start":{"line":91,"column":2},"end":{"line":91,"column":8}},"loc":{"start":{"line":91,"column":8},"end":{"line":95,"column":null}}},"12":{"name":"fromEstado","decl":{"start":{"line":97,"column":2},"end":{"line":97,"column":13}},"loc":{"start":{"line":97,"column":28},"end":{"line":99,"column":null}}},"13":{"name":"(anonymous_14)","decl":{"start":{"line":98,"column":34},"end":{"line":98,"column":35}},"loc":{"start":{"line":98,"column":34},"end":{"line":98,"column":35}}},"14":{"name":"twoDates","decl":{"start":{"line":101,"column":2},"end":{"line":101,"column":11}},"loc":{"start":{"line":101,"column":56},"end":{"line":107,"column":null}}},"15":{"name":"(anonymous_16)","decl":{"start":{"line":103,"column":10},"end":{"line":103,"column":11}},"loc":{"start":{"line":103,"column":10},"end":{"line":103,"column":11}}},"16":{"name":"(anonymous_17)","decl":{"start":{"line":104,"column":19},"end":{"line":104,"column":20}},"loc":{"start":{"line":104,"column":19},"end":{"line":104,"column":20}}},"17":{"name":"getAllMonth","decl":{"start":{"line":109,"column":2},"end":{"line":109,"column":13}},"loc":{"start":{"line":109,"column":13},"end":{"line":111,"column":null}}},"18":{"name":"fromTramiteEstado","decl":{"start":{"line":113,"column":2},"end":{"line":113,"column":20}},"loc":{"start":{"line":113,"column":35},"end":{"line":115,"column":null}}},"19":{"name":"(anonymous_20)","decl":{"start":{"line":114,"column":39},"end":{"line":114,"column":40}},"loc":{"start":{"line":114,"column":39},"end":{"line":114,"column":40}}},"20":{"name":"twoMonths","decl":{"start":{"line":117,"column":2},"end":{"line":117,"column":12}},"loc":{"start":{"line":117,"column":56},"end":{"line":123,"column":null}}},"21":{"name":"(anonymous_22)","decl":{"start":{"line":119,"column":10},"end":{"line":119,"column":11}},"loc":{"start":{"line":119,"column":10},"end":{"line":119,"column":11}}},"22":{"name":"(anonymous_23)","decl":{"start":{"line":120,"column":19},"end":{"line":120,"column":20}},"loc":{"start":{"line":120,"column":19},"end":{"line":120,"column":20}}},"23":{"name":"buscarPie","decl":{"start":{"line":125,"column":2},"end":{"line":125,"column":12}},"loc":{"start":{"line":125,"column":18},"end":{"line":133,"column":null}}},"24":{"name":"(anonymous_25)","decl":{"start":{"line":129,"column":12},"end":{"line":129,"column":13}},"loc":{"start":{"line":129,"column":20},"end":{"line":131,"column":null}}},"25":{"name":"listaTramites","decl":{"start":{"line":136,"column":2},"end":{"line":136,"column":15}},"loc":{"start":{"line":136,"column":15},"end":{"line":140,"column":null}}},"26":{"name":"buscarTramiteDetalleDniAndId","decl":{"start":{"line":142,"column":2},"end":{"line":142,"column":31}},"loc":{"start":{"line":142,"column":42},"end":{"line":146,"column":null}}},"27":{"name":"buscarDetallesD","decl":{"start":{"line":148,"column":2},"end":{"line":148,"column":18}},"loc":{"start":{"line":148,"column":36},"end":{"line":154,"column":null}}},"28":{"name":"buscarAdjuntos","decl":{"start":{"line":156,"column":2},"end":{"line":156,"column":17}},"loc":{"start":{"line":156,"column":35},"end":{"line":162,"column":null}}},"29":{"name":"buscarCertificado","decl":{"start":{"line":164,"column":2},"end":{"line":164,"column":20}},"loc":{"start":{"line":164,"column":38},"end":{"line":170,"column":null}}},"30":{"name":"createTramite","decl":{"start":{"line":172,"column":2},"end":{"line":172,"column":16}},"loc":{"start":{"line":172,"column":32},"end":{"line":176,"column":null}}},"31":{"name":"deleteTramite","decl":{"start":{"line":178,"column":2},"end":{"line":178,"column":16}},"loc":{"start":{"line":178,"column":32},"end":{"line":184,"column":null}}},"32":{"name":"deleteCertificado","decl":{"start":{"line":186,"column":2},"end":{"line":186,"column":20}},"loc":{"start":{"line":186,"column":44},"end":{"line":192,"column":null}}},"33":{"name":"updateStatusTramite","decl":{"start":{"line":194,"column":2},"end":{"line":194,"column":22}},"loc":{"start":{"line":194,"column":38},"end":{"line":198,"column":null}}},"34":{"name":"uploadFile","decl":{"start":{"line":200,"column":2},"end":{"line":200,"column":13}},"loc":{"start":{"line":200,"column":20},"end":{"line":207,"column":null}}},"35":{"name":"handlerError","decl":{"start":{"line":210,"column":2},"end":{"line":210,"column":15}},"loc":{"start":{"line":210,"column":20},"end":{"line":218,"column":null}}},"36":{"name":"(anonymous_37)","decl":{"start":{"line":217,"column":22},"end":{"line":217,"column":28}},"loc":{"start":{"line":217,"column":22},"end":{"line":217,"column":28}}},"37":{"name":"saveUserNotification","decl":{"start":{"line":222,"column":2},"end":{"line":222,"column":23}},"loc":{"start":{"line":222,"column":27},"end":{"line":226,"column":null}}}},"branchMap":{"0":{"loc":{"start":{"line":104,"column":28},"end":{"line":104,"column":null}},"type":"binary-expr","locations":[{"start":{"line":104,"column":28},"end":{"line":104,"column":53}},{"start":{"line":104,"column":53},"end":{"line":104,"column":null}}]},"1":{"loc":{"start":{"line":120,"column":28},"end":{"line":120,"column":null}},"type":"binary-expr","locations":[{"start":{"line":120,"column":28},"end":{"line":120,"column":53}},{"start":{"line":120,"column":53},"end":{"line":120,"column":null}}]},"2":{"loc":{"start":{"line":212,"column":4},"end":{"line":214,"column":null}},"type":"if","locations":[{"start":{"line":212,"column":4},"end":{"line":214,"column":null}},{"start":{"line":212,"column":4},"end":{"line":214,"column":null}}]},"3":{"loc":{"start":{"line":22,"column":13},"end":{"line":22,"column":29}},"type":"binary-expr","locations":[{"start":{"line":22,"column":13},"end":{"line":22,"column":29}},{"start":{"line":22,"column":13},"end":{"line":22,"column":29}}]}},"s":{"0":470,"1":67,"2":67,"3":67,"4":0,"5":0,"6":0,"7":0,"8":0,"9":0,"10":0,"11":0,"12":0,"13":57,"14":0,"15":0,"16":0,"17":0,"18":0,"19":0,"20":0,"21":0,"22":0,"23":0,"24":0,"25":0,"26":0,"27":43,"28":10,"29":82,"30":74,"31":84,"32":6,"33":4,"34":5,"35":6,"36":6,"37":6,"38":6,"39":9,"40":9,"41":9,"42":9,"43":9,"44":0,"45":0,"46":0,"47":67},"f":{"0":188,"1":67,"2":0,"3":0,"4":0,"5":0,"6":0,"7":0,"8":0,"9":0,"10":0,"11":57,"12":0,"13":0,"14":0,"15":0,"16":0,"17":0,"18":0,"19":0,"20":0,"21":0,"22":0,"23":0,"24":0,"25":43,"26":10,"27":82,"28":74,"29":84,"30":6,"31":4,"32":5,"33":6,"34":6,"35":9,"36":0,"37":0},"b":{"0":[0,0],"1":[0,0],"2":[9,0],"3":[67,67]}}
,"C:\\Users\\User\\Desktop\\Isekai_Orpheus_Bot\\Isekai_Orpheus_Bot\\src\\app\\services\\spinner.service.ts": {"path":"C:\\Users\\User\\Desktop\\Isekai_Orpheus_Bot\\Isekai_Orpheus_Bot\\src\\app\\services\\spinner.service.ts","statementMap":{"0":{"start":{"line":7,"column":0},"end":{"line":7,"column":13}},"1":{"start":{"line":9,"column":55},"end":{"line":9,"column":60}},"2":{"start":{"line":9,"column":22},"end":{"line":9,"column":55}},"3":{"start":{"line":12,"column":4},"end":{"line":12,"column":9}},"4":{"start":{"line":16,"column":3},"end":{"line":16,"column":8}},"5":{"start":{"line":7,"column":13},"end":{"line":7,"column":null}}},"fnMap":{"0":{"name":"(anonymous_0)","decl":{"start":{"line":7,"column":0},"end":{"line":7,"column":13}},"loc":{"start":{"line":7,"column":0},"end":{"line":7,"column":13}}},"1":{"name":"SpinnerService","decl":{"start":{"line":9,"column":2},"end":{"line":9,"column":22}},"loc":{"start":{"line":9,"column":55},"end":{"line":9,"column":null}}},"2":{"name":"llamarSpinner","decl":{"start":{"line":11,"column":9},"end":{"line":11,"column":22}},"loc":{"start":{"line":11,"column":22},"end":{"line":13,"column":null}}},"3":{"name":"detenerSpinner","decl":{"start":{"line":15,"column":9},"end":{"line":15,"column":23}},"loc":{"start":{"line":15,"column":23},"end":{"line":17,"column":null}}}},"branchMap":{"0":{"loc":{"start":{"line":7,"column":13},"end":{"line":7,"column":27}},"type":"binary-expr","locations":[{"start":{"line":7,"column":13},"end":{"line":7,"column":27}},{"start":{"line":7,"column":13},"end":{"line":7,"column":27}}]}},"s":{"0":470,"1":84,"2":84,"3":463,"4":452,"5":84},"f":{"0":188,"1":84,"2":463,"3":452},"b":{"0":[84,84]}}
,"C:/Users/User/Desktop/Isekai_Orpheus_Bot/Isekai_Orpheus_Bot/src/assets/vendor/@fortawesome/fontawesome-free/js/all.min.js": {"path":"C:/Users/User/Desktop/Isekai_Orpheus_Bot/Isekai_Orpheus_Bot/src/assets/vendor/@fortawesome/fontawesome-free/js/all.min.js","statementMap":{},"fnMap":{},"branchMap":{},"s":{},"f":{},"b":{}}
,"C:/Users/User/Desktop/Isekai_Orpheus_Bot/Isekai_Orpheus_Bot/src/assets/vendor/@fortawesome/fontawesome-free/js/brands.min.js": {"path":"C:/Users/User/Desktop/Isekai_Orpheus_Bot/Isekai_Orpheus_Bot/src/assets/vendor/@fortawesome/fontawesome-free/js/brands.min.js","statementMap":{},"fnMap":{},"branchMap":{},"s":{},"f":{},"b":{}}
,"C:/Users/User/Desktop/Isekai_Orpheus_Bot/Isekai_Orpheus_Bot/src/assets/vendor/@fortawesome/fontawesome-free/js/fontawesome.min.js": {"path":"C:/Users/User/Desktop/Isekai_Orpheus_Bot/Isekai_Orpheus_Bot/src/assets/vendor/@fortawesome/fontawesome-free/js/fontawesome.min.js","statementMap":{},"fnMap":{},"branchMap":{},"s":{},"f":{},"b":{}}
,"C:/Users/User/Desktop/Isekai_Orpheus_Bot/Isekai_Orpheus_Bot/src/assets/vendor/@fortawesome/fontawesome-free/js/regular.min.js": {"path":"C:/Users/User/Desktop/Isekai_Orpheus_Bot/Isekai_Orpheus_Bot/src/assets/vendor/@fortawesome/fontawesome-free/js/regular.min.js","statementMap":{},"fnMap":{},"branchMap":{},"s":{},"f":{},"b":{}}
,"C:/Users/User/Desktop/Isekai_Orpheus_Bot/Isekai_Orpheus_Bot/src/assets/vendor/@fortawesome/fontawesome-free/js/solid.min.js": {"path":"C:/Users/User/Desktop/Isekai_Orpheus_Bot/Isekai_Orpheus_Bot/src/assets/vendor/@fortawesome/fontawesome-free/js/solid.min.js","statementMap":{},"fnMap":{},"branchMap":{},"s":{},"f":{},"b":{}}
,"C:/Users/User/Desktop/Isekai_Orpheus_Bot/Isekai_Orpheus_Bot/src/assets/vendor/@fortawesome/fontawesome-free/js/v4-shims.min.js": {"path":"C:/Users/User/Desktop/Isekai_Orpheus_Bot/Isekai_Orpheus_Bot/src/assets/vendor/@fortawesome/fontawesome-free/js/v4-shims.min.js","statementMap":{},"fnMap":{},"branchMap":{},"s":{},"f":{},"b":{}}
,"C:/Users/User/Desktop/Isekai_Orpheus_Bot/Isekai_Orpheus_Bot/src/environments/environment.prod.ts": {"path":"C:/Users/User/Desktop/Isekai_Orpheus_Bot/Isekai_Orpheus_Bot/src/environments/environment.prod.ts","statementMap":{},"fnMap":{},"branchMap":{},"s":{},"f":{},"b":{}}
,"C:\\Users\\User\\Desktop\\Isekai_Orpheus_Bot\\Isekai_Orpheus_Bot\\src\\environments\\environment.ts": {"path":"C:\\Users\\User\\Desktop\\Isekai_Orpheus_Bot\\Isekai_Orpheus_Bot\\src\\environments\\environment.ts","statementMap":{"0":{"start":{"line":5,"column":27},"end":{"line":5,"column":null}}},"fnMap":{},"branchMap":{},"s":{"0":94},"f":{},"b":{}}
}
