TN:
SF:coverage-e2e\lcov-report\block-navigation.js
FNF:0
FNH:0
LF:0
LH:0
BRF:0
BRH:0
end_of_record
TN:
SF:coverage-e2e\lcov-report\prettify.js
FNF:0
FNH:0
LF:0
LH:0
BRF:0
BRH:0
end_of_record
TN:
SF:coverage-e2e\lcov-report\sorter.js
FNF:0
FNH:0
LF:0
LH:0
BRF:0
BRH:0
end_of_record
TN:
SF:src\main.ts
FN:29,(anonymous_0)
FNF:1
FNH:0
FNDA:0,(anonymous_0)
DA:24,80
DA:25,0
DA:28,80
DA:29,0
LF:4
LH:2
BRDA:24,0,0,0
BRDA:24,0,1,80
BRF:2
BRH:1
end_of_record
TN:
SF:src\app\app.component.html
FNF:0
FNH:0
DA:1,80
DA:3,10830
LF:2
LH:2
BRF:0
BRH:0
end_of_record
TN:
SF:src\app\app.component.ts
FN:8,(anonymous_0)
FNF:1
FNH:1
FNDA:160,(anonymous_0)
DA:8,320
LF:1
LH:1
BRDA:8,0,0,80
BRDA:8,0,1,80
BRF:2
BRH:2
end_of_record
TN:
SF:src\app\app.module.ts
FN:37,(anonymous_0)
FNF:1
FNH:1
FNDA:160,(anonymous_0)
DA:37,320
LF:1
LH:1
BRDA:37,0,0,80
BRDA:37,0,1,80
BRF:2
BRH:2
end_of_record
TN:
SF:src\app\app.routing.ts
FN:21,loadChildren
FN:21,(anonymous_1)
FN:30,loadChildren
FN:30,(anonymous_3)
FN:51,(anonymous_4)
FNF:5
FNH:5
FNDA:80,loadChildren
FNDA:80,(anonymous_1)
FNDA:80,loadChildren
FNDA:80,(anonymous_3)
FNDA:160,(anonymous_4)
DA:10,80
DA:21,80
DA:30,80
DA:51,320
LF:4
LH:4
BRDA:51,0,0,80
BRDA:51,0,1,80
BRF:2
BRH:2
end_of_record
TN:
SF:src\app\Constants\Constant.ts
FN:3,(anonymous_0)
FNF:1
FNH:1
FNDA:80,(anonymous_0)
DA:3,240
DA:4,80
LF:2
LH:2
BRF:0
BRH:0
end_of_record
TN:
SF:src\app\components\components.module.ts
FN:26,(anonymous_0)
FNF:1
FNH:1
FNDA:160,(anonymous_0)
DA:26,320
LF:1
LH:1
BRDA:26,0,0,80
BRDA:26,0,1,80
BRF:2
BRH:2
end_of_record
TN:
SF:src\app\components\footer\footer.component.html
FNF:0
FNH:0
DA:1,12
DA:5,484
LF:2
LH:2
BRF:0
BRH:0
end_of_record
TN:
SF:src\app\components\footer\footer.component.ts
FN:8,(anonymous_0)
FN:11,FooterComponent
FN:15,ngOnInit
FNF:3
FNH:3
FNDA:160,(anonymous_0)
FNDA:12,FooterComponent
FNDA:12,ngOnInit
DA:8,400
DA:9,12
DA:11,12
LF:3
LH:3
BRDA:8,0,0,12
BRDA:8,0,1,12
BRF:2
BRH:2
end_of_record
TN:
SF:src\app\components\navbar\navbar.component.html
FN:18,NavbarComponent_Template_div_click_16_listener
FNF:1
FNH:0
FNDA:0,NavbarComponent_Template_div_click_16_listener
DA:1,12
DA:3,484
DA:4,12
DA:9,484
DA:13,12
DA:14,472
DA:15,12
DA:16,12
DA:18,12
DA:19,12
DA:20,12
LF:11
LH:11
BRF:0
BRH:0
end_of_record
TN:
SF:src\app\components\navbar\navbar.component.ts
FN:15,(anonymous_1)
FN:20,NavbarComponent
FN:29,ngOnInit
FN:32,(anonymous_5)
FN:35,(anonymous_6)
FN:44,getTitle
FN:56,onLogout
FN:63,changePassword
FNF:8
FNH:5
FNDA:160,(anonymous_1)
FNDA:12,NavbarComponent
FNDA:12,ngOnInit
FNDA:0,(anonymous_5)
FNDA:24,(anonymous_6)
FNDA:236,getTitle
FNDA:0,onLogout
FNDA:0,changePassword
DA:15,400
DA:22,12
DA:23,12
DA:24,12
DA:26,12
DA:30,12
DA:32,0
DA:33,0
DA:35,24
DA:36,12
DA:38,0
DA:41,12
DA:44,708
DA:45,236
DA:46,236
DA:47,236
DA:49,236
DA:50,236
DA:51,236
DA:57,0
DA:58,0
DA:59,0
DA:60,0
DA:64,0
LF:24
LH:16
BRDA:30,0,0,0
BRDA:30,0,1,12
BRDA:30,0,2,0
BRDA:46,1,0,236
BRDA:46,1,1,0
BRDA:50,2,0,236
BRDA:50,2,1,0
BRDA:15,3,0,12
BRDA:15,3,1,12
BRF:9
BRH:5
end_of_record
TN:
SF:src\app\components\sidebar\sidebar.component.html
FN:4,SidebarComponent_Template_button_click_2_listener
FN:25,SidebarComponent_Template_div_click_17_listener
FN:43,SidebarComponent_Template_button_click_28_listener
FNF:3
FNH:0
FNDA:0,SidebarComponent_Template_button_click_2_listener
FNDA:0,SidebarComponent_Template_div_click_17_listener
FNDA:0,SidebarComponent_Template_button_click_28_listener
DA:1,12
DA:4,12
DA:6,12
DA:7,12
DA:9,472
DA:10,12
DA:11,12
DA:13,12
DA:17,484
DA:20,12
DA:21,472
DA:22,12
DA:23,12
DA:25,12
DA:26,12
DA:27,12
DA:33,472
DA:38,472
DA:39,12
DA:40,12
DA:42,12
DA:43,12
DA:44,12
DA:46,12
DA:51,12
DA:52,472
DA:53,944
DA:54,944
DA:55,968
DA:56,24
DA:58,12
LF:31
LH:31
BRF:0
BRH:0
end_of_record
TN:
SF:src\app\components\sidebar\sidebar.component.ts
FN:52,(anonymous_4)
FN:56,SidebarComponent
FN:58,ngOnInit
FN:61,(anonymous_8)
FN:64,(anonymous_9)
FN:72,onLogout
FN:78,changePassword
FNF:7
FNH:4
FNDA:160,(anonymous_4)
FNDA:12,SidebarComponent
FNDA:12,ngOnInit
FNDA:0,(anonymous_8)
FNDA:24,(anonymous_9)
FNDA:0,onLogout
FNDA:0,changePassword
DA:11,80
DA:26,80
DA:52,400
DA:54,12
DA:56,12
DA:59,12
DA:61,0
DA:62,0
DA:64,24
DA:65,12
DA:67,0
DA:69,12
DA:73,0
DA:74,0
DA:75,0
DA:79,0
LF:16
LH:9
BRDA:59,0,0,0
BRDA:59,0,1,12
BRDA:59,0,2,0
BRDA:52,1,0,12
BRDA:52,1,1,12
BRF:5
BRH:3
end_of_record
TN:
SF:src\app\entities\tramite.ts
FNF:0
FNH:0
LF:0
LH:0
BRF:0
BRH:0
end_of_record
TN:
SF:src\app\entities\user.ts
FNF:0
FNH:0
LF:0
LH:0
BRF:0
BRH:0
end_of_record
TN:
SF:src\app\guards\CheckLogin.guard.ts
FN:11,(anonymous_0)
FN:12,CheckLogin
FN:14,canActivate
FN:21,(anonymous_4)
FN:29,(anonymous_5)
FNF:5
FNH:4
FNDA:160,(anonymous_0)
FNDA:48,CheckLogin
FNDA:48,canActivate
FNDA:0,(anonymous_4)
FNDA:48,(anonymous_5)
DA:7,80
DA:11,400
DA:12,48
DA:15,48
DA:16,48
DA:17,0
DA:18,0
DA:19,0
DA:21,0
DA:24,0
DA:27,48
DA:29,48
LF:12
LH:7
BRDA:16,0,0,0
BRDA:16,0,1,48
BRDA:17,1,0,0
BRDA:17,1,1,0
BRDA:21,2,0,0
BRDA:21,2,1,0
BRDA:29,3,0,48
BRDA:29,3,1,0
BRDA:11,4,0,48
BRDA:11,4,1,48
BRF:10
BRH:4
end_of_record
TN:
SF:src\app\guards\FirstLogin.guard.ts
FN:8,(anonymous_0)
FN:9,FirstLogin
FN:11,canActivate
FNF:3
FNH:3
FNDA:160,(anonymous_0)
FNDA:12,FirstLogin
FNDA:12,canActivate
DA:8,400
DA:9,12
DA:12,12
DA:13,12
DA:14,0
DA:16,12
DA:17,0
DA:19,12
LF:8
LH:6
BRDA:13,0,0,0
BRDA:13,0,1,12
BRDA:16,1,0,0
BRDA:16,1,1,12
BRDA:8,2,0,12
BRDA:8,2,1,12
BRF:6
BRH:4
end_of_record
TN:
SF:src\app\guards\IsLogged.guard.ts
FN:10,(anonymous_0)
FN:13,IsLogged
FN:15,canActivate
FN:20,(anonymous_4)
FNF:4
FNH:4
FNDA:160,(anonymous_0)
FNDA:12,IsLogged
FNDA:12,canActivate
FNDA:12,(anonymous_4)
DA:10,400
DA:13,12
DA:16,12
DA:18,12
DA:20,12
LF:5
LH:5
BRDA:20,0,0,12
BRDA:20,0,1,0
BRDA:10,1,0,12
BRDA:10,1,1,12
BRF:4
BRH:3
end_of_record
TN:
SF:src\app\guards\checkRole.guard.ts
FN:9,(anonymous_0)
FN:10,CheckRole
FN:12,canActivate
FNF:3
FNH:3
FNDA:160,(anonymous_0)
FNDA:12,CheckRole
FNDA:12,canActivate
DA:5,80
DA:9,400
DA:10,12
DA:13,12
DA:14,12
DA:15,12
DA:16,0
DA:18,12
DA:20,0
DA:21,0
DA:22,0
DA:24,0
DA:27,12
DA:31,0
DA:32,0
DA:34,12
DA:37,0
LF:17
LH:9
BRDA:15,0,0,0
BRDA:15,0,1,12
BRDA:18,1,0,0
BRDA:18,1,1,12
BRDA:18,1,2,0
BRDA:20,2,0,0
BRDA:20,2,1,0
BRDA:27,3,0,0
BRDA:27,3,1,12
BRDA:28,4,0,12
BRDA:28,4,1,12
BRDA:9,5,0,12
BRDA:9,5,1,12
BRF:13
BRH:7
end_of_record
TN:
SF:src\app\layouts\admin-layout\admin-layout.component.html
FNF:0
FNH:0
DA:2,12
DA:3,12
DA:5,12
DA:8,12
DA:9,12
DA:10,12
LF:6
LH:6
BRF:0
BRH:0
end_of_record
TN:
SF:src\app\layouts\admin-layout\admin-layout.component.ts
FN:8,(anonymous_0)
FN:10,AdminLayoutComponent
FN:14,ngOnInit
FNF:3
FNH:3
FNDA:160,(anonymous_0)
FNDA:12,AdminLayoutComponent
FNDA:12,ngOnInit
DA:8,400
DA:10,12
LF:2
LH:2
BRDA:8,0,0,12
BRDA:8,0,1,12
BRF:2
BRH:2
end_of_record
TN:
SF:src\app\layouts\admin-layout\admin-layout.module.ts
FN:73,(anonymous_0)
FNF:1
FNH:1
FNDA:160,(anonymous_0)
DA:36,80
DA:73,320
LF:2
LH:2
BRDA:73,0,0,80
BRDA:73,0,1,80
BRF:2
BRH:2
end_of_record
TN:
SF:src\app\layouts\admin-layout\admin-layout.routing.ts
FNF:0
FNH:0
DA:11,80
LF:1
LH:1
BRF:0
BRH:0
end_of_record
TN:
SF:src\app\layouts\auth-layout\auth-layout.component.html
FNF:0
FNH:0
DA:1,80
DA:5,80
DA:6,80
DA:32,80
DA:33,80
DA:34,80
DA:39,9478
LF:7
LH:7
BRF:0
BRH:0
end_of_record
TN:
SF:src\app\layouts\auth-layout\auth-layout.component.ts
FN:9,(anonymous_0)
FN:13,AuthLayoutComponent
FN:15,ngOnInit
FN:20,(anonymous_4)
FN:25,ngOnDestroy
FNF:5
FNH:5
FNDA:160,(anonymous_0)
FNDA:80,AuthLayoutComponent
FNDA:80,ngOnInit
FNDA:240,(anonymous_4)
FNDA:12,ngOnDestroy
DA:9,400
DA:10,80
DA:11,80
DA:13,80
DA:15,80
DA:16,80
DA:17,80
DA:18,80
DA:19,80
DA:20,80
DA:21,240
DA:26,12
DA:27,12
DA:28,12
DA:29,12
LF:15
LH:15
BRDA:9,0,0,80
BRDA:9,0,1,80
BRF:2
BRH:2
end_of_record
TN:
SF:src\app\layouts\auth-layout\auth-layout.module.ts
FN:25,(anonymous_0)
FNF:1
FNH:1
FNDA:160,(anonymous_0)
DA:25,320
LF:1
LH:1
BRDA:25,0,0,80
BRDA:25,0,1,80
BRF:2
BRH:2
end_of_record
TN:
SF:src\app\layouts\auth-layout\auth-layout.routing.ts
FNF:0
FNH:0
DA:8,80
LF:1
LH:1
BRF:0
BRH:0
end_of_record
TN:
SF:src\app\pages\change-password\change-password.component.html
FN:25,ChangePasswordComponent_Template_form_ngSubmit_16_listener
FN:34,ChangePasswordComponent_Template_div_click_23_listener
FN:54,ChangePasswordComponent_Template_div_click_33_listener
FN:73,ChangePasswordComponent_Template_div_click_43_listener
FN:88,ChangePasswordComponent_Template_button_click_49_listener
FNF:5
FNH:0
FNDA:0,ChangePasswordComponent_Template_form_ngSubmit_16_listener
FNDA:0,ChangePasswordComponent_Template_div_click_23_listener
FNDA:0,ChangePasswordComponent_Template_div_click_33_listener
FNDA:0,ChangePasswordComponent_Template_div_click_43_listener
FNDA:0,ChangePasswordComponent_Template_button_click_49_listener
DA:1,0
DA:7,0
DA:13,0
DA:14,0
DA:15,0
DA:16,0
DA:20,0
DA:25,0
DA:27,0
DA:30,0
DA:32,0
DA:33,0
DA:34,0
DA:35,0
DA:38,0
DA:39,0
DA:40,0
DA:41,0
DA:42,0
DA:43,0
DA:44,0
DA:45,0
DA:47,0
DA:50,0
DA:52,0
DA:53,0
DA:54,0
DA:55,0
DA:58,0
DA:59,0
DA:60,0
DA:61,0
DA:62,0
DA:63,0
DA:64,0
DA:66,0
DA:69,0
DA:71,0
DA:72,0
DA:73,0
DA:74,0
DA:77,0
DA:78,0
DA:79,0
DA:80,0
DA:81,0
DA:82,0
DA:83,0
DA:85,0
DA:86,0
DA:87,0
DA:88,0
DA:89,0
DA:90,0
LF:54
LH:0
BRDA:40,0,0,0
BRDA:40,0,1,0
BRDA:42,1,0,0
BRDA:42,1,1,0
BRDA:59,2,0,0
BRDA:59,2,1,0
BRDA:61,3,0,0
BRDA:61,3,1,0
BRDA:78,4,0,0
BRDA:78,4,1,0
BRDA:80,5,0,0
BRDA:80,5,1,0
BRDA:33,6,0,0
BRDA:33,6,1,0
BRDA:35,7,0,0
BRDA:35,7,1,0
BRDA:39,8,0,0
BRDA:39,8,1,0
BRDA:53,9,0,0
BRDA:53,9,1,0
BRDA:55,10,0,0
BRDA:55,10,1,0
BRDA:58,11,0,0
BRDA:58,11,1,0
BRDA:72,12,0,0
BRDA:72,12,1,0
BRDA:74,13,0,0
BRDA:74,13,1,0
BRDA:77,14,0,0
BRDA:77,14,1,0
BRF:30
BRH:0
end_of_record
TN:
SF:src\app\pages\change-password\change-password.component.ts
FN:19,(anonymous_10)
FN:26,ChangePasswordComponent
FN:34,ngOnInit
FN:39,crearFormChangePassword
FN:57,showPassword
FN:74,onChangePassword
FN:85,next
FN:106,error
FN:114,retrocederFirstLogin
FNF:9
FNH:1
FNDA:160,(anonymous_10)
FNDA:0,ChangePasswordComponent
FNDA:0,ngOnInit
FNDA:0,crearFormChangePassword
FNDA:0,showPassword
FNDA:0,onChangePassword
FNDA:0,next
FNDA:0,error
FNDA:0,retrocederFirstLogin
DA:13,80
DA:19,400
DA:22,0
DA:24,0
DA:25,0
DA:27,0
DA:28,0
DA:29,0
DA:30,0
DA:35,0
DA:41,0
DA:58,0
DA:60,0
DA:61,0
DA:62,0
DA:64,0
DA:65,0
DA:66,0
DA:68,0
DA:69,0
DA:70,0
DA:74,0
DA:75,0
DA:76,0
DA:80,0
DA:81,0
DA:84,0
DA:86,0
DA:87,0
DA:88,0
DA:89,0
DA:91,0
DA:92,0
DA:101,0
DA:107,0
DA:115,0
DA:116,0
DA:117,0
DA:119,0
LF:39
LH:2
BRDA:58,0,0,0
BRDA:58,0,1,0
BRDA:58,0,2,0
BRDA:76,1,0,0
BRDA:76,1,1,0
BRDA:86,2,0,0
BRDA:86,2,1,0
BRDA:87,3,0,0
BRDA:87,3,1,0
BRDA:115,4,0,0
BRDA:115,4,1,0
BRDA:19,5,0,0
BRDA:19,5,1,0
BRF:13
BRH:0
end_of_record
TN:
SF:src\app\pages\dashboard\dashboard.component.html
FN:25,DashboardComponent_Template_input_onHidden_14_listener
FN:40,DashboardComponent_Template_input_onHidden_20_listener
FN:45,DashboardComponent_Template_select_change_22_listener
FNF:3
FNH:0
FNDA:0,DashboardComponent_Template_input_onHidden_14_listener
FNDA:0,DashboardComponent_Template_input_onHidden_20_listener
FNDA:0,DashboardComponent_Template_select_change_22_listener
DA:1,12
DA:3,12
DA:5,12
DA:8,472
DA:18,12
DA:19,12
DA:21,24
DA:22,472
DA:25,12
DA:29,12
DA:33,12
DA:34,12
DA:36,24
DA:37,472
DA:40,12
DA:44,12
DA:45,12
DA:46,12
DA:47,472
DA:48,12
DA:52,12
DA:53,472
DA:57,12
DA:62,12
DA:66,472
DA:69,12
DA:70,12
DA:73,12
DA:75,472
DA:78,12
DA:83,12
DA:86,472
DA:88,12
LF:33
LH:33
BRDA:22,0,0,0
BRDA:22,0,1,236
BRDA:37,1,0,0
BRDA:37,1,1,236
BRF:4
BRH:2
end_of_record
TN:
SF:src\app\pages\dashboard\dashboard.component.ts
FN:16,(anonymous_3)
FN:27,DashboardComponent
FN:34,ngOnInit
FN:47,crearFormularioDashboard
FN:86,getTramites
FN:88,(anonymous_9)
FN:94,loadData
FN:111,(anonymous_11)
FN:111,(anonymous_12)
FN:118,(anonymous_13)
FN:118,(anonymous_14)
FN:125,(anonymous_15)
FN:125,(anonymous_16)
FN:132,(anonymous_17)
FN:132,(anonymous_18)
FN:140,(anonymous_19)
FN:141,(anonymous_20)
FN:146,(anonymous_21)
FN:158,formattedDates
FNF:19
FNH:5
FNDA:160,(anonymous_3)
FNDA:12,DashboardComponent
FNDA:12,ngOnInit
FNDA:12,crearFormularioDashboard
FNDA:12,getTramites
FNDA:0,(anonymous_9)
FNDA:0,loadData
FNDA:0,(anonymous_11)
FNDA:0,(anonymous_12)
FNDA:0,(anonymous_13)
FNDA:0,(anonymous_14)
FNDA:0,(anonymous_15)
FNDA:0,(anonymous_16)
FNDA:0,(anonymous_17)
FNDA:0,(anonymous_18)
FNDA:0,(anonymous_19)
FNDA:0,(anonymous_20)
FNDA:0,(anonymous_21)
FNDA:0,formattedDates
DA:16,400
DA:18,12
DA:19,12
DA:20,12
DA:21,12
DA:23,12
DA:28,12
DA:29,12
DA:30,12
DA:31,12
DA:36,12
DA:38,12
DA:39,12
DA:40,12
DA:42,12
DA:44,12
DA:49,12
DA:56,12
DA:63,12
DA:67,12
DA:86,12
DA:88,12
DA:89,0
DA:94,0
DA:96,0
DA:102,0
DA:104,0
DA:111,0
DA:118,0
DA:125,0
DA:132,0
DA:140,0
DA:141,0
DA:146,0
DA:148,0
DA:149,0
DA:150,0
DA:151,0
DA:152,0
DA:153,0
DA:159,0
DA:165,0
LF:42
LH:22
BRDA:96,0,0,0
BRDA:96,0,1,0
BRDA:97,1,0,0
BRDA:97,1,1,0
BRDA:97,1,2,0
BRDA:16,2,0,12
BRDA:16,2,1,12
BRF:7
BRH:2
end_of_record
TN:
SF:src\app\pages\dashboard\graficos\bar\bar.component.html
FN:8,BarComponent_Template_select_ngModelChange_5_listener
FN:8,BarComponent_Template_select_change_5_listener
FNF:2
FNH:0
FNDA:0,BarComponent_Template_select_ngModelChange_5_listener
FNDA:0,BarComponent_Template_select_change_5_listener
DA:1,12
DA:5,12
DA:6,12
DA:8,484
DA:9,472
DA:10,472
DA:11,12
DA:14,12
DA:15,472
DA:18,12
LF:10
LH:10
BRF:0
BRH:0
end_of_record
TN:
SF:src\app\pages\dashboard\graficos\bar\bar.component.ts
FN:13,(anonymous_1)
FN:25,BarComponent
FN:27,ngOnInit
FN:60,loadData
FN:64,(anonymous_6)
FN:64,(anonymous_7)
FN:65,(anonymous_8)
FN:65,(anonymous_9)
FN:66,(anonymous_10)
FN:66,(anonymous_11)
FN:67,(anonymous_12)
FN:67,(anonymous_13)
FN:69,(anonymous_14)
FN:69,(anonymous_15)
FN:70,(anonymous_16)
FN:83,ngOnChanges
FN:88,clear
FNF:17
FNH:5
FNDA:160,(anonymous_1)
FNDA:12,BarComponent
FNDA:12,ngOnInit
FNDA:12,loadData
FNDA:0,(anonymous_6)
FNDA:0,(anonymous_7)
FNDA:0,(anonymous_8)
FNDA:0,(anonymous_9)
FNDA:0,(anonymous_10)
FNDA:0,(anonymous_11)
FNDA:0,(anonymous_12)
FNDA:0,(anonymous_13)
FNDA:0,(anonymous_14)
FNDA:0,(anonymous_15)
FNDA:0,(anonymous_16)
FNDA:12,ngOnChanges
FNDA:0,clear
DA:13,400
DA:19,12
DA:20,12
DA:21,12
DA:22,12
DA:23,12
DA:25,12
DA:32,12
DA:39,12
DA:54,12
DA:60,12
DA:61,12
DA:62,0
DA:63,0
DA:64,0
DA:65,0
DA:66,0
DA:67,0
DA:69,0
DA:72,0
DA:73,0
DA:74,0
DA:75,0
DA:76,0
DA:77,0
DA:84,12
DA:89,0
DA:90,0
DA:91,0
DA:92,0
DA:93,0
LF:31
LH:13
BRDA:61,0,0,0
BRDA:61,0,1,12
BRDA:61,1,0,12
BRDA:61,1,1,0
BRDA:61,1,2,0
BRDA:13,2,0,12
BRDA:13,2,1,12
BRF:7
BRH:4
end_of_record
TN:
SF:src\app\pages\dashboard\graficos\donut\donut.component.html
FN:12,DonutComponent_Template_select_ngModelChange_9_listener
FN:12,DonutComponent_Template_select_change_9_listener
FN:25,DonutComponent_Template_select_ngModelChange_18_listener
FN:25,DonutComponent_Template_select_change_18_listener
FNF:4
FNH:0
FNDA:0,DonutComponent_Template_select_ngModelChange_9_listener
FNDA:0,DonutComponent_Template_select_change_9_listener
FNDA:0,DonutComponent_Template_select_ngModelChange_18_listener
FNDA:0,DonutComponent_Template_select_change_18_listener
DA:1,12
DA:9,12
DA:10,12
DA:12,484
DA:13,472
DA:14,472
DA:15,12
DA:18,12
DA:22,12
DA:23,12
DA:25,484
DA:26,472
DA:27,472
DA:28,12
DA:33,12
DA:34,12
DA:35,472
DA:40,12
LF:18
LH:18
BRF:0
BRH:0
end_of_record
TN:
SF:src\app\pages\dashboard\graficos\donut\donut.component.ts
FN:11,(anonymous_2)
FN:48,DonutComponent
FN:50,ngOnInit
FN:54,ngOnChanges
FN:59,clear
FN:66,loadData
FN:80,(anonymous_9)
FN:87,(anonymous_10)
FNF:8
FNH:5
FNDA:160,(anonymous_2)
FNDA:12,DonutComponent
FNDA:12,ngOnInit
FNDA:12,ngOnChanges
FNDA:0,clear
FNDA:12,loadData
FNDA:0,(anonymous_9)
FNDA:0,(anonymous_10)
DA:11,400
DA:17,12
DA:23,12
DA:24,12
DA:25,12
DA:26,12
DA:45,12
DA:46,12
DA:48,12
DA:55,12
DA:60,0
DA:61,0
DA:62,0
DA:66,12
DA:67,12
DA:68,0
DA:69,0
DA:74,0
DA:80,0
DA:81,0
DA:82,0
DA:83,0
DA:84,0
DA:87,0
DA:88,0
DA:89,0
DA:90,0
DA:91,0
LF:28
LH:12
BRDA:67,0,0,0
BRDA:67,0,1,12
BRDA:67,1,0,12
BRDA:67,1,1,0
BRDA:67,1,2,0
BRDA:67,1,3,0
BRDA:11,2,0,12
BRDA:11,2,1,12
BRF:8
BRH:4
end_of_record
TN:
SF:src\app\pages\dashboard\graficos\pie\pie.component.html
FN:8,PieComponent_Template_select_ngModelChange_5_listener
FN:8,PieComponent_Template_select_change_5_listener
FNF:2
FNH:0
FNDA:0,PieComponent_Template_select_ngModelChange_5_listener
FNDA:0,PieComponent_Template_select_change_5_listener
DA:1,12
DA:5,12
DA:6,12
DA:8,484
DA:9,472
DA:10,472
DA:11,12
DA:15,472
LF:8
LH:8
BRF:0
BRH:0
end_of_record
TN:
SF:src\app\pages\dashboard\graficos\pie\pie.component.ts
FN:12,(anonymous_1)
FN:21,PieComponent
FN:22,ngOnInit
FN:51,ngOnChanges
FN:56,loadData
FN:64,(anonymous_7)
FN:74,clear
FNF:7
FNH:5
FNDA:160,(anonymous_1)
FNDA:12,PieComponent
FNDA:12,ngOnInit
FNDA:12,ngOnChanges
FNDA:12,loadData
FNDA:0,(anonymous_7)
FNDA:0,clear
DA:12,400
DA:19,12
DA:21,12
DA:26,12
DA:30,12
DA:36,12
DA:37,12
DA:38,12
DA:39,12
DA:40,12
DA:52,12
DA:56,12
DA:57,12
DA:58,0
DA:59,0
DA:64,0
DA:65,0
DA:66,0
DA:67,0
DA:68,0
DA:75,0
LF:21
LH:13
BRDA:57,0,0,0
BRDA:57,0,1,12
BRDA:57,1,0,12
BRDA:57,1,1,0
BRDA:57,1,2,0
BRDA:12,2,0,12
BRDA:12,2,1,12
BRF:7
BRH:4
end_of_record
TN:
SF:src\app\pages\documentos\documentos.component.html
FN:86,DocumentosComponent_div_39_tbody_14_Template_i_click_9_listener
FN:88,DocumentosComponent_div_39_tbody_14_Template_td_click_10_listener
FN:15,DocumentosComponent_Template_form_change_10_listener
FN:20,DocumentosComponent_Template_input_keyup_15_listener
FN:26,DocumentosComponent_Template_input_keyup_18_listener
FN:38,DocumentosComponent_Template_button_click_24_listener
FN:46,DocumentosComponent_Template_button_click_30_listener
FN:51,DocumentosComponent_Template_button_click_35_listener
FN:96,DocumentosComponent_Template_pagination_controls_pageChange_41_listener
FN:108,DocumentosComponent_Template_div_onHidden_42_listener
FN:115,DocumentosComponent_Template_button_click_49_listener
FN:126,DocumentosComponent_Template_div_onHidden_53_listener
FN:133,DocumentosComponent_Template_button_click_60_listener
FNF:13
FNH:0
FNDA:0,DocumentosComponent_div_39_tbody_14_Template_i_click_9_listener
FNDA:0,DocumentosComponent_div_39_tbody_14_Template_td_click_10_listener
FNDA:0,DocumentosComponent_Template_form_change_10_listener
FNDA:0,DocumentosComponent_Template_input_keyup_15_listener
FNDA:0,DocumentosComponent_Template_input_keyup_18_listener
FNDA:0,DocumentosComponent_Template_button_click_24_listener
FNDA:0,DocumentosComponent_Template_button_click_30_listener
FNDA:0,DocumentosComponent_Template_button_click_35_listener
FNDA:0,DocumentosComponent_Template_pagination_controls_pageChange_41_listener
FNDA:0,DocumentosComponent_Template_div_onHidden_42_listener
FNDA:0,DocumentosComponent_Template_button_click_49_listener
FNDA:0,DocumentosComponent_Template_div_onHidden_53_listener
FNDA:0,DocumentosComponent_Template_button_click_60_listener
DA:1,0
DA:3,0
DA:5,0
DA:8,0
DA:13,0
DA:15,0
DA:16,0
DA:17,0
DA:18,0
DA:20,0
DA:24,0
DA:26,0
DA:30,0
DA:31,0
DA:34,0
DA:38,0
DA:39,0
DA:40,0
DA:44,0
DA:46,0
DA:47,0
DA:50,0
DA:51,0
DA:52,0
DA:59,0
DA:63,0
DA:64,0
DA:65,0
DA:66,0
DA:67,0
DA:70,0
DA:77,0
DA:78,0
DA:79,0
DA:80,0
DA:81,0
DA:82,0
DA:83,0
DA:84,0
DA:85,0
DA:86,0
DA:88,0
DA:89,0
DA:90,0
DA:93,0
DA:95,0
DA:96,0
DA:98,0
DA:108,0
DA:110,0
DA:113,0
DA:114,0
DA:115,0
DA:116,0
DA:119,0
DA:120,0
DA:126,0
DA:128,0
DA:131,0
DA:132,0
DA:133,0
DA:134,0
DA:137,0
DA:138,0
LF:64
LH:0
BRF:0
BRH:0
end_of_record
TN:
SF:src\app\pages\documentos\documentos.component.ts
FN:16,(anonymous_9)
FN:29,DocumentosComponent
FN:37,ngOnInit
FN:44,crearFormularioConsulta
FN:52,ngOnChanges
FN:56,exportarExcel
FN:59,exportarPDF
FN:65,crearDocumento
FN:71,editarDocumento
FN:77,listarDocumentos
FN:80,next
FN:85,error
FN:94,alertDeleteDoc
FN:105,(anonymous_23)
FN:115,eliminarDocumento
FN:122,next
FN:139,error
FNF:17
FNH:1
FNDA:160,(anonymous_9)
FNDA:0,DocumentosComponent
FNDA:0,ngOnInit
FNDA:0,crearFormularioConsulta
FNDA:0,ngOnChanges
FNDA:0,exportarExcel
FNDA:0,exportarPDF
FNDA:0,crearDocumento
FNDA:0,editarDocumento
FNDA:0,listarDocumentos
FNDA:0,next
FNDA:0,error
FNDA:0,alertDeleteDoc
FNDA:0,(anonymous_23)
FNDA:0,eliminarDocumento
FNDA:0,next
FNDA:0,error
DA:16,400
DA:19,0
DA:20,0
DA:21,0
DA:24,0
DA:30,0
DA:31,0
DA:32,0
DA:33,0
DA:34,0
DA:39,0
DA:40,0
DA:45,0
DA:53,0
DA:57,0
DA:60,0
DA:61,0
DA:66,0
DA:67,0
DA:72,0
DA:73,0
DA:74,0
DA:77,0
DA:79,0
DA:81,0
DA:82,0
DA:83,0
DA:86,0
DA:94,0
DA:95,0
DA:106,0
DA:107,0
DA:109,0
DA:115,0
DA:117,0
DA:121,0
DA:123,0
DA:124,0
DA:125,0
DA:126,0
DA:134,0
DA:140,0
LF:42
LH:1
BRDA:106,0,0,0
BRDA:106,0,1,0
BRDA:123,1,0,0
BRDA:123,1,1,0
BRDA:16,2,0,0
BRDA:16,2,1,0
BRF:6
BRH:0
end_of_record
TN:
SF:src\app\pages\documentos\edit-document\edit-document.component.html
FN:1,EditDocumentComponent_Template_form_ngSubmit_0_listener
FNF:1
FNH:0
FNDA:0,EditDocumentComponent_Template_form_ngSubmit_0_listener
DA:1,0
DA:2,0
DA:6,0
DA:7,0
DA:8,0
DA:10,0
DA:12,0
DA:13,0
DA:14,0
DA:15,0
DA:16,0
DA:17,0
DA:18,0
DA:19,0
DA:20,0
DA:21,0
DA:22,0
DA:24,0
DA:26,0
DA:27,0
DA:28,0
DA:29,0
DA:30,0
DA:31,0
DA:32,0
DA:33,0
DA:37,0
DA:38,0
LF:28
LH:0
BRDA:16,0,0,0
BRDA:16,0,1,0
BRDA:19,1,0,0
BRDA:19,1,1,0
BRDA:30,2,0,0
BRDA:30,2,1,0
BRDA:14,3,0,0
BRDA:14,3,1,0
BRDA:28,4,0,0
BRDA:28,4,1,0
BRF:10
BRH:0
end_of_record
TN:
SF:src\app\pages\documentos\edit-document\edit-document.component.ts
FN:19,(anonymous_5)
FN:22,EditDocumentComponent
FN:29,ngOnInit
FN:35,ngOnChanges
FN:41,detalleDocumento
FN:47,actualizarDocumento
FN:49,next
FN:68,error
FN:76,crearFormularioEditarDoc
FNF:9
FNH:1
FNDA:160,(anonymous_5)
FNDA:0,EditDocumentComponent
FNDA:0,ngOnInit
FNDA:0,ngOnChanges
FNDA:0,detalleDocumento
FNDA:0,actualizarDocumento
FNDA:0,next
FNDA:0,error
FNDA:0,crearFormularioEditarDoc
DA:19,400
DA:23,0
DA:24,0
DA:25,0
DA:26,0
DA:30,0
DA:31,0
DA:36,0
DA:37,0
DA:42,0
DA:43,0
DA:44,0
DA:47,0
DA:48,0
DA:50,0
DA:51,0
DA:59,0
DA:69,0
DA:77,0
LF:19
LH:1
BRDA:50,0,0,0
BRDA:50,0,1,0
BRDA:19,1,0,0
BRDA:19,1,1,0
BRF:4
BRH:0
end_of_record
TN:
SF:src\app\pages\documentos\new-document\new-document.component.html
FN:1,NewDocumentComponent_Template_form_ngSubmit_0_listener
FNF:1
FNH:0
FNDA:0,NewDocumentComponent_Template_form_ngSubmit_0_listener
DA:1,0
DA:2,0
DA:6,0
DA:7,0
DA:9,0
DA:10,0
DA:11,0
DA:12,0
DA:13,0
DA:14,0
DA:15,0
DA:16,0
DA:17,0
DA:19,0
DA:21,0
DA:22,0
DA:23,0
DA:24,0
DA:25,0
DA:26,0
DA:27,0
DA:28,0
DA:36,0
DA:37,0
LF:24
LH:0
BRDA:11,0,0,0
BRDA:11,0,1,0
BRDA:14,1,0,0
BRDA:14,1,1,0
BRDA:25,2,0,0
BRDA:25,2,1,0
BRDA:9,3,0,0
BRDA:9,3,1,0
BRDA:23,4,0,0
BRDA:23,4,1,0
BRF:10
BRH:0
end_of_record
TN:
SF:src\app\pages\documentos\new-document\new-document.component.ts
FN:18,(anonymous_5)
FN:20,NewDocumentComponent
FN:28,ngOnInit
FN:33,crearFormularioCreateUser
FN:51,crearDocumento
FN:54,next
FN:69,error
FNF:7
FNH:1
FNDA:160,(anonymous_5)
FNDA:0,NewDocumentComponent
FNDA:0,ngOnInit
FNDA:0,crearFormularioCreateUser
FNDA:0,crearDocumento
FNDA:0,next
FNDA:0,error
DA:18,400
DA:21,0
DA:22,0
DA:23,0
DA:24,0
DA:29,0
DA:34,0
DA:51,0
DA:53,0
DA:55,0
DA:56,0
DA:64,0
DA:70,0
LF:13
LH:1
BRDA:55,0,0,0
BRDA:55,0,1,0
BRDA:18,1,0,0
BRDA:18,1,1,0
BRF:4
BRH:0
end_of_record
TN:
SF:src\app\pages\login\login.component.html
FN:23,LoginComponent_Template_form_ngSubmit_16_listener
FN:45,LoginComponent_Template_div_click_30_listener
FNF:2
FNH:1
FNDA:28,LoginComponent_Template_form_ngSubmit_16_listener
FNDA:0,LoginComponent_Template_div_click_30_listener
DA:1,48
DA:6,48
DA:13,48
DA:21,48
DA:23,5952
DA:24,48
DA:27,48
DA:29,48
DA:31,48
DA:32,5952
DA:33,272
DA:34,8
DA:35,272
DA:36,8
DA:37,8
DA:38,48
DA:39,48
DA:42,48
DA:44,5952
DA:45,48
DA:46,5952
DA:51,5952
DA:52,96
DA:53,8
DA:54,96
DA:55,8
DA:56,8
DA:57,48
DA:58,48
DA:59,5952
LF:30
LH:30
BRDA:33,0,0,0
BRDA:33,0,1,136
BRDA:35,1,0,0
BRDA:35,1,1,136
BRDA:52,2,0,0
BRDA:52,2,1,48
BRDA:54,3,0,0
BRDA:54,3,1,48
BRDA:32,4,0,2976
BRDA:32,4,1,1892
BRDA:44,5,0,0
BRDA:44,5,1,2976
BRDA:46,6,0,0
BRDA:46,6,1,2976
BRDA:51,7,0,2976
BRDA:51,7,1,2592
BRF:16
BRH:10
end_of_record
TN:
SF:src\app\pages\login\login.component.ts
FN:19,(anonymous_6)
FN:24,LoginComponent
FN:32,ngOnInit
FN:38,showPassword
FN:44,crearFormularioLogin
FN:61,onLogin
FN:64,next
FN:79,error
FN:90,alertFirstLogin
FN:100,(anonymous_16)
FNF:10
FNH:7
FNDA:160,(anonymous_6)
FNDA:48,LoginComponent
FNDA:48,ngOnInit
FNDA:0,showPassword
FNDA:48,crearFormularioLogin
FNDA:28,onLogin
FNDA:20,next
FNDA:8,error
FNDA:0,alertFirstLogin
FNDA:0,(anonymous_16)
DA:19,400
DA:22,48
DA:23,48
DA:25,48
DA:26,48
DA:27,48
DA:28,48
DA:33,48
DA:34,48
DA:39,0
DA:40,0
DA:46,48
DA:61,28
DA:62,28
DA:63,28
DA:66,20
DA:67,12
DA:69,0
DA:71,12
DA:74,8
DA:82,8
DA:90,0
DA:91,0
DA:101,0
DA:103,0
DA:106,0
LF:26
LH:18
BRDA:66,0,0,12
BRDA:66,0,1,8
BRDA:67,1,0,0
BRDA:67,1,1,12
BRDA:101,2,0,0
BRDA:101,2,1,0
BRDA:19,3,0,48
BRDA:19,3,1,48
BRF:8
BRH:5
end_of_record
TN:
SF:src\app\pages\tracking\tracking.component.html
FN:15,TrackingComponent_Template_form_ngSubmit_10_listener
FNF:1
FNH:1
FNDA:24,TrackingComponent_Template_form_ngSubmit_10_listener
DA:1,32
DA:3,32
DA:5,32
DA:8,32
DA:13,32
DA:15,3454
DA:16,30
DA:18,32
DA:20,32
DA:22,32
DA:23,32
DA:25,32
DA:27,32
DA:28,3446
DA:29,32
DA:32,32
DA:34,3446
DA:35,0
DA:36,0
DA:37,0
DA:38,0
DA:39,0
DA:40,32
DA:42,32
DA:43,3446
DA:44,0
DA:45,0
DA:46,0
DA:47,0
DA:48,0
DA:49,32
DA:51,32
DA:53,32
DA:55,32
DA:56,3446
DA:57,8
DA:59,8
DA:62,118
DA:63,8
DA:64,8
DA:65,8
DA:66,118
DA:67,8
DA:68,118
DA:69,59
DA:70,8
DA:71,8
DA:72,8
DA:73,118
DA:74,8
DA:75,8
DA:78,8
DA:79,8
DA:80,3446
DA:87,8
DA:88,8
DA:89,8
DA:90,8
DA:93,8
DA:94,192
DA:95,2898
DA:96,2898
DA:97,2898
DA:98,2898
DA:100,8
DA:107,8
DA:112,8
DA:113,8
DA:114,8
DA:117,118
DA:118,14
DA:119,0
DA:120,0
DA:121,0
DA:122,0
DA:123,0
DA:125,3
DA:126,8
DA:130,8
DA:135,8
DA:136,8
DA:137,8
DA:140,118
DA:141,0
DA:142,0
DA:143,0
DA:144,0
DA:145,0
DA:146,0
DA:147,0
DA:150,0
DA:151,8
DA:156,32
LF:93
LH:70
BRDA:35,0,0,0
BRDA:35,0,1,0
BRDA:37,1,0,0
BRDA:37,1,1,0
BRDA:44,2,0,0
BRDA:44,2,1,0
BRDA:46,3,0,0
BRDA:46,3,1,0
BRDA:34,4,0,1723
BRDA:34,4,1,712
BRDA:43,5,0,1723
BRDA:43,5,1,1424
BRF:12
BRH:4
end_of_record
TN:
SF:src\app\pages\tracking\tracking.component.ts
FN:17,(anonymous_17)
FN:26,TrackingComponent
FN:33,ngOnInit
FN:38,crearFormularioTracking
FN:53,limpiarTabla
FN:60,buscarTramiteTracking
FN:65,next
FN:82,error
FN:95,leerAdjuntos
FN:99,next
FN:103,error
FN:112,leerCertificados
FN:116,next
FN:120,error
FNF:14
FNH:11
FNDA:160,(anonymous_17)
FNDA:32,TrackingComponent
FNDA:32,ngOnInit
FNDA:32,crearFormularioTracking
FNDA:32,limpiarTabla
FNDA:24,buscarTramiteTracking
FNDA:16,next
FNDA:8,error
FNDA:8,leerAdjuntos
FNDA:3,next
FNDA:0,error
FNDA:8,leerCertificados
FNDA:0,next
FNDA:0,error
DA:17,813
DA:19,32
DA:21,32
DA:22,32
DA:23,32
DA:24,32
DA:27,32
DA:28,32
DA:29,32
DA:34,32
DA:39,32
DA:54,32
DA:55,32
DA:56,32
DA:60,24
DA:61,24
DA:62,24
DA:66,16
DA:67,8
DA:68,8
DA:69,8
DA:70,8
DA:72,8
DA:73,8
DA:83,8
DA:95,8
DA:96,8
DA:100,3
DA:101,3
DA:104,0
DA:112,8
DA:113,8
DA:117,0
DA:118,0
DA:121,0
LF:35
LH:31
BRDA:66,0,0,8
BRDA:66,0,1,8
BRDA:17,1,0,32
BRDA:17,1,1,32
BRF:4
BRH:4
end_of_record
TN:
SF:src\app\pages\tramites\tramites.component.html
FN:128,TramitesComponent_tbody_75_tr_1_Template_i_click_16_listener
FN:134,TramitesComponent_pagination_controls_77_Template_pagination_controls_pageChange_0_listener
FN:15,TramitesComponent_Template_form_change_10_listener
FN:68,TramitesComponent_Template_button_click_47_listener
FN:73,TramitesComponent_Template_button_click_52_listener
FN:143,TramitesComponent_Template_div_onHidden_78_listener
FN:149,TramitesComponent_Template_button_click_85_listener
FNF:7
FNH:0
FNDA:0,TramitesComponent_tbody_75_tr_1_Template_i_click_16_listener
FNDA:0,TramitesComponent_pagination_controls_77_Template_pagination_controls_pageChange_0_listener
FNDA:0,TramitesComponent_Template_form_change_10_listener
FNDA:0,TramitesComponent_Template_button_click_47_listener
FNDA:0,TramitesComponent_Template_button_click_52_listener
FNDA:0,TramitesComponent_Template_div_onHidden_78_listener
FNDA:0,TramitesComponent_Template_button_click_85_listener
DA:1,0
DA:3,0
DA:5,0
DA:8,0
DA:13,0
DA:15,0
DA:16,0
DA:19,0
DA:20,0
DA:22,0
DA:24,0
DA:26,0
DA:28,0
DA:30,0
DA:31,0
DA:35,0
DA:39,0
DA:40,0
DA:41,0
DA:42,0
DA:43,0
DA:47,0
DA:49,0
DA:50,0
DA:52,0
DA:54,0
DA:55,0
DA:60,0
DA:63,0
DA:65,0
DA:66,0
DA:68,0
DA:69,0
DA:72,0
DA:73,0
DA:74,0
DA:82,0
DA:86,0
DA:87,0
DA:88,0
DA:89,0
DA:90,0
DA:91,0
DA:92,0
DA:93,0
DA:94,0
DA:96,0
DA:97,0
DA:108,0
DA:109,0
DA:110,0
DA:111,0
DA:112,0
DA:113,0
DA:114,0
DA:115,0
DA:116,0
DA:117,0
DA:118,0
DA:119,0
DA:120,0
DA:121,0
DA:122,0
DA:123,0
DA:124,0
DA:125,0
DA:126,0
DA:127,0
DA:128,0
DA:130,0
DA:131,0
DA:133,0
DA:134,0
DA:135,0
DA:136,0
DA:137,0
DA:143,0
DA:145,0
DA:148,0
DA:149,0
DA:150,0
DA:153,0
DA:154,0
LF:83
LH:0
BRF:0
BRH:0
end_of_record
TN:
SF:src\app\pages\tramites\tramites.component.ts
FN:14,(anonymous_9)
FN:26,TramitesComponent
FN:34,ngOnInit
FN:41,crearFormularioConsulta
FN:54,listarTramiteDoc
FN:56,next
FN:61,error
FN:71,detalleTramite
FN:77,onChangeForm
FN:80,exportarExcel
FN:84,exportarPDF
FNF:11
FNH:1
FNDA:160,(anonymous_9)
FNDA:0,TramitesComponent
FNDA:0,ngOnInit
FNDA:0,crearFormularioConsulta
FNDA:0,listarTramiteDoc
FNDA:0,next
FNDA:0,error
FNDA:0,detalleTramite
FNDA:0,onChangeForm
FNDA:0,exportarExcel
FNDA:0,exportarPDF
DA:14,400
DA:21,0
DA:22,0
DA:23,0
DA:25,0
DA:27,0
DA:28,0
DA:30,0
DA:31,0
DA:36,0
DA:37,0
DA:42,0
DA:54,0
DA:55,0
DA:58,0
DA:59,0
DA:63,0
DA:72,0
DA:73,0
DA:74,0
DA:78,0
DA:81,0
DA:85,0
DA:86,0
LF:24
LH:1
BRDA:14,0,0,0
BRDA:14,0,1,0
BRF:2
BRH:0
end_of_record
TN:
SF:src\app\pages\tramites\components\detalle-tramite\detalle-tramite.component.html
FN:130,DetalleTramiteComponent_tr_92_Template_td_click_9_listener
FN:133,DetalleTramiteComponent_tr_92_Template_td_click_11_listener
FN:211,DetalleTramiteComponent_tbody_130_tr_1_Template_td_click_8_listener
FN:49,DetalleTramiteComponent_Template_form_ngSubmit_36_listener
FN:89,DetalleTramiteComponent_Template_form_ngSubmit_59_listener
FN:97,DetalleTramiteComponent_Template_input_change_65_listener
FN:229,DetalleTramiteComponent_Template_button_click_138_listener
FN:233,DetalleTramiteComponent_Template_form_ngSubmit_141_listener
FN:259,DetalleTramiteComponent_Template_button_click_166_listener
FNF:9
FNH:1
FNDA:0,DetalleTramiteComponent_tr_92_Template_td_click_9_listener
FNDA:0,DetalleTramiteComponent_tr_92_Template_td_click_11_listener
FNDA:40,DetalleTramiteComponent_tbody_130_tr_1_Template_td_click_8_listener
FNDA:0,DetalleTramiteComponent_Template_form_ngSubmit_36_listener
FNDA:0,DetalleTramiteComponent_Template_form_ngSubmit_59_listener
FNDA:0,DetalleTramiteComponent_Template_input_change_65_listener
FNDA:0,DetalleTramiteComponent_Template_button_click_138_listener
FNDA:0,DetalleTramiteComponent_Template_form_ngSubmit_141_listener
FNDA:0,DetalleTramiteComponent_Template_button_click_166_listener
DA:1,0
DA:2,0
DA:6,0
DA:7,0
DA:8,0
DA:10,0
DA:12,0
DA:13,0
DA:15,0
DA:17,0
DA:19,0
DA:20,0
DA:21,0
DA:24,0
DA:27,0
DA:28,0
DA:29,0
DA:31,0
DA:33,0
DA:34,0
DA:35,0
DA:37,0
DA:39,0
DA:40,0
DA:41,0
DA:48,0
DA:49,0
DA:50,0
DA:53,0
DA:54,0
DA:55,0
DA:56,0
DA:58,0
DA:59,0
DA:60,0
DA:61,0
DA:62,0
DA:64,0
DA:66,0
DA:68,0
DA:69,0
DA:70,0
DA:71,0
DA:72,0
DA:73,0
DA:74,0
DA:75,0
DA:76,0
DA:78,0
DA:80,0
DA:81,0
DA:82,0
DA:87,0
DA:89,0
DA:90,0
DA:92,0
DA:93,0
DA:95,0
DA:96,0
DA:97,0
DA:98,0
DA:101,0
DA:102,0
DA:103,0
DA:104,0
DA:105,0
DA:106,0
DA:109,0
DA:116,0
DA:117,0
DA:118,0
DA:119,0
DA:120,0
DA:121,0
DA:124,0
DA:125,0
DA:126,0
DA:127,0
DA:128,0
DA:129,0
DA:130,0
DA:131,0
DA:132,0
DA:133,0
DA:134,0
DA:135,0
DA:137,0
DA:142,0
DA:147,0
DA:148,0
DA:149,0
DA:152,0
DA:153,0
DA:154,0
DA:155,0
DA:156,0
DA:157,0
DA:158,0
DA:159,0
DA:162,0
DA:163,0
DA:168,0
DA:173,0
DA:174,0
DA:175,40
DA:178,0
DA:179,0
DA:180,0
DA:181,0
DA:182,0
DA:183,0
DA:184,0
DA:186,0
DA:187,0
DA:191,0
DA:196,0
DA:197,0
DA:198,0
DA:199,0
DA:202,0
DA:203,0
DA:204,40
DA:205,0
DA:206,0
DA:207,0
DA:208,40
DA:209,40
DA:211,0
DA:212,0
DA:213,0
DA:215,0
DA:216,0
DA:223,0
DA:228,0
DA:229,0
DA:230,0
DA:233,0
DA:234,0
DA:236,0
DA:237,0
DA:238,0
DA:239,0
DA:240,0
DA:241,0
DA:242,0
DA:243,0
DA:244,0
DA:245,0
DA:246,0
DA:247,0
DA:248,0
DA:251,0
DA:252,0
DA:253,0
DA:255,0
DA:258,0
DA:259,0
DA:260,0
LF:158
LH:4
BRDA:59,0,0,0
BRDA:59,0,1,0
BRDA:69,1,0,0
BRDA:69,1,1,0
BRDA:71,2,0,0
BRDA:71,2,1,0
BRDA:73,3,0,0
BRDA:73,3,1,0
BRDA:102,4,0,0
BRDA:102,4,1,0
BRDA:58,5,0,0
BRDA:58,5,1,0
BRDA:68,6,0,0
BRDA:68,6,1,0
BRDA:101,7,0,0
BRDA:101,7,1,0
BRF:16
BRH:0
end_of_record
TN:
SF:src\app\pages\tramites\components\detalle-tramite\detalle-tramite.component.ts
FN:27,(anonymous_18)
FN:69,DetalleTramiteComponent
FN:77,ngOnInit
FN:84,crearFormularios
FN:125,ngOnChanges
FN:131,seleccionarDetalle
FN:148,eliminarDetalle
FN:155,eliminarCertificado
FN:162,detalleTramite
FN:183,llenarListas
FN:191,leerDetalles
FN:193,next
FN:196,error
FN:206,leerImagenes
FN:208,next
FN:212,error
FN:222,leerAdjuntos
FN:224,next
FN:228,error
FN:238,leerCertificados
FN:240,next
FN:244,error
FN:254,registraEstado
FN:257,next
FN:280,error
FN:291,seleccionarArchivo
FN:294,(anonymous_45)
FN:302,convertFile
FN:306,(anonymous_47)
FN:315,upload
FN:321,next
FN:340,error
FN:350,modificarEstado
FN:352,next
FN:370,error
FN:380,callServicedeleteDetalleTramite
FN:382,next
FN:398,error
FN:408,callServiceDeleteCertificado
FN:410,next
FN:426,error
FN:436,alertEliminar
FN:446,(anonymous_61)
FNF:43
FNH:1
FNDA:40,(anonymous_18)
FNDA:0,DetalleTramiteComponent
FNDA:0,ngOnInit
FNDA:0,crearFormularios
FNDA:0,ngOnChanges
FNDA:0,seleccionarDetalle
FNDA:0,eliminarDetalle
FNDA:0,eliminarCertificado
FNDA:0,detalleTramite
FNDA:0,llenarListas
FNDA:0,leerDetalles
FNDA:0,next
FNDA:0,error
FNDA:0,leerImagenes
FNDA:0,next
FNDA:0,error
FNDA:0,leerAdjuntos
FNDA:0,next
FNDA:0,error
FNDA:0,leerCertificados
FNDA:0,next
FNDA:0,error
FNDA:0,registraEstado
FNDA:0,next
FNDA:0,error
FNDA:0,seleccionarArchivo
FNDA:0,(anonymous_45)
FNDA:0,convertFile
FNDA:0,(anonymous_47)
FNDA:0,upload
FNDA:0,next
FNDA:0,error
FNDA:0,modificarEstado
FNDA:0,next
FNDA:0,error
FNDA:0,callServicedeleteDetalleTramite
FNDA:0,next
FNDA:0,error
FNDA:0,callServiceDeleteCertificado
FNDA:0,next
FNDA:0,error
FNDA:0,alertEliminar
FNDA:0,(anonymous_61)
DA:27,100
DA:45,0
DA:46,0
DA:48,0
DA:53,0
DA:54,0
DA:55,0
DA:56,0
DA:57,0
DA:58,0
DA:64,0
DA:66,0
DA:70,0
DA:71,0
DA:72,0
DA:73,0
DA:78,0
DA:79,0
DA:80,0
DA:85,0
DA:93,0
DA:102,0
DA:111,0
DA:119,0
DA:126,0
DA:127,0
DA:132,0
DA:133,0
DA:136,0
DA:139,0
DA:142,0
DA:149,0
DA:150,0
DA:151,0
DA:156,0
DA:157,0
DA:158,0
DA:159,0
DA:164,0
DA:167,0
DA:170,0
DA:173,0
DA:176,0
DA:177,0
DA:180,0
DA:184,0
DA:185,0
DA:186,0
DA:187,0
DA:191,0
DA:192,0
DA:194,0
DA:197,0
DA:198,0
DA:206,0
DA:207,0
DA:209,0
DA:210,0
DA:213,0
DA:214,0
DA:222,0
DA:223,0
DA:225,0
DA:226,0
DA:229,0
DA:230,0
DA:238,0
DA:239,0
DA:241,0
DA:242,0
DA:245,0
DA:246,0
DA:254,0
DA:255,0
DA:256,0
DA:258,0
DA:259,0
DA:267,0
DA:268,0
DA:269,0
DA:270,0
DA:274,0
DA:275,0
DA:281,0
DA:282,0
DA:283,0
DA:291,0
DA:293,0
DA:294,0
DA:295,0
DA:296,0
DA:303,0
DA:304,0
DA:305,0
DA:306,40
DA:307,40
DA:311,0
DA:315,40
DA:316,0
DA:320,0
DA:322,0
DA:323,0
DA:324,0
DA:325,0
DA:333,0
DA:335,0
DA:341,0
DA:342,0
DA:350,0
DA:351,0
DA:353,0
DA:354,0
DA:362,0
DA:363,0
DA:365,0
DA:371,0
DA:372,0
DA:380,0
DA:381,0
DA:383,0
DA:384,0
DA:391,0
DA:393,0
DA:399,0
DA:400,0
DA:408,0
DA:409,0
DA:411,0
DA:412,0
DA:419,0
DA:421,0
DA:427,0
DA:428,0
DA:436,0
DA:437,0
DA:447,0
DA:450,0
DA:452,0
DA:453,0
DA:455,0
DA:456,0
DA:458,0
DA:465,0
DA:467,0
LF:144
LH:4
BRDA:258,0,0,0
BRDA:258,0,1,0
BRDA:293,1,0,0
BRDA:293,1,1,0
BRDA:322,2,0,0
BRDA:322,2,1,0
BRDA:353,3,0,0
BRDA:353,3,1,0
BRDA:383,4,0,0
BRDA:383,4,1,0
BRDA:411,5,0,0
BRDA:411,5,1,0
BRDA:447,6,0,0
BRDA:447,6,1,0
BRDA:450,7,0,0
BRDA:450,7,1,0
BRDA:450,7,2,0
BRDA:27,8,0,0
BRDA:27,8,1,0
BRF:19
BRH:0
end_of_record
TN:
SF:src\app\pages\tramites\components\edit-tramite\edit-tramite.component.html
FN:1,EditTramiteComponent_Template_form_ngSubmit_0_listener
FNF:1
FNH:0
FNDA:0,EditTramiteComponent_Template_form_ngSubmit_0_listener
DA:1,0
DA:2,0
DA:4,0
DA:5,0
DA:6,0
DA:7,0
DA:8,0
DA:9,0
DA:10,0
DA:11,0
DA:12,0
DA:13,0
DA:14,0
DA:15,0
DA:16,0
DA:19,0
DA:20,0
DA:21,0
DA:23,0
DA:26,0
DA:27,0
LF:21
LH:0
BRF:0
BRH:0
end_of_record
TN:
SF:src\app\pages\tramites\components\edit-tramite\edit-tramite.component.ts
FN:18,(anonymous_0)
FN:21,EditTramiteComponent
FN:27,ngOnInit
FN:32,crearEstadoUpdateForm
FN:44,detalleUpdateTramite
FN:60,ngOnChanges
FN:66,modificarEstado
FN:68,next
FN:84,error
FNF:9
FNH:1
FNDA:80,(anonymous_0)
FNDA:0,EditTramiteComponent
FNDA:0,ngOnInit
FNDA:0,crearEstadoUpdateForm
FNDA:0,detalleUpdateTramite
FNDA:0,ngOnChanges
FNDA:0,modificarEstado
FNDA:0,next
FNDA:0,error
DA:18,200
DA:22,0
DA:23,0
DA:24,0
DA:28,0
DA:29,0
DA:33,0
DA:45,0
DA:48,0
DA:51,0
DA:54,0
DA:61,0
DA:62,0
DA:66,0
DA:67,0
DA:69,0
DA:70,0
DA:79,0
DA:85,0
DA:86,0
LF:20
LH:1
BRDA:69,0,0,0
BRDA:69,0,1,0
BRDA:18,1,0,0
BRDA:18,1,1,0
BRF:4
BRH:0
end_of_record
TN:
SF:src\app\pages\tramites\detalles\detalletramite\detalletramite.component.html
FN:130,DetalleTramiteComponent_tr_92_Template_td_click_9_listener
FN:133,DetalleTramiteComponent_tr_92_Template_td_click_11_listener
FN:211,DetalleTramiteComponent_tbody_130_tr_1_Template_td_click_8_listener
FN:49,DetalleTramiteComponent_Template_form_ngSubmit_36_listener
FN:89,DetalleTramiteComponent_Template_form_ngSubmit_59_listener
FN:97,DetalleTramiteComponent_Template_input_change_65_listener
FN:229,DetalleTramiteComponent_Template_button_click_138_listener
FN:233,DetalleTramiteComponent_Template_form_ngSubmit_141_listener
FN:259,DetalleTramiteComponent_Template_button_click_166_listener
FNF:9
FNH:0
FNDA:0,DetalleTramiteComponent_tr_92_Template_td_click_9_listener
FNDA:0,DetalleTramiteComponent_tr_92_Template_td_click_11_listener
FNDA:0,DetalleTramiteComponent_tbody_130_tr_1_Template_td_click_8_listener
FNDA:0,DetalleTramiteComponent_Template_form_ngSubmit_36_listener
FNDA:0,DetalleTramiteComponent_Template_form_ngSubmit_59_listener
FNDA:0,DetalleTramiteComponent_Template_input_change_65_listener
FNDA:0,DetalleTramiteComponent_Template_button_click_138_listener
FNDA:0,DetalleTramiteComponent_Template_form_ngSubmit_141_listener
FNDA:0,DetalleTramiteComponent_Template_button_click_166_listener
DA:1,0
DA:2,0
DA:6,0
DA:7,0
DA:8,0
DA:10,0
DA:12,0
DA:13,0
DA:15,0
DA:17,0
DA:19,0
DA:20,0
DA:21,0
DA:24,0
DA:27,0
DA:28,0
DA:29,0
DA:31,0
DA:33,0
DA:34,0
DA:35,0
DA:37,0
DA:39,0
DA:40,0
DA:41,0
DA:48,0
DA:49,0
DA:50,0
DA:53,0
DA:54,0
DA:55,0
DA:56,0
DA:58,0
DA:59,0
DA:60,0
DA:61,0
DA:62,0
DA:64,0
DA:66,0
DA:68,0
DA:69,0
DA:70,0
DA:71,0
DA:72,0
DA:73,0
DA:74,0
DA:75,0
DA:76,0
DA:78,0
DA:80,0
DA:81,0
DA:82,0
DA:87,0
DA:89,0
DA:90,0
DA:92,0
DA:93,0
DA:95,0
DA:96,0
DA:97,0
DA:98,0
DA:101,0
DA:102,0
DA:103,0
DA:104,0
DA:105,0
DA:106,0
DA:109,0
DA:116,0
DA:117,0
DA:118,0
DA:119,0
DA:120,0
DA:121,0
DA:124,0
DA:125,0
DA:126,0
DA:127,0
DA:128,0
DA:129,0
DA:130,0
DA:131,0
DA:132,0
DA:133,0
DA:134,0
DA:135,0
DA:137,0
DA:142,0
DA:147,0
DA:148,0
DA:149,0
DA:152,0
DA:153,0
DA:154,0
DA:155,0
DA:156,0
DA:157,0
DA:158,0
DA:159,0
DA:162,0
DA:163,0
DA:168,0
DA:173,0
DA:174,0
DA:175,0
DA:178,0
DA:179,0
DA:180,0
DA:181,0
DA:182,0
DA:183,0
DA:184,0
DA:186,0
DA:187,0
DA:191,0
DA:196,0
DA:197,0
DA:198,0
DA:199,0
DA:202,0
DA:203,0
DA:204,0
DA:205,0
DA:206,0
DA:207,0
DA:208,0
DA:209,0
DA:211,0
DA:212,0
DA:213,0
DA:215,0
DA:216,0
DA:223,0
DA:228,0
DA:229,0
DA:230,0
DA:233,0
DA:234,0
DA:236,0
DA:237,0
DA:238,0
DA:239,0
DA:240,0
DA:241,0
DA:242,0
DA:243,0
DA:244,0
DA:245,0
DA:246,0
DA:247,0
DA:248,0
DA:251,0
DA:252,0
DA:253,0
DA:255,0
DA:258,0
DA:259,0
DA:260,0
LF:158
LH:0
BRDA:59,0,0,0
BRDA:59,0,1,0
BRDA:69,1,0,0
BRDA:69,1,1,0
BRDA:71,2,0,0
BRDA:71,2,1,0
BRDA:73,3,0,0
BRDA:73,3,1,0
BRDA:102,4,0,0
BRDA:102,4,1,0
BRDA:58,5,0,0
BRDA:58,5,1,0
BRDA:68,6,0,0
BRDA:68,6,1,0
BRDA:101,7,0,0
BRDA:101,7,1,0
BRF:16
BRH:0
end_of_record
TN:
SF:src\app\pages\tramites\detalles\detalletramite\detalletramite.component.ts
FN:27,(anonymous_18)
FN:69,DetalleTramiteComponent
FN:77,ngOnInit
FN:84,crearFormularios
FN:125,ngOnChanges
FN:131,seleccionarDetalle
FN:148,eliminarDetalle
FN:155,eliminarCertificado
FN:162,detalleTramite
FN:183,llenarListas
FN:191,leerDetalles
FN:193,next
FN:196,error
FN:206,leerImagenes
FN:208,next
FN:212,error
FN:222,leerAdjuntos
FN:224,next
FN:228,error
FN:238,leerCertificados
FN:240,next
FN:244,error
FN:254,registraEstado
FN:257,next
FN:280,error
FN:291,seleccionarArchivo
FN:294,(anonymous_45)
FN:302,convertFile
FN:306,(anonymous_47)
FN:315,upload
FN:321,next
FN:340,error
FN:350,modificarEstado
FN:352,next
FN:370,error
FN:380,callServicedeleteDetalleTramite
FN:382,next
FN:398,error
FN:408,callServiceDeleteCertificado
FN:410,next
FN:426,error
FN:436,alertEliminar
FN:446,(anonymous_61)
FNF:43
FNH:1
FNDA:40,(anonymous_18)
FNDA:0,DetalleTramiteComponent
FNDA:0,ngOnInit
FNDA:0,crearFormularios
FNDA:0,ngOnChanges
FNDA:0,seleccionarDetalle
FNDA:0,eliminarDetalle
FNDA:0,eliminarCertificado
FNDA:0,detalleTramite
FNDA:0,llenarListas
FNDA:0,leerDetalles
FNDA:0,next
FNDA:0,error
FNDA:0,leerImagenes
FNDA:0,next
FNDA:0,error
FNDA:0,leerAdjuntos
FNDA:0,next
FNDA:0,error
FNDA:0,leerCertificados
FNDA:0,next
FNDA:0,error
FNDA:0,registraEstado
FNDA:0,next
FNDA:0,error
FNDA:0,seleccionarArchivo
FNDA:0,(anonymous_45)
FNDA:0,convertFile
FNDA:0,(anonymous_47)
FNDA:0,upload
FNDA:0,next
FNDA:0,error
FNDA:0,modificarEstado
FNDA:0,next
FNDA:0,error
FNDA:0,callServicedeleteDetalleTramite
FNDA:0,next
FNDA:0,error
FNDA:0,callServiceDeleteCertificado
FNDA:0,next
FNDA:0,error
FNDA:0,alertEliminar
FNDA:0,(anonymous_61)
DA:27,100
DA:45,0
DA:46,0
DA:48,0
DA:53,0
DA:54,0
DA:55,0
DA:56,0
DA:57,0
DA:58,0
DA:64,0
DA:66,0
DA:70,0
DA:71,0
DA:72,0
DA:73,0
DA:78,0
DA:79,0
DA:80,0
DA:85,0
DA:93,0
DA:102,0
DA:111,0
DA:119,0
DA:126,0
DA:127,0
DA:132,0
DA:133,0
DA:136,0
DA:139,0
DA:142,0
DA:149,0
DA:150,0
DA:151,0
DA:156,0
DA:157,0
DA:158,0
DA:159,0
DA:164,0
DA:167,0
DA:170,0
DA:173,0
DA:176,0
DA:177,0
DA:180,0
DA:184,0
DA:185,0
DA:186,0
DA:187,0
DA:191,0
DA:192,0
DA:194,0
DA:197,0
DA:198,0
DA:206,0
DA:207,0
DA:209,0
DA:210,0
DA:213,0
DA:214,0
DA:222,0
DA:223,0
DA:225,0
DA:226,0
DA:229,0
DA:230,0
DA:238,0
DA:239,0
DA:241,0
DA:242,0
DA:245,0
DA:246,0
DA:254,0
DA:255,0
DA:256,0
DA:258,0
DA:259,0
DA:267,0
DA:268,0
DA:269,0
DA:270,0
DA:274,0
DA:275,0
DA:281,0
DA:282,0
DA:283,0
DA:291,0
DA:293,0
DA:294,0
DA:295,0
DA:296,0
DA:303,0
DA:304,0
DA:305,0
DA:306,0
DA:307,0
DA:311,0
DA:315,0
DA:316,0
DA:320,0
DA:322,0
DA:323,0
DA:324,0
DA:325,0
DA:333,0
DA:335,0
DA:341,0
DA:342,0
DA:350,0
DA:351,0
DA:353,0
DA:354,0
DA:362,0
DA:363,0
DA:365,0
DA:371,0
DA:372,0
DA:380,0
DA:381,0
DA:383,0
DA:384,0
DA:391,0
DA:393,0
DA:399,0
DA:400,0
DA:408,0
DA:409,0
DA:411,0
DA:412,0
DA:419,0
DA:421,0
DA:427,0
DA:428,0
DA:436,0
DA:437,0
DA:447,0
DA:450,0
DA:452,0
DA:453,0
DA:455,0
DA:456,0
DA:458,0
DA:465,0
DA:467,0
LF:144
LH:1
BRDA:258,0,0,0
BRDA:258,0,1,0
BRDA:293,1,0,0
BRDA:293,1,1,0
BRDA:322,2,0,0
BRDA:322,2,1,0
BRDA:353,3,0,0
BRDA:353,3,1,0
BRDA:383,4,0,0
BRDA:383,4,1,0
BRDA:411,5,0,0
BRDA:411,5,1,0
BRDA:447,6,0,0
BRDA:447,6,1,0
BRDA:450,7,0,0
BRDA:450,7,1,0
BRDA:450,7,2,0
BRDA:27,8,0,0
BRDA:27,8,1,0
BRF:19
BRH:0
end_of_record
TN:
SF:src\app\pages\users\users.component.html
FN:151,UsersComponent_div_63_tbody_28_Template_td_click_20_listener
FN:158,UsersComponent_div_63_tbody_28_Template_i_click_25_listener
FN:160,UsersComponent_div_63_tbody_28_Template_td_click_26_listener
FN:15,UsersComponent_Template_form_change_10_listener
FN:19,UsersComponent_Template_input_keyup_14_listener
FN:25,UsersComponent_Template_input_keyup_17_listener
FN:31,UsersComponent_Template_input_keyup_20_listener
FN:39,UsersComponent_Template_input_keyup_24_listener
FN:45,UsersComponent_Template_input_keyup_27_listener
FN:51,UsersComponent_Template_input_keyup_30_listener
FN:73,UsersComponent_Template_button_click_48_listener
FN:81,UsersComponent_Template_button_click_54_listener
FN:86,UsersComponent_Template_button_click_59_listener
FN:168,UsersComponent_Template_pagination_controls_pageChange_65_listener
FN:178,UsersComponent_Template_div_onHidden_66_listener
FN:185,UsersComponent_Template_button_click_73_listener
FN:197,UsersComponent_Template_div_onHidden_77_listener
FN:204,UsersComponent_Template_button_click_84_listener
FNF:18
FNH:0
FNDA:0,UsersComponent_div_63_tbody_28_Template_td_click_20_listener
FNDA:0,UsersComponent_div_63_tbody_28_Template_i_click_25_listener
FNDA:0,UsersComponent_div_63_tbody_28_Template_td_click_26_listener
FNDA:0,UsersComponent_Template_form_change_10_listener
FNDA:0,UsersComponent_Template_input_keyup_14_listener
FNDA:0,UsersComponent_Template_input_keyup_17_listener
FNDA:0,UsersComponent_Template_input_keyup_20_listener
FNDA:0,UsersComponent_Template_input_keyup_24_listener
FNDA:0,UsersComponent_Template_input_keyup_27_listener
FNDA:0,UsersComponent_Template_input_keyup_30_listener
FNDA:0,UsersComponent_Template_button_click_48_listener
FNDA:0,UsersComponent_Template_button_click_54_listener
FNDA:0,UsersComponent_Template_button_click_59_listener
FNDA:0,UsersComponent_Template_pagination_controls_pageChange_65_listener
FNDA:0,UsersComponent_Template_div_onHidden_66_listener
FNDA:0,UsersComponent_Template_button_click_73_listener
FNDA:0,UsersComponent_Template_div_onHidden_77_listener
FNDA:0,UsersComponent_Template_button_click_84_listener
DA:1,0
DA:3,0
DA:5,0
DA:8,0
DA:13,0
DA:15,0
DA:16,0
DA:19,0
DA:23,0
DA:25,0
DA:29,0
DA:31,0
DA:36,0
DA:39,0
DA:43,0
DA:45,0
DA:49,0
DA:51,0
DA:55,0
DA:58,0
DA:59,0
DA:60,0
DA:61,0
DA:62,0
DA:69,0
DA:73,0
DA:74,0
DA:75,0
DA:79,0
DA:81,0
DA:82,0
DA:85,0
DA:86,0
DA:87,0
DA:94,0
DA:98,0
DA:99,0
DA:100,0
DA:101,0
DA:102,0
DA:103,0
DA:104,0
DA:105,0
DA:106,0
DA:107,0
DA:108,0
DA:109,0
DA:112,0
DA:125,0
DA:126,0
DA:127,0
DA:128,0
DA:129,0
DA:130,0
DA:131,0
DA:132,0
DA:133,0
DA:134,0
DA:135,0
DA:136,0
DA:137,0
DA:138,0
DA:139,0
DA:140,0
DA:141,0
DA:142,0
DA:143,0
DA:144,0
DA:145,0
DA:146,0
DA:147,0
DA:148,0
DA:149,0
DA:150,0
DA:151,0
DA:152,0
DA:153,0
DA:155,0
DA:157,0
DA:158,0
DA:160,0
DA:161,0
DA:162,0
DA:165,0
DA:167,0
DA:168,0
DA:170,0
DA:178,0
DA:180,0
DA:183,0
DA:184,0
DA:185,0
DA:186,0
DA:189,0
DA:190,0
DA:197,0
DA:199,0
DA:202,0
DA:203,0
DA:204,0
DA:205,0
DA:208,0
DA:209,0
LF:103
LH:0
BRF:0
BRH:0
end_of_record
TN:
SF:src\app\pages\users\users.component.ts
FN:16,(anonymous_10)
FN:30,UsersComponent
FN:38,ngOnInit
FN:44,crearFormularioConsulta
FN:56,exportarExcel
FN:58,(anonymous_16)
FN:62,exportarPDF
FN:64,(anonymous_18)
FN:80,editarUsuario
FN:86,onChangeForm
FN:91,listarUsuarios
FN:93,next
FN:97,error
FN:106,resetearUsuario
FN:108,next
FN:128,error
FN:141,eliminarUsuario
FN:143,next
FN:164,error
FN:177,crearUsuario
FN:183,alertResetUser
FN:196,(anonymous_32)
FN:208,alertDeleteUser
FN:218,(anonymous_34)
FNF:24
FNH:1
FNDA:160,(anonymous_10)
FNDA:0,UsersComponent
FNDA:0,ngOnInit
FNDA:0,crearFormularioConsulta
FNDA:0,exportarExcel
FNDA:0,(anonymous_16)
FNDA:0,exportarPDF
FNDA:0,(anonymous_18)
FNDA:0,editarUsuario
FNDA:0,onChangeForm
FNDA:0,listarUsuarios
FNDA:0,next
FNDA:0,error
FNDA:0,resetearUsuario
FNDA:0,next
FNDA:0,error
FNDA:0,eliminarUsuario
FNDA:0,next
FNDA:0,error
FNDA:0,crearUsuario
FNDA:0,alertResetUser
FNDA:0,(anonymous_32)
FNDA:0,alertDeleteUser
FNDA:0,(anonymous_34)
DA:16,400
DA:21,0
DA:22,0
DA:23,0
DA:24,0
DA:31,0
DA:32,0
DA:33,0
DA:34,0
DA:35,0
DA:39,0
DA:40,0
DA:45,0
DA:58,0
DA:59,0
DA:64,0
DA:65,0
DA:76,0
DA:81,0
DA:82,0
DA:83,0
DA:87,0
DA:91,0
DA:92,0
DA:94,0
DA:95,0
DA:98,0
DA:106,0
DA:107,0
DA:109,0
DA:110,0
DA:111,0
DA:119,0
DA:129,0
DA:141,0
DA:142,0
DA:144,0
DA:145,0
DA:146,0
DA:147,0
DA:155,0
DA:165,0
DA:178,0
DA:179,0
DA:183,0
DA:184,0
DA:197,0
DA:199,0
DA:202,0
DA:208,0
DA:209,0
DA:219,0
DA:221,0
LF:53
LH:1
BRDA:58,0,0,0
BRDA:58,0,1,0
BRDA:64,1,0,0
BRDA:64,1,1,0
BRDA:109,2,0,0
BRDA:109,2,1,0
BRDA:144,3,0,0
BRDA:144,3,1,0
BRDA:197,4,0,0
BRDA:197,4,1,0
BRDA:219,5,0,0
BRDA:219,5,1,0
BRDA:16,6,0,0
BRDA:16,6,1,0
BRF:14
BRH:0
end_of_record
TN:
SF:src\app\pages\users\crear-user\crear-user.component.html
FN:1,CrearUserComponent_Template_form_ngSubmit_0_listener
FNF:1
FNH:0
FNDA:0,CrearUserComponent_Template_form_ngSubmit_0_listener
DA:1,0
DA:2,0
DA:6,0
DA:7,0
DA:8,0
DA:9,0
DA:10,0
DA:11,0
DA:12,0
DA:13,0
DA:14,0
DA:15,0
DA:16,0
DA:17,0
DA:18,0
DA:19,0
DA:21,0
DA:23,0
DA:24,0
DA:25,0
DA:27,0
DA:29,0
DA:30,0
DA:31,0
DA:32,0
DA:37,0
DA:40,0
DA:41,0
DA:42,0
DA:43,0
DA:44,0
DA:45,0
DA:46,0
DA:47,0
DA:48,0
DA:49,0
DA:50,0
DA:51,0
DA:52,0
DA:53,0
DA:55,0
DA:57,0
DA:58,0
DA:59,0
DA:60,0
DA:61,0
DA:62,0
DA:63,0
DA:64,0
DA:65,0
DA:66,0
DA:67,0
DA:68,0
DA:69,0
DA:70,0
DA:71,0
DA:73,0
DA:75,0
DA:76,0
DA:77,0
DA:78,0
DA:79,0
DA:80,0
DA:81,0
DA:82,0
DA:83,0
DA:84,0
DA:85,0
DA:86,0
DA:87,0
DA:88,0
DA:89,0
DA:96,0
DA:97,0
LF:74
LH:0
BRDA:10,0,0,0
BRDA:10,0,1,0
BRDA:13,1,0,0
BRDA:13,1,1,0
BRDA:16,2,0,0
BRDA:16,2,1,0
BRDA:44,3,0,0
BRDA:44,3,1,0
BRDA:47,4,0,0
BRDA:47,4,1,0
BRDA:50,5,0,0
BRDA:50,5,1,0
BRDA:62,6,0,0
BRDA:62,6,1,0
BRDA:65,7,0,0
BRDA:65,7,1,0
BRDA:68,8,0,0
BRDA:68,8,1,0
BRDA:80,9,0,0
BRDA:80,9,1,0
BRDA:83,10,0,0
BRDA:83,10,1,0
BRDA:86,11,0,0
BRDA:86,11,1,0
BRDA:8,12,0,0
BRDA:8,12,1,0
BRDA:42,13,0,0
BRDA:42,13,1,0
BRDA:60,14,0,0
BRDA:60,14,1,0
BRDA:78,15,0,0
BRDA:78,15,1,0
BRF:32
BRH:0
end_of_record
TN:
SF:src\app\pages\users\crear-user\crear-user.component.ts
FN:18,(anonymous_16)
FN:22,CrearUserComponent
FN:29,ngOnInit
FN:34,trimCrearUserForm
FN:50,crearUsuario
FN:54,next
FN:75,error
FN:85,crearFormularioCreateUser
FNF:8
FNH:1
FNDA:160,(anonymous_16)
FNDA:0,CrearUserComponent
FNDA:0,ngOnInit
FNDA:0,trimCrearUserForm
FNDA:0,crearUsuario
FNDA:0,next
FNDA:0,error
FNDA:0,crearFormularioCreateUser
DA:18,400
DA:23,0
DA:24,0
DA:25,0
DA:26,0
DA:30,0
DA:35,0
DA:38,0
DA:41,0
DA:44,0
DA:50,0
DA:51,0
DA:52,0
DA:53,0
DA:55,0
DA:56,0
DA:63,0
DA:64,0
DA:66,0
DA:76,0
DA:77,0
DA:86,0
LF:22
LH:1
BRDA:55,0,0,0
BRDA:55,0,1,0
BRDA:18,1,0,0
BRDA:18,1,1,0
BRF:4
BRH:0
end_of_record
TN:
SF:src\app\pages\users\edit-user\edit-user.component.html
FN:1,EditUserComponent_Template_form_ngSubmit_0_listener
FNF:1
FNH:0
FNDA:0,EditUserComponent_Template_form_ngSubmit_0_listener
DA:1,0
DA:2,0
DA:6,0
DA:7,0
DA:8,0
DA:10,0
DA:12,0
DA:13,0
DA:14,0
DA:16,0
DA:18,0
DA:19,0
DA:20,0
DA:22,0
DA:24,0
DA:25,0
DA:26,0
DA:30,0
DA:33,0
DA:34,0
DA:35,0
DA:36,0
DA:37,0
DA:38,0
DA:39,0
DA:40,0
DA:41,0
DA:42,0
DA:43,0
DA:45,0
DA:47,0
DA:48,0
DA:49,0
DA:50,0
DA:51,0
DA:52,0
DA:53,0
DA:54,0
DA:55,0
DA:56,0
DA:57,0
DA:58,0
DA:59,0
DA:60,0
DA:61,0
DA:63,0
DA:65,0
DA:66,0
DA:67,0
DA:68,0
DA:69,0
DA:70,0
DA:71,0
DA:72,0
DA:73,0
DA:74,0
DA:75,0
DA:76,0
DA:77,0
DA:78,0
DA:79,0
DA:83,0
DA:86,0
DA:87,0
DA:88,0
DA:89,0
DA:90,0
DA:91,0
DA:95,0
DA:97,0
DA:98,0
DA:99,0
DA:100,0
DA:107,0
DA:108,0
LF:75
LH:0
BRDA:36,0,0,0
BRDA:36,0,1,0
BRDA:38,1,0,0
BRDA:38,1,1,0
BRDA:40,2,0,0
BRDA:40,2,1,0
BRDA:52,3,0,0
BRDA:52,3,1,0
BRDA:55,4,0,0
BRDA:55,4,1,0
BRDA:58,5,0,0
BRDA:58,5,1,0
BRDA:70,6,0,0
BRDA:70,6,1,0
BRDA:73,7,0,0
BRDA:73,7,1,0
BRDA:76,8,0,0
BRDA:76,8,1,0
BRDA:35,9,0,0
BRDA:35,9,1,0
BRDA:50,10,0,0
BRDA:50,10,1,0
BRDA:68,11,0,0
BRDA:68,11,1,0
BRF:24
BRH:0
end_of_record
TN:
SF:src\app\pages\users\edit-user\edit-user.component.ts
FN:18,(anonymous_12)
FN:24,EditUserComponent
FN:31,ngOnInit
FN:37,ngOnChanges
FN:43,detalleUsuario
FN:61,trimEditarUserForm
FN:77,actualizarUsuario
FN:80,next
FN:99,error
FN:109,crearFormularioEditarUser
FNF:10
FNH:1
FNDA:160,(anonymous_12)
FNDA:0,EditUserComponent
FNDA:0,ngOnInit
FNDA:0,ngOnChanges
FNDA:0,detalleUsuario
FNDA:0,trimEditarUserForm
FNDA:0,actualizarUsuario
FNDA:0,next
FNDA:0,error
FNDA:0,crearFormularioEditarUser
DA:18,400
DA:25,0
DA:26,0
DA:27,0
DA:28,0
DA:32,0
DA:33,0
DA:38,0
DA:39,0
DA:44,0
DA:45,0
DA:46,0
DA:47,0
DA:50,0
DA:53,0
DA:54,0
DA:55,0
DA:56,0
DA:62,0
DA:65,0
DA:68,0
DA:71,0
DA:77,0
DA:78,0
DA:79,0
DA:81,0
DA:82,0
DA:90,0
DA:100,0
DA:101,0
DA:110,0
LF:31
LH:1
BRDA:81,0,0,0
BRDA:81,0,1,0
BRDA:18,1,0,0
BRDA:18,1,1,0
BRF:4
BRH:0
end_of_record
TN:
SF:src\app\pipes\filter.pipe.ts
FN:7,(anonymous_0)
FN:8,transform
FNF:2
FNH:1
FNDA:160,(anonymous_0)
FNDA:0,transform
DA:7,400
DA:8,0
DA:9,0
DA:10,0
DA:11,0
DA:19,0
DA:20,0
DA:25,0
DA:26,0
LF:9
LH:1
BRDA:11,0,0,0
BRDA:11,0,1,0
BRDA:12,1,0,0
BRDA:12,1,1,0
BRDA:12,1,2,0
BRDA:12,1,3,0
BRDA:12,1,4,0
BRDA:12,1,5,0
BRDA:19,2,0,0
BRDA:19,2,1,0
BRDA:7,3,0,0
BRDA:7,3,1,0
BRF:12
BRH:0
end_of_record
TN:
SF:src\app\pipes\filterDocument.pipe.ts
FN:7,(anonymous_0)
FN:8,transform
FNF:2
FNH:1
FNDA:160,(anonymous_0)
FNDA:0,transform
DA:7,400
DA:8,0
DA:9,0
DA:10,0
DA:11,0
DA:18,0
DA:21,0
DA:22,0
LF:8
LH:1
BRDA:11,0,0,0
BRDA:11,0,1,0
BRDA:12,1,0,0
BRDA:12,1,1,0
BRDA:7,2,0,0
BRDA:7,2,1,0
BRF:6
BRH:0
end_of_record
TN:
SF:src\app\pipes\filterUsers.pipe.ts
FN:7,(anonymous_0)
FN:8,transform
FNF:2
FNH:1
FNDA:160,(anonymous_0)
FNDA:0,transform
DA:7,400
DA:8,0
DA:9,0
DA:10,0
DA:11,0
DA:23,0
DA:24,0
DA:29,0
DA:30,0
LF:9
LH:1
BRDA:11,0,0,0
BRDA:11,0,1,0
BRDA:12,1,0,0
BRDA:12,1,1,0
BRDA:12,1,2,0
BRDA:12,1,3,0
BRDA:12,1,4,0
BRDA:12,1,5,0
BRDA:12,1,6,0
BRDA:23,2,0,0
BRDA:23,2,1,0
BRDA:7,3,0,0
BRDA:7,3,1,0
BRF:13
BRH:0
end_of_record
TN:
SF:src\app\services\auth.service.ts
FN:19,(anonymous_1)
FN:24,AuthService
FN:28,get
FN:32,get
FN:36,login
FN:40,(anonymous_7)
FN:48,changePassword
FN:55,(anonymous_9)
FN:59,(anonymous_10)
FN:63,logout
FN:70,getItemToken
FN:75,checkToken
FN:88,saveLocalStorage
FN:94,handlerError
FN:101,(anonymous_16)
FNF:15
FNH:8
FNDA:160,(anonymous_1)
FNDA:80,AuthService
FNDA:60,get
FNDA:0,get
FNDA:28,login
FNDA:20,(anonymous_7)
FNDA:0,changePassword
FNDA:0,(anonymous_9)
FNDA:0,(anonymous_10)
FNDA:0,logout
FNDA:48,getItemToken
FNDA:80,checkToken
FNDA:20,saveLocalStorage
FNDA:0,handlerError
FNDA:0,(anonymous_16)
DA:14,80
DA:19,400
DA:21,80
DA:22,80
DA:24,80
DA:25,80
DA:29,60
DA:33,0
DA:36,28
DA:37,28
DA:41,20
DA:42,20
DA:43,20
DA:48,0
DA:49,0
DA:56,0
DA:57,0
DA:59,0
DA:64,0
DA:65,0
DA:66,0
DA:67,0
DA:71,48
DA:76,80
DA:78,80
DA:79,0
DA:80,0
DA:81,0
DA:83,0
DA:89,20
DA:90,20
DA:95,0
DA:96,0
DA:97,0
DA:99,0
DA:100,0
DA:101,0
LF:37
LH:17
BRDA:76,0,0,80
BRDA:76,0,1,80
BRDA:78,1,0,0
BRDA:78,1,1,80
BRDA:80,2,0,0
BRDA:80,2,1,0
BRDA:96,3,0,0
BRDA:96,3,1,0
BRDA:19,4,0,80
BRDA:19,4,1,80
BRF:10
BRH:5
end_of_record
TN:
SF:src\app\services\interceptor.service.ts
FN:14,(anonymous_0)
FN:15,InterceptorService
FN:20,intercept
FN:39,(anonymous_4)
FN:44,(anonymous_5)
FNF:5
FNH:4
FNDA:160,(anonymous_0)
FNDA:52,InterceptorService
FNDA:80,intercept
FNDA:0,(anonymous_4)
FNDA:55,(anonymous_5)
DA:14,400
DA:16,52
DA:17,52
DA:22,80
DA:24,80
DA:25,80
DA:26,80
DA:30,0
DA:31,0
DA:32,0
DA:37,0
DA:39,0
DA:42,80
DA:44,55
LF:14
LH:9
BRDA:26,0,0,0
BRDA:26,0,1,80
BRDA:27,1,0,80
BRDA:27,1,1,52
BRDA:27,1,2,52
BRDA:27,1,3,28
BRDA:31,2,0,0
BRDA:31,2,1,0
BRDA:14,3,0,52
BRDA:14,3,1,52
BRF:10
BRH:7
end_of_record
TN:
SF:src\app\services\report.service.ts
FN:13,(anonymous_0)
FN:14,ReporteService
FN:17,exportAsExcelFile
FN:31,saveAsExcelFile
FN:39,exportAsPDF
FN:44,(anonymous_6)
FN:57,didDrawCell
FNF:7
FNH:1
FNDA:160,(anonymous_0)
FNDA:0,ReporteService
FNDA:0,exportAsExcelFile
FNDA:0,saveAsExcelFile
FNDA:0,exportAsPDF
FNDA:0,(anonymous_6)
FNDA:0,didDrawCell
DA:8,80
DA:9,80
DA:13,400
DA:14,0
DA:18,0
DA:19,0
DA:20,0
DA:24,0
DA:28,0
DA:32,0
DA:33,0
DA:41,0
DA:42,0
DA:44,0
DA:45,0
DA:48,0
DA:49,0
DA:50,0
DA:51,0
DA:52,0
DA:62,0
LF:21
LH:3
BRDA:13,0,0,0
BRDA:13,0,1,0
BRF:2
BRH:0
end_of_record
TN:
SF:src\app\services\servicios.service.ts
FN:22,(anonymous_0)
FN:31,ServiciosService
FN:34,getAllDocuments
FN:40,deleteDocument
FN:48,createDocument
FN:54,updateDocument
FN:61,resetPassword
FN:67,updateUser
FN:73,deleteUser
FN:79,createUser
FN:85,getAllUsers
FN:91,getAll
FN:97,fromEstado
FN:98,(anonymous_14)
FN:101,twoDates
FN:103,(anonymous_16)
FN:104,(anonymous_17)
FN:109,getAllMonth
FN:113,fromTramiteEstado
FN:114,(anonymous_20)
FN:117,twoMonths
FN:119,(anonymous_22)
FN:120,(anonymous_23)
FN:125,buscarPie
FN:129,(anonymous_25)
FN:136,listaTramites
FN:142,buscarTramiteDetalleDniAndId
FN:148,buscarDetallesD
FN:154,buscarImagenes
FN:160,buscarAdjuntos
FN:166,buscarCertificado
FN:172,insertarTramite
FN:178,deleteTramite
FN:186,deleteCertificado
FN:194,update
FN:200,uploadFile
FN:210,handlerError
FN:217,(anonymous_38)
FNF:38
FNH:10
FNDA:160,(anonymous_0)
FNDA:44,ServiciosService
FNDA:0,getAllDocuments
FNDA:0,deleteDocument
FNDA:0,createDocument
FNDA:0,updateDocument
FNDA:0,resetPassword
FNDA:0,updateUser
FNDA:0,deleteUser
FNDA:0,createUser
FNDA:0,getAllUsers
FNDA:12,getAll
FNDA:0,fromEstado
FNDA:0,(anonymous_14)
FNDA:0,twoDates
FNDA:0,(anonymous_16)
FNDA:0,(anonymous_17)
FNDA:0,getAllMonth
FNDA:0,fromTramiteEstado
FNDA:0,(anonymous_20)
FNDA:0,twoMonths
FNDA:0,(anonymous_22)
FNDA:0,(anonymous_23)
FNDA:0,buscarPie
FNDA:0,(anonymous_25)
FNDA:0,listaTramites
FNDA:24,buscarTramiteDetalleDniAndId
FNDA:0,buscarDetallesD
FNDA:4,buscarImagenes
FNDA:8,buscarAdjuntos
FNDA:4,buscarCertificado
FNDA:0,insertarTramite
FNDA:0,deleteTramite
FNDA:0,deleteCertificado
FNDA:0,update
FNDA:4,uploadFile
FNDA:4,handlerError
FNDA:22,(anonymous_38)
DA:22,360
DA:31,44
DA:35,0
DA:41,0
DA:49,0
DA:55,0
DA:62,0
DA:68,0
DA:74,0
DA:80,0
DA:86,0
DA:92,12
DA:98,0
DA:102,0
DA:103,0
DA:104,0
DA:110,0
DA:114,0
DA:118,0
DA:119,0
DA:120,0
DA:126,0
DA:130,0
DA:137,0
DA:143,24
DA:149,0
DA:155,4
DA:161,8
DA:167,4
DA:173,0
DA:179,0
DA:187,0
DA:195,0
DA:201,0
DA:202,0
DA:203,4
DA:211,8
DA:212,8
DA:213,8
DA:215,8
DA:216,4
DA:217,40
LF:42
LH:14
BRDA:104,0,0,0
BRDA:104,0,1,0
BRDA:120,1,0,0
BRDA:120,1,1,0
BRDA:212,2,0,8
BRDA:212,2,1,0
BRDA:22,3,0,44
BRDA:22,3,1,44
BRF:8
BRH:3
end_of_record
TN:
SF:src\app\services\spinner.service.ts
FN:7,(anonymous_0)
FN:9,SpinnerService
FN:11,llamarSpinner
FN:15,detenerSpinner
FNF:4
FNH:4
FNDA:160,(anonymous_0)
FNDA:52,SpinnerService
FNDA:80,llamarSpinner
FNDA:55,detenerSpinner
DA:7,400
DA:9,52
DA:12,80
DA:16,55
LF:4
LH:4
BRDA:7,0,0,52
BRDA:7,0,1,52
BRF:2
BRH:2
end_of_record
TN:
SF:src\assets\vendor\@fortawesome\fontawesome-free\js\all.min.js
FNF:0
FNH:0
LF:0
LH:0
BRF:0
BRH:0
end_of_record
TN:
SF:src\assets\vendor\@fortawesome\fontawesome-free\js\brands.min.js
FNF:0
FNH:0
LF:0
LH:0
BRF:0
BRH:0
end_of_record
TN:
SF:src\assets\vendor\@fortawesome\fontawesome-free\js\fontawesome.min.js
FNF:0
FNH:0
LF:0
LH:0
BRF:0
BRH:0
end_of_record
TN:
SF:src\assets\vendor\@fortawesome\fontawesome-free\js\regular.min.js
FNF:0
FNH:0
LF:0
LH:0
BRF:0
BRH:0
end_of_record
TN:
SF:src\assets\vendor\@fortawesome\fontawesome-free\js\solid.min.js
FNF:0
FNH:0
LF:0
LH:0
BRF:0
BRH:0
end_of_record
TN:
SF:src\assets\vendor\@fortawesome\fontawesome-free\js\v4-shims.min.js
FNF:0
FNH:0
LF:0
LH:0
BRF:0
BRH:0
end_of_record
TN:
SF:src\environments\environment.prod.ts
FNF:0
FNH:0
LF:0
LH:0
BRF:0
BRH:0
end_of_record
TN:
SF:src\environments\environment.ts
FNF:0
FNH:0
DA:5,80
LF:1
LH:1
BRF:0
BRH:0
end_of_record
