TN:
SF:src\app\app.component.ts
FNF:0
FNH:0
DA:8,1
LF:1
LH:1
BRF:0
BRH:0
end_of_record
TN:
SF:src\app\Constants\Constant.ts
FNF:0
FNH:0
DA:4,1
LF:1
LH:1
BRF:0
BRH:0
end_of_record
TN:
SF:src\app\components\components.module.ts
FNF:0
FNH:0
DA:26,1
LF:1
LH:1
BRF:0
BRH:0
end_of_record
TN:
SF:src\app\components\footer\footer.component.ts
FN:11,(anonymous_2)
FN:13,(anonymous_3)
FNF:2
FNH:2
FNDA:1,(anonymous_2)
FNDA:1,(anonymous_3)
DA:8,1
DA:9,1
LF:2
LH:2
BRF:0
BRH:0
end_of_record
TN:
SF:src\app\components\navbar\navbar.component.ts
FN:24,(anonymous_2)
FN:33,(anonymous_3)
FN:36,(anonymous_4)
FN:39,(anonymous_5)
FN:49,(anonymous_6)
FN:63,(anonymous_7)
FN:70,(anonymous_8)
FNF:7
FNH:7
FNDA:4,(anonymous_2)
FNDA:6,(anonymous_3)
FNDA:15,(anonymous_4)
FNDA:2,(anonymous_5)
FNDA:8,(anonymous_6)
FNDA:1,(anonymous_7)
FNDA:1,(anonymous_8)
DA:19,1
DA:26,4
DA:27,4
DA:28,4
DA:30,4
DA:34,6
DA:36,15
DA:37,5
DA:39,2
DA:40,1
DA:42,0
DA:45,6
DA:50,8
DA:51,8
DA:52,0
DA:55,8
DA:56,24
DA:57,0
DA:64,1
DA:65,1
DA:66,1
DA:67,1
DA:71,1
LF:23
LH:20
BRDA:34,0,0,5
BRDA:34,0,1,1
BRDA:34,0,2,0
BRDA:51,1,0,0
BRDA:56,2,0,0
BRF:5
BRH:2
end_of_record
TN:
SF:src\app\components\sidebar\sidebar.component.ts
FN:56,(anonymous_2)
FN:58,(anonymous_3)
FN:61,(anonymous_4)
FN:64,(anonymous_5)
FN:76,(anonymous_6)
FN:82,(anonymous_7)
FNF:6
FNH:6
FNDA:4,(anonymous_2)
FNDA:6,(anonymous_3)
FNDA:15,(anonymous_4)
FNDA:2,(anonymous_5)
FNDA:1,(anonymous_6)
FNDA:1,(anonymous_7)
DA:11,1
DA:26,1
DA:52,1
DA:54,4
DA:56,4
DA:59,6
DA:61,15
DA:62,5
DA:64,2
DA:65,1
DA:67,0
DA:73,6
DA:77,1
DA:78,1
DA:79,1
DA:83,1
LF:16
LH:15
BRDA:59,0,0,5
BRDA:59,0,1,1
BRDA:59,0,2,0
BRF:3
BRH:2
end_of_record
TN:
SF:src\app\guards\CheckLogin.guard.ts
FN:11,(anonymous_2)
FN:13,(anonymous_3)
FN:20,(anonymous_4)
FN:28,(anonymous_5)
FNF:4
FNH:0
FNDA:0,(anonymous_2)
FNDA:0,(anonymous_3)
FNDA:0,(anonymous_4)
FNDA:0,(anonymous_5)
DA:10,1
DA:11,0
DA:14,0
DA:15,0
DA:16,0
DA:17,0
DA:18,0
DA:20,0
DA:23,0
DA:26,0
DA:28,0
LF:11
LH:1
BRDA:15,0,0,0
BRDA:16,1,0,0
BRDA:20,2,0,0
BRDA:20,2,1,0
BRDA:28,3,0,0
BRDA:28,3,1,0
BRF:6
BRH:0
end_of_record
TN:
SF:src\app\guards\IsLogged.guard.ts
FN:13,(anonymous_2)
FN:15,(anonymous_3)
FN:20,(anonymous_4)
FNF:3
FNH:0
FNDA:0,(anonymous_2)
FNDA:0,(anonymous_3)
FNDA:0,(anonymous_4)
DA:10,1
DA:13,0
DA:16,0
DA:18,0
DA:20,0
LF:5
LH:1
BRDA:20,0,0,0
BRDA:20,0,1,0
BRF:2
BRH:0
end_of_record
TN:
SF:src\app\layouts\admin-layout\admin-layout.component.ts
FN:11,(anonymous_2)
FN:13,(anonymous_3)
FNF:2
FNH:2
FNDA:1,(anonymous_2)
FNDA:1,(anonymous_3)
DA:9,1
LF:1
LH:1
BRF:0
BRH:0
end_of_record
TN:
SF:src\app\layouts\auth-layout\auth-layout.component.ts
FN:13,(anonymous_2)
FN:15,(anonymous_3)
FN:20,(anonymous_4)
FN:25,(anonymous_5)
FNF:4
FNH:3
FNDA:1,(anonymous_2)
FNDA:1,(anonymous_3)
FNDA:0,(anonymous_4)
FNDA:1,(anonymous_5)
DA:9,1
DA:10,1
DA:11,1
DA:13,1
DA:16,1
DA:17,1
DA:18,1
DA:19,1
DA:20,1
DA:21,0
DA:26,1
DA:27,1
DA:28,1
DA:29,1
LF:14
LH:13
BRF:0
BRH:0
end_of_record
TN:
SF:src\app\layouts\auth-layout\auth-layout.routing.ts
FNF:0
FNH:0
DA:8,1
LF:1
LH:1
BRF:0
BRH:0
end_of_record
TN:
SF:src\app\pages\change-password\change-password.component.ts
FN:25,(anonymous_2)
FN:33,(anonymous_3)
FN:38,(anonymous_4)
FN:56,(anonymous_5)
FN:73,(anonymous_6)
FN:84,(anonymous_7)
FN:107,(anonymous_8)
FN:116,(anonymous_9)
FNF:8
FNH:8
FNDA:5,(anonymous_2)
FNDA:6,(anonymous_3)
FNDA:6,(anonymous_4)
FNDA:3,(anonymous_5)
FNDA:5,(anonymous_6)
FNDA:2,(anonymous_7)
FNDA:1,(anonymous_8)
FNDA:1,(anonymous_9)
DA:18,1
DA:21,5
DA:23,5
DA:24,5
DA:26,5
DA:27,5
DA:28,5
DA:29,5
DA:34,6
DA:40,6
DA:57,3
DA:59,1
DA:60,1
DA:61,1
DA:63,1
DA:64,1
DA:65,1
DA:67,1
DA:68,1
DA:69,1
DA:74,5
DA:75,5
DA:79,1
DA:80,1
DA:83,4
DA:85,2
DA:87,1
DA:89,1
DA:90,1
DA:91,1
DA:92,1
DA:99,1
DA:101,1
DA:104,1
DA:109,1
DA:117,1
LF:36
LH:36
BRDA:57,0,0,1
BRDA:57,0,1,1
BRDA:57,0,2,1
BRDA:75,1,0,1
BRDA:85,2,0,1
BRDA:85,2,1,1
BRF:6
BRH:6
end_of_record
TN:
SF:src\app\pages\dashboard\dashboard.component.ts
FN:29,(anonymous_2)
FN:36,(anonymous_3)
FN:49,(anonymous_4)
FN:88,(anonymous_5)
FN:90,(anonymous_6)
FN:97,(anonymous_7)
FN:107,(anonymous_8)
FN:107,(anonymous_9)
FN:114,(anonymous_10)
FN:114,(anonymous_11)
FN:121,(anonymous_12)
FN:121,(anonymous_13)
FN:128,(anonymous_14)
FN:128,(anonymous_15)
FN:136,(anonymous_16)
FN:137,(anonymous_17)
FN:142,(anonymous_18)
FNF:17
FNH:17
FNDA:4,(anonymous_2)
FNDA:5,(anonymous_3)
FNDA:5,(anonymous_4)
FNDA:6,(anonymous_5)
FNDA:1,(anonymous_6)
FNDA:1,(anonymous_7)
FNDA:1,(anonymous_8)
FNDA:2,(anonymous_9)
FNDA:1,(anonymous_10)
FNDA:2,(anonymous_11)
FNDA:1,(anonymous_12)
FNDA:2,(anonymous_13)
FNDA:1,(anonymous_14)
FNDA:2,(anonymous_15)
FNDA:1,(anonymous_16)
FNDA:2,(anonymous_17)
FNDA:1,(anonymous_18)
DA:17,1
DA:20,4
DA:21,4
DA:22,4
DA:23,4
DA:25,4
DA:30,4
DA:31,4
DA:32,4
DA:33,4
DA:38,5
DA:40,5
DA:41,5
DA:42,5
DA:44,5
DA:46,5
DA:51,5
DA:58,4
DA:65,4
DA:69,4
DA:90,6
DA:91,1
DA:98,1
DA:100,1
DA:107,2
DA:114,2
DA:121,2
DA:128,2
DA:137,1
DA:138,2
DA:144,1
DA:145,1
DA:146,1
DA:147,1
DA:148,1
LF:35
LH:35
BRDA:98,0,0,1
BRDA:98,1,0,1
BRDA:98,1,1,1
BRDA:98,1,2,1
BRF:4
BRH:4
end_of_record
TN:
SF:src\app\pages\dashboard\graficos\bar\bar.component.ts
FN:25,(anonymous_2)
FN:27,(anonymous_3)
FN:59,(anonymous_4)
FN:63,(anonymous_5)
FN:63,(anonymous_6)
FN:64,(anonymous_7)
FN:64,(anonymous_8)
FN:65,(anonymous_9)
FN:65,(anonymous_10)
FN:66,(anonymous_11)
FN:66,(anonymous_12)
FN:68,(anonymous_13)
FN:68,(anonymous_14)
FN:69,(anonymous_15)
FN:82,(anonymous_16)
FN:87,(anonymous_17)
FNF:16
FNH:16
FNDA:4,(anonymous_2)
FNDA:4,(anonymous_3)
FNDA:2,(anonymous_4)
FNDA:1,(anonymous_5)
FNDA:2,(anonymous_6)
FNDA:1,(anonymous_7)
FNDA:2,(anonymous_8)
FNDA:1,(anonymous_9)
FNDA:2,(anonymous_10)
FNDA:1,(anonymous_11)
FNDA:2,(anonymous_12)
FNDA:1,(anonymous_13)
FNDA:2,(anonymous_14)
FNDA:1,(anonymous_15)
FNDA:1,(anonymous_16)
FNDA:2,(anonymous_17)
DA:13,1
DA:19,4
DA:20,4
DA:21,4
DA:22,4
DA:23,4
DA:25,4
DA:31,4
DA:38,4
DA:53,4
DA:60,2
DA:61,1
DA:62,1
DA:63,2
DA:64,2
DA:65,2
DA:66,2
DA:68,2
DA:72,1
DA:73,1
DA:74,1
DA:75,1
DA:76,1
DA:83,1
DA:88,2
DA:89,2
DA:90,2
DA:91,2
DA:92,2
LF:29
LH:29
BRDA:60,0,0,1
BRDA:60,1,0,2
BRDA:60,1,1,1
BRDA:60,1,2,1
BRF:4
BRH:4
end_of_record
TN:
SF:src\app\pages\dashboard\graficos\donut\donut.component.ts
FN:48,(anonymous_2)
FN:50,(anonymous_3)
FN:52,(anonymous_4)
FN:57,(anonymous_5)
FN:64,(anonymous_6)
FN:79,(anonymous_7)
FN:87,(anonymous_8)
FNF:7
FNH:7
FNDA:4,(anonymous_2)
FNDA:4,(anonymous_3)
FNDA:1,(anonymous_4)
FNDA:2,(anonymous_5)
FNDA:2,(anonymous_6)
FNDA:1,(anonymous_7)
FNDA:1,(anonymous_8)
DA:11,1
DA:17,4
DA:23,4
DA:24,4
DA:25,4
DA:26,4
DA:45,4
DA:46,4
DA:48,4
DA:53,1
DA:58,2
DA:59,2
DA:60,2
DA:65,2
DA:66,1
DA:67,1
DA:72,1
DA:79,1
DA:81,1
DA:82,1
DA:83,1
DA:84,1
DA:87,1
DA:88,1
DA:89,1
DA:90,1
DA:91,1
LF:27
LH:27
BRDA:65,0,0,1
BRDA:65,1,0,2
BRDA:65,1,1,1
BRDA:65,1,2,1
BRDA:65,1,3,1
BRF:5
BRH:5
end_of_record
TN:
SF:src\app\pages\dashboard\graficos\pie\pie.component.ts
FN:22,(anonymous_2)
FN:23,(anonymous_3)
FN:50,(anonymous_4)
FN:55,(anonymous_5)
FN:63,(anonymous_6)
FN:74,(anonymous_7)
FNF:6
FNH:6
FNDA:4,(anonymous_2)
FNDA:4,(anonymous_3)
FNDA:1,(anonymous_4)
FNDA:2,(anonymous_5)
FNDA:1,(anonymous_6)
FNDA:2,(anonymous_7)
DA:13,1
DA:20,4
DA:22,4
DA:25,4
DA:29,4
DA:35,4
DA:36,4
DA:37,4
DA:38,4
DA:39,4
DA:51,1
DA:56,2
DA:57,1
DA:58,1
DA:63,1
DA:65,1
DA:66,1
DA:67,1
DA:68,1
DA:75,2
LF:20
LH:20
BRDA:56,0,0,1
BRDA:56,1,0,2
BRDA:56,1,1,1
BRDA:56,1,2,1
BRF:4
BRH:4
end_of_record
TN:
SF:src\app\pages\documentos\documentos.component.ts
FN:29,(anonymous_2)
FN:37,(anonymous_3)
FN:44,(anonymous_4)
FN:52,(anonymous_5)
FN:56,(anonymous_6)
FN:59,(anonymous_7)
FN:65,(anonymous_8)
FN:71,(anonymous_9)
FN:78,(anonymous_10)
FN:81,(anonymous_11)
FN:86,(anonymous_12)
FN:96,(anonymous_13)
FN:107,(anonymous_14)
FN:117,(anonymous_15)
FN:124,(anonymous_16)
FN:145,(anonymous_17)
FNF:16
FNH:16
FNDA:10,(anonymous_2)
FNDA:11,(anonymous_3)
FNDA:11,(anonymous_4)
FNDA:1,(anonymous_5)
FNDA:1,(anonymous_6)
FNDA:1,(anonymous_7)
FNDA:1,(anonymous_8)
FNDA:1,(anonymous_9)
FNDA:14,(anonymous_10)
FNDA:1,(anonymous_11)
FNDA:1,(anonymous_12)
FNDA:2,(anonymous_13)
FNDA:2,(anonymous_14)
FNDA:4,(anonymous_15)
FNDA:2,(anonymous_16)
FNDA:1,(anonymous_17)
DA:16,1
DA:19,10
DA:20,10
DA:21,10
DA:24,10
DA:30,10
DA:31,10
DA:32,10
DA:33,10
DA:34,10
DA:39,11
DA:40,11
DA:45,11
DA:53,1
DA:57,1
DA:60,1
DA:61,1
DA:66,1
DA:67,1
DA:73,1
DA:74,1
DA:75,1
DA:80,14
DA:82,1
DA:83,1
DA:84,1
DA:88,1
DA:97,2
DA:108,2
DA:109,1
DA:111,1
DA:119,4
DA:123,4
DA:125,2
DA:128,1
DA:129,1
DA:130,1
DA:137,1
DA:139,1
DA:142,1
DA:147,1
LF:41
LH:41
BRDA:108,0,0,1
BRDA:125,1,0,1
BRDA:125,1,1,1
BRF:3
BRH:3
end_of_record
TN:
SF:src\app\pages\documentos\edit-document\edit-document.component.ts
FN:22,(anonymous_2)
FN:29,(anonymous_3)
FN:35,(anonymous_4)
FN:41,(anonymous_5)
FN:47,(anonymous_6)
FN:49,(anonymous_7)
FN:71,(anonymous_8)
FN:80,(anonymous_9)
FNF:8
FNH:8
FNDA:5,(anonymous_2)
FNDA:1,(anonymous_3)
FNDA:1,(anonymous_4)
FNDA:4,(anonymous_5)
FNDA:3,(anonymous_6)
FNDA:2,(anonymous_7)
FNDA:1,(anonymous_8)
FNDA:4,(anonymous_9)
DA:19,1
DA:23,5
DA:24,5
DA:25,5
DA:26,5
DA:30,1
DA:31,1
DA:36,1
DA:37,1
DA:42,4
DA:43,4
DA:44,4
DA:48,3
DA:50,2
DA:52,1
DA:59,1
DA:61,1
DA:68,1
DA:73,1
DA:81,4
LF:20
LH:20
BRDA:50,0,0,1
BRDA:50,0,1,1
BRF:2
BRH:2
end_of_record
TN:
SF:src\app\pages\documentos\new-document\new-document.component.ts
FN:20,(anonymous_2)
FN:28,(anonymous_3)
FN:33,(anonymous_4)
FN:51,(anonymous_5)
FN:54,(anonymous_6)
FN:73,(anonymous_7)
FNF:6
FNH:6
FNDA:3,(anonymous_2)
FNDA:4,(anonymous_3)
FNDA:4,(anonymous_4)
FNDA:3,(anonymous_5)
FNDA:2,(anonymous_6)
FNDA:1,(anonymous_7)
DA:18,1
DA:21,3
DA:22,3
DA:23,3
DA:24,3
DA:29,4
DA:34,4
DA:53,3
DA:55,2
DA:57,1
DA:64,1
DA:65,1
DA:67,1
DA:70,1
DA:74,1
LF:15
LH:15
BRDA:55,0,0,1
BRDA:55,0,1,1
BRF:2
BRH:2
end_of_record
TN:
SF:src\app\pages\login\login.component.ts
FN:24,(anonymous_2)
FN:32,(anonymous_3)
FN:38,(anonymous_4)
FN:44,(anonymous_5)
FN:61,(anonymous_6)
FN:64,(anonymous_7)
FN:82,(anonymous_8)
FN:93,(anonymous_9)
FN:103,(anonymous_10)
FNF:9
FNH:9
FNDA:5,(anonymous_2)
FNDA:7,(anonymous_3)
FNDA:2,(anonymous_4)
FNDA:7,(anonymous_5)
FNDA:5,(anonymous_6)
FNDA:3,(anonymous_7)
FNDA:1,(anonymous_8)
FNDA:2,(anonymous_9)
FNDA:2,(anonymous_10)
DA:19,1
DA:22,5
DA:23,5
DA:25,5
DA:26,5
DA:27,5
DA:28,5
DA:33,7
DA:34,7
DA:39,2
DA:40,2
DA:46,7
DA:62,5
DA:63,5
DA:66,3
DA:68,2
DA:70,1
DA:72,1
DA:74,2
DA:76,1
DA:79,1
DA:85,1
DA:94,2
DA:104,2
DA:106,1
DA:109,1
LF:26
LH:26
BRDA:66,0,0,2
BRDA:66,0,1,1
BRDA:68,1,0,1
BRDA:68,1,1,1
BRDA:104,2,0,1
BRDA:104,2,1,1
BRF:6
BRH:6
end_of_record
TN:
SF:src\app\pages\tracking\tracking.component.ts
FN:26,(anonymous_2)
FN:33,(anonymous_3)
FN:38,(anonymous_4)
FN:53,(anonymous_5)
FN:60,(anonymous_6)
FN:65,(anonymous_7)
FN:82,(anonymous_8)
FN:96,(anonymous_9)
FN:100,(anonymous_10)
FN:104,(anonymous_11)
FN:114,(anonymous_12)
FN:118,(anonymous_13)
FN:122,(anonymous_14)
FNF:13
FNH:13
FNDA:6,(anonymous_2)
FNDA:7,(anonymous_3)
FNDA:7,(anonymous_4)
FNDA:5,(anonymous_5)
FNDA:3,(anonymous_6)
FNDA:2,(anonymous_7)
FNDA:1,(anonymous_8)
FNDA:3,(anonymous_9)
FNDA:1,(anonymous_10)
FNDA:1,(anonymous_11)
FNDA:3,(anonymous_12)
FNDA:1,(anonymous_13)
FNDA:1,(anonymous_14)
DA:17,1
DA:19,6
DA:21,6
DA:22,6
DA:23,6
DA:24,6
DA:27,6
DA:28,6
DA:29,6
DA:34,7
DA:39,7
DA:54,5
DA:55,5
DA:56,5
DA:61,3
DA:62,3
DA:66,2
DA:67,1
DA:68,1
DA:69,1
DA:70,1
DA:72,1
DA:73,1
DA:84,1
DA:97,3
DA:101,1
DA:102,1
DA:106,1
DA:115,3
DA:119,1
DA:120,1
DA:124,1
LF:32
LH:32
BRDA:66,0,0,1
BRDA:66,0,1,1
BRF:2
BRH:2
end_of_record
TN:
SF:src\app\pages\tramites\tramites.component.ts
FN:27,(anonymous_2)
FN:35,(anonymous_3)
FN:42,(anonymous_4)
FN:55,(anonymous_5)
FN:57,(anonymous_6)
FN:62,(anonymous_7)
FN:72,(anonymous_8)
FN:78,(anonymous_9)
FN:81,(anonymous_10)
FN:85,(anonymous_11)
FNF:10
FNH:10
FNDA:7,(anonymous_2)
FNDA:8,(anonymous_3)
FNDA:8,(anonymous_4)
FNDA:10,(anonymous_5)
FNDA:1,(anonymous_6)
FNDA:1,(anonymous_7)
FNDA:1,(anonymous_8)
FNDA:1,(anonymous_9)
FNDA:1,(anonymous_10)
FNDA:1,(anonymous_11)
DA:15,1
DA:22,7
DA:23,7
DA:24,7
DA:28,7
DA:29,7
DA:31,7
DA:32,7
DA:37,8
DA:38,8
DA:43,8
DA:56,10
DA:59,1
DA:60,1
DA:64,1
DA:73,1
DA:74,1
DA:75,1
DA:79,1
DA:82,1
DA:86,1
DA:87,1
LF:22
LH:22
BRF:0
BRH:0
end_of_record
TN:
SF:src\app\pages\tramites\detalles\detalletramite\detalletramite.component.ts
FN:73,(anonymous_2)
FN:81,(anonymous_3)
FN:88,(anonymous_4)
FN:129,(anonymous_5)
FN:135,(anonymous_6)
FN:152,(anonymous_7)
FN:159,(anonymous_8)
FN:166,(anonymous_9)
FN:187,(anonymous_10)
FN:195,(anonymous_11)
FN:197,(anonymous_12)
FN:200,(anonymous_13)
FN:210,(anonymous_14)
FN:212,(anonymous_15)
FN:216,(anonymous_16)
FN:226,(anonymous_17)
FN:228,(anonymous_18)
FN:232,(anonymous_19)
FN:242,(anonymous_20)
FN:244,(anonymous_21)
FN:248,(anonymous_22)
FN:258,(anonymous_23)
FN:261,(anonymous_24)
FN:287,(anonymous_25)
FN:298,(anonymous_26)
FN:301,(anonymous_27)
FN:309,(anonymous_28)
FN:313,(anonymous_29)
FN:322,(anonymous_30)
FN:328,(anonymous_31)
FN:350,(anonymous_32)
FN:360,(anonymous_33)
FN:362,(anonymous_34)
FN:383,(anonymous_35)
FN:393,(anonymous_36)
FN:395,(anonymous_37)
FN:414,(anonymous_38)
FN:424,(anonymous_39)
FN:426,(anonymous_40)
FN:445,(anonymous_41)
FN:455,(anonymous_42)
FN:465,(anonymous_43)
FNF:42
FNH:20
FNDA:11,(anonymous_2)
FNDA:12,(anonymous_3)
FNDA:13,(anonymous_4)
FNDA:1,(anonymous_5)
FNDA:1,(anonymous_6)
FNDA:1,(anonymous_7)
FNDA:1,(anonymous_8)
FNDA:14,(anonymous_9)
FNDA:15,(anonymous_10)
FNDA:17,(anonymous_11)
FNDA:1,(anonymous_12)
FNDA:1,(anonymous_13)
FNDA:15,(anonymous_14)
FNDA:0,(anonymous_15)
FNDA:0,(anonymous_16)
FNDA:17,(anonymous_17)
FNDA:1,(anonymous_18)
FNDA:1,(anonymous_19)
FNDA:17,(anonymous_20)
FNDA:1,(anonymous_21)
FNDA:1,(anonymous_22)
FNDA:0,(anonymous_23)
FNDA:0,(anonymous_24)
FNDA:0,(anonymous_25)
FNDA:0,(anonymous_26)
FNDA:0,(anonymous_27)
FNDA:0,(anonymous_28)
FNDA:0,(anonymous_29)
FNDA:0,(anonymous_30)
FNDA:0,(anonymous_31)
FNDA:0,(anonymous_32)
FNDA:0,(anonymous_33)
FNDA:0,(anonymous_34)
FNDA:0,(anonymous_35)
FNDA:0,(anonymous_36)
FNDA:0,(anonymous_37)
FNDA:0,(anonymous_38)
FNDA:0,(anonymous_39)
FNDA:0,(anonymous_40)
FNDA:0,(anonymous_41)
FNDA:2,(anonymous_42)
FNDA:0,(anonymous_43)
DA:31,1
DA:49,11
DA:50,11
DA:52,11
DA:57,11
DA:58,11
DA:59,11
DA:60,11
DA:61,11
DA:62,11
DA:68,11
DA:74,11
DA:75,11
DA:76,11
DA:77,11
DA:82,12
DA:83,12
DA:84,12
DA:89,13
DA:97,13
DA:106,13
DA:115,13
DA:123,13
DA:130,1
DA:131,1
DA:136,1
DA:137,1
DA:140,1
DA:143,1
DA:146,1
DA:153,1
DA:154,1
DA:155,1
DA:160,1
DA:161,1
DA:162,1
DA:163,1
DA:168,14
DA:171,14
DA:174,14
DA:177,14
DA:180,14
DA:181,14
DA:184,14
DA:188,15
DA:189,15
DA:190,15
DA:191,15
DA:196,17
DA:198,1
DA:201,1
DA:202,1
DA:211,15
DA:213,0
DA:214,0
DA:217,0
DA:218,0
DA:227,17
DA:229,1
DA:230,1
DA:233,1
DA:234,1
DA:243,17
DA:245,1
DA:246,1
DA:249,1
DA:250,1
DA:259,0
DA:260,0
DA:262,0
DA:264,0
DA:272,0
DA:273,0
DA:274,0
DA:275,0
DA:278,0
DA:280,0
DA:281,0
DA:284,0
DA:288,0
DA:289,0
DA:290,0
DA:300,0
DA:301,0
DA:302,0
DA:303,0
DA:310,0
DA:311,0
DA:312,0
DA:313,0
DA:314,0
DA:318,0
DA:323,0
DA:327,0
DA:329,0
DA:331,0
DA:332,0
DA:333,0
DA:341,0
DA:342,0
DA:344,0
DA:347,0
DA:351,0
DA:352,0
DA:361,0
DA:363,0
DA:365,0
DA:373,0
DA:374,0
DA:375,0
DA:377,0
DA:380,0
DA:384,0
DA:385,0
DA:394,0
DA:396,0
DA:398,0
DA:405,0
DA:406,0
DA:408,0
DA:411,0
DA:415,0
DA:416,0
DA:425,0
DA:427,0
DA:429,0
DA:436,0
DA:437,0
DA:439,0
DA:442,0
DA:446,0
DA:447,0
DA:456,2
DA:466,0
DA:469,0
DA:471,0
DA:472,0
DA:474,0
DA:475,0
DA:477,0
DA:484,0
DA:486,0
LF:142
LH:64
BRDA:262,0,0,0
BRDA:262,0,1,0
BRDA:300,1,0,0
BRDA:329,2,0,0
BRDA:329,2,1,0
BRDA:363,3,0,0
BRDA:363,3,1,0
BRDA:396,4,0,0
BRDA:396,4,1,0
BRDA:427,5,0,0
BRDA:427,5,1,0
BRDA:466,6,0,0
BRDA:469,7,0,0
BRDA:469,7,1,0
BRDA:469,7,2,0
BRF:15
BRH:0
end_of_record
TN:
SF:src\app\pages\users\users.component.ts
FN:32,(anonymous_2)
FN:40,(anonymous_3)
FN:46,(anonymous_4)
FN:58,(anonymous_5)
FN:61,(anonymous_6)
FN:66,(anonymous_7)
FN:69,(anonymous_8)
FN:86,(anonymous_9)
FN:92,(anonymous_10)
FN:97,(anonymous_11)
FN:99,(anonymous_12)
FN:103,(anonymous_13)
FN:112,(anonymous_14)
FN:114,(anonymous_15)
FN:137,(anonymous_16)
FN:150,(anonymous_17)
FN:152,(anonymous_18)
FN:176,(anonymous_19)
FN:189,(anonymous_20)
FN:195,(anonymous_21)
FN:208,(anonymous_22)
FN:220,(anonymous_23)
FN:230,(anonymous_24)
FNF:23
FNH:23
FNDA:12,(anonymous_2)
FNDA:13,(anonymous_3)
FNDA:13,(anonymous_4)
FNDA:1,(anonymous_5)
FNDA:2,(anonymous_6)
FNDA:1,(anonymous_7)
FNDA:2,(anonymous_8)
FNDA:1,(anonymous_9)
FNDA:1,(anonymous_10)
FNDA:17,(anonymous_11)
FNDA:1,(anonymous_12)
FNDA:1,(anonymous_13)
FNDA:4,(anonymous_14)
FNDA:2,(anonymous_15)
FNDA:1,(anonymous_16)
FNDA:4,(anonymous_17)
FNDA:2,(anonymous_18)
FNDA:1,(anonymous_19)
FNDA:1,(anonymous_20)
FNDA:2,(anonymous_21)
FNDA:2,(anonymous_22)
FNDA:2,(anonymous_23)
FNDA:2,(anonymous_24)
DA:18,1
DA:23,12
DA:24,12
DA:25,12
DA:26,12
DA:33,12
DA:34,12
DA:35,12
DA:36,12
DA:37,12
DA:41,13
DA:42,13
DA:47,13
DA:60,1
DA:61,2
DA:63,1
DA:68,1
DA:69,2
DA:71,1
DA:82,1
DA:87,1
DA:88,1
DA:89,1
DA:93,1
DA:98,17
DA:100,1
DA:101,1
DA:104,1
DA:113,4
DA:115,2
DA:117,1
DA:118,1
DA:125,1
DA:127,1
DA:134,1
DA:138,1
DA:151,4
DA:153,2
DA:155,1
DA:156,1
DA:157,1
DA:164,1
DA:166,1
DA:173,1
DA:177,1
DA:190,1
DA:191,1
DA:196,2
DA:209,2
DA:211,1
DA:214,1
DA:221,2
DA:231,2
DA:233,1
LF:54
LH:54
BRDA:115,0,0,1
BRDA:115,0,1,1
BRDA:153,1,0,1
BRDA:153,1,1,1
BRDA:209,2,0,1
BRDA:231,3,0,1
BRF:6
BRH:6
end_of_record
TN:
SF:src\app\pages\users\crear-user\crear-user.component.ts
FN:22,(anonymous_2)
FN:29,(anonymous_3)
FN:34,(anonymous_4)
FN:50,(anonymous_5)
FN:54,(anonymous_6)
FN:81,(anonymous_7)
FN:91,(anonymous_8)
FNF:7
FNH:7
FNDA:4,(anonymous_2)
FNDA:8,(anonymous_3)
FNDA:4,(anonymous_4)
FNDA:3,(anonymous_5)
FNDA:2,(anonymous_6)
FNDA:1,(anonymous_7)
FNDA:9,(anonymous_8)
DA:18,1
DA:23,4
DA:24,4
DA:25,4
DA:26,4
DA:30,8
DA:35,4
DA:38,4
DA:41,4
DA:44,4
DA:51,3
DA:52,3
DA:53,3
DA:55,2
DA:57,1
DA:64,1
DA:68,1
DA:69,1
DA:71,1
DA:78,1
DA:82,1
DA:83,1
DA:92,9
LF:23
LH:23
BRDA:55,0,0,1
BRDA:55,0,1,1
BRF:2
BRH:2
end_of_record
TN:
SF:src\app\pages\users\edit-user\edit-user.component.ts
FN:24,(anonymous_2)
FN:31,(anonymous_3)
FN:37,(anonymous_4)
FN:43,(anonymous_5)
FN:61,(anonymous_6)
FN:77,(anonymous_7)
FN:80,(anonymous_8)
FN:102,(anonymous_9)
FN:112,(anonymous_10)
FNF:9
FNH:9
FNDA:5,(anonymous_2)
FNDA:1,(anonymous_3)
FNDA:1,(anonymous_4)
FNDA:3,(anonymous_5)
FNDA:4,(anonymous_6)
FNDA:3,(anonymous_7)
FNDA:2,(anonymous_8)
FNDA:1,(anonymous_9)
FNDA:4,(anonymous_10)
DA:18,1
DA:25,5
DA:26,5
DA:27,5
DA:28,5
DA:32,1
DA:33,1
DA:38,1
DA:39,1
DA:44,3
DA:45,3
DA:46,3
DA:47,3
DA:50,3
DA:53,3
DA:54,3
DA:55,3
DA:56,3
DA:62,4
DA:65,4
DA:68,4
DA:71,4
DA:78,3
DA:79,3
DA:81,2
DA:83,1
DA:90,1
DA:92,1
DA:99,1
DA:103,1
DA:104,1
DA:113,4
LF:32
LH:32
BRDA:81,0,0,1
BRDA:81,0,1,1
BRF:2
BRH:2
end_of_record
TN:
SF:src\app\services\auth.service.ts
FN:19,(anonymous_3)
FN:23,(anonymous_4)
FN:27,(anonymous_5)
FN:31,(anonymous_6)
FN:35,(anonymous_7)
FN:43,(anonymous_8)
FN:45,(anonymous_9)
FN:49,(anonymous_10)
FN:53,(anonymous_11)
FN:60,(anonymous_12)
FN:74,(anonymous_13)
FN:80,(anonymous_14)
FNF:12
FNH:5
FNDA:18,(anonymous_3)
FNDA:0,(anonymous_4)
FNDA:0,(anonymous_5)
FNDA:1,(anonymous_6)
FNDA:0,(anonymous_7)
FNDA:1,(anonymous_8)
FNDA:0,(anonymous_9)
FNDA:0,(anonymous_10)
FNDA:2,(anonymous_11)
FNDA:18,(anonymous_12)
FNDA:0,(anonymous_13)
FNDA:0,(anonymous_14)
DA:9,1
DA:14,1
DA:16,18
DA:17,18
DA:19,18
DA:20,18
DA:24,0
DA:28,0
DA:32,1
DA:36,0
DA:37,0
DA:38,0
DA:44,1
DA:46,0
DA:47,0
DA:49,0
DA:54,2
DA:55,2
DA:56,2
DA:57,2
DA:61,18
DA:63,18
DA:64,0
DA:66,0
DA:67,0
DA:69,0
DA:75,0
DA:76,0
DA:81,0
DA:82,0
DA:83,0
DA:85,0
DA:86,0
LF:33
LH:14
BRDA:61,0,0,18
BRDA:61,0,1,18
BRDA:63,1,0,0
BRDA:66,2,0,0
BRDA:66,2,1,0
BRDA:82,3,0,0
BRF:6
BRH:2
end_of_record
TN:
SF:src\app\services\report.service.ts
FN:14,(anonymous_2)
FN:15,(anonymous_3)
FN:29,(anonymous_4)
FN:37,(anonymous_5)
FN:43,(anonymous_6)
FN:56,(anonymous_7)
FNF:6
FNH:6
FNDA:29,(anonymous_2)
FNDA:3,(anonymous_3)
FNDA:3,(anonymous_4)
FNDA:3,(anonymous_5)
FNDA:6,(anonymous_6)
FNDA:61,(anonymous_7)
DA:8,1
DA:9,1
DA:13,1
DA:16,3
DA:17,3
DA:18,3
DA:22,3
DA:26,3
DA:30,3
DA:31,3
DA:39,3
DA:40,3
DA:41,3
DA:43,6
DA:44,3
DA:47,3
DA:48,3
DA:49,3
DA:50,3
DA:51,3
DA:59,3
LF:21
LH:21
BRF:0
BRH:0
end_of_record
TN:
SF:src\app\services\servicios.service.ts
FN:30,(anonymous_2)
FN:33,(anonymous_3)
FN:39,(anonymous_4)
FN:47,(anonymous_5)
FN:53,(anonymous_6)
FN:60,(anonymous_7)
FN:66,(anonymous_8)
FN:72,(anonymous_9)
FN:78,(anonymous_10)
FN:84,(anonymous_11)
FN:90,(anonymous_12)
FN:96,(anonymous_13)
FN:97,(anonymous_14)
FN:100,(anonymous_15)
FN:102,(anonymous_16)
FN:103,(anonymous_17)
FN:110,(anonymous_18)
FN:114,(anonymous_19)
FN:115,(anonymous_20)
FN:118,(anonymous_21)
FN:120,(anonymous_22)
FN:121,(anonymous_23)
FN:126,(anonymous_24)
FN:130,(anonymous_25)
FN:137,(anonymous_26)
FN:143,(anonymous_27)
FN:149,(anonymous_28)
FN:155,(anonymous_29)
FN:161,(anonymous_30)
FN:167,(anonymous_31)
FN:173,(anonymous_32)
FN:179,(anonymous_33)
FN:187,(anonymous_34)
FN:195,(anonymous_35)
FN:201,(anonymous_36)
FN:211,(anonymous_37)
FNF:36
FNH:12
FNDA:79,(anonymous_2)
FNDA:12,(anonymous_3)
FNDA:1,(anonymous_4)
FNDA:0,(anonymous_5)
FNDA:0,(anonymous_6)
FNDA:1,(anonymous_7)
FNDA:0,(anonymous_8)
FNDA:1,(anonymous_9)
FNDA:0,(anonymous_10)
FNDA:15,(anonymous_11)
FNDA:5,(anonymous_12)
FNDA:0,(anonymous_13)
FNDA:0,(anonymous_14)
FNDA:0,(anonymous_15)
FNDA:0,(anonymous_16)
FNDA:0,(anonymous_17)
FNDA:0,(anonymous_18)
FNDA:0,(anonymous_19)
FNDA:0,(anonymous_20)
FNDA:0,(anonymous_21)
FNDA:0,(anonymous_22)
FNDA:0,(anonymous_23)
FNDA:0,(anonymous_24)
FNDA:0,(anonymous_25)
FNDA:8,(anonymous_26)
FNDA:0,(anonymous_27)
FNDA:15,(anonymous_28)
FNDA:15,(anonymous_29)
FNDA:16,(anonymous_30)
FNDA:16,(anonymous_31)
FNDA:0,(anonymous_32)
FNDA:0,(anonymous_33)
FNDA:0,(anonymous_34)
FNDA:0,(anonymous_35)
FNDA:0,(anonymous_36)
FNDA:0,(anonymous_37)
DA:21,1
DA:30,79
DA:34,12
DA:40,1
DA:48,0
DA:54,0
DA:61,1
DA:67,0
DA:73,1
DA:79,0
DA:85,15
DA:91,5
DA:97,0
DA:101,0
DA:103,0
DA:104,0
DA:111,0
DA:115,0
DA:119,0
DA:121,0
DA:127,0
DA:131,0
DA:138,8
DA:144,0
DA:150,15
DA:156,15
DA:162,16
DA:168,16
DA:174,0
DA:180,0
DA:188,0
DA:196,0
DA:202,0
DA:203,0
DA:204,0
DA:212,0
DA:213,0
DA:214,0
DA:216,0
DA:217,0
LF:40
LH:13
BRDA:104,0,0,0
BRDA:104,0,1,0
BRDA:121,1,0,0
BRDA:121,1,1,0
BRDA:213,2,0,0
BRF:5
BRH:0
end_of_record
TN:
SF:src\environments\environment.ts
FNF:0
FNH:0
DA:5,1
LF:1
LH:1
BRF:0
BRH:0
end_of_record
